<?xml version="1.0" encoding="utf-8"?>
<TestRun id="7d9f7c44-aca1-4d9d-96d8-8837c16d70c4" name="WRSoft@WRSOFT 2026-09-06 16:14:31" runUser="WRSOFT\WRSoft" xmlns="http://microsoft.com/schemas/VisualStudio/TeamTest/2010">
  <Times creation="2026-09-06T16:14:31.9816637-03:00" queuing="2026-09-06T16:14:31.9816641-03:00" start="2026-09-06T16:14:28.6668229-03:00" finish="2026-09-06T16:15:02.7386549-03:00" />
  <TestSettings name="default" id="1063fc93-11db-4717-92f9-e811de9986ad">
    <Deployment runDeploymentRoot="WRSoft_WRSOFT_2026-09-06_16_14_31" />
  </TestSettings>
  <Results>
    <UnitTestResult executionId="05b190c7-287e-4b52-818d-07f3913be0ad" testId="e975532e-92e3-61c7-1c53-abbbfa29bd07" testName="Biblia.Tests.Domain.VerseCardGreetingTests.Automatic_UsesLocalHour(hour: 5, expected: &quot;Bom dia!&quot;)" computerName="WRSOFT" duration="00:00:00.0000206" startTime="2026-09-06T16:14:33.1693179-03:00" endTime="2026-09-06T16:14:33.1693658-03:00" testType="13cdc9d9-ddb5-4fa4-a97d-d965ccfc6d4b" outcome="Passed" testListId="8c84fa94-04c1-424b-9868-57a2d4851a1d" relativeResultsDirectory="05b190c7-287e-4b52-818d-07f3913be0ad" />
    <UnitTestResult executionId="8b709790-d9a1-43f7-b56d-90886d00a256" testId="19af2a5b-77fd-44a0-87d7-ef784a5704f0" testName="Biblia.Tests.Application.CanonicalThemeFlowTests.ReverseAndRandomLinkingSurviveReloadEditUnlinkVersionChangeAndPdf(random: True)" computerName="WRSOFT" duration="00:00:10.3409675" startTime="2026-09-06T16:14:52.2864835-03:00" endTime="2026-09-06T16:15:02.6275105-03:00" testType="13cdc9d9-ddb5-4fa4-a97d-d965ccfc6d4b" outcome="Passed" testListId="8c84fa94-04c1-424b-9868-57a2d4851a1d" relativeResultsDirectory="8b709790-d9a1-43f7-b56d-90886d00a256" />
    <UnitTestResult executionId="89c4ee2c-59c7-47fb-bd19-3539ff3b1908" testId="e9d4ae0b-1208-4847-92ca-61596d4ee084" testName="Biblia.Tests.Infrastructure.PdfTypographyTests.SameConcurrentServiceReloadsSizesAndRecalculatesPagination" computerName="WRSOFT" duration="00:00:04.3487166" startTime="2026-09-06T16:14:33.1845878-03:00" endTime="2026-09-06T16:14:37.5333717-03:00" testType="13cdc9d9-ddb5-4fa4-a97d-d965ccfc6d4b" outcome="Passed" testListId="8c84fa94-04c1-424b-9868-57a2d4851a1d" relativeResultsDirectory="89c4ee2c-59c7-47fb-bd19-3539ff3b1908" />
    <UnitTestResult executionId="eaaeaf0c-4cfa-46c2-b27a-b097c2be7649" testId="67dcebbc-6ad8-f993-6c35-e09a4f1cac97" testName="Biblia.Tests.Domain.BibleReferenceTests.Constructor_WithInvalidCoordinates_Throws(bookReferenceId: 0, chapter: 1, verse: 1)" computerName="WRSOFT" duration="00:00:00.0000497" startTime="2026-09-06T16:14:34.7652085-03:00" endTime="2026-09-06T16:14:34.7653110-03:00" testType="13cdc9d9-ddb5-4fa4-a97d-d965ccfc6d4b" outcome="Passed" testListId="8c84fa94-04c1-424b-9868-57a2d4851a1d" relativeResultsDirectory="eaaeaf0c-4cfa-46c2-b27a-b097c2be7649" />
    <UnitTestResult executionId="9f646df1-09db-43dc-8b20-a7eb6ff591c2" testId="2d046d4a-7184-5b07-4a08-46cf51e5f412" testName="Biblia.Tests.Infrastructure.PdfTypographyTests.IndividualLimitsAreEnforced(r: 10, v: 9,5, o: 6,5)" computerName="WRSOFT" duration="00:00:00.0008326" startTime="2026-09-06T16:14:33.1811619-03:00" endTime="2026-09-06T16:14:33.1820522-03:00" testType="13cdc9d9-ddb5-4fa4-a97d-d965ccfc6d4b" outcome="Passed" testListId="8c84fa94-04c1-424b-9868-57a2d4851a1d" relativeResultsDirectory="9f646df1-09db-43dc-8b20-a7eb6ff591c2" />
    <UnitTestResult executionId="c40cf081-0505-4db5-aeb5-df3434ddee9d" testId="310f0617-5055-0bf4-278b-6108e48ce7f2" testName="Biblia.Tests.Infrastructure.BackupServiceTests.Restore_InvalidDatabase_PreservesActiveDatabaseAndCreatesSafetyBackup" computerName="WRSOFT" duration="00:00:00.4167020" startTime="2026-09-06T16:14:31.7033358-03:00" endTime="2026-09-06T16:14:32.1378398-03:00" testType="13cdc9d9-ddb5-4fa4-a97d-d965ccfc6d4b" outcome="Passed" testListId="8c84fa94-04c1-424b-9868-57a2d4851a1d" relativeResultsDirectory="c40cf081-0505-4db5-aeb5-df3434ddee9d" />
    <UnitTestResult executionId="b5b96d81-45cb-4832-a73c-92dc6b802634" testId="c94df200-8d1e-dba7-fd12-d9d78c36019a" testName="Biblia.Tests.Infrastructure.PdfTypographyTests.InvalidValuesAreRejectedWithoutChangingSavedSettings(invalid: 10,25)" computerName="WRSOFT" duration="00:00:00.0338916" startTime="2026-09-06T16:14:46.6778761-03:00" endTime="2026-09-06T16:14:46.7118343-03:00" testType="13cdc9d9-ddb5-4fa4-a97d-d965ccfc6d4b" outcome="Passed" testListId="8c84fa94-04c1-424b-9868-57a2d4851a1d" relativeResultsDirectory="b5b96d81-45cb-4832-a73c-92dc6b802634" />
    <UnitTestResult executionId="320109f1-21c2-4127-b2f7-91ab96449e8d" testId="bbfa1c36-4ddd-7de7-5096-96764fe76456" testName="Biblia.Tests.Infrastructure.PdfTypographyTests.ExistingDatabaseDefaultsPersistenceAndRestorePreserveOtherSettings" computerName="WRSOFT" duration="00:00:00.0659996" startTime="2026-09-06T16:14:46.9066878-03:00" endTime="2026-09-06T16:14:46.9727576-03:00" testType="13cdc9d9-ddb5-4fa4-a97d-d965ccfc6d4b" outcome="Passed" testListId="8c84fa94-04c1-424b-9868-57a2d4851a1d" relativeResultsDirectory="320109f1-21c2-4127-b2f7-91ab96449e8d" />
    <UnitTestResult executionId="047d2881-05bc-4c96-902f-6c9847592e04" testId="e4dc7002-df71-a121-7b5f-6ac594c178b3" testName="Biblia.Tests.Domain.BibleReferenceTests.Constructor_WithValidCoordinates_PreservesCanonicalReference" computerName="WRSOFT" duration="00:00:00.0004469" startTime="2026-09-06T16:14:34.7550044-03:00" endTime="2026-09-06T16:14:34.7556721-03:00" testType="13cdc9d9-ddb5-4fa4-a97d-d965ccfc6d4b" outcome="Passed" testListId="8c84fa94-04c1-424b-9868-57a2d4851a1d" relativeResultsDirectory="047d2881-05bc-4c96-902f-6c9847592e04" />
    <UnitTestResult executionId="cf993e1a-b807-4189-a057-0c8bb0f7cfc6" testId="e0a815c2-6299-a92f-e1ab-88ad90dcb371" testName="Biblia.Tests.Infrastructure.ThemeVersePdfServiceTests.ThemeColorsAndEmptySectionAreSafe(color: null)" computerName="WRSOFT" duration="00:00:00.0246569" startTime="2026-09-06T16:14:35.1574541-03:00" endTime="2026-09-06T16:14:35.1822043-03:00" testType="13cdc9d9-ddb5-4fa4-a97d-d965ccfc6d4b" outcome="Passed" testListId="8c84fa94-04c1-424b-9868-57a2d4851a1d" relativeResultsDirectory="cf993e1a-b807-4189-a057-0c8bb0f7cfc6" />
    <UnitTestResult executionId="586483c4-cdae-4bb5-bc03-59007d16b0d9" testId="cb063822-beff-f929-44ce-39fbff086c2c" testName="Biblia.Tests.Infrastructure.PdfTypographyTests.IndividualLimitsAreEnforced(r: 10, v: 22,5, o: 9,5)" computerName="WRSOFT" duration="00:00:00.0001788" startTime="2026-09-06T16:14:33.1834717-03:00" endTime="2026-09-06T16:14:33.1836948-03:00" testType="13cdc9d9-ddb5-4fa4-a97d-d965ccfc6d4b" outcome="Passed" testListId="8c84fa94-04c1-424b-9868-57a2d4851a1d" relativeResultsDirectory="586483c4-cdae-4bb5-bc03-59007d16b0d9" />
    <UnitTestResult executionId="ea9dc1ad-c45b-4d2c-a1f2-acd1a6b51d63" testId="53d751c1-83b5-148d-93d0-ee35b063e8cc" testName="Biblia.Tests.Infrastructure.PdfTypographyTests.IndependentSizesLongContentAndContentsAreCorrect(r: 24, v: 9,5, o: 9,5)" computerName="WRSOFT" duration="00:00:01.6826860" startTime="2026-09-06T16:14:41.5619845-03:00" endTime="2026-09-06T16:14:43.2447745-03:00" testType="13cdc9d9-ddb5-4fa4-a97d-d965ccfc6d4b" outcome="Passed" testListId="8c84fa94-04c1-424b-9868-57a2d4851a1d" relativeResultsDirectory="ea9dc1ad-c45b-4d2c-a1f2-acd1a6b51d63" />
    <UnitTestResult executionId="bff1d4e4-d934-4979-bfbf-881d1f10596f" testId="56813368-47df-c632-657a-c764ec5046fd" testName="Biblia.Tests.Infrastructure.ThemeVersePdfServiceTests.ActualContentOverridesIncorrectDeclaredTotalsAndEveryCardIsPresent" computerName="WRSOFT" duration="00:00:00.1377751" startTime="2026-09-06T16:14:35.2161572-03:00" endTime="2026-09-06T16:14:35.3539998-03:00" testType="13cdc9d9-ddb5-4fa4-a97d-d965ccfc6d4b" outcome="Passed" testListId="8c84fa94-04c1-424b-9868-57a2d4851a1d" relativeResultsDirectory="bff1d4e4-d934-4979-bfbf-881d1f10596f" />
    <UnitTestResult executionId="09f3025c-3678-46ec-9fab-971337ad179d" testId="03641a0c-dca8-5c35-97d6-084c67b58f7f" testName="Biblia.Tests.Application.InitialBibleInstallationServiceTests.InstallAsync_CopiesValidPackageOnceAndRegistersDefaultVersion" computerName="WRSOFT" duration="00:00:00.1388947" startTime="2026-09-06T16:14:34.7661543-03:00" endTime="2026-09-06T16:14:34.9051211-03:00" testType="13cdc9d9-ddb5-4fa4-a97d-d965ccfc6d4b" outcome="Passed" testListId="8c84fa94-04c1-424b-9868-57a2d4851a1d" relativeResultsDirectory="09f3025c-3678-46ec-9fab-971337ad179d" />
    <UnitTestResult executionId="667335b8-b4cd-408e-b126-05199e18aed9" testId="430031a8-37f3-90e9-75cf-325f32c57ef4" testName="Biblia.Tests.Infrastructure.ThemeTableOfContentsTests.ContentsNumbersLinksAndBookmarksMatchActualHeaders(themeCount: 1)" computerName="WRSOFT" duration="00:00:00.0829531" startTime="2026-09-06T16:14:38.7515705-03:00" endTime="2026-09-06T16:14:38.8346123-03:00" testType="13cdc9d9-ddb5-4fa4-a97d-d965ccfc6d4b" outcome="Passed" testListId="8c84fa94-04c1-424b-9868-57a2d4851a1d" relativeResultsDirectory="667335b8-b4cd-408e-b126-05199e18aed9" />
    <UnitTestResult executionId="fa1cdd2d-c54a-4065-88d6-c01cbd860b30" testId="5c1af33c-a399-8e1e-217b-6a18dfe058f8" testName="Biblia.Tests.Infrastructure.BackupServiceTests.Validate_RejectsMissingRequiredEntry(manifest: False, database: True, message: &quot;Backup sem manifesto.&quot;)" computerName="WRSOFT" duration="00:00:00.0343899" startTime="2026-09-06T16:14:32.2547379-03:00" endTime="2026-09-06T16:14:32.2891993-03:00" testType="13cdc9d9-ddb5-4fa4-a97d-d965ccfc6d4b" outcome="Passed" testListId="8c84fa94-04c1-424b-9868-57a2d4851a1d" relativeResultsDirectory="fa1cdd2d-c54a-4065-88d6-c01cbd860b30" />
    <UnitTestResult executionId="3d96d4b7-8042-46f8-be6a-672861fc0e07" testId="84bff9ff-abea-69b5-dc2c-111e1fae306d" testName="Biblia.Tests.Infrastructure.ThemeTableOfContentsTests.ContentsNumbersLinksAndBookmarksMatchActualHeaders(themeCount: 50)" computerName="WRSOFT" duration="00:00:06.9019713" startTime="2026-09-06T16:14:31.8472483-03:00" endTime="2026-09-06T16:14:38.7493033-03:00" testType="13cdc9d9-ddb5-4fa4-a97d-d965ccfc6d4b" outcome="Passed" testListId="8c84fa94-04c1-424b-9868-57a2d4851a1d" relativeResultsDirectory="3d96d4b7-8042-46f8-be6a-672861fc0e07" />
    <UnitTestResult executionId="24723092-b8f7-483b-acfb-470f06e68c80" testId="7bcdf319-4ede-eb8f-882f-6b0490d655ca" testName="Biblia.Tests.Infrastructure.ThemeVersePdfServiceTests.ConcurrentGenerationUsesDistinctFilesAndEmbeddedFonts" computerName="WRSOFT" duration="00:00:00.2977605" startTime="2026-09-06T16:14:35.5187379-03:00" endTime="2026-09-06T16:14:35.8165817-03:00" testType="13cdc9d9-ddb5-4fa4-a97d-d965ccfc6d4b" outcome="Passed" testListId="8c84fa94-04c1-424b-9868-57a2d4851a1d" relativeResultsDirectory="24723092-b8f7-483b-acfb-470f06e68c80" />
    <UnitTestResult executionId="a2a390ca-d76e-4cfb-8ce3-030c91dd752b" testId="cddb107f-cfef-079d-65d0-3244201b4951" testName="Biblia.Tests.Infrastructure.ThemeVersePdfServiceTests.RepresentativeVisualQa" computerName="WRSOFT" duration="00:00:00.1542545" startTime="2026-09-06T16:14:35.3618557-03:00" endTime="2026-09-06T16:14:35.5164447-03:00" testType="13cdc9d9-ddb5-4fa4-a97d-d965ccfc6d4b" outcome="Passed" testListId="8c84fa94-04c1-424b-9868-57a2d4851a1d" relativeResultsDirectory="a2a390ca-d76e-4cfb-8ce3-030c91dd752b" />
    <UnitTestResult executionId="65c0ff73-fe24-4bba-bace-624d0380223b" testId="839a6a38-3efe-d08d-e5e6-b14883831c1d" testName="Biblia.Tests.Infrastructure.PdfTypographyTests.MalformedStorageUsesDefaults(raw: &quot;{\&quot;PdfReferenceFontSize\&quot;:\&quot;Infinity\&quot;}&quot;)" computerName="WRSOFT" duration="00:00:00.0403834" startTime="2026-09-06T16:14:46.7890530-03:00" endTime="2026-09-06T16:14:46.8295112-03:00" testType="13cdc9d9-ddb5-4fa4-a97d-d965ccfc6d4b" outcome="Passed" testListId="8c84fa94-04c1-424b-9868-57a2d4851a1d" relativeResultsDirectory="65c0ff73-fe24-4bba-bace-624d0380223b" />
    <UnitTestResult executionId="b33ac2b0-53fc-4a47-af81-abfc32b425eb" testId="ca8fb83d-d619-9776-3ebd-117c6a4c1e42" testName="Biblia.Tests.Infrastructure.BackupServiceTests.Restore_ReplacesDataAndDatabaseRemainsOperational" computerName="WRSOFT" duration="00:00:00.1052474" startTime="2026-09-06T16:14:32.2924977-03:00" endTime="2026-09-06T16:14:32.3977983-03:00" testType="13cdc9d9-ddb5-4fa4-a97d-d965ccfc6d4b" outcome="Passed" testListId="8c84fa94-04c1-424b-9868-57a2d4851a1d" relativeResultsDirectory="b33ac2b0-53fc-4a47-af81-abfc32b425eb" />
    <UnitTestResult executionId="5fbd036f-fee4-4f39-a0a5-2bdfeb2b3e8b" testId="c301376c-d5ad-7a67-918b-bfc5a74c84a4" testName="Biblia.Tests.Infrastructure.PdfTypographyTests.InvalidValuesAreRejectedWithoutChangingSavedSettings(invalid: 25)" computerName="WRSOFT" duration="00:00:00.0326945" startTime="2026-09-06T16:14:46.6446271-03:00" endTime="2026-09-06T16:14:46.6774019-03:00" testType="13cdc9d9-ddb5-4fa4-a97d-d965ccfc6d4b" outcome="Passed" testListId="8c84fa94-04c1-424b-9868-57a2d4851a1d" relativeResultsDirectory="5fbd036f-fee4-4f39-a0a5-2bdfeb2b3e8b" />
    <UnitTestResult executionId="f26de445-b75c-42cc-a3c6-c94349f1c16f" testId="59c10125-fdd7-e5cd-bafc-a1e6f4da820a" testName="Biblia.Tests.Integration.ThemeVerseLinkRepositoryTests.Batch_RollsBackEveryItemWhenForeignKeyFails" computerName="WRSOFT" duration="00:00:00.0544646" startTime="2026-09-06T16:14:32.0442198-03:00" endTime="2026-09-06T16:14:32.0987408-03:00" testType="13cdc9d9-ddb5-4fa4-a97d-d965ccfc6d4b" outcome="Passed" testListId="8c84fa94-04c1-424b-9868-57a2d4851a1d" relativeResultsDirectory="f26de445-b75c-42cc-a3c6-c94349f1c16f" />
    <UnitTestResult executionId="7bf6ffea-25ea-43e9-8144-84aea18e0e5b" testId="df983083-6492-ff38-0a89-3abb3ffe2756" testName="Biblia.Tests.Infrastructure.ThemeVersePdfServiceTests.EmptyObservationHasNoBlock(observation: null)" computerName="WRSOFT" duration="00:00:00.0496370" startTime="2026-09-06T16:14:34.9008549-03:00" endTime="2026-09-06T16:14:34.9506451-03:00" testType="13cdc9d9-ddb5-4fa4-a97d-d965ccfc6d4b" outcome="Passed" testListId="8c84fa94-04c1-424b-9868-57a2d4851a1d" relativeResultsDirectory="7bf6ffea-25ea-43e9-8144-84aea18e0e5b" />
    <UnitTestResult executionId="8de68fe1-70b9-46a3-9c13-c3e2b9edfdd8" testId="bee0665d-dd46-7dc1-3490-295ff71c5c01" testName="Biblia.Tests.Infrastructure.ThemeTableOfContentsTests.EmptyReportHasAnEmptyContentsState" computerName="WRSOFT" duration="00:00:00.0251469" startTime="2026-09-06T16:14:43.7798443-03:00" endTime="2026-09-06T16:14:43.8050683-03:00" testType="13cdc9d9-ddb5-4fa4-a97d-d965ccfc6d4b" outcome="Passed" testListId="8c84fa94-04c1-424b-9868-57a2d4851a1d" relativeResultsDirectory="8de68fe1-70b9-46a3-9c13-c3e2b9edfdd8" />
    <UnitTestResult executionId="8474787e-83f7-4122-ac50-d67b1d652a77" testId="e4c28e4c-4c31-0949-6a07-e91977444c27" testName="Biblia.Tests.Infrastructure.VerseCardRenderTests.RenderAsync_CreatesReadablePng(format: &quot;Quadrado 1:1&quot;, width: 1080, height: 1080)" computerName="WRSOFT" duration="00:00:00.5220580" startTime="2026-09-06T16:14:33.3510122-03:00" endTime="2026-09-06T16:14:33.8731233-03:00" testType="13cdc9d9-ddb5-4fa4-a97d-d965ccfc6d4b" outcome="Passed" testListId="8c84fa94-04c1-424b-9868-57a2d4851a1d" relativeResultsDirectory="8474787e-83f7-4122-ac50-d67b1d652a77" />
    <UnitTestResult executionId="469dd81a-3f8f-4fe3-b2d4-10106217415e" testId="eced9a8c-1491-c03d-b207-0748b7407ca5" testName="Biblia.Tests.Infrastructure.PdfTypographyTests.IndependentSizesLongContentAndContentsAreCorrect(r: 24, v: 22, o: 20)" computerName="WRSOFT" duration="00:00:01.3511811" startTime="2026-09-06T16:14:43.2468827-03:00" endTime="2026-09-06T16:14:44.5981383-03:00" testType="13cdc9d9-ddb5-4fa4-a97d-d965ccfc6d4b" outcome="Passed" testListId="8c84fa94-04c1-424b-9868-57a2d4851a1d" relativeResultsDirectory="469dd81a-3f8f-4fe3-b2d4-10106217415e" />
    <UnitTestResult executionId="61ffb575-ef9d-4065-a263-72dabde4717a" testId="ae4eb713-3aa2-131b-35cb-e782e30dfc57" testName="Biblia.Tests.Application.ThemeReportServiceTests.MissingReferenceOrPassageFailsInsteadOfSilentlyLosingData(missingReference: False, missingPassage: True)" computerName="WRSOFT" duration="00:00:00.0014800" startTime="2026-09-06T16:14:31.9392290-03:00" endTime="2026-09-06T16:14:31.9407600-03:00" testType="13cdc9d9-ddb5-4fa4-a97d-d965ccfc6d4b" outcome="Passed" testListId="8c84fa94-04c1-424b-9868-57a2d4851a1d" relativeResultsDirectory="61ffb575-ef9d-4065-a263-72dabde4717a" />
    <UnitTestResult executionId="888c708c-7a26-4df3-9342-cb220e0de548" testId="ac6057ea-25d8-6c64-49bc-26f0f15787c7" testName="Biblia.Tests.Domain.BibleReferenceTests.Constructor_WithInvalidCoordinates_Throws(bookReferenceId: 1, chapter: 0, verse: 1)" computerName="WRSOFT" duration="00:00:00.0005010" startTime="2026-09-06T16:14:34.7638704-03:00" endTime="2026-09-06T16:14:34.7644326-03:00" testType="13cdc9d9-ddb5-4fa4-a97d-d965ccfc6d4b" outcome="Passed" testListId="8c84fa94-04c1-424b-9868-57a2d4851a1d" relativeResultsDirectory="888c708c-7a26-4df3-9342-cb220e0de548" />
    <UnitTestResult executionId="9e8c816c-c37b-4cc3-834c-40dc83d4172f" testId="a3466caa-a0d6-ba3b-5d94-51757fc9d4b0" testName="Biblia.Tests.Infrastructure.ThemeTableOfContentsTests.PageReferencesRecalculateWhenContentAndContentsGrow" computerName="WRSOFT" duration="00:00:04.4934430" startTime="2026-09-06T16:14:39.2776946-03:00" endTime="2026-09-06T16:14:43.7712004-03:00" testType="13cdc9d9-ddb5-4fa4-a97d-d965ccfc6d4b" outcome="Passed" testListId="8c84fa94-04c1-424b-9868-57a2d4851a1d" relativeResultsDirectory="9e8c816c-c37b-4cc3-834c-40dc83d4172f" />
    <UnitTestResult executionId="e68c7658-b876-45bc-bff4-04db3433479c" testId="48766a38-b57a-db8d-bd27-e5d95e90261d" testName="Biblia.Tests.Integration.ThemeVerseLinkRepositoryTests.Batch_CreatesReusesAvoidsDuplicatesAndUnlinkPreservesReference" computerName="WRSOFT" duration="00:00:00.0952374" startTime="2026-09-06T16:14:31.9455377-03:00" endTime="2026-09-06T16:14:32.0408340-03:00" testType="13cdc9d9-ddb5-4fa4-a97d-d965ccfc6d4b" outcome="Passed" testListId="8c84fa94-04c1-424b-9868-57a2d4851a1d" relativeResultsDirectory="e68c7658-b876-45bc-bff4-04db3433479c" />
    <UnitTestResult executionId="8063addf-b9f8-434b-a666-aceeeca10981" testId="f39b3dd2-aaec-1328-7394-4e5c45b98e30" testName="Biblia.Tests.Domain.VerseCardGreetingTests.Automatic_UsesLocalHour(hour: 12, expected: &quot;Boa tarde!&quot;)" computerName="WRSOFT" duration="00:00:00.0000333" startTime="2026-09-06T16:14:33.1677067-03:00" endTime="2026-09-06T16:14:33.1677889-03:00" testType="13cdc9d9-ddb5-4fa4-a97d-d965ccfc6d4b" outcome="Passed" testListId="8c84fa94-04c1-424b-9868-57a2d4851a1d" relativeResultsDirectory="8063addf-b9f8-434b-a666-aceeeca10981" />
    <UnitTestResult executionId="90d067e0-9aa8-4bcb-9e9b-c0208f88b310" testId="2207cdc5-371e-7b44-62f3-fcbba128d440" testName="Biblia.Tests.Infrastructure.ThemeVersePdfServiceTests.ThemeColorsAndEmptySectionAreSafe(color: &quot;#12GG45&quot;)" computerName="WRSOFT" duration="00:00:00.0237872" startTime="2026-09-06T16:14:35.1866857-03:00" endTime="2026-09-06T16:14:35.2105669-03:00" testType="13cdc9d9-ddb5-4fa4-a97d-d965ccfc6d4b" outcome="Passed" testListId="8c84fa94-04c1-424b-9868-57a2d4851a1d" relativeResultsDirectory="90d067e0-9aa8-4bcb-9e9b-c0208f88b310" />
    <UnitTestResult executionId="e3886a22-be16-4307-b7d4-ed887b593357" testId="8b6ae88c-0092-2f1e-fc7d-04b024a316fd" testName="Biblia.Tests.Infrastructure.ThemeTableOfContentsTests.DuplicateNamesAndIdsHaveIndependentDestinations" computerName="WRSOFT" duration="00:00:00.0833742" startTime="2026-09-06T16:14:39.1890357-03:00" endTime="2026-09-06T16:14:39.2724741-03:00" testType="13cdc9d9-ddb5-4fa4-a97d-d965ccfc6d4b" outcome="Passed" testListId="8c84fa94-04c1-424b-9868-57a2d4851a1d" relativeResultsDirectory="e3886a22-be16-4307-b7d4-ed887b593357" />
    <UnitTestResult executionId="b8b21b80-cadf-4812-bd9a-0937bcb77808" testId="c2c4c8c4-fa86-77a2-89d9-51470480fab6" testName="Biblia.Tests.Infrastructure.PdfTypographyTests.InvalidValuesAreRejectedWithoutChangingSavedSettings(invalid: 6,5)" computerName="WRSOFT" duration="00:00:00.0329233" startTime="2026-09-06T16:14:46.5380950-03:00" endTime="2026-09-06T16:14:46.5710814-03:00" testType="13cdc9d9-ddb5-4fa4-a97d-d965ccfc6d4b" outcome="Passed" testListId="8c84fa94-04c1-424b-9868-57a2d4851a1d" relativeResultsDirectory="b8b21b80-cadf-4812-bd9a-0937bcb77808" />
    <UnitTestResult executionId="a7b947d3-ea6c-4b3c-a325-13adec065df0" testId="268d7eda-e0f6-0d3e-8851-df127a6382ec" testName="Biblia.Tests.Infrastructure.PdfTypographyTests.MalformedStorageUsesDefaults(raw: &quot;null&quot;)" computerName="WRSOFT" duration="00:00:00.0342496" startTime="2026-09-06T16:14:46.7542925-03:00" endTime="2026-09-06T16:14:46.7886082-03:00" testType="13cdc9d9-ddb5-4fa4-a97d-d965ccfc6d4b" outcome="Passed" testListId="8c84fa94-04c1-424b-9868-57a2d4851a1d" relativeResultsDirectory="a7b947d3-ea6c-4b3c-a325-13adec065df0" />
    <UnitTestResult executionId="068bcf14-9ea8-4ce4-93aa-40c5a41421cb" testId="115872a4-941d-e363-1bc9-07f60130b64a" testName="Biblia.Tests.Infrastructure.VerseCardRenderTests.RenderAsync_CreatesReadablePng(format: &quot;Story 9:16&quot;, width: 1080, height: 1920)" computerName="WRSOFT" duration="00:00:00.3826158" startTime="2026-09-06T16:14:33.8789137-03:00" endTime="2026-09-06T16:14:34.2616747-03:00" testType="13cdc9d9-ddb5-4fa4-a97d-d965ccfc6d4b" outcome="Passed" testListId="8c84fa94-04c1-424b-9868-57a2d4851a1d" relativeResultsDirectory="068bcf14-9ea8-4ce4-93aa-40c5a41421cb" />
    <UnitTestResult executionId="f3687186-79e3-49c8-8daf-a38b17a13ca1" testId="92292e5f-c86d-4a84-2bf9-12797c283cba" testName="Biblia.Tests.Integration.AppDatabaseTests.InitializeAndRepositories_ProvideVersionedConstrainedCrud" computerName="WRSOFT" duration="00:00:00.1911755" startTime="2026-09-06T16:14:32.9731949-03:00" endTime="2026-09-06T16:14:33.1644254-03:00" testType="13cdc9d9-ddb5-4fa4-a97d-d965ccfc6d4b" outcome="Passed" testListId="8c84fa94-04c1-424b-9868-57a2d4851a1d" relativeResultsDirectory="f3687186-79e3-49c8-8daf-a38b17a13ca1" />
    <UnitTestResult executionId="74b1f628-1c41-439d-8e0b-3e738f8cda8d" testId="13234007-4075-7fa0-6438-02bcb37e4f9f" testName="Biblia.Tests.Application.ThemeReportServiceTests.PartialPassageFailsInsteadOfExportingAnIncompleteRange" computerName="WRSOFT" duration="00:00:00.0069194" startTime="2026-09-06T16:14:31.8894690-03:00" endTime="2026-09-06T16:14:31.8964641-03:00" testType="13cdc9d9-ddb5-4fa4-a97d-d965ccfc6d4b" outcome="Passed" testListId="8c84fa94-04c1-424b-9868-57a2d4851a1d" relativeResultsDirectory="74b1f628-1c41-439d-8e0b-3e738f8cda8d" />
    <UnitTestResult executionId="b3361b63-6616-4df9-851d-8c19b1596b52" testId="97c28469-29aa-8c6b-60cb-4b394bfa2c20" testName="Biblia.Tests.BibleDataValidation.CanonicalIdentityTests.CatalogHasAllPositionsAndUnambiguousAliases" computerName="WRSOFT" duration="00:00:00.0066316" startTime="2026-09-06T16:14:40.1972458-03:00" endTime="2026-09-06T16:14:40.2039809-03:00" testType="13cdc9d9-ddb5-4fa4-a97d-d965ccfc6d4b" outcome="Passed" testListId="8c84fa94-04c1-424b-9868-57a2d4851a1d" relativeResultsDirectory="b3361b63-6616-4df9-851d-8c19b1596b52" />
    <UnitTestResult executionId="8969941f-f306-4188-a949-a5cfe3e1ff7e" testId="09846303-118e-bd98-33a6-9f485e07fb78" testName="Biblia.Tests.Infrastructure.VerseCardRenderTests.RenderAsync_InvalidBackground_UsesGradientFallback" computerName="WRSOFT" duration="00:00:00.2154763" startTime="2026-09-06T16:14:34.5359554-03:00" endTime="2026-09-06T16:14:34.7515244-03:00" testType="13cdc9d9-ddb5-4fa4-a97d-d965ccfc6d4b" outcome="Passed" testListId="8c84fa94-04c1-424b-9868-57a2d4851a1d" relativeResultsDirectory="8969941f-f306-4188-a949-a5cfe3e1ff7e" />
    <UnitTestResult executionId="07a4e93d-ebda-478f-8f19-1365442cbde0" testId="36b2e11e-ccd7-865e-e385-dcd4bf847f18" testName="Biblia.Tests.Infrastructure.PdfTypographyTests.IndependentSizesLongContentAndContentsAreCorrect(r: 10, v: 22, o: 9,5)" computerName="WRSOFT" duration="00:00:02.1816964" startTime="2026-09-06T16:14:37.5361401-03:00" endTime="2026-09-06T16:14:39.7179022-03:00" testType="13cdc9d9-ddb5-4fa4-a97d-d965ccfc6d4b" outcome="Passed" testListId="8c84fa94-04c1-424b-9868-57a2d4851a1d" relativeResultsDirectory="07a4e93d-ebda-478f-8f19-1365442cbde0" />
    <UnitTestResult executionId="099f3110-cce7-4f42-b41c-8a98526b82c8" testId="f726a0ff-f40e-cdcc-ab2a-aae2924a2ce2" testName="Biblia.Tests.Infrastructure.ThemeVersePdfServiceTests.OversizedPassageOrObservationPreservesEveryWord(longObservation: False)" computerName="WRSOFT" duration="00:00:01.7495712" startTime="2026-09-06T16:14:32.4647531-03:00" endTime="2026-09-06T16:14:34.2143932-03:00" testType="13cdc9d9-ddb5-4fa4-a97d-d965ccfc6d4b" outcome="Passed" testListId="8c84fa94-04c1-424b-9868-57a2d4851a1d" relativeResultsDirectory="099f3110-cce7-4f42-b41c-8a98526b82c8" />
    <UnitTestResult executionId="0ccf22b2-232a-4d96-b8e6-1bb17df12c0f" testId="0e0da6f3-80d7-f4f4-f0af-5817ea1d0445" testName="Biblia.Tests.Application.CanonicalThemeFlowTests.ReverseAndRandomLinkingSurviveReloadEditUnlinkVersionChangeAndPdf(random: False)" computerName="WRSOFT" duration="00:00:17.3770171" startTime="2026-09-06T16:14:34.9065329-03:00" endTime="2026-09-06T16:14:52.2836097-03:00" testType="13cdc9d9-ddb5-4fa4-a97d-d965ccfc6d4b" outcome="Passed" testListId="8c84fa94-04c1-424b-9868-57a2d4851a1d" relativeResultsDirectory="0ccf22b2-232a-4d96-b8e6-1bb17df12c0f" />
    <UnitTestResult executionId="7ebbee3f-d7c1-4473-93b4-80490bd99af7" testId="568241a0-1981-77a2-8e45-6957f3a9201d" testName="Biblia.Tests.Domain.VerseCardGreetingTests.Automatic_UsesLocalHour(hour: 11, expected: &quot;Bom dia!&quot;)" computerName="WRSOFT" duration="00:00:00.0005310" startTime="2026-09-06T16:14:33.1667722-03:00" endTime="2026-09-06T16:14:33.1673599-03:00" testType="13cdc9d9-ddb5-4fa4-a97d-d965ccfc6d4b" outcome="Passed" testListId="8c84fa94-04c1-424b-9868-57a2d4851a1d" relativeResultsDirectory="7ebbee3f-d7c1-4473-93b4-80490bd99af7" />
    <UnitTestResult executionId="6017c985-338a-4091-94be-3c9b2b7df68c" testId="9f6435a7-b19e-cc16-68dc-92c4ff50dc5f" testName="Biblia.Tests.BibleDataValidation.CanonicalIdentityTests.InvalidIdentityIsRejectedEvenWithValidVerseCounts(mutation: &quot;UPDATE book SET name=CASE id WHEN 1 THEN 'Apocalip&quot;···)" computerName="WRSOFT" duration="00:00:00.5938322" startTime="2026-09-06T16:14:39.6012192-03:00" endTime="2026-09-06T16:14:40.1951315-03:00" testType="13cdc9d9-ddb5-4fa4-a97d-d965ccfc6d4b" outcome="Passed" testListId="8c84fa94-04c1-424b-9868-57a2d4851a1d" relativeResultsDirectory="6017c985-338a-4091-94be-3c9b2b7df68c" />
    <UnitTestResult executionId="911a2d72-a0af-4f38-a3a4-d8f82e0e4ec6" testId="6f756038-5f16-0e04-3e59-27a57b49f847" testName="Biblia.Tests.Application.BookNameResolverTests.Resolve_FallsBackToCanonicalCatalogWhenNoVersionIsAvailable" computerName="WRSOFT" duration="00:00:00.0576168" startTime="2026-09-06T16:14:31.7033219-03:00" endTime="2026-09-06T16:14:31.7806516-03:00" testType="13cdc9d9-ddb5-4fa4-a97d-d965ccfc6d4b" outcome="Passed" testListId="8c84fa94-04c1-424b-9868-57a2d4851a1d" relativeResultsDirectory="911a2d72-a0af-4f38-a3a4-d8f82e0e4ec6" />
    <UnitTestResult executionId="5fa83756-77fd-41b4-8808-0f1a6c88fc0c" testId="9e0c55cf-296a-532e-bb7b-ad27cee18272" testName="Biblia.Tests.Infrastructure.ThemeVersePdfServiceTests.ThemeColorsAndEmptySectionAreSafe(color: &quot;invalid&quot;)" computerName="WRSOFT" duration="00:00:00.0338139" startTime="2026-09-06T16:14:35.1186518-03:00" endTime="2026-09-06T16:14:35.1525389-03:00" testType="13cdc9d9-ddb5-4fa4-a97d-d965ccfc6d4b" outcome="Passed" testListId="8c84fa94-04c1-424b-9868-57a2d4851a1d" relativeResultsDirectory="5fa83756-77fd-41b4-8808-0f1a6c88fc0c" />
    <UnitTestResult executionId="ec4a0eec-73ad-4120-81f6-1e5303d2c1ad" testId="4856131c-0188-3989-22c3-b58c4eaafe7d" testName="Biblia.Tests.Infrastructure.BackupServiceTests.Validate_RejectsMissingRequiredEntry(manifest: True, database: False, message: &quot;Backup sem banco do usuário.&quot;)" computerName="WRSOFT" duration="00:00:00.0475943" startTime="2026-09-06T16:14:32.2028452-03:00" endTime="2026-09-06T16:14:32.2505014-03:00" testType="13cdc9d9-ddb5-4fa4-a97d-d965ccfc6d4b" outcome="Passed" testListId="8c84fa94-04c1-424b-9868-57a2d4851a1d" relativeResultsDirectory="ec4a0eec-73ad-4120-81f6-1e5303d2c1ad" />
    <UnitTestResult executionId="79b1ff3f-a5cc-4661-91c5-fd08f85ecc59" testId="c69003f0-cc4c-19da-ffdd-d2bba7dbb281" testName="Biblia.Tests.Infrastructure.VerseCardRenderTests.RenderAsync_CreatesReadablePng(format: &quot;Vertical 4:5&quot;, width: 1080, height: 1350)" computerName="WRSOFT" duration="00:00:00.2689398" startTime="2026-09-06T16:14:34.2646555-03:00" endTime="2026-09-06T16:14:34.5336839-03:00" testType="13cdc9d9-ddb5-4fa4-a97d-d965ccfc6d4b" outcome="Passed" testListId="8c84fa94-04c1-424b-9868-57a2d4851a1d" relativeResultsDirectory="79b1ff3f-a5cc-4661-91c5-fd08f85ecc59" />
    <UnitTestResult executionId="31b99fda-f929-4129-bc60-6385ad5a13d2" testId="92cc7b1d-4068-fcf1-7e43-630fb3fd7c42" testName="Biblia.Tests.Infrastructure.PdfTypographyTests.MalformedStorageUsesDefaults(raw: &quot;NaN&quot;)" computerName="WRSOFT" duration="00:00:00.0378480" startTime="2026-09-06T16:14:46.8299848-03:00" endTime="2026-09-06T16:14:46.8679070-03:00" testType="13cdc9d9-ddb5-4fa4-a97d-d965ccfc6d4b" outcome="Passed" testListId="8c84fa94-04c1-424b-9868-57a2d4851a1d" relativeResultsDirectory="31b99fda-f929-4129-bc60-6385ad5a13d2" />
    <UnitTestResult executionId="a1fe3515-0902-466b-884c-da45d6ac3371" testId="fb889e5d-0aed-94fb-9dbb-4d35e7905dcb" testName="Biblia.Tests.Application.BibleComparisonServiceTests.CompareAsync_ReportsAvailableMissingAndAmbiguousWithoutChoosingDuplicate" computerName="WRSOFT" duration="00:00:00.0139137" startTime="2026-09-06T16:14:33.3355606-03:00" endTime="2026-09-06T16:14:33.3495297-03:00" testType="13cdc9d9-ddb5-4fa4-a97d-d965ccfc6d4b" outcome="Passed" testListId="8c84fa94-04c1-424b-9868-57a2d4851a1d" relativeResultsDirectory="a1fe3515-0902-466b-884c-da45d6ac3371" />
    <UnitTestResult executionId="4597e74e-30f4-4c5a-a0e7-80976ca07204" testId="e077af05-f9ae-8dab-12ae-71862d5f9a0c" testName="Biblia.Tests.Domain.BibleReferenceFormatterTests.Format_SingleVerse_DoesNotRepeatEnd" computerName="WRSOFT" duration="00:00:00.0004867" startTime="2026-09-06T16:14:33.1716020-03:00" endTime="2026-09-06T16:14:33.1722474-03:00" testType="13cdc9d9-ddb5-4fa4-a97d-d965ccfc6d4b" outcome="Passed" testListId="8c84fa94-04c1-424b-9868-57a2d4851a1d" relativeResultsDirectory="4597e74e-30f4-4c5a-a0e7-80976ca07204" />
    <UnitTestResult executionId="bd1e99ec-eef8-452c-ba9d-9eaf4337907e" testId="8cf31419-7ed2-f044-41f9-a3cfc154818c" testName="Biblia.Tests.Application.BibleVersionManagerTests.InitializeAndActivate_AreIdempotentAndRequireUsableInstallation" computerName="WRSOFT" duration="00:00:00.0921742" startTime="2026-09-06T16:14:40.2286014-03:00" endTime="2026-09-06T16:14:40.3208430-03:00" testType="13cdc9d9-ddb5-4fa4-a97d-d965ccfc6d4b" outcome="Passed" testListId="8c84fa94-04c1-424b-9868-57a2d4851a1d" relativeResultsDirectory="bd1e99ec-eef8-452c-ba9d-9eaf4337907e" />
    <UnitTestResult executionId="ddafe250-5a0b-4a27-bfa0-5cd3728b1126" testId="2942cd9c-5695-a90c-dd59-124b7efe2a7b" testName="Biblia.Tests.Domain.VerseCardGreetingTests.Automatic_UsesLocalHour(hour: 17, expected: &quot;Boa tarde!&quot;)" computerName="WRSOFT" duration="00:00:00.0000404" startTime="2026-09-06T16:14:33.1685980-03:00" endTime="2026-09-06T16:14:33.1687339-03:00" testType="13cdc9d9-ddb5-4fa4-a97d-d965ccfc6d4b" outcome="Passed" testListId="8c84fa94-04c1-424b-9868-57a2d4851a1d" relativeResultsDirectory="ddafe250-5a0b-4a27-bfa0-5cd3728b1126" />
    <UnitTestResult executionId="ef839d4d-9d53-43bb-be90-bf942204369b" testId="b3783891-e186-d807-e50c-0b36fd83ddd6" testName="Biblia.Tests.Infrastructure.PdfTypographyTests.IndividualLimitsAreEnforced(r: 10, v: 9,5, o: 20,5)" computerName="WRSOFT" duration="00:00:00.0001748" startTime="2026-09-06T16:14:33.1829585-03:00" endTime="2026-09-06T16:14:33.1831754-03:00" testType="13cdc9d9-ddb5-4fa4-a97d-d965ccfc6d4b" outcome="Passed" testListId="8c84fa94-04c1-424b-9868-57a2d4851a1d" relativeResultsDirectory="ef839d4d-9d53-43bb-be90-bf942204369b" />
    <UnitTestResult executionId="ca7de53a-8a70-491a-aa96-a50ad7400356" testId="3d5d1771-b95f-4322-6bc0-626e96ea4fec" testName="Biblia.Tests.Application.ThemeServiceTests.SaveSearchDetailsAndDelete_ValidateAndPreserveUsage" computerName="WRSOFT" duration="00:00:00.0124675" startTime="2026-09-06T16:14:40.2149714-03:00" endTime="2026-09-06T16:14:40.2276410-03:00" testType="13cdc9d9-ddb5-4fa4-a97d-d965ccfc6d4b" outcome="Passed" testListId="8c84fa94-04c1-424b-9868-57a2d4851a1d" relativeResultsDirectory="ca7de53a-8a70-491a-aa96-a50ad7400356" />
    <UnitTestResult executionId="60826abc-0499-4da0-864d-980bb176e856" testId="17dd8d1e-38f1-cadb-6959-9c4355f33173" testName="Biblia.Tests.Infrastructure.ThemeVersePdfServiceTests.OversizedPassageOrObservationPreservesEveryWord(longObservation: True)" computerName="WRSOFT" duration="00:00:00.5470136" startTime="2026-09-06T16:14:34.2163041-03:00" endTime="2026-09-06T16:14:34.7633992-03:00" testType="13cdc9d9-ddb5-4fa4-a97d-d965ccfc6d4b" outcome="Passed" testListId="8c84fa94-04c1-424b-9868-57a2d4851a1d" relativeResultsDirectory="60826abc-0499-4da0-864d-980bb176e856" />
    <UnitTestResult executionId="cc3bdb13-6850-4ea1-9efb-f7a310440306" testId="c0464491-cdf5-6b15-c23b-9d4423b74a2a" testName="Biblia.Tests.Infrastructure.ThemeVersePdfServiceTests.EmptyObservationHasNoBlock(observation: &quot;   \r\n &quot;)" computerName="WRSOFT" duration="00:00:00.0297114" startTime="2026-09-06T16:14:34.8380855-03:00" endTime="2026-09-06T16:14:34.8678835-03:00" testType="13cdc9d9-ddb5-4fa4-a97d-d965ccfc6d4b" outcome="Passed" testListId="8c84fa94-04c1-424b-9868-57a2d4851a1d" relativeResultsDirectory="cc3bdb13-6850-4ea1-9efb-f7a310440306" />
    <UnitTestResult executionId="bd24823e-9e60-4011-a028-73e97a552fa4" testId="9b137c73-9283-f654-84eb-ef4f1d9d736e" testName="Biblia.Tests.Application.ThemeReportServiceTests.AllThemesCanonicalOrderSelectedVersionAndLinkObservationArePreserved" computerName="WRSOFT" duration="00:00:00.1694773" startTime="2026-09-06T16:14:31.7033509-03:00" endTime="2026-09-06T16:14:31.8884696-03:00" testType="13cdc9d9-ddb5-4fa4-a97d-d965ccfc6d4b" outcome="Passed" testListId="8c84fa94-04c1-424b-9868-57a2d4851a1d" relativeResultsDirectory="bd24823e-9e60-4011-a028-73e97a552fa4" />
    <UnitTestResult executionId="75f83350-b158-4578-8ae8-5e216f322447" testId="6061dfe6-8fc1-dc78-bf19-4daf406b55e8" testName="Biblia.Tests.Infrastructure.ThemeVersePdfServiceTests.CancellationDoesNotCreateExport" computerName="WRSOFT" duration="00:00:00.0021954" startTime="2026-09-06T16:14:34.9528229-03:00" endTime="2026-09-06T16:14:34.9550755-03:00" testType="13cdc9d9-ddb5-4fa4-a97d-d965ccfc6d4b" outcome="Passed" testListId="8c84fa94-04c1-424b-9868-57a2d4851a1d" relativeResultsDirectory="75f83350-b158-4578-8ae8-5e216f322447" />
    <UnitTestResult executionId="65025e1c-74f6-473c-ae4b-691148cdb04f" testId="2b3c3f8f-c9b3-9950-ad19-1e33309bdc94" testName="Biblia.Tests.Infrastructure.PdfTypographyTests.InvalidValuesAreRejectedWithoutChangingSavedSettings(invalid: 0)" computerName="WRSOFT" duration="00:00:00.0372822" startTime="2026-09-06T16:14:46.6067935-03:00" endTime="2026-09-06T16:14:46.6441701-03:00" testType="13cdc9d9-ddb5-4fa4-a97d-d965ccfc6d4b" outcome="Passed" testListId="8c84fa94-04c1-424b-9868-57a2d4851a1d" relativeResultsDirectory="65025e1c-74f6-473c-ae4b-691148cdb04f" />
    <UnitTestResult executionId="0788f5a0-69f4-4684-b513-2044557e0d39" testId="c8c657f4-c5c4-c4c9-a6ca-25570cc5eb9f" testName="Biblia.Tests.BibleDataValidation.CanonicalIdentityTests.InvalidIdentityIsRejectedEvenWithValidVerseCounts(mutation: &quot;UPDATE book SET name=NULL WHERE id=1&quot;)" computerName="WRSOFT" duration="00:00:00.5586189" startTime="2026-09-06T16:14:38.2622317-03:00" endTime="2026-09-06T16:14:38.8209561-03:00" testType="13cdc9d9-ddb5-4fa4-a97d-d965ccfc6d4b" outcome="Passed" testListId="8c84fa94-04c1-424b-9868-57a2d4851a1d" relativeResultsDirectory="0788f5a0-69f4-4684-b513-2044557e0d39" />
    <UnitTestResult executionId="76492e2d-e161-4798-a29f-a213d3080adf" testId="d2b358a1-4e7e-bb46-1ed1-6df4fdd2d3ef" testName="Biblia.Tests.BibleDataValidation.CanonicalIdentityTests.InvalidIdentityIsRejectedEvenWithValidVerseCounts(mutation: &quot;DELETE FROM verse WHERE book_id=2; DELETE FROM boo&quot;···)" computerName="WRSOFT" duration="00:00:00.7763125" startTime="2026-09-06T16:14:38.8222940-03:00" endTime="2026-09-06T16:14:39.5986993-03:00" testType="13cdc9d9-ddb5-4fa4-a97d-d965ccfc6d4b" outcome="Passed" testListId="8c84fa94-04c1-424b-9868-57a2d4851a1d" relativeResultsDirectory="76492e2d-e161-4798-a29f-a213d3080adf" />
    <UnitTestResult executionId="5edb1f32-68ac-44d8-8103-54e1ed397750" testId="758c2ae0-1372-ecee-23d4-fc400e572f30" testName="Biblia.Tests.Infrastructure.PdfTypographyTests.IndependentSizesLongContentAndContentsAreCorrect(r: 10, v: 9,5, o: 20)" computerName="WRSOFT" duration="00:00:00.9878362" startTime="2026-09-06T16:14:44.5999597-03:00" endTime="2026-09-06T16:14:45.5878673-03:00" testType="13cdc9d9-ddb5-4fa4-a97d-d965ccfc6d4b" outcome="Passed" testListId="8c84fa94-04c1-424b-9868-57a2d4851a1d" relativeResultsDirectory="5edb1f32-68ac-44d8-8103-54e1ed397750" />
    <UnitTestResult executionId="3bdc5692-606e-4b65-83d1-8037d793dda9" testId="4c35a197-db8e-159c-d032-93174828ae42" testName="Biblia.Tests.BibleDataValidation.CanonicalIdentityTests.InvalidIdentityIsRejectedEvenWithValidVerseCounts(mutation: &quot;UPDATE book SET book_reference_id=1 WHERE id=2&quot;)" computerName="WRSOFT" duration="00:00:00.6332233" startTime="2026-09-06T16:14:37.6237112-03:00" endTime="2026-09-06T16:14:38.2570077-03:00" testType="13cdc9d9-ddb5-4fa4-a97d-d965ccfc6d4b" outcome="Passed" testListId="8c84fa94-04c1-424b-9868-57a2d4851a1d" relativeResultsDirectory="3bdc5692-606e-4b65-83d1-8037d793dda9" />
    <UnitTestResult executionId="316a80c2-a4d0-49fa-ace1-52c8401bb118" testId="8fb4db30-b71b-dfb9-21c5-c7a1705efcc5" testName="Biblia.Tests.Infrastructure.PdfTypographyTests.InvalidValuesAreRejectedWithoutChangingSavedSettings(invalid: -∞)" computerName="WRSOFT" duration="00:00:00.0377364" startTime="2026-09-06T16:14:46.4316717-03:00" endTime="2026-09-06T16:14:46.4694972-03:00" testType="13cdc9d9-ddb5-4fa4-a97d-d965ccfc6d4b" outcome="Passed" testListId="8c84fa94-04c1-424b-9868-57a2d4851a1d" relativeResultsDirectory="316a80c2-a4d0-49fa-ace1-52c8401bb118" />
    <UnitTestResult executionId="a6c7a3d8-7746-47b0-b725-0e6434299b73" testId="e1db7384-b95a-fe76-44fa-db179031f32f" testName="Biblia.Tests.BibleDataValidation.BibleValidationServiceTests.ValidateAsync_ClassifiesValidAndDuplicateDatabases" computerName="WRSOFT" duration="00:00:00.6220431" startTime="2026-09-06T16:14:40.3340607-03:00" endTime="2026-09-06T16:14:40.9562297-03:00" testType="13cdc9d9-ddb5-4fa4-a97d-d965ccfc6d4b" outcome="Passed" testListId="8c84fa94-04c1-424b-9868-57a2d4851a1d" relativeResultsDirectory="a6c7a3d8-7746-47b0-b725-0e6434299b73" />
    <UnitTestResult executionId="e13a6e95-dca6-42db-a835-a85297865b29" testId="eaa2a6ab-b85a-b9cf-599f-78d29eae339e" testName="Biblia.Tests.Infrastructure.ThemeTableOfContentsTests.SingleReferenceUsesSingularInContents" computerName="WRSOFT" duration="00:00:00.0736222" startTime="2026-09-06T16:14:39.1140976-03:00" endTime="2026-09-06T16:14:39.1877791-03:00" testType="13cdc9d9-ddb5-4fa4-a97d-d965ccfc6d4b" outcome="Passed" testListId="8c84fa94-04c1-424b-9868-57a2d4851a1d" relativeResultsDirectory="e13a6e95-dca6-42db-a835-a85297865b29" />
    <UnitTestResult executionId="e332ce23-bfb7-4c56-a07e-850acf944292" testId="2c3f528e-0321-a2d3-288f-60ff797a8d17" testName="Biblia.Tests.Infrastructure.PdfTypographyTests.MalformedStorageUsesDefaults(raw: &quot;texto&quot;)" computerName="WRSOFT" duration="00:00:00.0412015" startTime="2026-09-06T16:14:46.7125802-03:00" endTime="2026-09-06T16:14:46.7538488-03:00" testType="13cdc9d9-ddb5-4fa4-a97d-d965ccfc6d4b" outcome="Passed" testListId="8c84fa94-04c1-424b-9868-57a2d4851a1d" relativeResultsDirectory="e332ce23-bfb7-4c56-a07e-850acf944292" />
    <UnitTestResult executionId="b959c5e2-4b5e-4f72-8365-1ca8a3109b3f" testId="e51a6325-82df-03d8-1d61-38da78711855" testName="Biblia.Tests.Infrastructure.PdfTypographyTests.IndependentSizesLongContentAndContentsAreCorrect(r: 12,5, v: 10,5, o: 8,5)" computerName="WRSOFT" duration="00:00:00.8376964" startTime="2026-09-06T16:14:45.5897572-03:00" endTime="2026-09-06T16:14:46.4275306-03:00" testType="13cdc9d9-ddb5-4fa4-a97d-d965ccfc6d4b" outcome="Passed" testListId="8c84fa94-04c1-424b-9868-57a2d4851a1d" relativeResultsDirectory="b959c5e2-4b5e-4f72-8365-1ca8a3109b3f" />
    <UnitTestResult executionId="7ee4f2d3-2c0c-42c2-bcb4-8a84143b2630" testId="57c3e836-b550-1ba9-61b2-ea477020db25" testName="Biblia.Tests.Infrastructure.ThemeVersePdfServiceTests.ThemeColorsAndEmptySectionAreSafe(color: &quot;#FFFFFF&quot;)" computerName="WRSOFT" duration="00:00:00.0521481" startTime="2026-09-06T16:14:35.0216055-03:00" endTime="2026-09-06T16:14:35.0738403-03:00" testType="13cdc9d9-ddb5-4fa4-a97d-d965ccfc6d4b" outcome="Passed" testListId="8c84fa94-04c1-424b-9868-57a2d4851a1d" relativeResultsDirectory="7ee4f2d3-2c0c-42c2-bcb4-8a84143b2630" />
    <UnitTestResult executionId="fa03a568-364a-431b-90b0-3931e6139b33" testId="01a1d8a9-5c60-185a-fb5c-166d4c8ee5a7" testName="Biblia.Tests.Infrastructure.PdfTypographyTests.IndividualLimitsAreEnforced(r: 10, v: 7,5, o: 9,5)" computerName="WRSOFT" duration="00:00:00.0002052" startTime="2026-09-06T16:14:33.1824106-03:00" endTime="2026-09-06T16:14:33.1826592-03:00" testType="13cdc9d9-ddb5-4fa4-a97d-d965ccfc6d4b" outcome="Passed" testListId="8c84fa94-04c1-424b-9868-57a2d4851a1d" relativeResultsDirectory="fa03a568-364a-431b-90b0-3931e6139b33" />
    <UnitTestResult executionId="344ecccf-a114-4ad8-8ee7-8686087e09f9" testId="2e0dca87-3e0f-1d06-2dbf-ea2c77922e55" testName="Biblia.Tests.Infrastructure.PdfTypographyTests.IndividualLimitsAreEnforced(r: 24,5, v: 9,5, o: 9,5)" computerName="WRSOFT" duration="00:00:00.0070430" startTime="2026-09-06T16:14:33.1734599-03:00" endTime="2026-09-06T16:14:33.1805682-03:00" testType="13cdc9d9-ddb5-4fa4-a97d-d965ccfc6d4b" outcome="Passed" testListId="8c84fa94-04c1-424b-9868-57a2d4851a1d" relativeResultsDirectory="344ecccf-a114-4ad8-8ee7-8686087e09f9" />
    <UnitTestResult executionId="63e6d934-ebf7-4348-b6d7-f13fffbd0e4a" testId="45a4e1ea-c011-5d86-24c9-5738518a0aa7" testName="Biblia.Tests.Domain.VerseCardGreetingTests.Automatic_UsesLocalHour(hour: 4, expected: &quot;Boa noite!&quot;)" computerName="WRSOFT" duration="00:00:00.0000248" startTime="2026-09-06T16:14:33.1690172-03:00" endTime="2026-09-06T16:14:33.1690787-03:00" testType="13cdc9d9-ddb5-4fa4-a97d-d965ccfc6d4b" outcome="Passed" testListId="8c84fa94-04c1-424b-9868-57a2d4851a1d" relativeResultsDirectory="63e6d934-ebf7-4348-b6d7-f13fffbd0e4a" />
    <UnitTestResult executionId="9ae672ea-a95e-40a1-bd80-20cca87917d6" testId="55130aca-190e-b8a9-4ff1-fd19175a6497" testName="Biblia.Tests.Domain.BibleReferenceFormatterTests.Format_Range_UsesEditorialDash" computerName="WRSOFT" duration="00:00:00.0008277" startTime="2026-09-06T16:14:33.1699931-03:00" endTime="2026-09-06T16:14:33.1708675-03:00" testType="13cdc9d9-ddb5-4fa4-a97d-d965ccfc6d4b" outcome="Passed" testListId="8c84fa94-04c1-424b-9868-57a2d4851a1d" relativeResultsDirectory="9ae672ea-a95e-40a1-bd80-20cca87917d6" />
    <UnitTestResult executionId="ab9a398d-31a6-45d9-8f3b-3d9fcb939be5" testId="11b420c8-daac-ab11-a26e-ece4e434bb58" testName="Biblia.Tests.Infrastructure.PdfTypographyTests.IndependentSizesLongContentAndContentsAreCorrect(r: 8, v: 8, o: 7)" computerName="WRSOFT" duration="00:00:01.8375009" startTime="2026-09-06T16:14:39.7190840-03:00" endTime="2026-09-06T16:14:41.5566549-03:00" testType="13cdc9d9-ddb5-4fa4-a97d-d965ccfc6d4b" outcome="Passed" testListId="8c84fa94-04c1-424b-9868-57a2d4851a1d" relativeResultsDirectory="ab9a398d-31a6-45d9-8f3b-3d9fcb939be5" />
    <UnitTestResult executionId="c81a6600-473e-41a9-bb71-fe6b145be6b6" testId="80aefbfc-deee-72a6-16e6-550a462874a4" testName="Biblia.Tests.Infrastructure.ThemeVersePdfServiceTests.SignatureMetadataPortugueseAndSingular" computerName="WRSOFT" duration="00:00:00.0631823" startTime="2026-09-06T16:14:34.9556951-03:00" endTime="2026-09-06T16:14:35.0189623-03:00" testType="13cdc9d9-ddb5-4fa4-a97d-d965ccfc6d4b" outcome="Passed" testListId="8c84fa94-04c1-424b-9868-57a2d4851a1d" relativeResultsDirectory="c81a6600-473e-41a9-bb71-fe6b145be6b6" />
    <UnitTestResult executionId="ce541896-d657-44b2-929f-3d422bb84823" testId="0a7c25ce-aa35-71ce-c56a-8fec80d8f643" testName="Biblia.Tests.Infrastructure.BackupServiceTests.Validate_RejectsNewerSchema" computerName="WRSOFT" duration="00:00:00.0544404" startTime="2026-09-06T16:14:32.1469304-03:00" endTime="2026-09-06T16:14:32.2014419-03:00" testType="13cdc9d9-ddb5-4fa4-a97d-d965ccfc6d4b" outcome="Passed" testListId="8c84fa94-04c1-424b-9868-57a2d4851a1d" relativeResultsDirectory="ce541896-d657-44b2-929f-3d422bb84823" />
    <UnitTestResult executionId="114a665c-f365-4940-9187-772af44e6f59" testId="8e7064ee-a641-47ae-fe97-6db7a4c81880" testName="Biblia.Tests.Application.ThemeReportServiceTests.ThemeFilterIsRespected" computerName="WRSOFT" duration="00:00:00.0080969" startTime="2026-09-06T16:14:31.8971917-03:00" endTime="2026-09-06T16:14:31.9053477-03:00" testType="13cdc9d9-ddb5-4fa4-a97d-d965ccfc6d4b" outcome="Passed" testListId="8c84fa94-04c1-424b-9868-57a2d4851a1d" relativeResultsDirectory="114a665c-f365-4940-9187-772af44e6f59" />
    <UnitTestResult executionId="967b2092-524b-429b-94c0-344ca5e6da82" testId="c1151c31-32ea-9a5f-d784-05d2708f5747" testName="Biblia.Tests.BibleDataValidation.CanonicalIdentityTests.InvalidIdentityIsRejectedEvenWithValidVerseCounts(mutation: &quot;UPDATE book SET book_reference_id=NULL WHERE id=2&quot;)" computerName="WRSOFT" duration="00:00:00.6093871" startTime="2026-09-06T16:14:35.8275614-03:00" endTime="2026-09-06T16:14:36.4370136-03:00" testType="13cdc9d9-ddb5-4fa4-a97d-d965ccfc6d4b" outcome="Passed" testListId="8c84fa94-04c1-424b-9868-57a2d4851a1d" relativeResultsDirectory="967b2092-524b-429b-94c0-344ca5e6da82" />
    <UnitTestResult executionId="7736e79a-3fca-407a-9110-1f80551682d5" testId="3dc87e31-f86f-a458-a64d-c63968c336ab" testName="Biblia.Tests.BibleDataValidation.BibleRepositoryTests.Queries_UseCanonicalReferenceAcrossVersionsAndExposeDuplicates" computerName="WRSOFT" duration="00:00:01.2506521" startTime="2026-09-06T16:14:31.7033454-03:00" endTime="2026-09-06T16:14:32.9696391-03:00" testType="13cdc9d9-ddb5-4fa4-a97d-d965ccfc6d4b" outcome="Passed" testListId="8c84fa94-04c1-424b-9868-57a2d4851a1d" relativeResultsDirectory="7736e79a-3fca-407a-9110-1f80551682d5" />
    <UnitTestResult executionId="3f4f3812-9501-4568-ba3d-d5219ee4a958" testId="2eb2aee3-e1ad-55a7-0134-2d2e95b6556f" testName="Biblia.Tests.Infrastructure.BackupServiceTests.CreateAndValidate_ProduceCompleteUsableZip" computerName="WRSOFT" duration="00:00:00.0596324" startTime="2026-09-06T16:14:32.3985505-03:00" endTime="2026-09-06T16:14:32.4599793-03:00" testType="13cdc9d9-ddb5-4fa4-a97d-d965ccfc6d4b" outcome="Passed" testListId="8c84fa94-04c1-424b-9868-57a2d4851a1d" relativeResultsDirectory="3f4f3812-9501-4568-ba3d-d5219ee4a958" />
    <UnitTestResult executionId="0ceb1efd-41b9-44f7-82d2-50ce2f3449f8" testId="9e6b2eea-04c5-f9de-4c7f-e9df65983bcf" testName="Biblia.Tests.Domain.VerseCardGreetingTests.Automatic_UsesLocalHour(hour: 18, expected: &quot;Boa noite!&quot;)" computerName="WRSOFT" duration="00:00:00.0004276" startTime="2026-09-06T16:14:33.1659228-03:00" endTime="2026-09-06T16:14:33.1664346-03:00" testType="13cdc9d9-ddb5-4fa4-a97d-d965ccfc6d4b" outcome="Passed" testListId="8c84fa94-04c1-424b-9868-57a2d4851a1d" relativeResultsDirectory="0ceb1efd-41b9-44f7-82d2-50ce2f3449f8" />
    <UnitTestResult executionId="dcd4884e-179c-48dd-9f96-9cfa4284b927" testId="2961cb5f-de81-b83d-1322-978516e86a05" testName="Biblia.Tests.Application.ThemeReportServiceTests.All66BooksAreSortedAtApplicationBoundaryDespiteReverseRepositoryOrder" computerName="WRSOFT" duration="00:00:00.0324597" startTime="2026-09-06T16:14:31.9059504-03:00" endTime="2026-09-06T16:14:31.9384572-03:00" testType="13cdc9d9-ddb5-4fa4-a97d-d965ccfc6d4b" outcome="Passed" testListId="8c84fa94-04c1-424b-9868-57a2d4851a1d" relativeResultsDirectory="dcd4884e-179c-48dd-9f96-9cfa4284b927" />
    <UnitTestResult executionId="4ed1077c-8c89-455e-8835-f477ecadb287" testId="625e89ff-47a4-e931-348e-2415fd910e48" testName="Biblia.Tests.Infrastructure.PdfTypographyTests.InvalidValuesAreRejectedWithoutChangingSavedSettings(invalid: -1)" computerName="WRSOFT" duration="00:00:00.0344500" startTime="2026-09-06T16:14:46.5029415-03:00" endTime="2026-09-06T16:14:46.5374663-03:00" testType="13cdc9d9-ddb5-4fa4-a97d-d965ccfc6d4b" outcome="Passed" testListId="8c84fa94-04c1-424b-9868-57a2d4851a1d" relativeResultsDirectory="4ed1077c-8c89-455e-8835-f477ecadb287" />
    <UnitTestResult executionId="2f3bbe16-d691-4e95-a3b9-3b018c0beb02" testId="61eec6b4-fc53-c72f-c588-b04753473566" testName="Biblia.Tests.Infrastructure.ThemeVersePdfServiceTests.LongUnbrokenTextIsNotClipped" computerName="WRSOFT" duration="00:00:00.0698425" startTime="2026-09-06T16:14:34.7657634-03:00" endTime="2026-09-06T16:14:34.8356894-03:00" testType="13cdc9d9-ddb5-4fa4-a97d-d965ccfc6d4b" outcome="Passed" testListId="8c84fa94-04c1-424b-9868-57a2d4851a1d" relativeResultsDirectory="2f3bbe16-d691-4e95-a3b9-3b018c0beb02" />
    <UnitTestResult executionId="0a15b00c-007c-427c-81e9-b2364fdc1311" testId="8dc0e2e0-f947-1d7d-95d0-cfe40f7a89b0" testName="Biblia.Tests.Infrastructure.PdfTypographyTests.InvalidValuesAreRejectedWithoutChangingSavedSettings(invalid: ∞)" computerName="WRSOFT" duration="00:00:00.0344048" startTime="2026-09-06T16:14:46.5717621-03:00" endTime="2026-09-06T16:14:46.6062375-03:00" testType="13cdc9d9-ddb5-4fa4-a97d-d965ccfc6d4b" outcome="Passed" testListId="8c84fa94-04c1-424b-9868-57a2d4851a1d" relativeResultsDirectory="0a15b00c-007c-427c-81e9-b2364fdc1311" />
    <UnitTestResult executionId="55164f2c-395d-4751-af3a-3bedabe3aeff" testId="713f9c25-52ef-d240-7337-279992274524" testName="Biblia.Tests.Application.BibleSearchServiceTests.SearchAsync_CombinesVersionsHonorsLimitAndFilters" computerName="WRSOFT" duration="00:00:00.0120869" startTime="2026-09-06T16:14:40.9616954-03:00" endTime="2026-09-06T16:14:40.9738490-03:00" testType="13cdc9d9-ddb5-4fa4-a97d-d965ccfc6d4b" outcome="Passed" testListId="8c84fa94-04c1-424b-9868-57a2d4851a1d" relativeResultsDirectory="55164f2c-395d-4751-af3a-3bedabe3aeff" />
    <UnitTestResult executionId="e465f320-90d3-4387-a234-e8813db795d4" testId="4d879f90-8afb-b1ee-7b65-3e1ff259f9e5" testName="Biblia.Tests.Infrastructure.PdfTypographyTests.IndividualLimitsAreEnforced(r: 7,5, v: 9,5, o: 9,5)" computerName="WRSOFT" duration="00:00:00.0001782" startTime="2026-09-06T16:14:33.1839746-03:00" endTime="2026-09-06T16:14:33.1841976-03:00" testType="13cdc9d9-ddb5-4fa4-a97d-d965ccfc6d4b" outcome="Passed" testListId="8c84fa94-04c1-424b-9868-57a2d4851a1d" relativeResultsDirectory="e465f320-90d3-4387-a234-e8813db795d4" />
    <UnitTestResult executionId="84af78d8-4f6d-425a-836a-e311a1a9921e" testId="9e015c71-237e-aca6-cbea-d13200b1a1c2" testName="Biblia.Tests.Infrastructure.ThemeTableOfContentsTests.ContentsNumbersLinksAndBookmarksMatchActualHeaders(themeCount: 5)" computerName="WRSOFT" duration="00:00:00.2764806" startTime="2026-09-06T16:14:38.8351630-03:00" endTime="2026-09-06T16:14:39.1117105-03:00" testType="13cdc9d9-ddb5-4fa4-a97d-d965ccfc6d4b" outcome="Passed" testListId="8c84fa94-04c1-424b-9868-57a2d4851a1d" relativeResultsDirectory="84af78d8-4f6d-425a-836a-e311a1a9921e" />
    <UnitTestResult executionId="f6081773-6ab1-42d9-b376-6d78456e2c07" testId="a6a4f3ab-a4d8-ce72-f369-35069d20a6a4" testName="Biblia.Tests.Application.BibleVersionImportServiceTests.ImportAsync_CopiesValidDatabaseRejectsCollisionsAndPreservesSource" computerName="WRSOFT" duration="00:00:01.2321583" startTime="2026-09-06T16:14:32.1007790-03:00" endTime="2026-09-06T16:14:33.3329908-03:00" testType="13cdc9d9-ddb5-4fa4-a97d-d965ccfc6d4b" outcome="Passed" testListId="8c84fa94-04c1-424b-9868-57a2d4851a1d" relativeResultsDirectory="f6081773-6ab1-42d9-b376-6d78456e2c07" />
    <UnitTestResult executionId="b784fbba-9f91-4aa8-bbe2-bc7f365f91c7" testId="20b802c4-39e2-5565-b93a-ab22ffc0e04d" testName="Biblia.Tests.Domain.BibleReferenceTests.Constructor_WithInvalidCoordinates_Throws(bookReferenceId: 67, chapter: 1, verse: 1)" computerName="WRSOFT" duration="00:00:00.0000585" startTime="2026-09-06T16:14:34.7648306-03:00" endTime="2026-09-06T16:14:34.7649356-03:00" testType="13cdc9d9-ddb5-4fa4-a97d-d965ccfc6d4b" outcome="Passed" testListId="8c84fa94-04c1-424b-9868-57a2d4851a1d" relativeResultsDirectory="b784fbba-9f91-4aa8-bbe2-bc7f365f91c7" />
    <UnitTestResult executionId="cabc87ab-6328-46a7-9420-56dbed9f4671" testId="f828b6a8-addc-5a2a-711c-7876bb3fa776" testName="Biblia.Tests.Application.ThemeReportServiceTests.MissingReferenceOrPassageFailsInsteadOfSilentlyLosingData(missingReference: True, missingPassage: False)" computerName="WRSOFT" duration="00:00:00.0007519" startTime="2026-09-06T16:14:31.9435869-03:00" endTime="2026-09-06T16:14:31.9444045-03:00" testType="13cdc9d9-ddb5-4fa4-a97d-d965ccfc6d4b" outcome="Passed" testListId="8c84fa94-04c1-424b-9868-57a2d4851a1d" relativeResultsDirectory="cabc87ab-6328-46a7-9420-56dbed9f4671" />
    <UnitTestResult executionId="a5fa9157-19a2-4a72-9b7e-ef4e62fd31b3" testId="775fea1c-f593-676f-f2a4-bf240a185560" testName="Biblia.Tests.BibleDataValidation.CanonicalIdentityTests.InvalidIdentityIsRejectedEvenWithValidVerseCounts(mutation: &quot;UPDATE book SET book_reference_id=67 WHERE id=2&quot;)" computerName="WRSOFT" duration="00:00:00.6117001" startTime="2026-09-06T16:14:37.0106491-03:00" endTime="2026-09-06T16:14:37.6224225-03:00" testType="13cdc9d9-ddb5-4fa4-a97d-d965ccfc6d4b" outcome="Passed" testListId="8c84fa94-04c1-424b-9868-57a2d4851a1d" relativeResultsDirectory="a5fa9157-19a2-4a72-9b7e-ef4e62fd31b3" />
    <UnitTestResult executionId="674f03fe-facc-450c-9e5f-6e2097f003e2" testId="71ba1830-a692-9e71-6513-2c9f40e7dc5d" testName="Biblia.Tests.Infrastructure.ThemeVersePdfServiceTests.EmptyObservationHasNoBlock(observation: &quot;&quot;)" computerName="WRSOFT" duration="00:00:00.0263297" startTime="2026-09-06T16:14:34.8690064-03:00" endTime="2026-09-06T16:14:34.8954317-03:00" testType="13cdc9d9-ddb5-4fa4-a97d-d965ccfc6d4b" outcome="Passed" testListId="8c84fa94-04c1-424b-9868-57a2d4851a1d" relativeResultsDirectory="674f03fe-facc-450c-9e5f-6e2097f003e2" />
    <UnitTestResult executionId="8a9aa8a5-6845-429d-8e56-fc253579a510" testId="f1ca0824-5dd9-43a7-54ff-b1b7e0f37bcb" testName="Biblia.Tests.Infrastructure.ThemeVersePdfServiceTests.ThemeColorsAndEmptySectionAreSafe(color: &quot;#18864B&quot;)" computerName="WRSOFT" duration="00:00:00.0390017" startTime="2026-09-06T16:14:35.0784498-03:00" endTime="2026-09-06T16:14:35.1175293-03:00" testType="13cdc9d9-ddb5-4fa4-a97d-d965ccfc6d4b" outcome="Passed" testListId="8c84fa94-04c1-424b-9868-57a2d4851a1d" relativeResultsDirectory="8a9aa8a5-6845-429d-8e56-fc253579a510" />
    <UnitTestResult executionId="06b49bf1-82f6-4c7d-a3f0-faed63de1eb6" testId="cfe91482-da6a-77c2-4af3-522a89d084bc" testName="Biblia.Tests.Infrastructure.PdfTypographyTests.InvalidValuesAreRejectedWithoutChangingSavedSettings(invalid: NaN)" computerName="WRSOFT" duration="00:00:00.0324331" startTime="2026-09-06T16:14:46.4699571-03:00" endTime="2026-09-06T16:14:46.5024639-03:00" testType="13cdc9d9-ddb5-4fa4-a97d-d965ccfc6d4b" outcome="Passed" testListId="8c84fa94-04c1-424b-9868-57a2d4851a1d" relativeResultsDirectory="06b49bf1-82f6-4c7d-a3f0-faed63de1eb6" />
    <UnitTestResult executionId="cb38efc4-7da6-4f79-ba2e-88ce60d97538" testId="9de0706a-1b3d-31e6-d81e-54662bf91128" testName="Biblia.Tests.Infrastructure.PdfTypographyTests.MalformedStorageUsesDefaults(raw: &quot;&quot;)" computerName="WRSOFT" duration="00:00:00.0324485" startTime="2026-09-06T16:14:46.8684261-03:00" endTime="2026-09-06T16:14:46.9009580-03:00" testType="13cdc9d9-ddb5-4fa4-a97d-d965ccfc6d4b" outcome="Passed" testListId="8c84fa94-04c1-424b-9868-57a2d4851a1d" relativeResultsDirectory="cb38efc4-7da6-4f79-ba2e-88ce60d97538" />
    <UnitTestResult executionId="d5395e36-cb5e-415b-9bdd-41e1a4bf5cb5" testId="a40f9211-4bba-ea8c-b121-94c7c04833f8" testName="Biblia.Tests.Application.BookNameResolverTests.Resolve_UsesPreferredThenActiveAndLoadsEachVersionOnce" computerName="WRSOFT" duration="00:00:00.0278656" startTime="2026-09-06T16:14:31.7892459-03:00" endTime="2026-09-06T16:14:31.8172456-03:00" testType="13cdc9d9-ddb5-4fa4-a97d-d965ccfc6d4b" outcome="Passed" testListId="8c84fa94-04c1-424b-9868-57a2d4851a1d" relativeResultsDirectory="d5395e36-cb5e-415b-9bdd-41e1a4bf5cb5" />
    <UnitTestResult executionId="d8d1de80-5aa1-4ce6-ae2d-4ace5ea527fc" testId="cdfa4214-e4a5-3f29-8bde-824c52fc1e7e" testName="Biblia.Tests.BibleDataValidation.CanonicalIdentityTests.InvalidIdentityIsRejectedEvenWithValidVerseCounts(mutation: &quot;UPDATE book SET testament_reference_id=2 WHERE id=&quot;···)" computerName="WRSOFT" duration="00:00:00.5664536" startTime="2026-09-06T16:14:36.4390075-03:00" endTime="2026-09-06T16:14:37.0055454-03:00" testType="13cdc9d9-ddb5-4fa4-a97d-d965ccfc6d4b" outcome="Passed" testListId="8c84fa94-04c1-424b-9868-57a2d4851a1d" relativeResultsDirectory="d8d1de80-5aa1-4ce6-ae2d-4ace5ea527fc" />
    <UnitTestResult executionId="8db0e32c-cb1f-4d66-a1ad-28548e1cab59" testId="21326b6d-2ade-0225-baf2-2d6b14837191" testName="Biblia.Tests.Domain.BibleReferenceTests.Constructor_WithInvalidCoordinates_Throws(bookReferenceId: 1, chapter: 1, verse: 0)" computerName="WRSOFT" duration="00:00:00.0064911" startTime="2026-09-06T16:14:34.7567249-03:00" endTime="2026-09-06T16:14:34.7634330-03:00" testType="13cdc9d9-ddb5-4fa4-a97d-d965ccfc6d4b" outcome="Passed" testListId="8c84fa94-04c1-424b-9868-57a2d4851a1d" relativeResultsDirectory="8db0e32c-cb1f-4d66-a1ad-28548e1cab59" />
  </Results>
  <TestDefinitions>
    <UnitTest name="Biblia.Tests.Infrastructure.PdfTypographyTests.IndividualLimitsAreEnforced(r: 10, v: 9,5, o: 6,5)" storage="d:\projetos\biblia.web\biblia.web.tests\bin\release\net10.0\biblia.web.tests.dll" id="2d046d4a-7184-5b07-4a08-46cf51e5f412">
      <Execution id="9f646df1-09db-43dc-8b20-a7eb6ff591c2" />
      <TestMethod codeBase="D:\Projetos\Biblia.Web\Biblia.Web.Tests\bin\Release\net10.0\Biblia.Web.Tests.dll" adapterTypeName="executor://xunit/VsTestRunner3/netcore/" className="Biblia.Tests.Infrastructure.PdfTypographyTests" name="IndividualLimitsAreEnforced" />
    </UnitTest>
    <UnitTest name="Biblia.Tests.Infrastructure.BackupServiceTests.Restore_InvalidDatabase_PreservesActiveDatabaseAndCreatesSafetyBackup" storage="d:\projetos\biblia.web\biblia.web.tests\bin\release\net10.0\biblia.web.tests.dll" id="310f0617-5055-0bf4-278b-6108e48ce7f2">
      <Execution id="c40cf081-0505-4db5-aeb5-df3434ddee9d" />
      <TestMethod codeBase="D:\Projetos\Biblia.Web\Biblia.Web.Tests\bin\Release\net10.0\Biblia.Web.Tests.dll" adapterTypeName="executor://xunit/VsTestRunner3/netcore/" className="Biblia.Tests.Infrastructure.BackupServiceTests" name="Restore_InvalidDatabase_PreservesActiveDatabaseAndCreatesSafetyBackup" />
    </UnitTest>
    <UnitTest name="Biblia.Tests.Application.CanonicalThemeFlowTests.ReverseAndRandomLinkingSurviveReloadEditUnlinkVersionChangeAndPdf(random: True)" storage="d:\projetos\biblia.web\biblia.web.tests\bin\release\net10.0\biblia.web.tests.dll" id="19af2a5b-77fd-44a0-87d7-ef784a5704f0">
      <Execution id="8b709790-d9a1-43f7-b56d-90886d00a256" />
      <TestMethod codeBase="D:\Projetos\Biblia.Web\Biblia.Web.Tests\bin\Release\net10.0\Biblia.Web.Tests.dll" adapterTypeName="executor://xunit/VsTestRunner3/netcore/" className="Biblia.Tests.Application.CanonicalThemeFlowTests" name="ReverseAndRandomLinkingSurviveReloadEditUnlinkVersionChangeAndPdf" />
    </UnitTest>
    <UnitTest name="Biblia.Tests.Application.BookNameResolverTests.Resolve_FallsBackToCanonicalCatalogWhenNoVersionIsAvailable" storage="d:\projetos\biblia.web\biblia.web.tests\bin\release\net10.0\biblia.web.tests.dll" id="6f756038-5f16-0e04-3e59-27a57b49f847">
      <Execution id="911a2d72-a0af-4f38-a3a4-d8f82e0e4ec6" />
      <TestMethod codeBase="D:\Projetos\Biblia.Web\Biblia.Web.Tests\bin\Release\net10.0\Biblia.Web.Tests.dll" adapterTypeName="executor://xunit/VsTestRunner3/netcore/" className="Biblia.Tests.Application.BookNameResolverTests" name="Resolve_FallsBackToCanonicalCatalogWhenNoVersionIsAvailable" />
    </UnitTest>
    <UnitTest name="Biblia.Tests.Application.BibleVersionImportServiceTests.ImportAsync_CopiesValidDatabaseRejectsCollisionsAndPreservesSource" storage="d:\projetos\biblia.web\biblia.web.tests\bin\release\net10.0\biblia.web.tests.dll" id="a6a4f3ab-a4d8-ce72-f369-35069d20a6a4">
      <Execution id="f6081773-6ab1-42d9-b376-6d78456e2c07" />
      <TestMethod codeBase="D:\Projetos\Biblia.Web\Biblia.Web.Tests\bin\Release\net10.0\Biblia.Web.Tests.dll" adapterTypeName="executor://xunit/VsTestRunner3/netcore/" className="Biblia.Tests.Application.BibleVersionImportServiceTests" name="ImportAsync_CopiesValidDatabaseRejectsCollisionsAndPreservesSource" />
    </UnitTest>
    <UnitTest name="Biblia.Tests.Domain.BibleReferenceTests.Constructor_WithInvalidCoordinates_Throws(bookReferenceId: 0, chapter: 1, verse: 1)" storage="d:\projetos\biblia.web\biblia.web.tests\bin\release\net10.0\biblia.web.tests.dll" id="67dcebbc-6ad8-f993-6c35-e09a4f1cac97">
      <Execution id="eaaeaf0c-4cfa-46c2-b27a-b097c2be7649" />
      <TestMethod codeBase="D:\Projetos\Biblia.Web\Biblia.Web.Tests\bin\Release\net10.0\Biblia.Web.Tests.dll" adapterTypeName="executor://xunit/VsTestRunner3/netcore/" className="Biblia.Tests.Domain.BibleReferenceTests" name="Constructor_WithInvalidCoordinates_Throws" />
    </UnitTest>
    <UnitTest name="Biblia.Tests.Infrastructure.ThemeVersePdfServiceTests.ThemeColorsAndEmptySectionAreSafe(color: &quot;#12GG45&quot;)" storage="d:\projetos\biblia.web\biblia.web.tests\bin\release\net10.0\biblia.web.tests.dll" id="2207cdc5-371e-7b44-62f3-fcbba128d440">
      <Execution id="90d067e0-9aa8-4bcb-9e9b-c0208f88b310" />
      <TestMethod codeBase="D:\Projetos\Biblia.Web\Biblia.Web.Tests\bin\Release\net10.0\Biblia.Web.Tests.dll" adapterTypeName="executor://xunit/VsTestRunner3/netcore/" className="Biblia.Tests.Infrastructure.ThemeVersePdfServiceTests" name="ThemeColorsAndEmptySectionAreSafe" />
    </UnitTest>
    <UnitTest name="Biblia.Tests.BibleDataValidation.CanonicalIdentityTests.InvalidIdentityIsRejectedEvenWithValidVerseCounts(mutation: &quot;UPDATE book SET name=CASE id WHEN 1 THEN 'Apocalip&quot;···)" storage="d:\projetos\biblia.web\biblia.web.tests\bin\release\net10.0\biblia.web.tests.dll" id="9f6435a7-b19e-cc16-68dc-92c4ff50dc5f">
      <Execution id="6017c985-338a-4091-94be-3c9b2b7df68c" />
      <TestMethod codeBase="D:\Projetos\Biblia.Web\Biblia.Web.Tests\bin\Release\net10.0\Biblia.Web.Tests.dll" adapterTypeName="executor://xunit/VsTestRunner3/netcore/" className="Biblia.Tests.BibleDataValidation.CanonicalIdentityTests" name="InvalidIdentityIsRejectedEvenWithValidVerseCounts" />
    </UnitTest>
    <UnitTest name="Biblia.Tests.Infrastructure.BackupServiceTests.Validate_RejectsMissingRequiredEntry(manifest: False, database: True, message: &quot;Backup sem manifesto.&quot;)" storage="d:\projetos\biblia.web\biblia.web.tests\bin\release\net10.0\biblia.web.tests.dll" id="5c1af33c-a399-8e1e-217b-6a18dfe058f8">
      <Execution id="fa1cdd2d-c54a-4065-88d6-c01cbd860b30" />
      <TestMethod codeBase="D:\Projetos\Biblia.Web\Biblia.Web.Tests\bin\Release\net10.0\Biblia.Web.Tests.dll" adapterTypeName="executor://xunit/VsTestRunner3/netcore/" className="Biblia.Tests.Infrastructure.BackupServiceTests" name="Validate_RejectsMissingRequiredEntry" />
    </UnitTest>
    <UnitTest name="Biblia.Tests.Infrastructure.ThemeVersePdfServiceTests.ThemeColorsAndEmptySectionAreSafe(color: &quot;#FFFFFF&quot;)" storage="d:\projetos\biblia.web\biblia.web.tests\bin\release\net10.0\biblia.web.tests.dll" id="57c3e836-b550-1ba9-61b2-ea477020db25">
      <Execution id="7ee4f2d3-2c0c-42c2-bcb4-8a84143b2630" />
      <TestMethod codeBase="D:\Projetos\Biblia.Web\Biblia.Web.Tests\bin\Release\net10.0\Biblia.Web.Tests.dll" adapterTypeName="executor://xunit/VsTestRunner3/netcore/" className="Biblia.Tests.Infrastructure.ThemeVersePdfServiceTests" name="ThemeColorsAndEmptySectionAreSafe" />
    </UnitTest>
    <UnitTest name="Biblia.Tests.Infrastructure.VerseCardRenderTests.RenderAsync_InvalidBackground_UsesGradientFallback" storage="d:\projetos\biblia.web\biblia.web.tests\bin\release\net10.0\biblia.web.tests.dll" id="09846303-118e-bd98-33a6-9f485e07fb78">
      <Execution id="8969941f-f306-4188-a949-a5cfe3e1ff7e" />
      <TestMethod codeBase="D:\Projetos\Biblia.Web\Biblia.Web.Tests\bin\Release\net10.0\Biblia.Web.Tests.dll" adapterTypeName="executor://xunit/VsTestRunner3/netcore/" className="Biblia.Tests.Infrastructure.VerseCardRenderTests" name="RenderAsync_InvalidBackground_UsesGradientFallback" />
    </UnitTest>
    <UnitTest name="Biblia.Tests.Infrastructure.PdfTypographyTests.MalformedStorageUsesDefaults(raw: &quot;&quot;)" storage="d:\projetos\biblia.web\biblia.web.tests\bin\release\net10.0\biblia.web.tests.dll" id="9de0706a-1b3d-31e6-d81e-54662bf91128">
      <Execution id="cb38efc4-7da6-4f79-ba2e-88ce60d97538" />
      <TestMethod codeBase="D:\Projetos\Biblia.Web\Biblia.Web.Tests\bin\Release\net10.0\Biblia.Web.Tests.dll" adapterTypeName="executor://xunit/VsTestRunner3/netcore/" className="Biblia.Tests.Infrastructure.PdfTypographyTests" name="MalformedStorageUsesDefaults" />
    </UnitTest>
    <UnitTest name="Biblia.Tests.Domain.BibleReferenceFormatterTests.Format_Range_UsesEditorialDash" storage="d:\projetos\biblia.web\biblia.web.tests\bin\release\net10.0\biblia.web.tests.dll" id="55130aca-190e-b8a9-4ff1-fd19175a6497">
      <Execution id="9ae672ea-a95e-40a1-bd80-20cca87917d6" />
      <TestMethod codeBase="D:\Projetos\Biblia.Web\Biblia.Web.Tests\bin\Release\net10.0\Biblia.Web.Tests.dll" adapterTypeName="executor://xunit/VsTestRunner3/netcore/" className="Biblia.Tests.Domain.BibleReferenceFormatterTests" name="Format_Range_UsesEditorialDash" />
    </UnitTest>
    <UnitTest name="Biblia.Tests.Domain.VerseCardGreetingTests.Automatic_UsesLocalHour(hour: 4, expected: &quot;Boa noite!&quot;)" storage="d:\projetos\biblia.web\biblia.web.tests\bin\release\net10.0\biblia.web.tests.dll" id="45a4e1ea-c011-5d86-24c9-5738518a0aa7">
      <Execution id="63e6d934-ebf7-4348-b6d7-f13fffbd0e4a" />
      <TestMethod codeBase="D:\Projetos\Biblia.Web\Biblia.Web.Tests\bin\Release\net10.0\Biblia.Web.Tests.dll" adapterTypeName="executor://xunit/VsTestRunner3/netcore/" className="Biblia.Tests.Domain.VerseCardGreetingTests" name="Automatic_UsesLocalHour" />
    </UnitTest>
    <UnitTest name="Biblia.Tests.Application.BibleSearchServiceTests.SearchAsync_CombinesVersionsHonorsLimitAndFilters" storage="d:\projetos\biblia.web\biblia.web.tests\bin\release\net10.0\biblia.web.tests.dll" id="713f9c25-52ef-d240-7337-279992274524">
      <Execution id="55164f2c-395d-4751-af3a-3bedabe3aeff" />
      <TestMethod codeBase="D:\Projetos\Biblia.Web\Biblia.Web.Tests\bin\Release\net10.0\Biblia.Web.Tests.dll" adapterTypeName="executor://xunit/VsTestRunner3/netcore/" className="Biblia.Tests.Application.BibleSearchServiceTests" name="SearchAsync_CombinesVersionsHonorsLimitAndFilters" />
    </UnitTest>
    <UnitTest name="Biblia.Tests.Integration.AppDatabaseTests.InitializeAndRepositories_ProvideVersionedConstrainedCrud" storage="d:\projetos\biblia.web\biblia.web.tests\bin\release\net10.0\biblia.web.tests.dll" id="92292e5f-c86d-4a84-2bf9-12797c283cba">
      <Execution id="f3687186-79e3-49c8-8daf-a38b17a13ca1" />
      <TestMethod codeBase="D:\Projetos\Biblia.Web\Biblia.Web.Tests\bin\Release\net10.0\Biblia.Web.Tests.dll" adapterTypeName="executor://xunit/VsTestRunner3/netcore/" className="Biblia.Tests.Integration.AppDatabaseTests" name="InitializeAndRepositories_ProvideVersionedConstrainedCrud" />
    </UnitTest>
    <UnitTest name="Biblia.Tests.Infrastructure.VerseCardRenderTests.RenderAsync_CreatesReadablePng(format: &quot;Story 9:16&quot;, width: 1080, height: 1920)" storage="d:\projetos\biblia.web\biblia.web.tests\bin\release\net10.0\biblia.web.tests.dll" id="115872a4-941d-e363-1bc9-07f60130b64a">
      <Execution id="068bcf14-9ea8-4ce4-93aa-40c5a41421cb" />
      <TestMethod codeBase="D:\Projetos\Biblia.Web\Biblia.Web.Tests\bin\Release\net10.0\Biblia.Web.Tests.dll" adapterTypeName="executor://xunit/VsTestRunner3/netcore/" className="Biblia.Tests.Infrastructure.VerseCardRenderTests" name="RenderAsync_CreatesReadablePng" />
    </UnitTest>
    <UnitTest name="Biblia.Tests.Infrastructure.PdfTypographyTests.IndividualLimitsAreEnforced(r: 10, v: 9,5, o: 20,5)" storage="d:\projetos\biblia.web\biblia.web.tests\bin\release\net10.0\biblia.web.tests.dll" id="b3783891-e186-d807-e50c-0b36fd83ddd6">
      <Execution id="ef839d4d-9d53-43bb-be90-bf942204369b" />
      <TestMethod codeBase="D:\Projetos\Biblia.Web\Biblia.Web.Tests\bin\Release\net10.0\Biblia.Web.Tests.dll" adapterTypeName="executor://xunit/VsTestRunner3/netcore/" className="Biblia.Tests.Infrastructure.PdfTypographyTests" name="IndividualLimitsAreEnforced" />
    </UnitTest>
    <UnitTest name="Biblia.Tests.Application.ThemeReportServiceTests.MissingReferenceOrPassageFailsInsteadOfSilentlyLosingData(missingReference: True, missingPassage: False)" storage="d:\projetos\biblia.web\biblia.web.tests\bin\release\net10.0\biblia.web.tests.dll" id="f828b6a8-addc-5a2a-711c-7876bb3fa776">
      <Execution id="cabc87ab-6328-46a7-9420-56dbed9f4671" />
      <TestMethod codeBase="D:\Projetos\Biblia.Web\Biblia.Web.Tests\bin\Release\net10.0\Biblia.Web.Tests.dll" adapterTypeName="executor://xunit/VsTestRunner3/netcore/" className="Biblia.Tests.Application.ThemeReportServiceTests" name="MissingReferenceOrPassageFailsInsteadOfSilentlyLosingData" />
    </UnitTest>
    <UnitTest name="Biblia.Tests.Application.BookNameResolverTests.Resolve_UsesPreferredThenActiveAndLoadsEachVersionOnce" storage="d:\projetos\biblia.web\biblia.web.tests\bin\release\net10.0\biblia.web.tests.dll" id="a40f9211-4bba-ea8c-b121-94c7c04833f8">
      <Execution id="d5395e36-cb5e-415b-9bdd-41e1a4bf5cb5" />
      <TestMethod codeBase="D:\Projetos\Biblia.Web\Biblia.Web.Tests\bin\Release\net10.0\Biblia.Web.Tests.dll" adapterTypeName="executor://xunit/VsTestRunner3/netcore/" className="Biblia.Tests.Application.BookNameResolverTests" name="Resolve_UsesPreferredThenActiveAndLoadsEachVersionOnce" />
    </UnitTest>
    <UnitTest name="Biblia.Tests.Infrastructure.PdfTypographyTests.IndividualLimitsAreEnforced(r: 24,5, v: 9,5, o: 9,5)" storage="d:\projetos\biblia.web\biblia.web.tests\bin\release\net10.0\biblia.web.tests.dll" id="2e0dca87-3e0f-1d06-2dbf-ea2c77922e55">
      <Execution id="344ecccf-a114-4ad8-8ee7-8686087e09f9" />
      <TestMethod codeBase="D:\Projetos\Biblia.Web\Biblia.Web.Tests\bin\Release\net10.0\Biblia.Web.Tests.dll" adapterTypeName="executor://xunit/VsTestRunner3/netcore/" className="Biblia.Tests.Infrastructure.PdfTypographyTests" name="IndividualLimitsAreEnforced" />
    </UnitTest>
    <UnitTest name="Biblia.Tests.Infrastructure.PdfTypographyTests.MalformedStorageUsesDefaults(raw: &quot;NaN&quot;)" storage="d:\projetos\biblia.web\biblia.web.tests\bin\release\net10.0\biblia.web.tests.dll" id="92cc7b1d-4068-fcf1-7e43-630fb3fd7c42">
      <Execution id="31b99fda-f929-4129-bc60-6385ad5a13d2" />
      <TestMethod codeBase="D:\Projetos\Biblia.Web\Biblia.Web.Tests\bin\Release\net10.0\Biblia.Web.Tests.dll" adapterTypeName="executor://xunit/VsTestRunner3/netcore/" className="Biblia.Tests.Infrastructure.PdfTypographyTests" name="MalformedStorageUsesDefaults" />
    </UnitTest>
    <UnitTest name="Biblia.Tests.Infrastructure.PdfTypographyTests.SameConcurrentServiceReloadsSizesAndRecalculatesPagination" storage="d:\projetos\biblia.web\biblia.web.tests\bin\release\net10.0\biblia.web.tests.dll" id="e9d4ae0b-1208-4847-92ca-61596d4ee084">
      <Execution id="89c4ee2c-59c7-47fb-bd19-3539ff3b1908" />
      <TestMethod codeBase="D:\Projetos\Biblia.Web\Biblia.Web.Tests\bin\Release\net10.0\Biblia.Web.Tests.dll" adapterTypeName="executor://xunit/VsTestRunner3/netcore/" className="Biblia.Tests.Infrastructure.PdfTypographyTests" name="SameConcurrentServiceReloadsSizesAndRecalculatesPagination" />
    </UnitTest>
    <UnitTest name="Biblia.Tests.Infrastructure.PdfTypographyTests.IndividualLimitsAreEnforced(r: 7,5, v: 9,5, o: 9,5)" storage="d:\projetos\biblia.web\biblia.web.tests\bin\release\net10.0\biblia.web.tests.dll" id="4d879f90-8afb-b1ee-7b65-3e1ff259f9e5">
      <Execution id="e465f320-90d3-4387-a234-e8813db795d4" />
      <TestMethod codeBase="D:\Projetos\Biblia.Web\Biblia.Web.Tests\bin\Release\net10.0\Biblia.Web.Tests.dll" adapterTypeName="executor://xunit/VsTestRunner3/netcore/" className="Biblia.Tests.Infrastructure.PdfTypographyTests" name="IndividualLimitsAreEnforced" />
    </UnitTest>
    <UnitTest name="Biblia.Tests.Infrastructure.PdfTypographyTests.IndividualLimitsAreEnforced(r: 10, v: 7,5, o: 9,5)" storage="d:\projetos\biblia.web\biblia.web.tests\bin\release\net10.0\biblia.web.tests.dll" id="01a1d8a9-5c60-185a-fb5c-166d4c8ee5a7">
      <Execution id="fa03a568-364a-431b-90b0-3931e6139b33" />
      <TestMethod codeBase="D:\Projetos\Biblia.Web\Biblia.Web.Tests\bin\Release\net10.0\Biblia.Web.Tests.dll" adapterTypeName="executor://xunit/VsTestRunner3/netcore/" className="Biblia.Tests.Infrastructure.PdfTypographyTests" name="IndividualLimitsAreEnforced" />
    </UnitTest>
    <UnitTest name="Biblia.Tests.Infrastructure.ThemeVersePdfServiceTests.SignatureMetadataPortugueseAndSingular" storage="d:\projetos\biblia.web\biblia.web.tests\bin\release\net10.0\biblia.web.tests.dll" id="80aefbfc-deee-72a6-16e6-550a462874a4">
      <Execution id="c81a6600-473e-41a9-bb71-fe6b145be6b6" />
      <TestMethod codeBase="D:\Projetos\Biblia.Web\Biblia.Web.Tests\bin\Release\net10.0\Biblia.Web.Tests.dll" adapterTypeName="executor://xunit/VsTestRunner3/netcore/" className="Biblia.Tests.Infrastructure.ThemeVersePdfServiceTests" name="SignatureMetadataPortugueseAndSingular" />
    </UnitTest>
    <UnitTest name="Biblia.Tests.Application.ThemeReportServiceTests.ThemeFilterIsRespected" storage="d:\projetos\biblia.web\biblia.web.tests\bin\release\net10.0\biblia.web.tests.dll" id="8e7064ee-a641-47ae-fe97-6db7a4c81880">
      <Execution id="114a665c-f365-4940-9187-772af44e6f59" />
      <TestMethod codeBase="D:\Projetos\Biblia.Web\Biblia.Web.Tests\bin\Release\net10.0\Biblia.Web.Tests.dll" adapterTypeName="executor://xunit/VsTestRunner3/netcore/" className="Biblia.Tests.Application.ThemeReportServiceTests" name="ThemeFilterIsRespected" />
    </UnitTest>
    <UnitTest name="Biblia.Tests.Infrastructure.PdfTypographyTests.InvalidValuesAreRejectedWithoutChangingSavedSettings(invalid: NaN)" storage="d:\projetos\biblia.web\biblia.web.tests\bin\release\net10.0\biblia.web.tests.dll" id="cfe91482-da6a-77c2-4af3-522a89d084bc">
      <Execution id="06b49bf1-82f6-4c7d-a3f0-faed63de1eb6" />
      <TestMethod codeBase="D:\Projetos\Biblia.Web\Biblia.Web.Tests\bin\Release\net10.0\Biblia.Web.Tests.dll" adapterTypeName="executor://xunit/VsTestRunner3/netcore/" className="Biblia.Tests.Infrastructure.PdfTypographyTests" name="InvalidValuesAreRejectedWithoutChangingSavedSettings" />
    </UnitTest>
    <UnitTest name="Biblia.Tests.Infrastructure.ThemeTableOfContentsTests.ContentsNumbersLinksAndBookmarksMatchActualHeaders(themeCount: 5)" storage="d:\projetos\biblia.web\biblia.web.tests\bin\release\net10.0\biblia.web.tests.dll" id="9e015c71-237e-aca6-cbea-d13200b1a1c2">
      <Execution id="84af78d8-4f6d-425a-836a-e311a1a9921e" />
      <TestMethod codeBase="D:\Projetos\Biblia.Web\Biblia.Web.Tests\bin\Release\net10.0\Biblia.Web.Tests.dll" adapterTypeName="executor://xunit/VsTestRunner3/netcore/" className="Biblia.Tests.Infrastructure.ThemeTableOfContentsTests" name="ContentsNumbersLinksAndBookmarksMatchActualHeaders" />
    </UnitTest>
    <UnitTest name="Biblia.Tests.Infrastructure.BackupServiceTests.Validate_RejectsNewerSchema" storage="d:\projetos\biblia.web\biblia.web.tests\bin\release\net10.0\biblia.web.tests.dll" id="0a7c25ce-aa35-71ce-c56a-8fec80d8f643">
      <Execution id="ce541896-d657-44b2-929f-3d422bb84823" />
      <TestMethod codeBase="D:\Projetos\Biblia.Web\Biblia.Web.Tests\bin\Release\net10.0\Biblia.Web.Tests.dll" adapterTypeName="executor://xunit/VsTestRunner3/netcore/" className="Biblia.Tests.Infrastructure.BackupServiceTests" name="Validate_RejectsNewerSchema" />
    </UnitTest>
    <UnitTest name="Biblia.Tests.BibleDataValidation.BibleValidationServiceTests.ValidateAsync_ClassifiesValidAndDuplicateDatabases" storage="d:\projetos\biblia.web\biblia.web.tests\bin\release\net10.0\biblia.web.tests.dll" id="e1db7384-b95a-fe76-44fa-db179031f32f">
      <Execution id="a6c7a3d8-7746-47b0-b725-0e6434299b73" />
      <TestMethod codeBase="D:\Projetos\Biblia.Web\Biblia.Web.Tests\bin\Release\net10.0\Biblia.Web.Tests.dll" adapterTypeName="executor://xunit/VsTestRunner3/netcore/" className="Biblia.Tests.BibleDataValidation.BibleValidationServiceTests" name="ValidateAsync_ClassifiesValidAndDuplicateDatabases" />
    </UnitTest>
    <UnitTest name="Biblia.Tests.Infrastructure.ThemeVersePdfServiceTests.OversizedPassageOrObservationPreservesEveryWord(longObservation: True)" storage="d:\projetos\biblia.web\biblia.web.tests\bin\release\net10.0\biblia.web.tests.dll" id="17dd8d1e-38f1-cadb-6959-9c4355f33173">
      <Execution id="60826abc-0499-4da0-864d-980bb176e856" />
      <TestMethod codeBase="D:\Projetos\Biblia.Web\Biblia.Web.Tests\bin\Release\net10.0\Biblia.Web.Tests.dll" adapterTypeName="executor://xunit/VsTestRunner3/netcore/" className="Biblia.Tests.Infrastructure.ThemeVersePdfServiceTests" name="OversizedPassageOrObservationPreservesEveryWord" />
    </UnitTest>
    <UnitTest name="Biblia.Tests.Infrastructure.ThemeTableOfContentsTests.ContentsNumbersLinksAndBookmarksMatchActualHeaders(themeCount: 1)" storage="d:\projetos\biblia.web\biblia.web.tests\bin\release\net10.0\biblia.web.tests.dll" id="430031a8-37f3-90e9-75cf-325f32c57ef4">
      <Execution id="667335b8-b4cd-408e-b126-05199e18aed9" />
      <TestMethod codeBase="D:\Projetos\Biblia.Web\Biblia.Web.Tests\bin\Release\net10.0\Biblia.Web.Tests.dll" adapterTypeName="executor://xunit/VsTestRunner3/netcore/" className="Biblia.Tests.Infrastructure.ThemeTableOfContentsTests" name="ContentsNumbersLinksAndBookmarksMatchActualHeaders" />
    </UnitTest>
    <UnitTest name="Biblia.Tests.BibleDataValidation.CanonicalIdentityTests.InvalidIdentityIsRejectedEvenWithValidVerseCounts(mutation: &quot;UPDATE book SET book_reference_id=67 WHERE id=2&quot;)" storage="d:\projetos\biblia.web\biblia.web.tests\bin\release\net10.0\biblia.web.tests.dll" id="775fea1c-f593-676f-f2a4-bf240a185560">
      <Execution id="a5fa9157-19a2-4a72-9b7e-ef4e62fd31b3" />
      <TestMethod codeBase="D:\Projetos\Biblia.Web\Biblia.Web.Tests\bin\Release\net10.0\Biblia.Web.Tests.dll" adapterTypeName="executor://xunit/VsTestRunner3/netcore/" className="Biblia.Tests.BibleDataValidation.CanonicalIdentityTests" name="InvalidIdentityIsRejectedEvenWithValidVerseCounts" />
    </UnitTest>
[...]
    </UnitTest>
    <UnitTest name="Biblia.Tests.Infrastructure.PdfTypographyTests.InvalidValuesAreRejectedWithoutChangingSavedSettings(invalid: ∞)" storage="d:\projetos\biblia.web\biblia.web.tests\bin\release\net10.0\biblia.web.tests.dll" id="8dc0e2e0-f947-1d7d-95d0-cfe40f7a89b0">
      <Execution id="0a15b00c-007c-427c-81e9-b2364fdc1311" />
      <TestMethod codeBase="D:\Projetos\Biblia.Web\Biblia.Web.Tests\bin\Release\net10.0\Biblia.Web.Tests.dll" adapterTypeName="executor://xunit/VsTestRunner3/netcore/" className="Biblia.Tests.Infrastructure.PdfTypographyTests" name="InvalidValuesAreRejectedWithoutChangingSavedSettings" />
    </UnitTest>
    <UnitTest name="Biblia.Tests.BibleDataValidation.CanonicalIdentityTests.InvalidIdentityIsRejectedEvenWithValidVerseCounts(mutation: &quot;UPDATE book SET book_reference_id=1 WHERE id=2&quot;)" storage="d:\projetos\biblia.web\biblia.web.tests\bin\release\net10.0\biblia.web.tests.dll" id="4c35a197-db8e-159c-d032-93174828ae42">
      <Execution id="3bdc5692-606e-4b65-83d1-8037d793dda9" />
      <TestMethod codeBase="D:\Projetos\Biblia.Web\Biblia.Web.Tests\bin\Release\net10.0\Biblia.Web.Tests.dll" adapterTypeName="executor://xunit/VsTestRunner3/netcore/" className="Biblia.Tests.BibleDataValidation.CanonicalIdentityTests" name="InvalidIdentityIsRejectedEvenWithValidVerseCounts" />
    </UnitTest>
    <UnitTest name="Biblia.Tests.BibleDataValidation.CanonicalIdentityTests.CatalogHasAllPositionsAndUnambiguousAliases" storage="d:\projetos\biblia.web\biblia.web.tests\bin\release\net10.0\biblia.web.tests.dll" id="97c28469-29aa-8c6b-60cb-4b394bfa2c20">
      <Execution id="b3361b63-6616-4df9-851d-8c19b1596b52" />
      <TestMethod codeBase="D:\Projetos\Biblia.Web\Biblia.Web.Tests\bin\Release\net10.0\Biblia.Web.Tests.dll" adapterTypeName="executor://xunit/VsTestRunner3/netcore/" className="Biblia.Tests.BibleDataValidation.CanonicalIdentityTests" name="CatalogHasAllPositionsAndUnambiguousAliases" />
    </UnitTest>
  </TestDefinitions>
  <TestEntries>
    <TestEntry testId="e975532e-92e3-61c7-1c53-abbbfa29bd07" executionId="05b190c7-287e-4b52-818d-07f3913be0ad" testListId="8c84fa94-04c1-424b-9868-57a2d4851a1d" />
    <TestEntry testId="19af2a5b-77fd-44a0-87d7-ef784a5704f0" executionId="8b709790-d9a1-43f7-b56d-90886d00a256" testListId="8c84fa94-04c1-424b-9868-57a2d4851a1d" />
    <TestEntry testId="e9d4ae0b-1208-4847-92ca-61596d4ee084" executionId="89c4ee2c-59c7-47fb-bd19-3539ff3b1908" testListId="8c84fa94-04c1-424b-9868-57a2d4851a1d" />
    <TestEntry testId="67dcebbc-6ad8-f993-6c35-e09a4f1cac97" executionId="eaaeaf0c-4cfa-46c2-b27a-b097c2be7649" testListId="8c84fa94-04c1-424b-9868-57a2d4851a1d" />
    <TestEntry testId="2d046d4a-7184-5b07-4a08-46cf51e5f412" executionId="9f646df1-09db-43dc-8b20-a7eb6ff591c2" testListId="8c84fa94-04c1-424b-9868-57a2d4851a1d" />
    <TestEntry testId="310f0617-5055-0bf4-278b-6108e48ce7f2" executionId="c40cf081-0505-4db5-aeb5-df3434ddee9d" testListId="8c84fa94-04c1-424b-9868-57a2d4851a1d" />
    <TestEntry testId="c94df200-8d1e-dba7-fd12-d9d78c36019a" executionId="b5b96d81-45cb-4832-a73c-92dc6b802634" testListId="8c84fa94-04c1-424b-9868-57a2d4851a1d" />
    <TestEntry testId="bbfa1c36-4ddd-7de7-5096-96764fe76456" executionId="320109f1-21c2-4127-b2f7-91ab96449e8d" testListId="8c84fa94-04c1-424b-9868-57a2d4851a1d" />
    <TestEntry testId="e4dc7002-df71-a121-7b5f-6ac594c178b3" executionId="047d2881-05bc-4c96-902f-6c9847592e04" testListId="8c84fa94-04c1-424b-9868-57a2d4851a1d" />
    <TestEntry testId="e0a815c2-6299-a92f-e1ab-88ad90dcb371" executionId="cf993e1a-b807-4189-a057-0c8bb0f7cfc6" testListId="8c84fa94-04c1-424b-9868-57a2d4851a1d" />
    <TestEntry testId="cb063822-beff-f929-44ce-39fbff086c2c" executionId="586483c4-cdae-4bb5-bc03-59007d16b0d9" testListId="8c84fa94-04c1-424b-9868-57a2d4851a1d" />
    <TestEntry testId="53d751c1-83b5-148d-93d0-ee35b063e8cc" executionId="ea9dc1ad-c45b-4d2c-a1f2-acd1a6b51d63" testListId="8c84fa94-04c1-424b-9868-57a2d4851a1d" />
    <TestEntry testId="56813368-47df-c632-657a-c764ec5046fd" executionId="bff1d4e4-d934-4979-bfbf-881d1f10596f" testListId="8c84fa94-04c1-424b-9868-57a2d4851a1d" />
    <TestEntry testId="03641a0c-dca8-5c35-97d6-084c67b58f7f" executionId="09f3025c-3678-46ec-9fab-971337ad179d" testListId="8c84fa94-04c1-424b-9868-57a2d4851a1d" />
    <TestEntry testId="430031a8-37f3-90e9-75cf-325f32c57ef4" executionId="667335b8-b4cd-408e-b126-05199e18aed9" testListId="8c84fa94-04c1-424b-9868-57a2d4851a1d" />
    <TestEntry testId="5c1af33c-a399-8e1e-217b-6a18dfe058f8" executionId="fa1cdd2d-c54a-4065-88d6-c01cbd860b30" testListId="8c84fa94-04c1-424b-9868-57a2d4851a1d" />
    <TestEntry testId="84bff9ff-abea-69b5-dc2c-111e1fae306d" executionId="3d96d4b7-8042-46f8-be6a-672861fc0e07" testListId="8c84fa94-04c1-424b-9868-57a2d4851a1d" />
    <TestEntry testId="7bcdf319-4ede-eb8f-882f-6b0490d655ca" executionId="24723092-b8f7-483b-acfb-470f06e68c80" testListId="8c84fa94-04c1-424b-9868-57a2d4851a1d" />
    <TestEntry testId="cddb107f-cfef-079d-65d0-3244201b4951" executionId="a2a390ca-d76e-4cfb-8ce3-030c91dd752b" testListId="8c84fa94-04c1-424b-9868-57a2d4851a1d" />
    <TestEntry testId="839a6a38-3efe-d08d-e5e6-b14883831c1d" executionId="65c0ff73-fe24-4bba-bace-624d0380223b" testListId="8c84fa94-04c1-424b-9868-57a2d4851a1d" />
    <TestEntry testId="ca8fb83d-d619-9776-3ebd-117c6a4c1e42" executionId="b33ac2b0-53fc-4a47-af81-abfc32b425eb" testListId="8c84fa94-04c1-424b-9868-57a2d4851a1d" />
    <TestEntry testId="c301376c-d5ad-7a67-918b-bfc5a74c84a4" executionId="5fbd036f-fee4-4f39-a0a5-2bdfeb2b3e8b" testListId="8c84fa94-04c1-424b-9868-57a2d4851a1d" />
    <TestEntry testId="59c10125-fdd7-e5cd-bafc-a1e6f4da820a" executionId="f26de445-b75c-42cc-a3c6-c94349f1c16f" testListId="8c84fa94-04c1-424b-9868-57a2d4851a1d" />
    <TestEntry testId="df983083-6492-ff38-0a89-3abb3ffe2756" executionId="7bf6ffea-25ea-43e9-8144-84aea18e0e5b" testListId="8c84fa94-04c1-424b-9868-57a2d4851a1d" />
    <TestEntry testId="bee0665d-dd46-7dc1-3490-295ff71c5c01" executionId="8de68fe1-70b9-46a3-9c13-c3e2b9edfdd8" testListId="8c84fa94-04c1-424b-9868-57a2d4851a1d" />
    <TestEntry testId="e4c28e4c-4c31-0949-6a07-e91977444c27" executionId="8474787e-83f7-4122-ac50-d67b1d652a77" testListId="8c84fa94-04c1-424b-9868-57a2d4851a1d" />
    <TestEntry testId="eced9a8c-1491-c03d-b207-0748b7407ca5" executionId="469dd81a-3f8f-4fe3-b2d4-10106217415e" testListId="8c84fa94-04c1-424b-9868-57a2d4851a1d" />
    <TestEntry testId="ae4eb713-3aa2-131b-35cb-e782e30dfc57" executionId="61ffb575-ef9d-4065-a263-72dabde4717a" testListId="8c84fa94-04c1-424b-9868-57a2d4851a1d" />
    <TestEntry testId="ac6057ea-25d8-6c64-49bc-26f0f15787c7" executionId="888c708c-7a26-4df3-9342-cb220e0de548" testListId="8c84fa94-04c1-424b-9868-57a2d4851a1d" />
    <TestEntry testId="a3466caa-a0d6-ba3b-5d94-51757fc9d4b0" executionId="9e8c816c-c37b-4cc3-834c-40dc83d4172f" testListId="8c84fa94-04c1-424b-9868-57a2d4851a1d" />
    <TestEntry testId="48766a38-b57a-db8d-bd27-e5d95e90261d" executionId="e68c7658-b876-45bc-bff4-04db3433479c" testListId="8c84fa94-04c1-424b-9868-57a2d4851a1d" />
    <TestEntry testId="f39b3dd2-aaec-1328-7394-4e5c45b98e30" executionId="8063addf-b9f8-434b-a666-aceeeca10981" testListId="8c84fa94-04c1-424b-9868-57a2d4851a1d" />
    <TestEntry testId="2207cdc5-371e-7b44-62f3-fcbba128d440" executionId="90d067e0-9aa8-4bcb-9e9b-c0208f88b310" testListId="8c84fa94-04c1-424b-9868-57a2d4851a1d" />
    <TestEntry testId="8b6ae88c-0092-2f1e-fc7d-04b024a316fd" executionId="e3886a22-be16-4307-b7d4-ed887b593357" testListId="8c84fa94-04c1-424b-9868-57a2d4851a1d" />
    <TestEntry testId="c2c4c8c4-fa86-77a2-89d9-51470480fab6" executionId="b8b21b80-cadf-4812-bd9a-0937bcb77808" testListId="8c84fa94-04c1-424b-9868-57a2d4851a1d" />
    <TestEntry testId="268d7eda-e0f6-0d3e-8851-df127a6382ec" executionId="a7b947d3-ea6c-4b3c-a325-13adec065df0" testListId="8c84fa94-04c1-424b-9868-57a2d4851a1d" />
    <TestEntry testId="115872a4-941d-e363-1bc9-07f60130b64a" executionId="068bcf14-9ea8-4ce4-93aa-40c5a41421cb" testListId="8c84fa94-04c1-424b-9868-57a2d4851a1d" />
    <TestEntry testId="92292e5f-c86d-4a84-2bf9-12797c283cba" executionId="f3687186-79e3-49c8-8daf-a38b17a13ca1" testListId="8c84fa94-04c1-424b-9868-57a2d4851a1d" />
    <TestEntry testId="13234007-4075-7fa0-6438-02bcb37e4f9f" executionId="74b1f628-1c41-439d-8e0b-3e738f8cda8d" testListId="8c84fa94-04c1-424b-9868-57a2d4851a1d" />
    <TestEntry testId="97c28469-29aa-8c6b-60cb-4b394bfa2c20" executionId="b3361b63-6616-4df9-851d-8c19b1596b52" testListId="8c84fa94-04c1-424b-9868-57a2d4851a1d" />
    <TestEntry testId="09846303-118e-bd98-33a6-9f485e07fb78" executionId="8969941f-f306-4188-a949-a5cfe3e1ff7e" testListId="8c84fa94-04c1-424b-9868-57a2d4851a1d" />
    <TestEntry testId="36b2e11e-ccd7-865e-e385-dcd4bf847f18" executionId="07a4e93d-ebda-478f-8f19-1365442cbde0" testListId="8c84fa94-04c1-424b-9868-57a2d4851a1d" />
    <TestEntry testId="f726a0ff-f40e-cdcc-ab2a-aae2924a2ce2" executionId="099f3110-cce7-4f42-b41c-8a98526b82c8" testListId="8c84fa94-04c1-424b-9868-57a2d4851a1d" />
    <TestEntry testId="0e0da6f3-80d7-f4f4-f0af-5817ea1d0445" executionId="0ccf22b2-232a-4d96-b8e6-1bb17df12c0f" testListId="8c84fa94-04c1-424b-9868-57a2d4851a1d" />
    <TestEntry testId="568241a0-1981-77a2-8e45-6957f3a9201d" executionId="7ebbee3f-d7c1-4473-93b4-80490bd99af7" testListId="8c84fa94-04c1-424b-9868-57a2d4851a1d" />
    <TestEntry testId="9f6435a7-b19e-cc16-68dc-92c4ff50dc5f" executionId="6017c985-338a-4091-94be-3c9b2b7df68c" testListId="8c84fa94-04c1-424b-9868-57a2d4851a1d" />
    <TestEntry testId="6f756038-5f16-0e04-3e59-27a57b49f847" executionId="911a2d72-a0af-4f38-a3a4-d8f82e0e4ec6" testListId="8c84fa94-04c1-424b-9868-57a2d4851a1d" />
    <TestEntry testId="9e0c55cf-296a-532e-bb7b-ad27cee18272" executionId="5fa83756-77fd-41b4-8808-0f1a6c88fc0c" testListId="8c84fa94-04c1-424b-9868-57a2d4851a1d" />
    <TestEntry testId="4856131c-0188-3989-22c3-b58c4eaafe7d" executionId="ec4a0eec-73ad-4120-81f6-1e5303d2c1ad" testListId="8c84fa94-04c1-424b-9868-57a2d4851a1d" />
    <TestEntry testId="c69003f0-cc4c-19da-ffdd-d2bba7dbb281" executionId="79b1ff3f-a5cc-4661-91c5-fd08f85ecc59" testListId="8c84fa94-04c1-424b-9868-57a2d4851a1d" />
    <TestEntry testId="92cc7b1d-4068-fcf1-7e43-630fb3fd7c42" executionId="31b99fda-f929-4129-bc60-6385ad5a13d2" testListId="8c84fa94-04c1-424b-9868-57a2d4851a1d" />
    <TestEntry testId="fb889e5d-0aed-94fb-9dbb-4d35e7905dcb" executionId="a1fe3515-0902-466b-884c-da45d6ac3371" testListId="8c84fa94-04c1-424b-9868-57a2d4851a1d" />
    <TestEntry testId="e077af05-f9ae-8dab-12ae-71862d5f9a0c" executionId="4597e74e-30f4-4c5a-a0e7-80976ca07204" testListId="8c84fa94-04c1-424b-9868-57a2d4851a1d" />
    <TestEntry testId="8cf31419-7ed2-f044-41f9-a3cfc154818c" executionId="bd1e99ec-eef8-452c-ba9d-9eaf4337907e" testListId="8c84fa94-04c1-424b-9868-57a2d4851a1d" />
    <TestEntry testId="2942cd9c-5695-a90c-dd59-124b7efe2a7b" executionId="ddafe250-5a0b-4a27-bfa0-5cd3728b1126" testListId="8c84fa94-04c1-424b-9868-57a2d4851a1d" />
    <TestEntry testId="b3783891-e186-d807-e50c-0b36fd83ddd6" executionId="ef839d4d-9d53-43bb-be90-bf942204369b" testListId="8c84fa94-04c1-424b-9868-57a2d4851a1d" />
    <TestEntry testId="3d5d1771-b95f-4322-6bc0-626e96ea4fec" executionId="ca7de53a-8a70-491a-aa96-a50ad7400356" testListId="8c84fa94-04c1-424b-9868-57a2d4851a1d" />
    <TestEntry testId="17dd8d1e-38f1-cadb-6959-9c4355f33173" executionId="60826abc-0499-4da0-864d-980bb176e856" testListId="8c84fa94-04c1-424b-9868-57a2d4851a1d" />
    <TestEntry testId="c0464491-cdf5-6b15-c23b-9d4423b74a2a" executionId="cc3bdb13-6850-4ea1-9efb-f7a310440306" testListId="8c84fa94-04c1-424b-9868-57a2d4851a1d" />
    <TestEntry testId="9b137c73-9283-f654-84eb-ef4f1d9d736e" executionId="bd24823e-9e60-4011-a028-73e97a552fa4" testListId="8c84fa94-04c1-424b-9868-57a2d4851a1d" />
    <TestEntry testId="6061dfe6-8fc1-dc78-bf19-4daf406b55e8" executionId="75f83350-b158-4578-8ae8-5e216f322447" testListId="8c84fa94-04c1-424b-9868-57a2d4851a1d" />
    <TestEntry testId="2b3c3f8f-c9b3-9950-ad19-1e33309bdc94" executionId="65025e1c-74f6-473c-ae4b-691148cdb04f" testListId="8c84fa94-04c1-424b-9868-57a2d4851a1d" />
    <TestEntry testId="c8c657f4-c5c4-c4c9-a6ca-25570cc5eb9f" executionId="0788f5a0-69f4-4684-b513-2044557e0d39" testListId="8c84fa94-04c1-424b-9868-57a2d4851a1d" />
    <TestEntry testId="d2b358a1-4e7e-bb46-1ed1-6df4fdd2d3ef" executionId="76492e2d-e161-4798-a29f-a213d3080adf" testListId="8c84fa94-04c1-424b-9868-57a2d4851a1d" />
    <TestEntry testId="758c2ae0-1372-ecee-23d4-fc400e572f30" executionId="5edb1f32-68ac-44d8-8103-54e1ed397750" testListId="8c84fa94-04c1-424b-9868-57a2d4851a1d" />
    <TestEntry testId="4c35a197-db8e-159c-d032-93174828ae42" executionId="3bdc5692-606e-4b65-83d1-8037d793dda9" testListId="8c84fa94-04c1-424b-9868-57a2d4851a1d" />
    <TestEntry testId="8fb4db30-b71b-dfb9-21c5-c7a1705efcc5" executionId="316a80c2-a4d0-49fa-ace1-52c8401bb118" testListId="8c84fa94-04c1-424b-9868-57a2d4851a1d" />
    <TestEntry testId="e1db7384-b95a-fe76-44fa-db179031f32f" executionId="a6c7a3d8-7746-47b0-b725-0e6434299b73" testListId="8c84fa94-04c1-424b-9868-57a2d4851a1d" />
    <TestEntry testId="eaa2a6ab-b85a-b9cf-599f-78d29eae339e" executionId="e13a6e95-dca6-42db-a835-a85297865b29" testListId="8c84fa94-04c1-424b-9868-57a2d4851a1d" />
    <TestEntry testId="2c3f528e-0321-a2d3-288f-60ff797a8d17" executionId="e332ce23-bfb7-4c56-a07e-850acf944292" testListId="8c84fa94-04c1-424b-9868-57a2d4851a1d" />
    <TestEntry testId="e51a6325-82df-03d8-1d61-38da78711855" executionId="b959c5e2-4b5e-4f72-8365-1ca8a3109b3f" testListId="8c84fa94-04c1-424b-9868-57a2d4851a1d" />
    <TestEntry testId="57c3e836-b550-1ba9-61b2-ea477020db25" executionId="7ee4f2d3-2c0c-42c2-bcb4-8a84143b2630" testListId="8c84fa94-04c1-424b-9868-57a2d4851a1d" />
    <TestEntry testId="01a1d8a9-5c60-185a-fb5c-166d4c8ee5a7" executionId="fa03a568-364a-431b-90b0-3931e6139b33" testListId="8c84fa94-04c1-424b-9868-57a2d4851a1d" />
    <TestEntry testId="2e0dca87-3e0f-1d06-2dbf-ea2c77922e55" executionId="344ecccf-a114-4ad8-8ee7-8686087e09f9" testListId="8c84fa94-04c1-424b-9868-57a2d4851a1d" />
    <TestEntry testId="45a4e1ea-c011-5d86-24c9-5738518a0aa7" executionId="63e6d934-ebf7-4348-b6d7-f13fffbd0e4a" testListId="8c84fa94-04c1-424b-9868-57a2d4851a1d" />
    <TestEntry testId="55130aca-190e-b8a9-4ff1-fd19175a6497" executionId="9ae672ea-a95e-40a1-bd80-20cca87917d6" testListId="8c84fa94-04c1-424b-9868-57a2d4851a1d" />
    <TestEntry testId="11b420c8-daac-ab11-a26e-ece4e434bb58" executionId="ab9a398d-31a6-45d9-8f3b-3d9fcb939be5" testListId="8c84fa94-04c1-424b-9868-57a2d4851a1d" />
    <TestEntry testId="80aefbfc-deee-72a6-16e6-550a462874a4" executionId="c81a6600-473e-41a9-bb71-fe6b145be6b6" testListId="8c84fa94-04c1-424b-9868-57a2d4851a1d" />
    <TestEntry testId="0a7c25ce-aa35-71ce-c56a-8fec80d8f643" executionId="ce541896-d657-44b2-929f-3d422bb84823" testListId="8c84fa94-04c1-424b-9868-57a2d4851a1d" />
    <TestEntry testId="8e7064ee-a641-47ae-fe97-6db7a4c81880" executionId="114a665c-f365-4940-9187-772af44e6f59" testListId="8c84fa94-04c1-424b-9868-57a2d4851a1d" />
    <TestEntry testId="c1151c31-32ea-9a5f-d784-05d2708f5747" executionId="967b2092-524b-429b-94c0-344ca5e6da82" testListId="8c84fa94-04c1-424b-9868-57a2d4851a1d" />
    <TestEntry testId="3dc87e31-f86f-a458-a64d-c63968c336ab" executionId="7736e79a-3fca-407a-9110-1f80551682d5" testListId="8c84fa94-04c1-424b-9868-57a2d4851a1d" />
    <TestEntry testId="2eb2aee3-e1ad-55a7-0134-2d2e95b6556f" executionId="3f4f3812-9501-4568-ba3d-d5219ee4a958" testListId="8c84fa94-04c1-424b-9868-57a2d4851a1d" />
    <TestEntry testId="9e6b2eea-04c5-f9de-4c7f-e9df65983bcf" executionId="0ceb1efd-41b9-44f7-82d2-50ce2f3449f8" testListId="8c84fa94-04c1-424b-9868-57a2d4851a1d" />
    <TestEntry testId="2961cb5f-de81-b83d-1322-978516e86a05" executionId="dcd4884e-179c-48dd-9f96-9cfa4284b927" testListId="8c84fa94-04c1-424b-9868-57a2d4851a1d" />
    <TestEntry testId="625e89ff-47a4-e931-348e-2415fd910e48" executionId="4ed1077c-8c89-455e-8835-f477ecadb287" testListId="8c84fa94-04c1-424b-9868-57a2d4851a1d" />
    <TestEntry testId="61eec6b4-fc53-c72f-c588-b04753473566" executionId="2f3bbe16-d691-4e95-a3b9-3b018c0beb02" testListId="8c84fa94-04c1-424b-9868-57a2d4851a1d" />
    <TestEntry testId="8dc0e2e0-f947-1d7d-95d0-cfe40f7a89b0" executionId="0a15b00c-007c-427c-81e9-b2364fdc1311" testListId="8c84fa94-04c1-424b-9868-57a2d4851a1d" />
    <TestEntry testId="713f9c25-52ef-d240-7337-279992274524" executionId="55164f2c-395d-4751-af3a-3bedabe3aeff" testListId="8c84fa94-04c1-424b-9868-57a2d4851a1d" />
    <TestEntry testId="4d879f90-8afb-b1ee-7b65-3e1ff259f9e5" executionId="e465f320-90d3-4387-a234-e8813db795d4" testListId="8c84fa94-04c1-424b-9868-57a2d4851a1d" />
    <TestEntry testId="9e015c71-237e-aca6-cbea-d13200b1a1c2" executionId="84af78d8-4f6d-425a-836a-e311a1a9921e" testListId="8c84fa94-04c1-424b-9868-57a2d4851a1d" />
    <TestEntry testId="a6a4f3ab-a4d8-ce72-f369-35069d20a6a4" executionId="f6081773-6ab1-42d9-b376-6d78456e2c07" testListId="8c84fa94-04c1-424b-9868-57a2d4851a1d" />
    <TestEntry testId="20b802c4-39e2-5565-b93a-ab22ffc0e04d" executionId="b784fbba-9f91-4aa8-bbe2-bc7f365f91c7" testListId="8c84fa94-04c1-424b-9868-57a2d4851a1d" />
    <TestEntry testId="f828b6a8-addc-5a2a-711c-7876bb3fa776" executionId="cabc87ab-6328-46a7-9420-56dbed9f4671" testListId="8c84fa94-04c1-424b-9868-57a2d4851a1d" />
    <TestEntry testId="775fea1c-f593-676f-f2a4-bf240a185560" executionId="a5fa9157-19a2-4a72-9b7e-ef4e62fd31b3" testListId="8c84fa94-04c1-424b-9868-57a2d4851a1d" />
    <TestEntry testId="71ba1830-a692-9e71-6513-2c9f40e7dc5d" executionId="674f03fe-facc-450c-9e5f-6e2097f003e2" testListId="8c84fa94-04c1-424b-9868-57a2d4851a1d" />
    <TestEntry testId="f1ca0824-5dd9-43a7-54ff-b1b7e0f37bcb" executionId="8a9aa8a5-6845-429d-8e56-fc253579a510" testListId="8c84fa94-04c1-424b-9868-57a2d4851a1d" />
    <TestEntry testId="cfe91482-da6a-77c2-4af3-522a89d084bc" executionId="06b49bf1-82f6-4c7d-a3f0-faed63de1eb6" testListId="8c84fa94-04c1-424b-9868-57a2d4851a1d" />
    <TestEntry testId="9de0706a-1b3d-31e6-d81e-54662bf91128" executionId="cb38efc4-7da6-4f79-ba2e-88ce60d97538" testListId="8c84fa94-04c1-424b-9868-57a2d4851a1d" />
    <TestEntry testId="a40f9211-4bba-ea8c-b121-94c7c04833f8" executionId="d5395e36-cb5e-415b-9bdd-41e1a4bf5cb5" testListId="8c84fa94-04c1-424b-9868-57a2d4851a1d" />
    <TestEntry testId="cdfa4214-e4a5-3f29-8bde-824c52fc1e7e" executionId="d8d1de80-5aa1-4ce6-ae2d-4ace5ea527fc" testListId="8c84fa94-04c1-424b-9868-57a2d4851a1d" />
    <TestEntry testId="21326b6d-2ade-0225-baf2-2d6b14837191" executionId="8db0e32c-cb1f-4d66-a1ad-28548e1cab59" testListId="8c84fa94-04c1-424b-9868-57a2d4851a1d" />
  </TestEntries>
  <TestLists>
    <TestList name="Resultados que não estão em uma lista" id="8c84fa94-04c1-424b-9868-57a2d4851a1d" />
    <TestList name="Todos os resultados carregados" id="19431567-8539-422a-85d7-44ee4e166bda" />
  </TestLists>
  <ResultSummary outcome="Completed">
    <Counters total="102" executed="102" passed="102" failed="0" error="0" timeout="0" aborted="0" inconclusive="0" passedButRunAborted="0" notRunnable="0" notExecuted="0" disconnected="0" warning="0" completed="0" inProgress="0" pending="0" />
    <Output>
      <StdOut>[xUnit.net 00:00:00.00] xUnit.net VSTest Adapter v3.1.5+1b188a7b0a (64-bit .NET 10.0.11)&#xD;
[xUnit.net 00:00:00.66]   Discovering: Biblia.Web.Tests&#xD;
[xUnit.net 00:00:01.39]   Discovered:  Biblia.Web.Tests&#xD;
[xUnit.net 00:00:01.81]   Starting:    Biblia.Web.Tests&#xD;
[xUnit.net 00:00:32.85]   Finished:    Biblia.Web.Tests (ID = 'cee89d51a6e761af3380ea2e443832f43b5350dbb70a58a54846b22e139b045f')&#xD;
</StdOut>
    </Output>
  </ResultSummary>
</TestRun>