<?xml version="1.0" encoding="utf-8"?>
<TestRun id="5a7747ed-88e9-4ca6-b64c-e503ad708457" name="WRSoft@WRSOFT 2026-09-07 17:14:07" runUser="WRSOFT\WRSoft" xmlns="http://microsoft.com/schemas/VisualStudio/TeamTest/2010">
  <Times creation="2026-09-07T17:14:08.0555599-03:00" queuing="2026-09-07T17:14:08.0555605-03:00" start="2026-09-07T17:14:03.1677853-03:00" finish="2026-09-07T17:15:09.7292810-03:00" />
  <TestSettings name="default" id="b5a51ab5-6726-46aa-920d-31828a20cdcf">
    <Deployment runDeploymentRoot="WRSoft_WRSOFT_2026-09-07_17_14_07" />
  </TestSettings>
  <Results>
    <UnitTestResult executionId="f353b694-b6c7-4d67-9936-c7306037dd38" testId="dc13c444-3c29-9bf9-b9e7-2f78f12dce2f" testName="Biblia.Tests.Application.IntegratedFeaturesTests.ImportRejectsBadInputsAndCleansTemporaryFiles(kind: &quot;extension&quot;)" computerName="WRSOFT" duration="00:00:01.0337051" startTime="2026-09-07T17:15:06.3452583-03:00" endTime="2026-09-07T17:15:07.3790127-03:00" testType="13cdc9d9-ddb5-4fa4-a97d-d965ccfc6d4b" outcome="Passed" testListId="8c84fa94-04c1-424b-9868-57a2d4851a1d" relativeResultsDirectory="f353b694-b6c7-4d67-9936-c7306037dd38" />
    <UnitTestResult executionId="ee68e844-417c-4dac-aee1-29acdcbf7b08" testId="f45140c8-a22c-70fe-3648-902abb02c023" testName="Biblia.Tests.Infrastructure.PdfTypographyTests.MalformedStorageUsesDefaults(raw: &quot;texto&quot;)" computerName="WRSOFT" duration="00:00:00.0577494" startTime="2026-09-07T17:14:24.1276555-03:00" endTime="2026-09-07T17:14:24.1855708-03:00" testType="13cdc9d9-ddb5-4fa4-a97d-d965ccfc6d4b" outcome="Passed" testListId="8c84fa94-04c1-424b-9868-57a2d4851a1d" relativeResultsDirectory="ee68e844-417c-4dac-aee1-29acdcbf7b08" />
    <UnitTestResult executionId="b626e6bc-4c06-439b-b7f3-fe35c3d7a116" testId="baa0ea36-2d68-3108-35f9-562fa308541c" testName="Biblia.Tests.Infrastructure.BackupServiceTests.Validate_RejectsMissingRequiredEntry(manifest: False, database: True, message: &quot;Backup sem manifesto.&quot;)" computerName="WRSOFT" duration="00:00:00.1545860" startTime="2026-09-07T17:14:26.0448897-03:00" endTime="2026-09-07T17:14:26.1995481-03:00" testType="13cdc9d9-ddb5-4fa4-a97d-d965ccfc6d4b" outcome="Passed" testListId="8c84fa94-04c1-424b-9868-57a2d4851a1d" relativeResultsDirectory="b626e6bc-4c06-439b-b7f3-fe35c3d7a116" />
    <UnitTestResult executionId="8064f06c-c1e9-46c8-aee4-299f551a51b2" testId="154d08ee-c6dc-3465-297b-b8afe22c63c4" testName="Biblia.Tests.Domain.VerseCardGreetingTests.Automatic_UsesLocalHour(hour: 4, expected: &quot;Boa noite!&quot;)" computerName="WRSOFT" duration="00:00:00.0005022" startTime="2026-09-07T17:14:08.4060459-03:00" endTime="2026-09-07T17:14:08.4066105-03:00" testType="13cdc9d9-ddb5-4fa4-a97d-d965ccfc6d4b" outcome="Passed" testListId="8c84fa94-04c1-424b-9868-57a2d4851a1d" relativeResultsDirectory="8064f06c-c1e9-46c8-aee4-299f551a51b2" />
    <UnitTestResult executionId="7ddbd679-9788-4b80-9f0c-5d143e06f36f" testId="bbd78ae5-e950-7f81-2f06-cae7d9f92a9e" testName="Biblia.Tests.BibleDataValidation.CanonicalIdentityTests.InvalidIdentityIsRejectedEvenWithValidVerseCounts(mutation: &quot;DELETE FROM verse WHERE book_id=2; DELETE FROM boo&quot;···)" computerName="WRSOFT" duration="00:00:00.6282715" startTime="2026-09-07T17:14:18.1497609-03:00" endTime="2026-09-07T17:14:18.7781119-03:00" testType="13cdc9d9-ddb5-4fa4-a97d-d965ccfc6d4b" outcome="Passed" testListId="8c84fa94-04c1-424b-9868-57a2d4851a1d" relativeResultsDirectory="7ddbd679-9788-4b80-9f0c-5d143e06f36f" />
    <UnitTestResult executionId="4f836248-2e52-4ceb-aefc-94936ad589a3" testId="d5da221d-f854-c019-7074-1cc361d9e2fb" testName="Biblia.Tests.Infrastructure.ThemeVersePdfServiceTests.SignatureMetadataPortugueseAndSingular" computerName="WRSOFT" duration="00:00:00.1368934" startTime="2026-09-07T17:14:09.8777477-03:00" endTime="2026-09-07T17:14:10.0150211-03:00" testType="13cdc9d9-ddb5-4fa4-a97d-d965ccfc6d4b" outcome="Passed" testListId="8c84fa94-04c1-424b-9868-57a2d4851a1d" relativeResultsDirectory="4f836248-2e52-4ceb-aefc-94936ad589a3" />
    <UnitTestResult executionId="ee07a0ec-2b59-4e33-918e-68751df06a9d" testId="c792c306-c6c8-f095-7e58-e0c575d1a1e1" testName="Biblia.Tests.Infrastructure.ThemeVersePdfServiceTests.RepresentativeVisualQa" computerName="WRSOFT" duration="00:00:00.2999314" startTime="2026-09-07T17:14:13.1074153-03:00" endTime="2026-09-07T17:14:13.4074278-03:00" testType="13cdc9d9-ddb5-4fa4-a97d-d965ccfc6d4b" outcome="Passed" testListId="8c84fa94-04c1-424b-9868-57a2d4851a1d" relativeResultsDirectory="ee07a0ec-2b59-4e33-918e-68751df06a9d" />
    <UnitTestResult executionId="e676c9b1-b031-4316-a82a-1b6778899c00" testId="ed8f6dce-3285-ad37-a9ec-41c8a77e671f" testName="Biblia.Tests.Domain.BibleReferenceFormatterTests.Format_Range_UsesEditorialDash" computerName="WRSOFT" duration="00:00:00.0005125" startTime="2026-09-07T17:14:09.5351134-03:00" endTime="2026-09-07T17:14:09.5358916-03:00" testType="13cdc9d9-ddb5-4fa4-a97d-d965ccfc6d4b" outcome="Passed" testListId="8c84fa94-04c1-424b-9868-57a2d4851a1d" relativeResultsDirectory="e676c9b1-b031-4316-a82a-1b6778899c00" />
    <UnitTestResult executionId="b5d99257-f094-4b81-a7ab-a01c205504b5" testId="9593d180-4f0f-1d8b-78da-99cf6d2545fa" testName="Biblia.Tests.Infrastructure.PdfTypographyTests.MalformedStorageUsesDefaults(raw: &quot;NaN&quot;)" computerName="WRSOFT" duration="00:00:00.0502417" startTime="2026-09-07T17:14:24.1878606-03:00" endTime="2026-09-07T17:14:24.2381783-03:00" testType="13cdc9d9-ddb5-4fa4-a97d-d965ccfc6d4b" outcome="Passed" testListId="8c84fa94-04c1-424b-9868-57a2d4851a1d" relativeResultsDirectory="b5d99257-f094-4b81-a7ab-a01c205504b5" />
    <UnitTestResult executionId="42d8b92c-3c97-49b3-bf89-44db222f140b" testId="7e918799-276b-94f3-17c8-f22f973300c4" testName="Biblia.Tests.Infrastructure.VerseCardRenderTests.RenderAsync_InvalidBackground_UsesGradientFallback" computerName="WRSOFT" duration="00:00:00.2111477" startTime="2026-09-07T17:14:14.3688292-03:00" endTime="2026-09-07T17:14:14.5800613-03:00" testType="13cdc9d9-ddb5-4fa4-a97d-d965ccfc6d4b" outcome="Passed" testListId="8c84fa94-04c1-424b-9868-57a2d4851a1d" relativeResultsDirectory="42d8b92c-3c97-49b3-bf89-44db222f140b" />
    <UnitTestResult executionId="c402d070-5d51-430f-a10c-f2a8bba08b5a" testId="35975454-1897-d3f7-2a28-51d650290bfd" testName="Biblia.Tests.Application.ThemeReportServiceTests.All66BooksAreSortedAtApplicationBoundaryDespiteReverseRepositoryOrder" computerName="WRSOFT" duration="00:00:00.0590078" startTime="2026-09-07T17:14:09.5923022-03:00" endTime="2026-09-07T17:14:09.6513738-03:00" testType="13cdc9d9-ddb5-4fa4-a97d-d965ccfc6d4b" outcome="Passed" testListId="8c84fa94-04c1-424b-9868-57a2d4851a1d" relativeResultsDirectory="c402d070-5d51-430f-a10c-f2a8bba08b5a" />
    <UnitTestResult executionId="f754c962-288f-4f85-9e51-23a77545598e" testId="156afffa-caf9-0d7f-80e8-17a655faca9a" testName="Biblia.Tests.Infrastructure.ThemeVersePdfServiceTests.ThemeColorsAndEmptySectionAreSafe(color: null)" computerName="WRSOFT" duration="00:00:00.0473578" startTime="2026-09-07T17:14:10.9941981-03:00" endTime="2026-09-07T17:14:11.0416816-03:00" testType="13cdc9d9-ddb5-4fa4-a97d-d965ccfc6d4b" outcome="Passed" testListId="8c84fa94-04c1-424b-9868-57a2d4851a1d" relativeResultsDirectory="f754c962-288f-4f85-9e51-23a77545598e" />
    <UnitTestResult executionId="3738e30e-8e56-4c01-98d1-8459bf04cfc2" testId="509b02ac-a11d-84f2-ebdb-7339061a0c46" testName="Biblia.Tests.Application.BibleComparisonServiceTests.CompareAsync_ReportsAvailableMissingAndAmbiguousWithoutChoosingDuplicate" computerName="WRSOFT" duration="00:00:00.0241086" startTime="2026-09-07T17:14:09.5387734-03:00" endTime="2026-09-07T17:14:09.5629461-03:00" testType="13cdc9d9-ddb5-4fa4-a97d-d965ccfc6d4b" outcome="Passed" testListId="8c84fa94-04c1-424b-9868-57a2d4851a1d" relativeResultsDirectory="3738e30e-8e56-4c01-98d1-8459bf04cfc2" />
    <UnitTestResult executionId="84bb7714-1b46-4681-a651-e6ee4ba9e912" testId="b7338c94-1085-4f06-2ad9-273ca3fbb37d" testName="Biblia.Tests.Application.IntegratedFeaturesTests.ImportActivateRemoveAndProtectLinkedVersion(ext: &quot;.sqlite&quot;)" computerName="WRSOFT" duration="00:00:01.0892220" startTime="2026-09-07T17:14:35.9503434-03:00" endTime="2026-09-07T17:14:37.0396275-03:00" testType="13cdc9d9-ddb5-4fa4-a97d-d965ccfc6d4b" outcome="Passed" testListId="8c84fa94-04c1-424b-9868-57a2d4851a1d" relativeResultsDirectory="84bb7714-1b46-4681-a651-e6ee4ba9e912" />
    <UnitTestResult executionId="68ed1513-8a4c-45a1-bf0f-2ffbb31c9f46" testId="bc0d4f57-015d-8aed-6ad8-129c7514b9c1" testName="Biblia.Tests.Infrastructure.PdfTypographyTests.IndependentSizesLongContentAndContentsAreCorrect(r: 24, v: 22, o: 20)" computerName="WRSOFT" duration="00:00:02.4271397" startTime="2026-09-07T17:14:14.1430941-03:00" endTime="2026-09-07T17:14:16.5706217-03:00" testType="13cdc9d9-ddb5-4fa4-a97d-d965ccfc6d4b" outcome="Passed" testListId="8c84fa94-04c1-424b-9868-57a2d4851a1d" relativeResultsDirectory="68ed1513-8a4c-45a1-bf0f-2ffbb31c9f46" />
    <UnitTestResult executionId="47bec6c8-d7c6-4018-90f7-6f5a1457ffbf" testId="aa5419df-3c08-049a-1083-8d3bc0f09119" testName="Biblia.Tests.Application.IntegratedFeaturesTests.LongTextBlockPaginatesAndPreservesFinalLine" computerName="WRSOFT" duration="00:00:00.4104323" startTime="2026-09-07T17:15:08.1337215-03:00" endTime="2026-09-07T17:15:08.5442017-03:00" testType="13cdc9d9-ddb5-4fa4-a97d-d965ccfc6d4b" outcome="Passed" testListId="8c84fa94-04c1-424b-9868-57a2d4851a1d" relativeResultsDirectory="47bec6c8-d7c6-4018-90f7-6f5a1457ffbf" />
    <UnitTestResult executionId="45967bf7-5a44-4cbf-8d7c-cbb06afa12c2" testId="2c490c86-e9e9-b30b-fc2a-2243c900828e" testName="Biblia.Tests.Domain.VerseCardGreetingTests.Automatic_UsesLocalHour(hour: 18, expected: &quot;Boa noite!&quot;)" computerName="WRSOFT" duration="00:00:00.0000295" startTime="2026-09-07T17:14:08.4093627-03:00" endTime="2026-09-07T17:14:08.4094294-03:00" testType="13cdc9d9-ddb5-4fa4-a97d-d965ccfc6d4b" outcome="Passed" testListId="8c84fa94-04c1-424b-9868-57a2d4851a1d" relativeResultsDirectory="45967bf7-5a44-4cbf-8d7c-cbb06afa12c2" />
    <UnitTestResult executionId="65fa3484-1735-46dd-bd10-f3eefc638faf" testId="21f0b9d1-5761-aa04-aac5-2c07b3994737" testName="Biblia.Tests.Domain.VerseCardGreetingTests.Automatic_UsesLocalHour(hour: 17, expected: &quot;Boa tarde!&quot;)" computerName="WRSOFT" duration="00:00:00.0006128" startTime="2026-09-07T17:14:08.4070114-03:00" endTime="2026-09-07T17:14:08.4077076-03:00" testType="13cdc9d9-ddb5-4fa4-a97d-d965ccfc6d4b" outcome="Passed" testListId="8c84fa94-04c1-424b-9868-57a2d4851a1d" relativeResultsDirectory="65fa3484-1735-46dd-bd10-f3eefc638faf" />
    <UnitTestResult executionId="be5241b6-5da8-43f8-a76d-133b65c4c9bb" testId="ee79bb1e-f4c6-6e67-90b9-72501b5a1546" testName="Biblia.Tests.Application.IntegratedFeaturesTests.RejectInconsistentManifestWithoutChangingCurrentState(kind: &quot;active&quot;)" computerName="WRSOFT" duration="00:00:01.4021891" startTime="2026-09-07T17:14:21.9659349-03:00" endTime="2026-09-07T17:14:23.3682218-03:00" testType="13cdc9d9-ddb5-4fa4-a97d-d965ccfc6d4b" outcome="Passed" testListId="8c84fa94-04c1-424b-9868-57a2d4851a1d" relativeResultsDirectory="be5241b6-5da8-43f8-a76d-133b65c4c9bb" />
    <UnitTestResult executionId="27605769-a8c4-4f4a-8ad9-d587f5a49bf4" testId="d6548d35-ce03-2427-7542-0f2be98f203e" testName="Biblia.Tests.BibleDataValidation.CanonicalIdentityTests.InvalidIdentityIsRejectedEvenWithValidVerseCounts(mutation: &quot;UPDATE book SET book_reference_id=1 WHERE id=2&quot;)" computerName="WRSOFT" duration="00:00:00.7837355" startTime="2026-09-07T17:14:18.7875552-03:00" endTime="2026-09-07T17:14:19.5713722-03:00" testType="13cdc9d9-ddb5-4fa4-a97d-d965ccfc6d4b" outcome="Passed" testListId="8c84fa94-04c1-424b-9868-57a2d4851a1d" relativeResultsDirectory="27605769-a8c4-4f4a-8ad9-d587f5a49bf4" />
    <UnitTestResult executionId="1a926da2-e932-4776-9829-204f09845868" testId="227d68ee-2385-7828-e228-ae5f001cda18" testName="Biblia.Tests.Infrastructure.ThemeTableOfContentsTests.ContentsNumbersLinksAndBookmarksMatchActualHeaders(themeCount: 5)" computerName="WRSOFT" duration="00:00:00.2285535" startTime="2026-09-07T17:14:17.8888777-03:00" endTime="2026-09-07T17:14:18.1178330-03:00" testType="13cdc9d9-ddb5-4fa4-a97d-d965ccfc6d4b" outcome="Passed" testListId="8c84fa94-04c1-424b-9868-57a2d4851a1d" relativeResultsDirectory="1a926da2-e932-4776-9829-204f09845868" />
    <UnitTestResult executionId="297b7ff2-6da8-439f-a5fd-939644121d8c" testId="f819012e-d5ff-7290-6d44-05ddd4073a87" testName="Biblia.Tests.Infrastructure.ThemeVersePdfServiceTests.LongUnbrokenTextIsNotClipped" computerName="WRSOFT" duration="00:00:00.0845183" startTime="2026-09-07T17:14:13.0123710-03:00" endTime="2026-09-07T17:14:13.0972345-03:00" testType="13cdc9d9-ddb5-4fa4-a97d-d965ccfc6d4b" outcome="Passed" testListId="8c84fa94-04c1-424b-9868-57a2d4851a1d" relativeResultsDirectory="297b7ff2-6da8-439f-a5fd-939644121d8c" />
    <UnitTestResult executionId="a7500597-d2d0-45aa-ab8a-1dc68bcfcfd7" testId="9c02f22f-3a24-274a-a99b-01a09b944c22" testName="Biblia.Tests.Infrastructure.PdfTypographyTests.InvalidValuesAreRejectedWithoutChangingSavedSettings(invalid: -1)" computerName="WRSOFT" duration="00:00:00.2276689" startTime="2026-09-07T17:14:07.4426972-03:00" endTime="2026-09-07T17:14:07.6704265-03:00" testType="13cdc9d9-ddb5-4fa4-a97d-d965ccfc6d4b" outcome="Passed" testListId="8c84fa94-04c1-424b-9868-57a2d4851a1d" relativeResultsDirectory="a7500597-d2d0-45aa-ab8a-1dc68bcfcfd7" />
    <UnitTestResult executionId="dce9b906-d919-44e5-ad90-2b7cf40649de" testId="1cd0f132-8bba-7f62-f30a-a1dbf14bf402" testName="Biblia.Tests.Application.BookNameResolverTests.Resolve_UsesPreferredThenActiveAndLoadsEachVersionOnce" computerName="WRSOFT" duration="00:00:00.0076258" startTime="2026-09-07T17:14:25.8868604-03:00" endTime="2026-09-07T17:14:25.8945444-03:00" testType="13cdc9d9-ddb5-4fa4-a97d-d965ccfc6d4b" outcome="Passed" testListId="8c84fa94-04c1-424b-9868-57a2d4851a1d" relativeResultsDirectory="dce9b906-d919-44e5-ad90-2b7cf40649de" />
    <UnitTestResult executionId="10d88df0-b481-4771-99e4-23a34c08708f" testId="fa494271-5e7a-0585-0722-3a2b98b73f0e" testName="Biblia.Tests.Infrastructure.PdfTypographyTests.InvalidValuesAreRejectedWithoutChangingSavedSettings(invalid: 6,5)" computerName="WRSOFT" duration="00:00:00.0503938" startTime="2026-09-07T17:14:07.8117405-03:00" endTime="2026-09-07T17:14:07.8621955-03:00" testType="13cdc9d9-ddb5-4fa4-a97d-d965ccfc6d4b" outcome="Passed" testListId="8c84fa94-04c1-424b-9868-57a2d4851a1d" relativeResultsDirectory="10d88df0-b481-4771-99e4-23a34c08708f" />
    <UnitTestResult executionId="29d70724-d1a8-48e8-b590-97cacdd92238" testId="8967fdbf-5836-9848-99e9-c0375f0eeba7" testName="Biblia.Tests.Application.IntegratedFeaturesTests.RejectInconsistentManifestWithoutChangingCurrentState(kind: &quot;schema&quot;)" computerName="WRSOFT" duration="00:00:01.0067301" startTime="2026-09-07T17:14:20.9533556-03:00" endTime="2026-09-07T17:14:21.9602952-03:00" testType="13cdc9d9-ddb5-4fa4-a97d-d965ccfc6d4b" outcome="Passed" testListId="8c84fa94-04c1-424b-9868-57a2d4851a1d" relativeResultsDirectory="29d70724-d1a8-48e8-b590-97cacdd92238" />
    <UnitTestResult executionId="75a42e33-9f6f-4048-9e80-e97fef99500b" testId="ba2ccc35-0b56-7333-0214-7f369762f70d" testName="Biblia.Tests.Infrastructure.PdfTypographyTests.SameConcurrentServiceReloadsSizesAndRecalculatesPagination" computerName="WRSOFT" duration="00:00:02.8957723" startTime="2026-09-07T17:14:24.3659198-03:00" endTime="2026-09-07T17:14:27.2617971-03:00" testType="13cdc9d9-ddb5-4fa4-a97d-d965ccfc6d4b" outcome="Passed" testListId="8c84fa94-04c1-424b-9868-57a2d4851a1d" relativeResultsDirectory="75a42e33-9f6f-4048-9e80-e97fef99500b" />
    <UnitTestResult executionId="5c5f9673-7b7f-491a-84f6-be8af7979ad7" testId="284b5601-612a-83bc-7caa-bed8c2b2694b" testName="Biblia.Tests.Application.IntegratedFeaturesTests.ImportRejectsBadInputsAndCleansTemporaryFiles(kind: &quot;cancel&quot;)" computerName="WRSOFT" duration="00:00:00.3635426" startTime="2026-09-07T17:15:07.3810806-03:00" endTime="2026-09-07T17:15:07.7446861-03:00" testType="13cdc9d9-ddb5-4fa4-a97d-d965ccfc6d4b" outcome="Passed" testListId="8c84fa94-04c1-424b-9868-57a2d4851a1d" relativeResultsDirectory="5c5f9673-7b7f-491a-84f6-be8af7979ad7" />
    <UnitTestResult executionId="203fb857-9ef3-4faf-a9a0-c9cc1b4acb0b" testId="48f05a95-3b3c-6ff1-6560-1e198fbf2b50" testName="Biblia.Tests.Infrastructure.PdfTypographyTests.InvalidValuesAreRejectedWithoutChangingSavedSettings(invalid: 25)" computerName="WRSOFT" duration="00:00:00.0788576" startTime="2026-09-07T17:14:07.7323623-03:00" endTime="2026-09-07T17:14:07.8112818-03:00" testType="13cdc9d9-ddb5-4fa4-a97d-d965ccfc6d4b" outcome="Passed" testListId="8c84fa94-04c1-424b-9868-57a2d4851a1d" relativeResultsDirectory="203fb857-9ef3-4faf-a9a0-c9cc1b4acb0b" />
    <UnitTestResult executionId="e580fb57-ef99-4f74-a405-ae0c7864e221" testId="7092edfd-ff77-c0dc-68a6-7bed8d31b2a5" testName="Biblia.Tests.Application.CanonicalThemeFlowTests.ReverseAndRandomLinkingSurviveReloadEditUnlinkVersionChangeAndPdf(random: True)" computerName="WRSOFT" duration="00:00:23.7571401" startTime="2026-09-07T17:14:43.2687810-03:00" endTime="2026-09-07T17:15:07.0259781-03:00" testType="13cdc9d9-ddb5-4fa4-a97d-d965ccfc6d4b" outcome="Passed" testListId="8c84fa94-04c1-424b-9868-57a2d4851a1d" relativeResultsDirectory="e580fb57-ef99-4f74-a405-ae0c7864e221" />
    <UnitTestResult executionId="c0aa5a3d-2304-4442-ab31-791e49e30a6f" testId="b8000501-2af7-cc28-4e94-f79abac0a4dc" testName="Biblia.Tests.Application.LinkedVersionReportTests.MigrationSnapshotsLegacyPreferenceWithoutInventingMissingVersions" computerName="WRSOFT" duration="00:00:00.1351478" startTime="2026-09-07T17:14:09.3846195-03:00" endTime="2026-09-07T17:14:09.5198419-03:00" testType="13cdc9d9-ddb5-4fa4-a97d-d965ccfc6d4b" outcome="Passed" testListId="8c84fa94-04c1-424b-9868-57a2d4851a1d" relativeResultsDirectory="c0aa5a3d-2304-4442-ab31-791e49e30a6f" />
    <UnitTestResult executionId="e4f56dda-cc92-4cc5-8803-d0ddd8172609" testId="3a83fbcd-e939-99e7-f8bc-9794772f06b0" testName="Biblia.Tests.Infrastructure.BackupServiceTests.CreateAndValidate_ProduceCompleteUsableZip" computerName="WRSOFT" duration="00:00:00.1416963" startTime="2026-09-07T17:14:25.8998476-03:00" endTime="2026-09-07T17:14:26.0416562-03:00" testType="13cdc9d9-ddb5-4fa4-a97d-d965ccfc6d4b" outcome="Passed" testListId="8c84fa94-04c1-424b-9868-57a2d4851a1d" relativeResultsDirectory="e4f56dda-cc92-4cc5-8803-d0ddd8172609" />
    <UnitTestResult executionId="a25af2a3-843f-4a01-ae7d-e37c668ca73d" testId="ab79f5f0-0057-c4e1-b5ec-449ee81bf382" testName="Biblia.Tests.Application.ThemeServiceTests.SaveSearchDetailsAndDelete_ValidateAndPreserveUsage" computerName="WRSOFT" duration="00:00:00.0131007" startTime="2026-09-07T17:14:21.0052265-03:00" endTime="2026-09-07T17:14:21.0183914-03:00" testType="13cdc9d9-ddb5-4fa4-a97d-d965ccfc6d4b" outcome="Passed" testListId="8c84fa94-04c1-424b-9868-57a2d4851a1d" relativeResultsDirectory="a25af2a3-843f-4a01-ae7d-e37c668ca73d" />
    <UnitTestResult executionId="e0be1e71-8ff1-4e6c-9821-2623386ad763" testId="ac51c639-0234-604f-8735-7f242dc94978" testName="Biblia.Tests.Application.IntegratedFeaturesTests.ValidateStyle(foreground: &quot;#000000&quot;, background: &quot;#FFFFFF&quot;, size: 6)" computerName="WRSOFT" duration="00:00:00.0006194" startTime="2026-09-07T17:14:52.8410831-03:00" endTime="2026-09-07T17:14:52.8417732-03:00" testType="13cdc9d9-ddb5-4fa4-a97d-d965ccfc6d4b" outcome="Passed" testListId="8c84fa94-04c1-424b-9868-57a2d4851a1d" relativeResultsDirectory="e0be1e71-8ff1-4e6c-9821-2623386ad763" />
    <UnitTestResult executionId="c8c575c4-b2d4-4d84-be59-10d1dc9a8283" testId="78ef9a6f-1118-45e0-84b1-99a6a24157cf" testName="Biblia.Tests.Application.IntegratedFeaturesTests.LegacyBackupPreservesAdditionalLocalVersionsAndResolvesPaths" computerName="WRSOFT" duration="00:00:02.6152992" startTime="2026-09-07T17:14:29.5875806-03:00" endTime="2026-09-07T17:14:32.2031051-03:00" testType="13cdc9d9-ddb5-4fa4-a97d-d965ccfc6d4b" outcome="Passed" testListId="8c84fa94-04c1-424b-9868-57a2d4851a1d" relativeResultsDirectory="c8c575c4-b2d4-4d84-be59-10d1dc9a8283" />
    <UnitTestResult executionId="bd09fa95-ea4b-410d-9d25-cc84fdea5c60" testId="79af9605-1f7d-0190-b473-a8b44ecd95d6" testName="Biblia.Tests.Infrastructure.PdfTypographyTests.IndependentSizesLongContentAndContentsAreCorrect(r: 12,5, v: 10,5, o: 8,5)" computerName="WRSOFT" duration="00:00:02.8420505" startTime="2026-09-07T17:14:18.9181864-03:00" endTime="2026-09-07T17:14:21.7603268-03:00" testType="13cdc9d9-ddb5-4fa4-a97d-d965ccfc6d4b" outcome="Passed" testListId="8c84fa94-04c1-424b-9868-57a2d4851a1d" relativeResultsDirectory="bd09fa95-ea4b-410d-9d25-cc84fdea5c60" />
    <UnitTestResult executionId="3e41897b-4507-40f4-83a7-a930d5e6b6f6" testId="f721e14a-288b-a65c-f2ca-897787d9d78c" testName="Biblia.Tests.Infrastructure.ThemeVersePdfServiceTests.ThemeColorsAndEmptySectionAreSafe(color: &quot;#18864B&quot;)" computerName="WRSOFT" duration="00:00:00.0428320" startTime="2026-09-07T17:14:10.9487554-03:00" endTime="2026-09-07T17:14:10.9919988-03:00" testType="13cdc9d9-ddb5-4fa4-a97d-d965ccfc6d4b" outcome="Passed" testListId="8c84fa94-04c1-424b-9868-57a2d4851a1d" relativeResultsDirectory="3e41897b-4507-40f4-83a7-a930d5e6b6f6" />
    <UnitTestResult executionId="8b81e3c3-6738-4696-baad-e6bec165dfe5" testId="74567299-350d-fa46-a1b9-99814a7fce92" testName="Biblia.Tests.Application.IntegratedFeaturesTests.ImportRejectsBadInputsAndCleansTemporaryFiles(kind: &quot;corrupt&quot;)" computerName="WRSOFT" duration="00:00:00.7858140" startTime="2026-09-07T17:15:04.8792306-03:00" endTime="2026-09-07T17:15:05.6651004-03:00" testType="13cdc9d9-ddb5-4fa4-a97d-d965ccfc6d4b" outcome="Passed" testListId="8c84fa94-04c1-424b-9868-57a2d4851a1d" relativeResultsDirectory="8b81e3c3-6738-4696-baad-e6bec165dfe5" />
    <UnitTestResult executionId="c21464f3-2a9d-44f1-9690-d512e8df6972" testId="b2229cca-554b-7b8f-6be8-fdd071f00a6f" testName="Biblia.Tests.Application.IntegratedFeaturesTests.BackupRejectsTamperingBeforeStateChange(kind: &quot;duplicate&quot;)" computerName="WRSOFT" duration="00:00:01.3674154" startTime="2026-09-07T17:14:11.3085173-03:00" endTime="2026-09-07T17:14:12.6760365-03:00" testType="13cdc9d9-ddb5-4fa4-a97d-d965ccfc6d4b" outcome="Passed" testListId="8c84fa94-04c1-424b-9868-57a2d4851a1d" relativeResultsDirectory="c21464f3-2a9d-44f1-9690-d512e8df6972" />
    <UnitTestResult executionId="2148eb9c-b24d-4264-af07-6aba82b45cba" testId="a5a4eda7-20dc-3333-5227-88b66e0d37d7" testName="Biblia.Tests.Application.BibleVersionImportServiceTests.ImportAsync_CopiesValidDatabaseRejectsCollisionsAndPreservesSource" computerName="WRSOFT" duration="00:00:00.9123205" startTime="2026-09-07T17:14:24.9651715-03:00" endTime="2026-09-07T17:14:25.8775581-03:00" testType="13cdc9d9-ddb5-4fa4-a97d-d965ccfc6d4b" outcome="Passed" testListId="8c84fa94-04c1-424b-9868-57a2d4851a1d" relativeResultsDirectory="2148eb9c-b24d-4264-af07-6aba82b45cba" />
    <UnitTestResult executionId="31ad2889-f59a-4273-a2d2-cd6a4562645d" testId="10a856ea-0f3f-66fc-f611-a0a77a02a11d" testName="Biblia.Tests.Infrastructure.VerseCardRenderTests.RenderAsync_CreatesReadablePng(format: &quot;Vertical 4:5&quot;, width: 1080, height: 1350)" computerName="WRSOFT" duration="00:00:00.4070855" startTime="2026-09-07T17:14:13.4157094-03:00" endTime="2026-09-07T17:14:13.8228799-03:00" testType="13cdc9d9-ddb5-4fa4-a97d-d965ccfc6d4b" outcome="Passed" testListId="8c84fa94-04c1-424b-9868-57a2d4851a1d" relativeResultsDirectory="31ad2889-f59a-4273-a2d2-cd6a4562645d" />
    <UnitTestResult executionId="6150bacb-164a-4209-a5b0-9d953082ea16" testId="c11c03d6-ffa0-d764-4c32-07dd4ffde080" testName="Biblia.Tests.Infrastructure.VerseCardRenderTests.RenderAsync_CreatesReadablePng(format: &quot;Quadrado 1:1&quot;, width: 1080, height: 1080)" computerName="WRSOFT" duration="00:00:00.1930578" startTime="2026-09-07T17:14:14.1725975-03:00" endTime="2026-09-07T17:14:14.3657258-03:00" testType="13cdc9d9-ddb5-4fa4-a97d-d965ccfc6d4b" outcome="Passed" testListId="8c84fa94-04c1-424b-9868-57a2d4851a1d" relativeResultsDirectory="6150bacb-164a-4209-a5b0-9d953082ea16" />
    <UnitTestResult executionId="bea3da18-680b-49e0-bc1f-e5fd9d1ce536" testId="1f8b1512-f9ec-58c7-75ee-2f969f68466a" testName="Biblia.Tests.Application.IntegratedFeaturesTests.MixedOrderSurvivesEditingReloadModeChangesBackupAndPdf(marker: Numbered)" computerName="WRSOFT" duration="00:00:01.7780618" startTime="2026-09-07T17:14:40.1307603-03:00" endTime="2026-09-07T17:14:41.9088788-03:00" testType="13cdc9d9-ddb5-4fa4-a97d-d965ccfc6d4b" outcome="Passed" testListId="8c84fa94-04c1-424b-9868-57a2d4851a1d" relativeResultsDirectory="bea3da18-680b-49e0-bc1f-e5fd9d1ce536" />
    <UnitTestResult executionId="6d99dae9-07d9-414e-93d0-ffefb320c24c" testId="5d743857-a6d1-0a15-631d-ab0b967bfaa4" testName="Biblia.Tests.Domain.BibleReferenceFormatterTests.Format_SingleVerse_DoesNotRepeatEnd" computerName="WRSOFT" duration="00:00:00.0004787" startTime="2026-09-07T17:14:09.5368402-03:00" endTime="2026-09-07T17:14:09.5373779-03:00" testType="13cdc9d9-ddb5-4fa4-a97d-d965ccfc6d4b" outcome="Passed" testListId="8c84fa94-04c1-424b-9868-57a2d4851a1d" relativeResultsDirectory="6d99dae9-07d9-414e-93d0-ffefb320c24c" />
    <UnitTestResult executionId="42f42ba7-1f6f-4465-86d0-16e6a67b0265" testId="836bf551-b608-6d69-7d62-919b7dfa305c" testName="Biblia.Tests.Infrastructure.ThemeVersePdfServiceTests.OversizedPassageOrObservationPreservesEveryWord(longObservation: False)" computerName="WRSOFT" duration="00:00:00.9168311" startTime="2026-09-07T17:14:12.0791319-03:00" endTime="2026-09-07T17:14:12.9960603-03:00" testType="13cdc9d9-ddb5-4fa4-a97d-d965ccfc6d4b" outcome="Passed" testListId="8c84fa94-04c1-424b-9868-57a2d4851a1d" relativeResultsDirectory="42f42ba7-1f6f-4465-86d0-16e6a67b0265" />
    <UnitTestResult executionId="a24717cc-31ee-414b-af34-80619eb53f2b" testId="6c10ac2a-f931-4e6f-bdb3-23ecbe74ae97" testName="Biblia.Tests.Application.IntegratedFeaturesTests.ExistingCanonicalThemeCharacterizationPreservesTextsObservationsVersionsAndTotals" computerName="WRSOFT" duration="00:00:01.7027842" startTime="2026-09-07T17:14:07.3378447-03:00" endTime="2026-09-07T17:14:09.0534956-03:00" testType="13cdc9d9-ddb5-4fa4-a97d-d965ccfc6d4b" outcome="Passed" testListId="8c84fa94-04c1-424b-9868-57a2d4851a1d" relativeResultsDirectory="a24717cc-31ee-414b-af34-80619eb53f2b" />
    <UnitTestResult executionId="5f325420-3ff6-4015-8d28-26c2ef5f9e89" testId="b2028f07-27a2-1e1f-977b-3d895e4236aa" testName="Biblia.Tests.Infrastructure.ThemeTableOfContentsTests.ContentsNumbersLinksAndBookmarksMatchActualHeaders(themeCount: 1)" computerName="WRSOFT" duration="00:00:00.1964197" startTime="2026-09-07T17:14:09.2198991-03:00" endTime="2026-09-07T17:14:09.4163937-03:00" testType="13cdc9d9-ddb5-4fa4-a97d-d965ccfc6d4b" outcome="Passed" testListId="8c84fa94-04c1-424b-9868-57a2d4851a1d" relativeResultsDirectory="5f325420-3ff6-4015-8d28-26c2ef5f9e89" />
    <UnitTestResult executionId="7e4a6d17-fefe-42fa-b484-c479c798c8da" testId="723d535e-b049-f221-1827-4a0648555c01" testName="Biblia.Tests.Application.IntegratedFeaturesTests.ImportActivateRemoveAndProtectLinkedVersion(ext: &quot;.db&quot;)" computerName="WRSOFT" duration="00:00:00.9876902" startTime="2026-09-07T17:14:34.9605099-03:00" endTime="2026-09-07T17:14:35.9482618-03:00" testType="13cdc9d9-ddb5-4fa4-a97d-d965ccfc6d4b" outcome="Passed" testListId="8c84fa94-04c1-424b-9868-57a2d4851a1d" relativeResultsDirectory="7e4a6d17-fefe-42fa-b484-c479c798c8da" />
    <UnitTestResult executionId="e9bfbe96-fc17-4bb3-8b74-872df24c6d1c" testId="d0b28e52-4012-8ab0-6aed-14d03e8f81da" testName="Biblia.Tests.Infrastructure.PdfTypographyTests.InvalidValuesAreRejectedWithoutChangingSavedSettings(invalid: NaN)" computerName="WRSOFT" duration="00:00:00.0494681" startTime="2026-09-07T17:14:08.0014290-03:00" endTime="2026-09-07T17:14:08.0509646-03:00" testType="13cdc9d9-ddb5-4fa4-a97d-d965ccfc6d4b" outcome="Passed" testListId="8c84fa94-04c1-424b-9868-57a2d4851a1d" relativeResultsDirectory="e9bfbe96-fc17-4bb3-8b74-872df24c6d1c" />
    <UnitTestResult executionId="91b96a51-cfdd-48df-8859-2f396607a789" testId="3fcd089f-441f-0398-44a0-d24feb82e860" testName="Biblia.Tests.Application.ThemeReportServiceTests.MissingReferenceOrPassageFailsInsteadOfSilentlyLosingData(missingReference: True, missingPassage: False)" computerName="WRSOFT" duration="00:00:00.0019533" startTime="2026-09-07T17:14:09.6681787-03:00" endTime="2026-09-07T17:14:09.6701894-03:00" testType="13cdc9d9-ddb5-4fa4-a97d-d965ccfc6d4b" outcome="Passed" testListId="8c84fa94-04c1-424b-9868-57a2d4851a1d" relativeResultsDirectory="91b96a51-cfdd-48df-8859-2f396607a789" />
    <UnitTestResult executionId="1d9b235e-f3b9-4989-b9fe-02b78b104174" testId="9f27c476-eb94-b514-0a26-2bca590317b2" testName="Biblia.Tests.Infrastructure.PdfTypographyTests.IndividualLimitsAreEnforced(r: 7,5, v: 9,5, o: 9,5)" computerName="WRSOFT" duration="00:00:00.0002372" startTime="2026-09-07T17:14:07.4370429-03:00" endTime="2026-09-07T17:14:07.4373289-03:00" testType="13cdc9d9-ddb5-4fa4-a97d-d965ccfc6d4b" outcome="Passed" testListId="8c84fa94-04c1-424b-9868-57a2d4851a1d" relativeResultsDirectory="1d9b235e-f3b9-4989-b9fe-02b78b104174" />
    <UnitTestResult executionId="18c17205-0df8-4a3a-8902-c974f4f00a0e" testId="a3ef2c99-9622-8e40-50e9-9c0ce834719c" testName="Biblia.Tests.Domain.VerseCardGreetingTests.Automatic_UsesLocalHour(hour: 12, expected: &quot;Boa tarde!&quot;)" computerName="WRSOFT" duration="00:00:00.0000398" startTime="2026-09-07T17:14:08.4081476-03:00" endTime="2026-09-07T17:14:08.4082366-03:00" testType="13cdc9d9-ddb5-4fa4-a97d-d965ccfc6d4b" outcome="Passed" testListId="8c84fa94-04c1-424b-9868-57a2d4851a1d" relativeResultsDirectory="18c17205-0df8-4a3a-8902-c974f4f00a0e" />
    <UnitTestResult executionId="b6e015fd-9b16-4a48-b7b3-e8459878fac9" testId="d94639c3-64d1-66ca-7b99-fc0656dc32b9" testName="Biblia.Tests.BibleDataValidation.CanonicalIdentityTests.InvalidIdentityIsRejectedEvenWithValidVerseCounts(mutation: &quot;UPDATE book SET name=CASE id WHEN 1 THEN 'Apocalip&quot;···)" computerName="WRSOFT" duration="00:00:00.6035860" startTime="2026-09-07T17:14:17.5445547-03:00" endTime="2026-09-07T17:14:18.1484166-03:00" testType="13cdc9d9-ddb5-4fa4-a97d-d965ccfc6d4b" outcome="Passed" testListId="8c84fa94-04c1-424b-9868-57a2d4851a1d" relativeResultsDirectory="b6e015fd-9b16-4a48-b7b3-e8459878fac9" />
    <UnitTestResult executionId="4e84c4d3-1485-4afa-a899-861e8811c775" testId="d0163c47-1cba-cea7-ed92-31d74315e428" testName="Biblia.Tests.Application.IntegratedFeaturesTests.BackupRejectsTamperingBeforeStateChange(kind: &quot;path&quot;)" computerName="WRSOFT" duration="00:00:01.2630253" startTime="2026-09-07T17:14:15.8482432-03:00" endTime="2026-09-07T17:14:17.1113404-03:00" testType="13cdc9d9-ddb5-4fa4-a97d-d965ccfc6d4b" outcome="Passed" testListId="8c84fa94-04c1-424b-9868-57a2d4851a1d" relativeResultsDirectory="4e84c4d3-1485-4afa-a899-861e8811c775" />
    <UnitTestResult executionId="085783f8-9d55-4158-812e-5dad2d6d99a6" testId="1ce1991b-9cac-1a41-17b4-5a4e9717fc4a" testName="Biblia.Tests.Application.ThemeReportServiceTests.ThemeFilterIsRespected" computerName="WRSOFT" duration="00:00:00.0071213" startTime="2026-09-07T17:14:09.6594062-03:00" endTime="2026-09-07T17:14:09.6667611-03:00" testType="13cdc9d9-ddb5-4fa4-a97d-d965ccfc6d4b" outcome="Passed" testListId="8c84fa94-04c1-424b-9868-57a2d4851a1d" relativeResultsDirectory="085783f8-9d55-4158-812e-5dad2d6d99a6" />
    <UnitTestResult executionId="69dd88ca-b817-46cf-a4bb-9fec3d0da6f3" testId="54dadb04-1767-0f06-3064-b2b6f1f1ea52" testName="Biblia.Tests.BibleDataValidation.CanonicalIdentityTests.InvalidIdentityIsRejectedEvenWithValidVerseCounts(mutation: &quot;UPDATE book SET book_reference_id=67 WHERE id=2&quot;)" computerName="WRSOFT" duration="00:00:00.6201797" startTime="2026-09-07T17:14:15.6097705-03:00" endTime="2026-09-07T17:14:16.2310976-03:00" testType="13cdc9d9-ddb5-4fa4-a97d-d965ccfc6d4b" outcome="Passed" testListId="8c84fa94-04c1-424b-9868-57a2d4851a1d" relativeResultsDirectory="69dd88ca-b817-46cf-a4bb-9fec3d0da6f3" />
    <UnitTestResult executionId="0cc13630-43e5-4cf9-acf3-f0440c5ccbbe" testId="9b97b6fb-56e1-263d-8fcb-0e23b7589af8" testName="Biblia.Tests.Application.IntegratedFeaturesTests.RejectInconsistentManifestWithoutChangingCurrentState(kind: &quot;format&quot;)" computerName="WRSOFT" duration="00:00:01.5728559" startTime="2026-09-07T17:14:19.3725269-03:00" endTime="2026-09-07T17:14:20.9454693-03:00" testType="13cdc9d9-ddb5-4fa4-a97d-d965ccfc6d4b" outcome="Passed" testListId="8c84fa94-04c1-424b-9868-57a2d4851a1d" relativeResultsDirectory="0cc13630-43e5-4cf9-acf3-f0440c5ccbbe" />
    <UnitTestResult executionId="1498d3ff-8d18-4cf0-8e01-ca602bae3127" testId="ac9c7364-0fcb-a7aa-0f49-b34ba3f31dc2" testName="Biblia.Tests.Infrastructure.PdfTypographyTests.ExistingDatabaseDefaultsPersistenceAndRestorePreserveOtherSettings" computerName="WRSOFT" duration="00:00:00.1277722" startTime="2026-09-07T17:14:08.1190608-03:00" endTime="2026-09-07T17:14:08.2469096-03:00" testType="13cdc9d9-ddb5-4fa4-a97d-d965ccfc6d4b" outcome="Passed" testListId="8c84fa94-04c1-424b-9868-57a2d4851a1d" relativeResultsDirectory="1498d3ff-8d18-4cf0-8e01-ca602bae3127" />
    <UnitTestResult executionId="b3f194ed-9ba1-43e7-83a7-6c143893cf6c" testId="e457dfcc-2cb0-c6c9-5dce-42f9f202e780" testName="Biblia.Tests.Infrastructure.PdfTypographyTests.IndividualLimitsAreEnforced(r: 10, v: 7,5, o: 9,5)" computerName="WRSOFT" duration="00:00:00.0011113" startTime="2026-09-07T17:14:07.4353534-03:00" endTime="2026-09-07T17:14:07.4366024-03:00" testType="13cdc9d9-ddb5-4fa4-a97d-d965ccfc6d4b" outcome="Passed" testListId="8c84fa94-04c1-424b-9868-57a2d4851a1d" relativeResultsDirectory="b3f194ed-9ba1-43e7-83a7-6c143893cf6c" />
    <UnitTestResult executionId="e08ec2b2-e8d6-475f-b188-4ad5d93e1bd1" testId="0e46af27-6f96-51eb-865f-2dc3e34a87d0" testName="Biblia.Tests.Application.IntegratedFeaturesTests.CancelledBackupOperationsPreserveStateAndReleaseLocks" computerName="WRSOFT" duration="00:00:01.2172057" startTime="2026-09-07T17:14:37.0406969-03:00" endTime="2026-09-07T17:14:38.2579688-03:00" testType="13cdc9d9-ddb5-4fa4-a97d-d965ccfc6d4b" outcome="Passed" testListId="8c84fa94-04c1-424b-9868-57a2d4851a1d" relativeResultsDirectory="e08ec2b2-e8d6-475f-b188-4ad5d93e1bd1" />
    <UnitTestResult executionId="bae43bb9-e139-423f-83a6-a5dcde796cc7" testId="9d2c6320-5d84-3ee3-0806-46fa3074cf12" testName="Biblia.Tests.Application.IntegratedFeaturesTests.BackupRejectsTamperingBeforeStateChange(kind: &quot;hash&quot;)" computerName="WRSOFT" duration="00:00:00.9666061" startTime="2026-09-07T17:14:14.8790860-03:00" endTime="2026-09-07T17:14:15.8458369-03:00" testType="13cdc9d9-ddb5-4fa4-a97d-d965ccfc6d4b" outcome="Passed" testListId="8c84fa94-04c1-424b-9868-57a2d4851a1d" relativeResultsDirectory="bae43bb9-e139-423f-83a6-a5dcde796cc7" />
    <UnitTestResult executionId="f3e6354e-a4e4-45c7-8b7f-7f96e4cb0fab" testId="0c647a93-ccdc-d0c9-5b1f-b250a33b5dca" testName="Biblia.Tests.Integration.AppDatabaseTests.InitializeAndRepositories_ProvideVersionedConstrainedCrud" computerName="WRSOFT" duration="00:00:00.4887030" startTime="2026-09-07T17:14:24.4399650-03:00" endTime="2026-09-07T17:14:24.9287436-03:00" testType="13cdc9d9-ddb5-4fa4-a97d-d965ccfc6d4b" outcome="Passed" testListId="8c84fa94-04c1-424b-9868-57a2d4851a1d" relativeResultsDirectory="f3e6354e-a4e4-45c7-8b7f-7f96e4cb0fab" />
    <UnitTestResult executionId="2e89b562-1419-4680-99da-255b74978e9b" testId="849a1f0f-eada-5a2b-03da-6430f3b70845" testName="Biblia.Tests.Infrastructure.PdfTypographyTests.IndependentSizesLongContentAndContentsAreCorrect(r: 10, v: 9,5, o: 20)" computerName="WRSOFT" duration="00:00:03.3521939" startTime="2026-09-07T17:14:08.2483254-03:00" endTime="2026-09-07T17:14:11.6007827-03:00" testType="13cdc9d9-ddb5-4fa4-a97d-d965ccfc6d4b" outcome="Passed" testListId="8c84fa94-04c1-424b-9868-57a2d4851a1d" relativeResultsDirectory="2e89b562-1419-4680-99da-255b74978e9b" />
    <UnitTestResult executionId="8a987719-adc2-4a2d-b7e0-5e2ba95a3988" testId="7ccf7980-5150-2611-dba7-93ba9a55645f" testName="Biblia.Tests.Application.IntegratedFeaturesTests.BackupRejectsTamperingBeforeStateChange(kind: &quot;size&quot;)" computerName="WRSOFT" duration="00:00:02.2340966" startTime="2026-09-07T17:14:09.0580083-03:00" endTime="2026-09-07T17:14:11.2924459-03:00" testType="13cdc9d9-ddb5-4fa4-a97d-d965ccfc6d4b" outcome="Passed" testListId="8c84fa94-04c1-424b-9868-57a2d4851a1d" relativeResultsDirectory="8a987719-adc2-4a2d-b7e0-5e2ba95a3988" />
    <UnitTestResult executionId="2973c816-3a4b-4498-815c-f8375a962a0f" testId="dfc534b1-a660-144d-506c-99aae89f1003" testName="Biblia.Tests.Application.IntegratedFeaturesTests.BackupRejectsTamperingBeforeStateChange(kind: &quot;missing&quot;)" computerName="WRSOFT" duration="00:00:00.9606994" startTime="2026-09-07T17:14:13.9013513-03:00" endTime="2026-09-07T17:14:14.8621357-03:00" testType="13cdc9d9-ddb5-4fa4-a97d-d965ccfc6d4b" outcome="Passed" testListId="8c84fa94-04c1-424b-9868-57a2d4851a1d" relativeResultsDirectory="2973c816-3a4b-4498-815c-f8375a962a0f" />
    <UnitTestResult executionId="b0b4e92f-0aba-4909-9b66-4cf9fef80b2a" testId="f1fc0698-70d6-781e-a30e-99957f716669" testName="Biblia.Tests.Application.IntegratedFeaturesTests.MoveBoundsConcurrentMovesAndCascadeDeleteMaintainUniquePositions" computerName="WRSOFT" duration="00:00:00.5324324" startTime="2026-09-07T17:14:34.4270757-03:00" endTime="2026-09-07T17:14:34.9595673-03:00" testType="13cdc9d9-ddb5-4fa4-a97d-d965ccfc6d4b" outcome="Passed" testListId="8c84fa94-04c1-424b-9868-57a2d4851a1d" relativeResultsDirectory="b0b4e92f-0aba-4909-9b66-4cf9fef80b2a" />
    <UnitTestResult executionId="7e03cba7-dea3-4692-90c7-b5f28840e7f0" testId="83d27ec5-8815-1496-6c12-b9fc0f853ba3" testName="Biblia.Tests.Infrastructure.ThemeVersePdfServiceTests.CancellationDoesNotCreateExport" computerName="WRSOFT" duration="00:00:00.0237312" startTime="2026-09-07T17:14:11.3379817-03:00" endTime="2026-09-07T17:14:11.3629627-03:00" testType="13cdc9d9-ddb5-4fa4-a97d-d965ccfc6d4b" outcome="Passed" testListId="8c84fa94-04c1-424b-9868-57a2d4851a1d" relativeResultsDirectory="7e03cba7-dea3-4692-90c7-b5f28840e7f0" />
    <UnitTestResult executionId="25c6197e-b162-44c0-aefc-2b7421995c8c" testId="371b013b-8a70-421b-8922-fdcfb1648b18" testName="Biblia.Tests.Domain.BibleReferenceTests.Constructor_WithInvalidCoordinates_Throws(bookReferenceId: 1, chapter: 0, verse: 1)" computerName="WRSOFT" duration="00:00:00.0000500" startTime="2026-09-07T17:14:09.6851993-03:00" endTime="2026-09-07T17:14:09.6852876-03:00" testType="13cdc9d9-ddb5-4fa4-a97d-d965ccfc6d4b" outcome="Passed" testListId="8c84fa94-04c1-424b-9868-57a2d4851a1d" relativeResultsDirectory="25c6197e-b162-44c0-aefc-2b7421995c8c" />
    <UnitTestResult executionId="018df81a-25c2-492c-8821-6e131aa5d261" testId="42487326-f95e-ff1c-ac2a-139eb784dcea" testName="Biblia.Tests.Infrastructure.ThemeVersePdfServiceTests.ConcurrentGenerationUsesDistinctFilesAndEmbeddedFonts" computerName="WRSOFT" duration="00:00:00.7854542" startTime="2026-09-07T17:14:10.0396760-03:00" endTime="2026-09-07T17:14:10.8252324-03:00" testType="13cdc9d9-ddb5-4fa4-a97d-d965ccfc6d4b" outcome="Passed" testListId="8c84fa94-04c1-424b-9868-57a2d4851a1d" relativeResultsDirectory="018df81a-25c2-492c-8821-6e131aa5d261" />
    <UnitTestResult executionId="26e8666e-f42f-4d3b-9b2b-4bcfc74b1d94" testId="9c932f8d-57e8-02df-22f0-1684335c37e9" testName="Biblia.Tests.Infrastructure.PdfTypographyTests.InvalidValuesAreRejectedWithoutChangingSavedSettings(invalid: 0)" computerName="WRSOFT" duration="00:00:00.0842865" startTime="2026-09-07T17:14:07.9165715-03:00" endTime="2026-09-07T17:14:08.0009207-03:00" testType="13cdc9d9-ddb5-4fa4-a97d-d965ccfc6d4b" outcome="Passed" testListId="8c84fa94-04c1-424b-9868-57a2d4851a1d" relativeResultsDirectory="26e8666e-f42f-4d3b-9b2b-4bcfc74b1d94" />
    <UnitTestResult executionId="cdce65b5-4265-41a6-8441-8f33b111db60" testId="83095015-098b-a387-c1ea-0425ad636791" testName="Biblia.Tests.Application.IntegratedFeaturesTests.MixedOrderSurvivesEditingReloadModeChangesBackupAndPdf(marker: Bullet)" computerName="WRSOFT" duration="00:00:01.7095980" startTime="2026-09-07T17:14:41.9096861-03:00" endTime="2026-09-07T17:14:43.6193395-03:00" testType="13cdc9d9-ddb5-4fa4-a97d-d965ccfc6d4b" outcome="Passed" testListId="8c84fa94-04c1-424b-9868-57a2d4851a1d" relativeResultsDirectory="cdce65b5-4265-41a6-8441-8f33b111db60" />
    <UnitTestResult executionId="eeb26def-cdaa-4d98-a5b8-78b849f64042" testId="a627385f-1e84-eedd-0668-577c2f2c9be7" testName="Biblia.Tests.Application.IntegratedFeaturesTests.CrossThemeOperationsCannotModifyAnotherThemesBlocks" computerName="WRSOFT" duration="00:00:00.3871886" startTime="2026-09-07T17:15:07.7453796-03:00" endTime="2026-09-07T17:15:08.1326182-03:00" testType="13cdc9d9-ddb5-4fa4-a97d-d965ccfc6d4b" outcome="Passed" testListId="8c84fa94-04c1-424b-9868-57a2d4851a1d" relativeResultsDirectory="eeb26def-cdaa-4d98-a5b8-78b849f64042" />
    <UnitTestResult executionId="c7b124d3-af8b-4d0c-8cfb-fc72b47ffd81" testId="1b0eb057-9f6c-9ce6-ba7a-e08b4e46ff23" testName="Biblia.Tests.Application.IntegratedFeaturesTests.BackupIncludesEveryInstalledFileAndRestoresPortablePaths" computerName="WRSOFT" duration="00:00:06.2365186" startTime="2026-09-07T17:14:46.6032612-03:00" endTime="2026-09-07T17:14:52.8398942-03:00" testType="13cdc9d9-ddb5-4fa4-a97d-d965ccfc6d4b" outcome="Passed" testListId="8c84fa94-04c1-424b-9868-57a2d4851a1d" relativeResultsDirectory="c7b124d3-af8b-4d0c-8cfb-fc72b47ffd81" />
    <UnitTestResult executionId="3d6635a8-8eb0-4e60-bc1b-6f4636b2bbf6" testId="e752c3af-bbfc-10ed-b2ad-82eada286efb" testName="Biblia.Tests.Infrastructure.PdfTypographyTests.MalformedStorageUsesDefaults(raw: &quot;{\&quot;PdfReferenceFontSize\&quot;:\&quot;Infinity\&quot;}&quot;)" computerName="WRSOFT" duration="00:00:00.0643973" startTime="2026-09-07T17:14:24.2405712-03:00" endTime="2026-09-07T17:14:24.3050457-03:00" testType="13cdc9d9-ddb5-4fa4-a97d-d965ccfc6d4b" outcome="Passed" testListId="8c84fa94-04c1-424b-9868-57a2d4851a1d" relativeResultsDirectory="3d6635a8-8eb0-4e60-bc1b-6f4636b2bbf6" />
    <UnitTestResult executionId="8273c88a-ba1d-4c2c-8197-138c6b04b8a9" testId="6910877b-9cbf-22df-a774-6d20c27ce818" testName="Biblia.Tests.Application.IntegratedFeaturesTests.MixedOrderSurvivesEditingReloadModeChangesBackupAndPdf(marker: None)" computerName="WRSOFT" duration="00:00:01.8696142" startTime="2026-09-07T17:14:38.2588597-03:00" endTime="2026-09-07T17:14:40.1285380-03:00" testType="13cdc9d9-ddb5-4fa4-a97d-d965ccfc6d4b" outcome="Passed" testListId="8c84fa94-04c1-424b-9868-57a2d4851a1d" relativeResultsDirectory="8273c88a-ba1d-4c2c-8197-138c6b04b8a9" />
    <UnitTestResult executionId="f8418d6e-4b10-4f48-a4e0-5a6b56b55163" testId="54e1416c-b832-b74e-2afa-67b9110eb8ff" testName="Biblia.Tests.Domain.VerseCardGreetingTests.Automatic_UsesLocalHour(hour: 11, expected: &quot;Bom dia!&quot;)" computerName="WRSOFT" duration="00:00:00.0000321" startTime="2026-09-07T17:14:08.4089601-03:00" endTime="2026-09-07T17:14:08.4090481-03:00" testType="13cdc9d9-ddb5-4fa4-a97d-d965ccfc6d4b" outcome="Passed" testListId="8c84fa94-04c1-424b-9868-57a2d4851a1d" relativeResultsDirectory="f8418d6e-4b10-4f48-a4e0-5a6b56b55163" />
    <UnitTestResult executionId="61561fd9-8c7f-4abb-baf1-84095265f104" testId="49a82526-1ba6-fabe-0065-90b8f1c7f653" testName="Biblia.Tests.Infrastructure.BackupServiceTests.Restore_InvalidDatabaseIsRejectedBeforeChangingActiveState" computerName="WRSOFT" duration="00:00:00.2367090" startTime="2026-09-07T17:14:26.9062646-03:00" endTime="2026-09-07T17:14:27.1430504-03:00" testType="13cdc9d9-ddb5-4fa4-a97d-d965ccfc6d4b" outcome="Passed" testListId="8c84fa94-04c1-424b-9868-57a2d4851a1d" relativeResultsDirectory="61561fd9-8c7f-4abb-baf1-84095265f104" />
    <UnitTestResult executionId="a977e73e-724a-4869-a69f-b7a636e0dd72" testId="aa87b99f-6d79-7a0e-7ebf-8f4f0b97b773" testName="Biblia.Tests.Integration.ThemeVerseLinkRepositoryTests.Batch_RollsBackEveryItemWhenForeignKeyFails" computerName="WRSOFT" duration="00:00:00.1113969" startTime="2026-09-07T17:14:14.9166689-03:00" endTime="2026-09-07T17:14:15.0281602-03:00" testType="13cdc9d9-ddb5-4fa4-a97d-d965ccfc6d4b" outcome="Passed" testListId="8c84fa94-04c1-424b-9868-57a2d4851a1d" relativeResultsDirectory="a977e73e-724a-4869-a69f-b7a636e0dd72" />
    <UnitTestResult executionId="63e3bf98-8822-4837-8f65-d3c55076d6ef" testId="fad518f9-4fa9-6c25-2f68-490012ef9b47" testName="Biblia.Tests.Application.IntegratedFeaturesTests.RejectInvalidBlockText(text: &quot;too-long&quot;)" computerName="WRSOFT" duration="00:00:00.3102806" startTime="2026-09-07T17:15:08.8585830-03:00" endTime="2026-09-07T17:15:09.1689061-03:00" testType="13cdc9d9-ddb5-4fa4-a97d-d965ccfc6d4b" outcome="Passed" testListId="8c84fa94-04c1-424b-9868-57a2d4851a1d" relativeResultsDirectory="63e3bf98-8822-4837-8f65-d3c55076d6ef" />
    <UnitTestResult executionId="c726753f-8df4-4499-85ef-eb490255179a" testId="9445f874-2b83-82bd-7e85-7d9027ef551b" testName="Biblia.Tests.Infrastructure.ThemeVersePdfServiceTests.EmptyObservationHasNoBlock(observation: &quot;&quot;)" computerName="WRSOFT" duration="00:00:00.0552977" startTime="2026-09-07T17:14:09.7630516-03:00" endTime="2026-09-07T17:14:09.8184268-03:00" testType="13cdc9d9-ddb5-4fa4-a97d-d965ccfc6d4b" outcome="Passed" testListId="8c84fa94-04c1-424b-9868-57a2d4851a1d" relativeResultsDirectory="c726753f-8df4-4499-85ef-eb490255179a" />
    <UnitTestResult executionId="c2bae981-ed84-40cc-806e-1abf7cc82e53" testId="37c5f08d-305a-6f9c-17c4-5f725e9e693d" testName="Biblia.Tests.Integration.ThemeVerseLinkRepositoryTests.Batch_CreatesReusesAvoidsDuplicatesAndUnlinkPreservesReference" computerName="WRSOFT" duration="00:00:00.3241023" startTime="2026-09-07T17:14:14.5867869-03:00" endTime="2026-09-07T17:14:14.9109827-03:00" testType="13cdc9d9-ddb5-4fa4-a97d-d965ccfc6d4b" outcome="Passed" testListId="8c84fa94-04c1-424b-9868-57a2d4851a1d" relativeResultsDirectory="c2bae981-ed84-40cc-806e-1abf7cc82e53" />
    <UnitTestResult executionId="d2503094-8aed-4b87-b382-09a3eb1fa033" testId="aa20053f-28dc-def6-8868-3c53c950be13" testName="Biblia.Tests.Application.IntegratedFeaturesTests.MoreThanTwentyEntriesAreValidWithinLimits" computerName="WRSOFT" duration="00:00:12.0204688" startTime="2026-09-07T17:14:52.8522040-03:00" endTime="2026-09-07T17:15:04.8728225-03:00" testType="13cdc9d9-ddb5-4fa4-a97d-d965ccfc6d4b" outcome="Passed" testListId="8c84fa94-04c1-424b-9868-57a2d4851a1d" relativeResultsDirectory="d2503094-8aed-4b87-b382-09a3eb1fa033" />
    <UnitTestResult executionId="d4b912b7-12f6-4b20-a8b2-9b7c7f81ccc6" testId="ffc8f83c-74fd-fe51-83e5-b70afbbcc499" testName="Biblia.Tests.Domain.BibleReferenceTests.Constructor_WithInvalidCoordinates_Throws(bookReferenceId: 1, chapter: 1, verse: 0)" computerName="WRSOFT" duration="00:00:00.0005498" startTime="2026-09-07T17:14:09.6842483-03:00" endTime="2026-09-07T17:14:09.6848509-03:00" testType="13cdc9d9-ddb5-4fa4-a97d-d965ccfc6d4b" outcome="Passed" testListId="8c84fa94-04c1-424b-9868-57a2d4851a1d" relativeResultsDirectory="d4b912b7-12f6-4b20-a8b2-9b7c7f81ccc6" />
    <UnitTestResult executionId="8e7fff79-8540-471a-93c9-c1b21e88ce20" testId="bcc0eaa2-c599-2f48-3422-ff413c974e53" testName="Biblia.Tests.Application.IntegratedFeaturesTests.ImportRejectsBadInputsAndCleansTemporaryFiles(kind: &quot;size&quot;)" computerName="WRSOFT" duration="00:00:00.6791473" startTime="2026-09-07T17:15:05.6654891-03:00" endTime="2026-09-07T17:15:06.3446862-03:00" testType="13cdc9d9-ddb5-4fa4-a97d-d965ccfc6d4b" outcome="Passed" testListId="8c84fa94-04c1-424b-9868-57a2d4851a1d" relativeResultsDirectory="8e7fff79-8540-471a-93c9-c1b21e88ce20" />
    <UnitTestResult executionId="d4f30003-236d-43d9-b5f5-fc95f2d62eb1" testId="4cd75d32-52a1-fd6d-0377-b58bc7907ff8" testName="Biblia.Tests.Infrastructure.PdfTypographyTests.InvalidValuesAreRejectedWithoutChangingSavedSettings(invalid: -∞)" computerName="WRSOFT" duration="00:00:00.0603618" startTime="2026-09-07T17:14:07.6709698-03:00" endTime="2026-09-07T17:14:07.7314276-03:00" testType="13cdc9d9-ddb5-4fa4-a97d-d965ccfc6d4b" outcome="Passed" testListId="8c84fa94-04c1-424b-9868-57a2d4851a1d" relativeResultsDirectory="d4f30003-236d-43d9-b5f5-fc95f2d62eb1" />
    <UnitTestResult executionId="64c1bcb3-bf00-475e-80cc-2460f2ea467c" testId="497f0fc7-d959-3eb1-3c33-7dfbc30fe6a8" testName="Biblia.Tests.Infrastructure.PdfTypographyTests.IndividualLimitsAreEnforced(r: 10, v: 22,5, o: 9,5)" computerName="WRSOFT" duration="00:00:00.0002086" startTime="2026-09-07T17:14:07.4376940-03:00" endTime="2026-09-07T17:14:07.4379468-03:00" testType="13cdc9d9-ddb5-4fa4-a97d-d965ccfc6d4b" outcome="Passed" testListId="8c84fa94-04c1-424b-9868-57a2d4851a1d" relativeResultsDirectory="64c1bcb3-bf00-475e-80cc-2460f2ea467c" />
    <UnitTestResult executionId="8a030319-99b3-4d62-8540-71b315cb140e" testId="73fc0d6e-f6b9-0464-378d-f4c50315dff3" testName="Biblia.Tests.Application.BibleSearchServiceTests.SearchAsync_CombinesVersionsHonorsLimitAndFilters" computerName="WRSOFT" duration="00:00:00.0226741" startTime="2026-09-07T17:14:24.9325886-03:00" endTime="2026-09-07T17:14:24.9554738-03:00" testType="13cdc9d9-ddb5-4fa4-a97d-d965ccfc6d4b" outcome="Passed" testListId="8c84fa94-04c1-424b-9868-57a2d4851a1d" relativeResultsDirectory="8a030319-99b3-4d62-8540-71b315cb140e" />
    <UnitTestResult executionId="7b620d46-d490-4d97-8afe-701056a1484a" testId="27132d86-dbe8-4ba5-025b-4f57124ddd9e" testName="Biblia.Tests.Infrastructure.PdfTypographyTests.InvalidValuesAreRejectedWithoutChangingSavedSettings(invalid: 10,25)" computerName="WRSOFT" duration="00:00:00.0668140" startTime="2026-09-07T17:14:08.0514334-03:00" endTime="2026-09-07T17:14:08.1183087-03:00" testType="13cdc9d9-ddb5-4fa4-a97d-d965ccfc6d4b" outcome="Passed" testListId="8c84fa94-04c1-424b-9868-57a2d4851a1d" relativeResultsDirectory="7b620d46-d490-4d97-8afe-701056a1484a" />
    <UnitTestResult executionId="d74fb7b0-8962-4953-b945-f7134f3f74b9" testId="abf6499a-747c-4f86-de07-343cf63a4a01" testName="Biblia.Tests.Infrastructure.ThemeVersePdfServiceTests.ThemeColorsAndEmptySectionAreSafe(color: &quot;#12GG45&quot;)" computerName="WRSOFT" duration="00:00:00.0550814" startTime="2026-09-07T17:14:10.8283971-03:00" endTime="2026-09-07T17:14:10.8835880-03:00" testType="13cdc9d9-ddb5-4fa4-a97d-d965ccfc6d4b" outcome="Passed" testListId="8c84fa94-04c1-424b-9868-57a2d4851a1d" relativeResultsDirectory="d74fb7b0-8962-4953-b945-f7134f3f74b9" />
    <UnitTestResult executionId="6181c49d-b4d1-44ed-ac4b-c538e7bd4f39" testId="5de8423b-b75f-d8a8-95c6-66d23c46acda" testName="Biblia.Tests.Infrastructure.ThemeTableOfContentsTests.EmptyReportHasAnEmptyContentsState" computerName="WRSOFT" duration="00:00:00.8087602" startTime="2026-09-07T17:14:08.4103285-03:00" endTime="2026-09-07T17:14:09.2191486-03:00" testType="13cdc9d9-ddb5-4fa4-a97d-d965ccfc6d4b" outcome="Passed" testListId="8c84fa94-04c1-424b-9868-57a2d4851a1d" relativeResultsDirectory="6181c49d-b4d1-44ed-ac4b-c538e7bd4f39" />
    <UnitTestResult executionId="31b8ba2d-d360-442e-9aaf-fc217634ade6" testId="62868ebc-49e8-ba02-854e-d5c3b13b74bf" testName="Biblia.Tests.Domain.BibleReferenceTests.Constructor_WithValidCoordinates_PreservesCanonicalReference" computerName="WRSOFT" duration="00:00:00.0008057" startTime="2026-09-07T17:14:09.6796052-03:00" endTime="2026-09-07T17:14:09.6804671-03:00" testType="13cdc9d9-ddb5-4fa4-a97d-d965ccfc6d4b" outcome="Passed" testListId="8c84fa94-04c1-424b-9868-57a2d4851a1d" relativeResultsDirectory="31b8ba2d-d360-442e-9aaf-fc217634ade6" />
    <UnitTestResult executionId="62f61dae-0874-47f7-babf-c89e82fd88d6" testId="9c279b30-b09e-f5b2-0bb6-4e9c141a252f" testName="Biblia.Tests.Infrastructure.ThemeVersePdfServiceTests.OversizedPassageOrObservationPreservesEveryWord(longObservation: True)" computerName="WRSOFT" duration="00:00:00.7069792" startTime="2026-09-07T17:14:11.3667984-03:00" endTime="2026-09-07T17:14:12.0750368-03:00" testType="13cdc9d9-ddb5-4fa4-a97d-d965ccfc6d4b" outcome="Passed" testListId="8c84fa94-04c1-424b-9868-57a2d4851a1d" relativeResultsDirectory="62f61dae-0874-47f7-babf-c89e82fd88d6" />
    <UnitTestResult executionId="85436b5e-a505-47cf-b742-4bb6d1ceb553" testId="dbbf9393-431c-7934-a476-187592a87e86" testName="Biblia.Tests.BibleDataValidation.CanonicalIdentityTests.CatalogHasAllPositionsAndUnambiguousAliases" computerName="WRSOFT" duration="00:00:00.0449431" startTime="2026-09-07T17:14:19.5881030-03:00" endTime="2026-09-07T17:14:19.6410307-03:00" testType="13cdc9d9-ddb5-4fa4-a97d-d965ccfc6d4b" outcome="Passed" testListId="8c84fa94-04c1-424b-9868-57a2d4851a1d" relativeResultsDirectory="85436b5e-a505-47cf-b742-4bb6d1ceb553" />
    <UnitTestResult executionId="f123dcc1-cadc-45a0-bc66-4e3bf95bb825" testId="af95dae0-4e49-0a31-9549-486197f05999" testName="Biblia.Tests.Infrastructure.PdfTypographyTests.IndividualLimitsAreEnforced(r: 10, v: 9,5, o: 20,5)" computerName="WRSOFT" duration="00:00:00.0003160" startTime="2026-09-07T17:14:07.4383077-03:00" endTime="2026-09-07T17:14:07.4386694-03:00" testType="13cdc9d9-ddb5-4fa4-a97d-d965ccfc6d4b" outcome="Passed" testListId="8c84fa94-04c1-424b-9868-57a2d4851a1d" relativeResultsDirectory="f123dcc1-cadc-45a0-bc66-4e3bf95bb825" />
    <UnitTestResult executionId="1e4fe9f4-4a6c-4a90-9dd1-1b1344e28343" testId="f0948eb0-bf6d-ce3b-663d-23df63a33a88" testName="Biblia.Tests.Application.IntegratedFeaturesTests.FailureAfterDatabaseSwitchRollsBackEverything" computerName="WRSOFT" duration="00:00:02.2539102" startTime="2026-09-07T17:14:17.1153080-03:00" endTime="2026-09-07T17:14:19.3694658-03:00" testType="13cdc9d9-ddb5-4fa4-a97d-d965ccfc6d4b" outcome="Passed" testListId="8c84fa94-04c1-424b-9868-57a2d4851a1d" relativeResultsDirectory="1e4fe9f4-4a6c-4a90-9dd1-1b1344e28343" />
    <UnitTestResult executionId="ee4cbe90-33fd-4261-9806-0e64f4989a55" testId="ed3f51f7-1fcf-306a-c380-e34741521ac1" testName="Biblia.Tests.Infrastructure.ThemeTableOfContentsTests.DuplicateNamesAndIdsHaveIndependentDestinations" computerName="WRSOFT" duration="00:00:00.1439670" startTime="2026-09-07T17:14:18.1221696-03:00" endTime="2026-09-07T17:14:18.2662140-03:00" testType="13cdc9d9-ddb5-4fa4-a97d-d965ccfc6d4b" outcome="Passed" testListId="8c84fa94-04c1-424b-9868-57a2d4851a1d" relativeResultsDirectory="ee4cbe90-33fd-4261-9806-0e64f4989a55" />
    <UnitTestResult executionId="08eaaa4f-2fb2-464a-9b98-40117280702c" testId="612fea67-ae48-f8da-ff97-644972e795cb" testName="Biblia.Tests.Application.IntegratedFeaturesTests.RejectInconsistentManifestWithoutChangingCurrentState(kind: &quot;disabled-active&quot;)" computerName="WRSOFT" duration="00:00:02.1430465" startTime="2026-09-07T17:14:26.1131055-03:00" endTime="2026-09-07T17:14:28.2563439-03:00" testType="13cdc9d9-ddb5-4fa4-a97d-d965ccfc6d4b" outcome="Passed" testListId="8c84fa94-04c1-424b-9868-57a2d4851a1d" relativeResultsDirectory="08eaaa4f-2fb2-464a-9b98-40117280702c" />
    <UnitTestResult executionId="93d39b7a-8b19-4db8-8005-c1a6b9653113" testId="f6881ac8-8308-40fb-3893-c6257b820663" testName="Biblia.Tests.Infrastructure.BackupServiceTests.Validate_RejectsNewerSchema" computerName="WRSOFT" duration="00:00:00.0931602" startTime="2026-09-07T17:14:27.1655754-03:00" endTime="2026-09-07T17:14:27.2588178-03:00" testType="13cdc9d9-ddb5-4fa4-a97d-d965ccfc6d4b" outcome="Passed" testListId="8c84fa94-04c1-424b-9868-57a2d4851a1d" relativeResultsDirectory="93d39b7a-8b19-4db8-8005-c1a6b9653113" />
    <UnitTestResult executionId="b5b4a896-be17-499c-a9f8-c5c09d70894d" testId="387f47ec-0828-82ac-b095-6935166abfa4" testName="Biblia.Tests.Application.InitialBibleInstallationServiceTests.InstallAsync_CopiesValidPackageOnceAndRegistersDefaultVersion" computerName="WRSOFT" duration="00:00:00.3823720" startTime="2026-09-07T17:14:20.6205524-03:00" endTime="2026-09-07T17:14:21.0030021-03:00" testType="13cdc9d9-ddb5-4fa4-a97d-d965ccfc6d4b" outcome="Passed" testListId="8c84fa94-04c1-424b-9868-57a2d4851a1d" relativeResultsDirectory="b5b4a896-be17-499c-a9f8-c5c09d70894d" />
    <UnitTestResult executionId="4dc0ab6d-07d8-48c3-acbf-01a1a194926c" testId="019b1723-8521-bf75-9d40-2a100ff87dcc" testName="Biblia.Tests.Domain.VerseCardGreetingTests.Automatic_UsesLocalHour(hour: 5, expected: &quot;Bom dia!&quot;)" computerName="WRSOFT" duration="00:00:00.0000358" startTime="2026-09-07T17:14:08.4085709-03:00" endTime="2026-09-07T17:14:08.4086485-03:00" testType="13cdc9d9-ddb5-4fa4-a97d-d965ccfc6d4b" outcome="Passed" testListId="8c84fa94-04c1-424b-9868-57a2d4851a1d" relativeResultsDirectory="4dc0ab6d-07d8-48c3-acbf-01a1a194926c" />
    <UnitTestResult executionId="fb757d75-6545-4b52-8cd4-cfe1f821bc3f" testId="a7c8e35b-e116-d7f0-b280-22d118ef5a6e" testName="Biblia.Tests.Application.IntegratedFeaturesTests.RejectInvalidBlockText(text: &quot;   &quot;)" computerName="WRSOFT" duration="00:00:00.3868803" startTime="2026-09-07T17:15:09.1692795-03:00" endTime="2026-09-07T17:15:09.5562092-03:00" testType="13cdc9d9-ddb5-4fa4-a97d-d965ccfc6d4b" outcome="Passed" testListId="8c84fa94-04c1-424b-9868-57a2d4851a1d" relativeResultsDirectory="fb757d75-6545-4b52-8cd4-cfe1f821bc3f" />
    <UnitTestResult executionId="b710207d-1e21-483e-ba60-3c81db9251a4" testId="ec4e9a76-694d-f363-3590-371194c44d21" testName="Biblia.Tests.Application.IntegratedFeaturesTests.RejectInconsistentManifestWithoutChangingCurrentState(kind: &quot;duplicate-code&quot;)" computerName="WRSOFT" duration="00:00:01.3275345" startTime="2026-09-07T17:14:28.2580822-03:00" endTime="2026-09-07T17:14:29.5857209-03:00" testType="13cdc9d9-ddb5-4fa4-a97d-d965ccfc6d4b" outcome="Passed" testListId="8c84fa94-04c1-424b-9868-57a2d4851a1d" relativeResultsDirectory="b710207d-1e21-483e-ba60-3c81db9251a4" />
    <UnitTestResult executionId="6b7d9fc5-d5c0-4b4a-96cf-57f8d9c605aa" testId="9d5de8cf-aa5a-454d-d972-7a62f1f06889" testName="Biblia.Tests.Infrastructure.PdfTypographyTests.IndependentSizesLongContentAndContentsAreCorrect(r: 10, v: 22, o: 9,5)" computerName="WRSOFT" duration="00:00:02.2941330" startTime="2026-09-07T17:14:21.7637157-03:00" endTime="2026-09-07T17:14:24.0581823-03:00" testType="13cdc9d9-ddb5-4fa4-a97d-d965ccfc6d4b" outcome="Passed" testListId="8c84fa94-04c1-424b-9868-57a2d4851a1d" relativeResultsDirectory="6b7d9fc5-d5c0-4b4a-96cf-57f8d9c605aa" />
    <UnitTestResult executionId="ff57cdfb-7639-45b3-beeb-8fde703a5a4f" testId="dbf18b76-2ce5-be2d-aced-b0abab2236c0" testName="Biblia.Tests.Infrastructure.PdfTypographyTests.MalformedStorageUsesDefaults(raw: &quot;&quot;)" computerName="WRSOFT" duration="00:00:00.0575733" startTime="2026-09-07T17:14:24.0629635-03:00" endTime="2026-09-07T17:14:24.1206004-03:00" testType="13cdc9d9-ddb5-4fa4-a97d-d965ccfc6d4b" outcome="Passed" testListId="8c84fa94-04c1-424b-9868-57a2d4851a1d" relativeResultsDirectory="ff57cdfb-7639-45b3-beeb-8fde703a5a4f" />
    <UnitTestResult executionId="a9b11afd-4cc5-47f7-b41f-871e9e286d19" testId="ab237984-1b77-a0ad-a26c-7dcf84690913" testName="Biblia.Tests.Infrastructure.PdfTypographyTests.InvalidValuesAreRejectedWithoutChangingSavedSettings(invalid: ∞)" computerName="WRSOFT" duration="00:00:00.0533417" startTime="2026-09-07T17:14:07.8626770-03:00" endTime="2026-09-07T17:14:07.9160811-03:00" testType="13cdc9d9-ddb5-4fa4-a97d-d965ccfc6d4b" outcome="Passed" testListId="8c84fa94-04c1-424b-9868-57a2d4851a1d" relativeResultsDirectory="a9b11afd-4cc5-47f7-b41f-871e9e286d19" />
    <UnitTestResult executionId="d0954823-9e73-4ff0-ba86-ea1c7e68a571" testId="26e189de-6839-321f-5e7a-45a6852d03a3" testName="Biblia.Tests.Infrastructure.ThemeVersePdfServiceTests.EmptyObservationHasNoBlock(observation: null)" computerName="WRSOFT" duration="00:00:00.0704600" startTime="2026-09-07T17:14:09.6867184-03:00" endTime="2026-09-07T17:14:09.7572414-03:00" testType="13cdc9d9-ddb5-4fa4-a97d-d965ccfc6d4b" outcome="Passed" testListId="8c84fa94-04c1-424b-9868-57a2d4851a1d" relativeResultsDirectory="d0954823-9e73-4ff0-ba86-ea1c7e68a571" />
    <UnitTestResult executionId="5b66391f-4c14-4dc5-b4f0-f95cd1059f12" testId="2a9799e3-a541-3aa3-17e6-eaf022b95a21" testName="Biblia.Tests.Application.ThemeReportServiceTests.AllThemesCanonicalOrderSelectedVersionAndLinkObservationArePreserved" computerName="WRSOFT" duration="00:00:00.0066497" startTime="2026-09-07T17:14:09.6719517-03:00" endTime="2026-09-07T17:14:09.6786605-03:00" testType="13cdc9d9-ddb5-4fa4-a97d-d965ccfc6d4b" outcome="Passed" testListId="8c84fa94-04c1-424b-9868-57a2d4851a1d" relativeResultsDirectory="5b66391f-4c14-4dc5-b4f0-f95cd1059f12" />
    <UnitTestResult executionId="2d493f22-4279-4e5b-966d-879bd17b613a" testId="e33ccda4-6464-0424-befe-afabf404c108" testName="Biblia.Tests.Application.IntegratedFeaturesTests.ValidateStyle(foreground: &quot;red&quot;, background: &quot;#FFFFFF&quot;, size: 11)" computerName="WRSOFT" duration="00:00:00.0001777" startTime="2026-09-07T17:14:52.8501598-03:00" endTime="2026-09-07T17:14:52.8504733-03:00" testType="13cdc9d9-ddb5-4fa4-a97d-d965ccfc6d4b" outcome="Passed" testListId="8c84fa94-04c1-424b-9868-57a2d4851a1d" relativeResultsDirectory="2d493f22-4279-4e5b-966d-879bd17b613a" />
    <UnitTestResult executionId="24feb4e3-046f-4d42-8bc9-c393d94885a9" testId="99f62dc3-a644-4001-9504-9bc492915c47" testName="Biblia.Tests.Application.IntegratedFeaturesTests.RejectInconsistentManifestWithoutChangingCurrentState(kind: &quot;catalog-name&quot;)" computerName="WRSOFT" duration="00:00:01.2703874" startTime="2026-09-07T17:14:23.3790435-03:00" endTime="2026-09-07T17:14:24.6495144-03:00" testType="13cdc9d9-ddb5-4fa4-a97d-d965ccfc6d4b" outcome="Passed" testListId="8c84fa94-04c1-424b-9868-57a2d4851a1d" relativeResultsDirectory="24feb4e3-046f-4d42-8bc9-c393d94885a9" />
    <UnitTestResult executionId="a89b7191-ab45-4a7a-80c5-9b97ee1468e1" testId="c3a83f2f-14cb-ab4d-9866-541dc9c7760a" testName="Biblia.Tests.BibleDataValidation.CanonicalIdentityTests.InvalidIdentityIsRejectedEvenWithValidVerseCounts(mutation: &quot;UPDATE book SET testament_reference_id=2 WHERE id=&quot;···)" computerName="WRSOFT" duration="00:00:00.6773511" startTime="2026-09-07T17:14:16.2344711-03:00" endTime="2026-09-07T17:14:16.9119308-03:00" testType="13cdc9d9-ddb5-4fa4-a97d-d965ccfc6d4b" outcome="Passed" testListId="8c84fa94-04c1-424b-9868-57a2d4851a1d" relativeResultsDirectory="a89b7191-ab45-4a7a-80c5-9b97ee1468e1" />
    <UnitTestResult executionId="2ae2c6bb-20d5-48cf-a44b-06e8e74552c9" testId="70bffaed-241b-da33-b881-8e4aabc0407e" testName="Biblia.Tests.Infrastructure.PdfTypographyTests.IndependentSizesLongContentAndContentsAreCorrect(r: 8, v: 8, o: 7)" computerName="WRSOFT" duration="00:00:02.5334032" startTime="2026-09-07T17:14:11.6058023-03:00" endTime="2026-09-07T17:14:14.1392818-03:00" testType="13cdc9d9-ddb5-4fa4-a97d-d965ccfc6d4b" outcome="Passed" testListId="8c84fa94-04c1-424b-9868-57a2d4851a1d" relativeResultsDirectory="2ae2c6bb-20d5-48cf-a44b-06e8e74552c9" />
    <UnitTestResult executionId="8f85b0ae-45bc-4b10-b70c-b9a6a5749243" testId="0d816a34-d342-c3d2-98c9-f6f476264d8b" testName="Biblia.Tests.Infrastructure.ThemeTableOfContentsTests.PageReferencesRecalculateWhenContentAndContentsGrow" computerName="WRSOFT" duration="00:00:06.1083679" startTime="2026-09-07T17:14:18.3282113-03:00" endTime="2026-09-07T17:14:24.4368649-03:00" testType="13cdc9d9-ddb5-4fa4-a97d-d965ccfc6d4b" outcome="Passed" testListId="8c84fa94-04c1-424b-9868-57a2d4851a1d" relativeResultsDirectory="8f85b0ae-45bc-4b10-b70c-b9a6a5749243" />
    <UnitTestResult executionId="95134b91-97af-4688-93b2-fa3385ab4e86" testId="6ab62a0a-ab43-5246-e2ff-50f14baf0138" testName="Biblia.Tests.Infrastructure.ThemeVersePdfServiceTests.EmptyObservationHasNoBlock(observation: &quot;   \r\n &quot;)" computerName="WRSOFT" duration="00:00:00.0471416" startTime="2026-09-07T17:14:09.8254203-03:00" endTime="2026-09-07T17:14:09.8726568-03:00" testType="13cdc9d9-ddb5-4fa4-a97d-d965ccfc6d4b" outcome="Passed" testListId="8c84fa94-04c1-424b-9868-57a2d4851a1d" relativeResultsDirectory="95134b91-97af-4688-93b2-fa3385ab4e86" />
    <UnitTestResult executionId="c73bdeb0-cdd2-4551-9965-f18e8d4ca313" testId="ee6cfec3-fa16-9e75-4b8b-2a6594fc4e1b" testName="Biblia.Tests.Application.IntegratedFeaturesTests.CompleteRestoreExcludesExtraVersionButKeepsItsFileForRecovery" computerName="WRSOFT" duration="00:00:02.2209173" startTime="2026-09-07T17:14:32.2049727-03:00" endTime="2026-09-07T17:14:34.4261954-03:00" testType="13cdc9d9-ddb5-4fa4-a97d-d965ccfc6d4b" outcome="Passed" testListId="8c84fa94-04c1-424b-9868-57a2d4851a1d" relativeResultsDirectory="c73bdeb0-cdd2-4551-9965-f18e8d4ca313" />
    <UnitTestResult executionId="2c253843-2b92-42a1-a539-260b3d0154b0" testId="3edfdb8d-2441-d7bf-712a-16f00b065713" testName="Biblia.Tests.Infrastructure.BackupServiceTests.Restore_ReplacesDataAndDatabaseRemainsOperational" computerName="WRSOFT" duration="00:00:00.5975292" startTime="2026-09-07T17:14:26.2755097-03:00" endTime="2026-09-07T17:14:26.8731056-03:00" testType="13cdc9d9-ddb5-4fa4-a97d-d965ccfc6d4b" outcome="Passed" testListId="8c84fa94-04c1-424b-9868-57a2d4851a1d" relativeResultsDirectory="2c253843-2b92-42a1-a539-260b3d0154b0" />
    <UnitTestResult executionId="652c935f-991e-411f-ba58-a0283674de29" testId="e66ab9d9-51a0-c054-5c6d-6ac7df3131e0" testName="Biblia.Tests.Infrastructure.PdfTypographyTests.MalformedStorageUsesDefaults(raw: &quot;null&quot;)" computerName="WRSOFT" duration="00:00:00.0560001" startTime="2026-09-07T17:14:24.3062961-03:00" endTime="2026-09-07T17:14:24.3623646-03:00" testType="13cdc9d9-ddb5-4fa4-a97d-d965ccfc6d4b" outcome="Passed" testListId="8c84fa94-04c1-424b-9868-57a2d4851a1d" relativeResultsDirectory="652c935f-991e-411f-ba58-a0283674de29" />
    <UnitTestResult executionId="2c363054-327d-4675-839a-3496ae7c2136" testId="c6c9194d-6323-ff01-6ae7-16076e203108" testName="Biblia.Tests.Infrastructure.VerseCardRenderTests.RenderAsync_CreatesReadablePng(format: &quot;Story 9:16&quot;, width: 1080, height: 1920)" computerName="WRSOFT" duration="00:00:00.3465339" startTime="2026-09-07T17:14:13.8255006-03:00" endTime="2026-09-07T17:14:14.1721089-03:00" testType="13cdc9d9-ddb5-4fa4-a97d-d965ccfc6d4b" outcome="Passed" testListId="8c84fa94-04c1-424b-9868-57a2d4851a1d" relativeResultsDirectory="2c363054-327d-4675-839a-3496ae7c2136" />
    <UnitTestResult executionId="aa89feaf-2208-40b0-8b6b-048e440548fe" testId="58c41507-2645-7404-3525-221ae3870c2a" testName="Biblia.Tests.Application.IntegratedFeaturesTests.ValidateStyle(foreground: &quot;#FFFFFF&quot;, background: &quot;#FFFFFF&quot;, size: 11)" computerName="WRSOFT" duration="00:00:00.0001549" startTime="2026-09-07T17:14:52.8510553-03:00" endTime="2026-09-07T17:14:52.8512638-03:00" testType="13cdc9d9-ddb5-4fa4-a97d-d965ccfc6d4b" outcome="Passed" testListId="8c84fa94-04c1-424b-9868-57a2d4851a1d" relativeResultsDirectory="aa89feaf-2208-40b0-8b6b-048e440548fe" />
    <UnitTestResult executionId="d24e8e3d-28b6-43ea-878a-a5727e2cfd5d" testId="0a4d6aea-bee9-2829-3888-ae220ea90d00" testName="Biblia.Tests.BibleDataValidation.BibleValidationServiceTests.ValidateAsync_ClassifiesValidAndDuplicateDatabases" computerName="WRSOFT" duration="00:00:00.8582408" startTime="2026-09-07T17:14:07.3378270-03:00" endTime="2026-09-07T17:14:08.2088503-03:00" testType="13cdc9d9-ddb5-4fa4-a97d-d965ccfc6d4b" outcome="Passed" testListId="8c84fa94-04c1-424b-9868-57a2d4851a1d" relativeResultsDirectory="d24e8e3d-28b6-43ea-878a-a5727e2cfd5d" />
    <UnitTestResult executionId="aefd6022-356e-4086-8648-1d2d5217f2a0" testId="76aefc2a-d95a-348c-6054-9e1cd09bd3cd" testName="Biblia.Tests.BibleDataValidation.CanonicalIdentityTests.InvalidIdentityIsRejectedEvenWithValidVerseCounts(mutation: &quot;UPDATE book SET name=NULL WHERE id=1&quot;)" computerName="WRSOFT" duration="00:00:00.5616916" startTime="2026-09-07T17:14:15.0327576-03:00" endTime="2026-09-07T17:14:15.5945806-03:00" testType="13cdc9d9-ddb5-4fa4-a97d-d965ccfc6d4b" outcome="Passed" testListId="8c84fa94-04c1-424b-9868-57a2d4851a1d" relativeResultsDirectory="aefd6022-356e-4086-8648-1d2d5217f2a0" />
    <UnitTestResult executionId="36c65d88-8ce3-4b73-9a44-d943e3a7cfb3" testId="3f5572cb-09b0-a3de-0e21-def328158bd7" testName="Biblia.Tests.Infrastructure.ThemeTableOfContentsTests.SingleReferenceUsesSingularInContents" computerName="WRSOFT" duration="00:00:00.0552221" startTime="2026-09-07T17:14:18.2701115-03:00" endTime="2026-09-07T17:14:18.3254018-03:00" testType="13cdc9d9-ddb5-4fa4-a97d-d965ccfc6d4b" outcome="Passed" testListId="8c84fa94-04c1-424b-9868-57a2d4851a1d" relativeResultsDirectory="36c65d88-8ce3-4b73-9a44-d943e3a7cfb3" />
    <UnitTestResult executionId="e7ab21a1-60f1-4cd5-ab0f-be4c7c5d9c46" testId="ff61aabd-6aa3-0a41-17fc-cb5002c2adad" testName="Biblia.Tests.Infrastructure.ThemeVersePdfServiceTests.ThemeColorsAndEmptySectionAreSafe(color: &quot;invalid&quot;)" computerName="WRSOFT" duration="00:00:00.0378305" startTime="2026-09-07T17:14:11.0458497-03:00" endTime="2026-09-07T17:14:11.0838004-03:00" testType="13cdc9d9-ddb5-4fa4-a97d-d965ccfc6d4b" outcome="Passed" testListId="8c84fa94-04c1-424b-9868-57a2d4851a1d" relativeResultsDirectory="e7ab21a1-60f1-4cd5-ab0f-be4c7c5d9c46" />
    <UnitTestResult executionId="99785cf5-5aed-41fd-8e47-c1c422e3cd87" testId="33662478-b417-a718-cabd-3e3857ef8593" testName="Biblia.Tests.Application.BookNameResolverTests.Resolve_FallsBackToCanonicalCatalogWhenNoVersionIsAvailable" computerName="WRSOFT" duration="00:00:00.0024526" startTime="2026-09-07T17:14:25.8951026-03:00" endTime="2026-09-07T17:14:25.8976287-03:00" testType="13cdc9d9-ddb5-4fa4-a97d-d965ccfc6d4b" outcome="Passed" testListId="8c84fa94-04c1-424b-9868-57a2d4851a1d" relativeResultsDirectory="99785cf5-5aed-41fd-8e47-c1c422e3cd87" />
    <UnitTestResult executionId="f12c5b51-280c-4502-8e17-abd48aa5278b" testId="edb47a4e-012c-04b6-7c05-9a2386f007cc" testName="Biblia.Tests.Infrastructure.ThemeVersePdfServiceTests.ThemeColorsAndEmptySectionAreSafe(color: &quot;#FFFFFF&quot;)" computerName="WRSOFT" duration="00:00:00.0573604" startTime="2026-09-07T17:14:10.8872973-03:00" endTime="2026-09-07T17:14:10.9447796-03:00" testType="13cdc9d9-ddb5-4fa4-a97d-d965ccfc6d4b" outcome="Passed" testListId="8c84fa94-04c1-424b-9868-57a2d4851a1d" relativeResultsDirectory="f12c5b51-280c-4502-8e17-abd48aa5278b" />
    <UnitTestResult executionId="162faa01-50fe-4542-b87b-19368bee88cb" testId="67df513e-6127-28e5-2171-4277a6e24c58" testName="Biblia.Tests.Infrastructure.PdfTypographyTests.IndividualLimitsAreEnforced(r: 10, v: 9,5, o: 6,5)" computerName="WRSOFT" duration="00:00:00.0002589" startTime="2026-09-07T17:14:07.4390905-03:00" endTime="2026-09-07T17:14:07.4393982-03:00" testType="13cdc9d9-ddb5-4fa4-a97d-d965ccfc6d4b" outcome="Passed" testListId="8c84fa94-04c1-424b-9868-57a2d4851a1d" relativeResultsDirectory="162faa01-50fe-4542-b87b-19368bee88cb" />
    <UnitTestResult executionId="db63a6ce-76e9-4126-9228-3265023b7697" testId="a0847468-4ab5-2881-df2d-f6c27edc0146" testName="Biblia.Tests.Infrastructure.ThemeTableOfContentsTests.ContentsNumbersLinksAndBookmarksMatchActualHeaders(themeCount: 50)" computerName="WRSOFT" duration="00:00:08.4671676" startTime="2026-09-07T17:14:09.4176466-03:00" endTime="2026-09-07T17:14:17.8848891-03:00" testType="13cdc9d9-ddb5-4fa4-a97d-d965ccfc6d4b" outcome="Passed" testListId="8c84fa94-04c1-424b-9868-57a2d4851a1d" relativeResultsDirectory="db63a6ce-76e9-4126-9228-3265023b7697" />
    <UnitTestResult executionId="c01f223a-3859-4f59-9f21-7fd94122396b" testId="afb50c7c-0483-d668-4556-d8b533a289f6" testName="Biblia.Tests.Application.ThemeReportServiceTests.MissingReferenceOrPassageFailsInsteadOfSilentlyLosingData(missingReference: False, missingPassage: True)" computerName="WRSOFT" duration="00:00:00.0006955" startTime="2026-09-07T17:14:09.6706030-03:00" endTime="2026-09-07T17:14:09.6713481-03:00" testType="13cdc9d9-ddb5-4fa4-a97d-d965ccfc6d4b" outcome="Passed" testListId="8c84fa94-04c1-424b-9868-57a2d4851a1d" relativeResultsDirectory="c01f223a-3859-4f59-9f21-7fd94122396b" />
    <UnitTestResult executionId="38a6cf55-6143-4e20-9f3b-261f25e5ad45" testId="587123c8-96a9-e17d-1543-9ed5343e8a1a" testName="Biblia.Tests.Domain.BibleReferenceTests.Constructor_WithInvalidCoordinates_Throws(bookReferenceId: 67, chapter: 1, verse: 1)" computerName="WRSOFT" duration="00:00:00.0015955" startTime="2026-09-07T17:14:09.6821731-03:00" endTime="2026-09-07T17:14:09.6838478-03:00" testType="13cdc9d9-ddb5-4fa4-a97d-d965ccfc6d4b" outcome="Passed" testListId="8c84fa94-04c1-424b-9868-57a2d4851a1d" relativeResultsDirectory="38a6cf55-6143-4e20-9f3b-261f25e5ad45" />
    <UnitTestResult executionId="1daeb938-dbcf-4537-840c-996f3d1f2bd3" testId="9d97bd34-bac3-3d80-1e7f-4d3447fa4a3b" testName="Biblia.Tests.BibleDataValidation.CanonicalIdentityTests.InvalidIdentityIsRejectedEvenWithValidVerseCounts(mutation: &quot;UPDATE book SET book_reference_id=NULL WHERE id=2&quot;)" computerName="WRSOFT" duration="00:00:00.6220578" startTime="2026-09-07T17:14:16.9192944-03:00" endTime="2026-09-07T17:14:17.5414402-03:00" testType="13cdc9d9-ddb5-4fa4-a97d-d965ccfc6d4b" outcome="Passed" testListId="8c84fa94-04c1-424b-9868-57a2d4851a1d" relativeResultsDirectory="1daeb938-dbcf-4537-840c-996f3d1f2bd3" />
    <UnitTestResult executionId="3bd71fd3-493d-475f-aaa5-474f1bad0938" testId="808de6e5-77ee-99d8-5770-67350cc2c905" testName="Biblia.Tests.Application.CanonicalThemeFlowTests.ReverseAndRandomLinkingSurviveReloadEditUnlinkVersionChangeAndPdf(random: False)" computerName="WRSOFT" duration="00:00:22.2469521" startTime="2026-09-07T17:14:21.0202728-03:00" endTime="2026-09-07T17:14:43.2673985-03:00" testType="13cdc9d9-ddb5-4fa4-a97d-d965ccfc6d4b" outcome="Passed" testListId="8c84fa94-04c1-424b-9868-57a2d4851a1d" relativeResultsDirectory="3bd71fd3-493d-475f-aaa5-474f1bad0938" />
    <UnitTestResult executionId="38824100-04bb-4ab4-8277-a5464ac1e58f" testId="08f97eb4-319c-4f44-9b9c-82b8be3b64c1" testName="Biblia.Tests.Application.IntegratedFeaturesTests.MixedOrderSurvivesEditingReloadModeChangesBackupAndPdf(marker: Dash)" computerName="WRSOFT" duration="00:00:02.9796920" startTime="2026-09-07T17:14:43.6198015-03:00" endTime="2026-09-07T17:14:46.5995501-03:00" testType="13cdc9d9-ddb5-4fa4-a97d-d965ccfc6d4b" outcome="Passed" testListId="8c84fa94-04c1-424b-9868-57a2d4851a1d" relativeResultsDirectory="38824100-04bb-4ab4-8277-a5464ac1e58f" />
    <UnitTestResult executionId="0c31d3c5-eaf7-403b-a474-ad8c7a290bdd" testId="e451325c-06af-420d-9aab-b99a8cf38400" testName="Biblia.Tests.Application.ThemeReportServiceTests.PartialPassageFailsInsteadOfExportingAnIncompleteRange" computerName="WRSOFT" duration="00:00:00.0226885" startTime="2026-09-07T17:14:09.5681775-03:00" endTime="2026-09-07T17:14:09.5909278-03:00" testType="13cdc9d9-ddb5-4fa4-a97d-d965ccfc6d4b" outcome="Passed" testListId="8c84fa94-04c1-424b-9868-57a2d4851a1d" relativeResultsDirectory="0c31d3c5-eaf7-403b-a474-ad8c7a290bdd" />
    <UnitTestResult executionId="6f765062-3010-432d-a201-c380a89708ae" testId="ffb5be01-d67f-1e5a-139c-37b1c271d238" testName="Biblia.Tests.Infrastructure.PdfTypographyTests.IndependentSizesLongContentAndContentsAreCorrect(r: 24, v: 9,5, o: 9,5)" computerName="WRSOFT" duration="00:00:02.3324075" startTime="2026-09-07T17:14:16.5757802-03:00" endTime="2026-09-07T17:14:18.9082680-03:00" testType="13cdc9d9-ddb5-4fa4-a97d-d965ccfc6d4b" outcome="Passed" testListId="8c84fa94-04c1-424b-9868-57a2d4851a1d" relativeResultsDirectory="6f765062-3010-432d-a201-c380a89708ae" />
    <UnitTestResult executionId="1087d3c3-82e3-4b26-9a1e-b1b5a5ea66e7" testId="8a8c3e01-de83-3197-fd7f-f82c793269e9" testName="Biblia.Tests.Infrastructure.PdfTypographyTests.IndividualLimitsAreEnforced(r: 24,5, v: 9,5, o: 9,5)" computerName="WRSOFT" duration="00:00:00.0704271" startTime="2026-09-07T17:14:07.3378262-03:00" endTime="2026-09-07T17:14:07.4267702-03:00" testType="13cdc9d9-ddb5-4fa4-a97d-d965ccfc6d4b" outcome="Passed" testListId="8c84fa94-04c1-424b-9868-57a2d4851a1d" relativeResultsDirectory="1087d3c3-82e3-4b26-9a1e-b1b5a5ea66e7" />
    <UnitTestResult executionId="f6c96098-bf25-4bd0-bcf1-97583a9ef772" testId="62d8ece0-f1dd-f1c8-fb4b-800819068e82" testName="Biblia.Tests.Application.IntegratedFeaturesTests.BackupRejectsTamperingBeforeStateChange(kind: &quot;bomb&quot;)" computerName="WRSOFT" duration="00:00:01.2192135" startTime="2026-09-07T17:14:12.6802065-03:00" endTime="2026-09-07T17:14:13.8995249-03:00" testType="13cdc9d9-ddb5-4fa4-a97d-d965ccfc6d4b" outcome="Passed" testListId="8c84fa94-04c1-424b-9868-57a2d4851a1d" relativeResultsDirectory="f6c96098-bf25-4bd0-bcf1-97583a9ef772" />
    <UnitTestResult executionId="4f7137fb-5be9-4a91-91c5-38d84bb12e1b" testId="a6aaf845-3cf3-7ea4-bbf5-4262f1a0eedc" testName="Biblia.Tests.Application.BibleVersionManagerTests.InitializeAndActivate_AreIdempotentAndRequireUsableInstallation" computerName="WRSOFT" duration="00:00:00.1668098" startTime="2026-09-07T17:14:08.2216650-03:00" endTime="2026-09-07T17:14:08.3912428-03:00" testType="13cdc9d9-ddb5-4fa4-a97d-d965ccfc6d4b" outcome="Passed" testListId="8c84fa94-04c1-424b-9868-57a2d4851a1d" relativeResultsDirectory="4f7137fb-5be9-4a91-91c5-38d84bb12e1b" />
    <UnitTestResult executionId="5b3bc513-0722-4ccf-8d29-b2e85e6f9d30" testId="51f0b244-ee3b-fb1a-9693-77710944d2cb" testName="Biblia.Tests.BibleDataValidation.BibleRepositoryTests.Queries_UseCanonicalReferenceAcrossVersionsAndExposeDuplicates" computerName="WRSOFT" duration="00:00:00.9155798" startTime="2026-09-07T17:14:19.6833479-03:00" endTime="2026-09-07T17:14:20.5990342-03:00" testType="13cdc9d9-ddb5-4fa4-a97d-d965ccfc6d4b" outcome="Passed" testListId="8c84fa94-04c1-424b-9868-57a2d4851a1d" relativeResultsDirectory="5b3bc513-0722-4ccf-8d29-b2e85e6f9d30" />
    <UnitTestResult executionId="aff2e42c-c4fa-4436-a3cb-f199bbdb00e7" testId="722d915c-ec4e-d54d-6580-15361a1554b0" testName="Biblia.Tests.Application.IntegratedFeaturesTests.RejectInvalidBlockText(text: &quot;&quot;)" computerName="WRSOFT" duration="00:00:00.3096218" startTime="2026-09-07T17:15:08.5485288-03:00" endTime="2026-09-07T17:15:08.8582095-03:00" testType="13cdc9d9-ddb5-4fa4-a97d-d965ccfc6d4b" outcome="Passed" testListId="8c84fa94-04c1-424b-9868-57a2d4851a1d" relativeResultsDirectory="aff2e42c-c4fa-4436-a3cb-f199bbdb00e7" />
    <UnitTestResult executionId="81c9805d-d43f-4269-bef0-4619e096fda2" testId="a1c5828d-9552-727f-4ee6-3c2f4fc0bc64" testName="Biblia.Tests.Application.IntegratedFeaturesTests.ValidateStyle(foreground: &quot;#000000&quot;, background: &quot;#FFFFFF&quot;, size: 25)" computerName="WRSOFT" duration="00:00:00.0074408" startTime="2026-09-07T17:14:52.8421497-03:00" endTime="2026-09-07T17:14:52.8496658-03:00" testType="13cdc9d9-ddb5-4fa4-a97d-d965ccfc6d4b" outcome="Passed" testListId="8c84fa94-04c1-424b-9868-57a2d4851a1d" relativeResultsDirectory="81c9805d-d43f-4269-bef0-4619e096fda2" />
    <UnitTestResult executionId="30a5a993-0f2e-4294-b2e0-715e8c97d01d" testId="f355510e-8f2e-d1df-2274-a20e6fbeed4f" testName="Biblia.Tests.Infrastructure.BackupServiceTests.Validate_RejectsMissingRequiredEntry(manifest: True, database: False, message: &quot;Backup sem banco do usuário.&quot;)" computerName="WRSOFT" duration="00:00:00.0713114" startTime="2026-09-07T17:14:26.2024586-03:00" endTime="2026-09-07T17:14:26.2740375-03:00" testType="13cdc9d9-ddb5-4fa4-a97d-d965ccfc6d4b" outcome="Passed" testListId="8c84fa94-04c1-424b-9868-57a2d4851a1d" relativeResultsDirectory="30a5a993-0f2e-4294-b2e0-715e8c97d01d" />
[...]
    <TestEntry testId="7092edfd-ff77-c0dc-68a6-7bed8d31b2a5" executionId="e580fb57-ef99-4f74-a405-ae0c7864e221" testListId="8c84fa94-04c1-424b-9868-57a2d4851a1d" />
    <TestEntry testId="b8000501-2af7-cc28-4e94-f79abac0a4dc" executionId="c0aa5a3d-2304-4442-ab31-791e49e30a6f" testListId="8c84fa94-04c1-424b-9868-57a2d4851a1d" />
    <TestEntry testId="3a83fbcd-e939-99e7-f8bc-9794772f06b0" executionId="e4f56dda-cc92-4cc5-8803-d0ddd8172609" testListId="8c84fa94-04c1-424b-9868-57a2d4851a1d" />
    <TestEntry testId="ab79f5f0-0057-c4e1-b5ec-449ee81bf382" executionId="a25af2a3-843f-4a01-ae7d-e37c668ca73d" testListId="8c84fa94-04c1-424b-9868-57a2d4851a1d" />
    <TestEntry testId="ac51c639-0234-604f-8735-7f242dc94978" executionId="e0be1e71-8ff1-4e6c-9821-2623386ad763" testListId="8c84fa94-04c1-424b-9868-57a2d4851a1d" />
    <TestEntry testId="78ef9a6f-1118-45e0-84b1-99a6a24157cf" executionId="c8c575c4-b2d4-4d84-be59-10d1dc9a8283" testListId="8c84fa94-04c1-424b-9868-57a2d4851a1d" />
    <TestEntry testId="79af9605-1f7d-0190-b473-a8b44ecd95d6" executionId="bd09fa95-ea4b-410d-9d25-cc84fdea5c60" testListId="8c84fa94-04c1-424b-9868-57a2d4851a1d" />
    <TestEntry testId="f721e14a-288b-a65c-f2ca-897787d9d78c" executionId="3e41897b-4507-40f4-83a7-a930d5e6b6f6" testListId="8c84fa94-04c1-424b-9868-57a2d4851a1d" />
    <TestEntry testId="74567299-350d-fa46-a1b9-99814a7fce92" executionId="8b81e3c3-6738-4696-baad-e6bec165dfe5" testListId="8c84fa94-04c1-424b-9868-57a2d4851a1d" />
    <TestEntry testId="b2229cca-554b-7b8f-6be8-fdd071f00a6f" executionId="c21464f3-2a9d-44f1-9690-d512e8df6972" testListId="8c84fa94-04c1-424b-9868-57a2d4851a1d" />
    <TestEntry testId="a5a4eda7-20dc-3333-5227-88b66e0d37d7" executionId="2148eb9c-b24d-4264-af07-6aba82b45cba" testListId="8c84fa94-04c1-424b-9868-57a2d4851a1d" />
    <TestEntry testId="10a856ea-0f3f-66fc-f611-a0a77a02a11d" executionId="31ad2889-f59a-4273-a2d2-cd6a4562645d" testListId="8c84fa94-04c1-424b-9868-57a2d4851a1d" />
    <TestEntry testId="c11c03d6-ffa0-d764-4c32-07dd4ffde080" executionId="6150bacb-164a-4209-a5b0-9d953082ea16" testListId="8c84fa94-04c1-424b-9868-57a2d4851a1d" />
    <TestEntry testId="1f8b1512-f9ec-58c7-75ee-2f969f68466a" executionId="bea3da18-680b-49e0-bc1f-e5fd9d1ce536" testListId="8c84fa94-04c1-424b-9868-57a2d4851a1d" />
    <TestEntry testId="5d743857-a6d1-0a15-631d-ab0b967bfaa4" executionId="6d99dae9-07d9-414e-93d0-ffefb320c24c" testListId="8c84fa94-04c1-424b-9868-57a2d4851a1d" />
    <TestEntry testId="836bf551-b608-6d69-7d62-919b7dfa305c" executionId="42f42ba7-1f6f-4465-86d0-16e6a67b0265" testListId="8c84fa94-04c1-424b-9868-57a2d4851a1d" />
    <TestEntry testId="6c10ac2a-f931-4e6f-bdb3-23ecbe74ae97" executionId="a24717cc-31ee-414b-af34-80619eb53f2b" testListId="8c84fa94-04c1-424b-9868-57a2d4851a1d" />
    <TestEntry testId="b2028f07-27a2-1e1f-977b-3d895e4236aa" executionId="5f325420-3ff6-4015-8d28-26c2ef5f9e89" testListId="8c84fa94-04c1-424b-9868-57a2d4851a1d" />
    <TestEntry testId="723d535e-b049-f221-1827-4a0648555c01" executionId="7e4a6d17-fefe-42fa-b484-c479c798c8da" testListId="8c84fa94-04c1-424b-9868-57a2d4851a1d" />
    <TestEntry testId="d0b28e52-4012-8ab0-6aed-14d03e8f81da" executionId="e9bfbe96-fc17-4bb3-8b74-872df24c6d1c" testListId="8c84fa94-04c1-424b-9868-57a2d4851a1d" />
    <TestEntry testId="3fcd089f-441f-0398-44a0-d24feb82e860" executionId="91b96a51-cfdd-48df-8859-2f396607a789" testListId="8c84fa94-04c1-424b-9868-57a2d4851a1d" />
    <TestEntry testId="9f27c476-eb94-b514-0a26-2bca590317b2" executionId="1d9b235e-f3b9-4989-b9fe-02b78b104174" testListId="8c84fa94-04c1-424b-9868-57a2d4851a1d" />
    <TestEntry testId="a3ef2c99-9622-8e40-50e9-9c0ce834719c" executionId="18c17205-0df8-4a3a-8902-c974f4f00a0e" testListId="8c84fa94-04c1-424b-9868-57a2d4851a1d" />
    <TestEntry testId="d94639c3-64d1-66ca-7b99-fc0656dc32b9" executionId="b6e015fd-9b16-4a48-b7b3-e8459878fac9" testListId="8c84fa94-04c1-424b-9868-57a2d4851a1d" />
    <TestEntry testId="d0163c47-1cba-cea7-ed92-31d74315e428" executionId="4e84c4d3-1485-4afa-a899-861e8811c775" testListId="8c84fa94-04c1-424b-9868-57a2d4851a1d" />
    <TestEntry testId="1ce1991b-9cac-1a41-17b4-5a4e9717fc4a" executionId="085783f8-9d55-4158-812e-5dad2d6d99a6" testListId="8c84fa94-04c1-424b-9868-57a2d4851a1d" />
    <TestEntry testId="54dadb04-1767-0f06-3064-b2b6f1f1ea52" executionId="69dd88ca-b817-46cf-a4bb-9fec3d0da6f3" testListId="8c84fa94-04c1-424b-9868-57a2d4851a1d" />
    <TestEntry testId="9b97b6fb-56e1-263d-8fcb-0e23b7589af8" executionId="0cc13630-43e5-4cf9-acf3-f0440c5ccbbe" testListId="8c84fa94-04c1-424b-9868-57a2d4851a1d" />
    <TestEntry testId="ac9c7364-0fcb-a7aa-0f49-b34ba3f31dc2" executionId="1498d3ff-8d18-4cf0-8e01-ca602bae3127" testListId="8c84fa94-04c1-424b-9868-57a2d4851a1d" />
    <TestEntry testId="e457dfcc-2cb0-c6c9-5dce-42f9f202e780" executionId="b3f194ed-9ba1-43e7-83a7-6c143893cf6c" testListId="8c84fa94-04c1-424b-9868-57a2d4851a1d" />
    <TestEntry testId="0e46af27-6f96-51eb-865f-2dc3e34a87d0" executionId="e08ec2b2-e8d6-475f-b188-4ad5d93e1bd1" testListId="8c84fa94-04c1-424b-9868-57a2d4851a1d" />
    <TestEntry testId="9d2c6320-5d84-3ee3-0806-46fa3074cf12" executionId="bae43bb9-e139-423f-83a6-a5dcde796cc7" testListId="8c84fa94-04c1-424b-9868-57a2d4851a1d" />
    <TestEntry testId="0c647a93-ccdc-d0c9-5b1f-b250a33b5dca" executionId="f3e6354e-a4e4-45c7-8b7f-7f96e4cb0fab" testListId="8c84fa94-04c1-424b-9868-57a2d4851a1d" />
    <TestEntry testId="849a1f0f-eada-5a2b-03da-6430f3b70845" executionId="2e89b562-1419-4680-99da-255b74978e9b" testListId="8c84fa94-04c1-424b-9868-57a2d4851a1d" />
    <TestEntry testId="7ccf7980-5150-2611-dba7-93ba9a55645f" executionId="8a987719-adc2-4a2d-b7e0-5e2ba95a3988" testListId="8c84fa94-04c1-424b-9868-57a2d4851a1d" />
    <TestEntry testId="dfc534b1-a660-144d-506c-99aae89f1003" executionId="2973c816-3a4b-4498-815c-f8375a962a0f" testListId="8c84fa94-04c1-424b-9868-57a2d4851a1d" />
    <TestEntry testId="f1fc0698-70d6-781e-a30e-99957f716669" executionId="b0b4e92f-0aba-4909-9b66-4cf9fef80b2a" testListId="8c84fa94-04c1-424b-9868-57a2d4851a1d" />
    <TestEntry testId="83d27ec5-8815-1496-6c12-b9fc0f853ba3" executionId="7e03cba7-dea3-4692-90c7-b5f28840e7f0" testListId="8c84fa94-04c1-424b-9868-57a2d4851a1d" />
    <TestEntry testId="371b013b-8a70-421b-8922-fdcfb1648b18" executionId="25c6197e-b162-44c0-aefc-2b7421995c8c" testListId="8c84fa94-04c1-424b-9868-57a2d4851a1d" />
    <TestEntry testId="42487326-f95e-ff1c-ac2a-139eb784dcea" executionId="018df81a-25c2-492c-8821-6e131aa5d261" testListId="8c84fa94-04c1-424b-9868-57a2d4851a1d" />
    <TestEntry testId="9c932f8d-57e8-02df-22f0-1684335c37e9" executionId="26e8666e-f42f-4d3b-9b2b-4bcfc74b1d94" testListId="8c84fa94-04c1-424b-9868-57a2d4851a1d" />
    <TestEntry testId="83095015-098b-a387-c1ea-0425ad636791" executionId="cdce65b5-4265-41a6-8441-8f33b111db60" testListId="8c84fa94-04c1-424b-9868-57a2d4851a1d" />
    <TestEntry testId="a627385f-1e84-eedd-0668-577c2f2c9be7" executionId="eeb26def-cdaa-4d98-a5b8-78b849f64042" testListId="8c84fa94-04c1-424b-9868-57a2d4851a1d" />
    <TestEntry testId="1b0eb057-9f6c-9ce6-ba7a-e08b4e46ff23" executionId="c7b124d3-af8b-4d0c-8cfb-fc72b47ffd81" testListId="8c84fa94-04c1-424b-9868-57a2d4851a1d" />
    <TestEntry testId="e752c3af-bbfc-10ed-b2ad-82eada286efb" executionId="3d6635a8-8eb0-4e60-bc1b-6f4636b2bbf6" testListId="8c84fa94-04c1-424b-9868-57a2d4851a1d" />
    <TestEntry testId="6910877b-9cbf-22df-a774-6d20c27ce818" executionId="8273c88a-ba1d-4c2c-8197-138c6b04b8a9" testListId="8c84fa94-04c1-424b-9868-57a2d4851a1d" />
    <TestEntry testId="54e1416c-b832-b74e-2afa-67b9110eb8ff" executionId="f8418d6e-4b10-4f48-a4e0-5a6b56b55163" testListId="8c84fa94-04c1-424b-9868-57a2d4851a1d" />
    <TestEntry testId="49a82526-1ba6-fabe-0065-90b8f1c7f653" executionId="61561fd9-8c7f-4abb-baf1-84095265f104" testListId="8c84fa94-04c1-424b-9868-57a2d4851a1d" />
    <TestEntry testId="aa87b99f-6d79-7a0e-7ebf-8f4f0b97b773" executionId="a977e73e-724a-4869-a69f-b7a636e0dd72" testListId="8c84fa94-04c1-424b-9868-57a2d4851a1d" />
    <TestEntry testId="fad518f9-4fa9-6c25-2f68-490012ef9b47" executionId="63e3bf98-8822-4837-8f65-d3c55076d6ef" testListId="8c84fa94-04c1-424b-9868-57a2d4851a1d" />
    <TestEntry testId="9445f874-2b83-82bd-7e85-7d9027ef551b" executionId="c726753f-8df4-4499-85ef-eb490255179a" testListId="8c84fa94-04c1-424b-9868-57a2d4851a1d" />
    <TestEntry testId="37c5f08d-305a-6f9c-17c4-5f725e9e693d" executionId="c2bae981-ed84-40cc-806e-1abf7cc82e53" testListId="8c84fa94-04c1-424b-9868-57a2d4851a1d" />
    <TestEntry testId="aa20053f-28dc-def6-8868-3c53c950be13" executionId="d2503094-8aed-4b87-b382-09a3eb1fa033" testListId="8c84fa94-04c1-424b-9868-57a2d4851a1d" />
    <TestEntry testId="ffc8f83c-74fd-fe51-83e5-b70afbbcc499" executionId="d4b912b7-12f6-4b20-a8b2-9b7c7f81ccc6" testListId="8c84fa94-04c1-424b-9868-57a2d4851a1d" />
    <TestEntry testId="bcc0eaa2-c599-2f48-3422-ff413c974e53" executionId="8e7fff79-8540-471a-93c9-c1b21e88ce20" testListId="8c84fa94-04c1-424b-9868-57a2d4851a1d" />
    <TestEntry testId="4cd75d32-52a1-fd6d-0377-b58bc7907ff8" executionId="d4f30003-236d-43d9-b5f5-fc95f2d62eb1" testListId="8c84fa94-04c1-424b-9868-57a2d4851a1d" />
    <TestEntry testId="497f0fc7-d959-3eb1-3c33-7dfbc30fe6a8" executionId="64c1bcb3-bf00-475e-80cc-2460f2ea467c" testListId="8c84fa94-04c1-424b-9868-57a2d4851a1d" />
    <TestEntry testId="73fc0d6e-f6b9-0464-378d-f4c50315dff3" executionId="8a030319-99b3-4d62-8540-71b315cb140e" testListId="8c84fa94-04c1-424b-9868-57a2d4851a1d" />
    <TestEntry testId="27132d86-dbe8-4ba5-025b-4f57124ddd9e" executionId="7b620d46-d490-4d97-8afe-701056a1484a" testListId="8c84fa94-04c1-424b-9868-57a2d4851a1d" />
    <TestEntry testId="abf6499a-747c-4f86-de07-343cf63a4a01" executionId="d74fb7b0-8962-4953-b945-f7134f3f74b9" testListId="8c84fa94-04c1-424b-9868-57a2d4851a1d" />
    <TestEntry testId="5de8423b-b75f-d8a8-95c6-66d23c46acda" executionId="6181c49d-b4d1-44ed-ac4b-c538e7bd4f39" testListId="8c84fa94-04c1-424b-9868-57a2d4851a1d" />
    <TestEntry testId="62868ebc-49e8-ba02-854e-d5c3b13b74bf" executionId="31b8ba2d-d360-442e-9aaf-fc217634ade6" testListId="8c84fa94-04c1-424b-9868-57a2d4851a1d" />
    <TestEntry testId="9c279b30-b09e-f5b2-0bb6-4e9c141a252f" executionId="62f61dae-0874-47f7-babf-c89e82fd88d6" testListId="8c84fa94-04c1-424b-9868-57a2d4851a1d" />
    <TestEntry testId="dbbf9393-431c-7934-a476-187592a87e86" executionId="85436b5e-a505-47cf-b742-4bb6d1ceb553" testListId="8c84fa94-04c1-424b-9868-57a2d4851a1d" />
    <TestEntry testId="af95dae0-4e49-0a31-9549-486197f05999" executionId="f123dcc1-cadc-45a0-bc66-4e3bf95bb825" testListId="8c84fa94-04c1-424b-9868-57a2d4851a1d" />
    <TestEntry testId="f0948eb0-bf6d-ce3b-663d-23df63a33a88" executionId="1e4fe9f4-4a6c-4a90-9dd1-1b1344e28343" testListId="8c84fa94-04c1-424b-9868-57a2d4851a1d" />
    <TestEntry testId="ed3f51f7-1fcf-306a-c380-e34741521ac1" executionId="ee4cbe90-33fd-4261-9806-0e64f4989a55" testListId="8c84fa94-04c1-424b-9868-57a2d4851a1d" />
    <TestEntry testId="612fea67-ae48-f8da-ff97-644972e795cb" executionId="08eaaa4f-2fb2-464a-9b98-40117280702c" testListId="8c84fa94-04c1-424b-9868-57a2d4851a1d" />
    <TestEntry testId="f6881ac8-8308-40fb-3893-c6257b820663" executionId="93d39b7a-8b19-4db8-8005-c1a6b9653113" testListId="8c84fa94-04c1-424b-9868-57a2d4851a1d" />
    <TestEntry testId="387f47ec-0828-82ac-b095-6935166abfa4" executionId="b5b4a896-be17-499c-a9f8-c5c09d70894d" testListId="8c84fa94-04c1-424b-9868-57a2d4851a1d" />
    <TestEntry testId="019b1723-8521-bf75-9d40-2a100ff87dcc" executionId="4dc0ab6d-07d8-48c3-acbf-01a1a194926c" testListId="8c84fa94-04c1-424b-9868-57a2d4851a1d" />
    <TestEntry testId="a7c8e35b-e116-d7f0-b280-22d118ef5a6e" executionId="fb757d75-6545-4b52-8cd4-cfe1f821bc3f" testListId="8c84fa94-04c1-424b-9868-57a2d4851a1d" />
    <TestEntry testId="ec4e9a76-694d-f363-3590-371194c44d21" executionId="b710207d-1e21-483e-ba60-3c81db9251a4" testListId="8c84fa94-04c1-424b-9868-57a2d4851a1d" />
    <TestEntry testId="9d5de8cf-aa5a-454d-d972-7a62f1f06889" executionId="6b7d9fc5-d5c0-4b4a-96cf-57f8d9c605aa" testListId="8c84fa94-04c1-424b-9868-57a2d4851a1d" />
    <TestEntry testId="dbf18b76-2ce5-be2d-aced-b0abab2236c0" executionId="ff57cdfb-7639-45b3-beeb-8fde703a5a4f" testListId="8c84fa94-04c1-424b-9868-57a2d4851a1d" />
    <TestEntry testId="ab237984-1b77-a0ad-a26c-7dcf84690913" executionId="a9b11afd-4cc5-47f7-b41f-871e9e286d19" testListId="8c84fa94-04c1-424b-9868-57a2d4851a1d" />
    <TestEntry testId="26e189de-6839-321f-5e7a-45a6852d03a3" executionId="d0954823-9e73-4ff0-ba86-ea1c7e68a571" testListId="8c84fa94-04c1-424b-9868-57a2d4851a1d" />
    <TestEntry testId="2a9799e3-a541-3aa3-17e6-eaf022b95a21" executionId="5b66391f-4c14-4dc5-b4f0-f95cd1059f12" testListId="8c84fa94-04c1-424b-9868-57a2d4851a1d" />
    <TestEntry testId="e33ccda4-6464-0424-befe-afabf404c108" executionId="2d493f22-4279-4e5b-966d-879bd17b613a" testListId="8c84fa94-04c1-424b-9868-57a2d4851a1d" />
    <TestEntry testId="99f62dc3-a644-4001-9504-9bc492915c47" executionId="24feb4e3-046f-4d42-8bc9-c393d94885a9" testListId="8c84fa94-04c1-424b-9868-57a2d4851a1d" />
    <TestEntry testId="c3a83f2f-14cb-ab4d-9866-541dc9c7760a" executionId="a89b7191-ab45-4a7a-80c5-9b97ee1468e1" testListId="8c84fa94-04c1-424b-9868-57a2d4851a1d" />
    <TestEntry testId="70bffaed-241b-da33-b881-8e4aabc0407e" executionId="2ae2c6bb-20d5-48cf-a44b-06e8e74552c9" testListId="8c84fa94-04c1-424b-9868-57a2d4851a1d" />
    <TestEntry testId="0d816a34-d342-c3d2-98c9-f6f476264d8b" executionId="8f85b0ae-45bc-4b10-b70c-b9a6a5749243" testListId="8c84fa94-04c1-424b-9868-57a2d4851a1d" />
    <TestEntry testId="6ab62a0a-ab43-5246-e2ff-50f14baf0138" executionId="95134b91-97af-4688-93b2-fa3385ab4e86" testListId="8c84fa94-04c1-424b-9868-57a2d4851a1d" />
    <TestEntry testId="ee6cfec3-fa16-9e75-4b8b-2a6594fc4e1b" executionId="c73bdeb0-cdd2-4551-9965-f18e8d4ca313" testListId="8c84fa94-04c1-424b-9868-57a2d4851a1d" />
    <TestEntry testId="3edfdb8d-2441-d7bf-712a-16f00b065713" executionId="2c253843-2b92-42a1-a539-260b3d0154b0" testListId="8c84fa94-04c1-424b-9868-57a2d4851a1d" />
    <TestEntry testId="e66ab9d9-51a0-c054-5c6d-6ac7df3131e0" executionId="652c935f-991e-411f-ba58-a0283674de29" testListId="8c84fa94-04c1-424b-9868-57a2d4851a1d" />
    <TestEntry testId="c6c9194d-6323-ff01-6ae7-16076e203108" executionId="2c363054-327d-4675-839a-3496ae7c2136" testListId="8c84fa94-04c1-424b-9868-57a2d4851a1d" />
    <TestEntry testId="58c41507-2645-7404-3525-221ae3870c2a" executionId="aa89feaf-2208-40b0-8b6b-048e440548fe" testListId="8c84fa94-04c1-424b-9868-57a2d4851a1d" />
    <TestEntry testId="0a4d6aea-bee9-2829-3888-ae220ea90d00" executionId="d24e8e3d-28b6-43ea-878a-a5727e2cfd5d" testListId="8c84fa94-04c1-424b-9868-57a2d4851a1d" />
    <TestEntry testId="76aefc2a-d95a-348c-6054-9e1cd09bd3cd" executionId="aefd6022-356e-4086-8648-1d2d5217f2a0" testListId="8c84fa94-04c1-424b-9868-57a2d4851a1d" />
    <TestEntry testId="3f5572cb-09b0-a3de-0e21-def328158bd7" executionId="36c65d88-8ce3-4b73-9a44-d943e3a7cfb3" testListId="8c84fa94-04c1-424b-9868-57a2d4851a1d" />
    <TestEntry testId="ff61aabd-6aa3-0a41-17fc-cb5002c2adad" executionId="e7ab21a1-60f1-4cd5-ab0f-be4c7c5d9c46" testListId="8c84fa94-04c1-424b-9868-57a2d4851a1d" />
    <TestEntry testId="33662478-b417-a718-cabd-3e3857ef8593" executionId="99785cf5-5aed-41fd-8e47-c1c422e3cd87" testListId="8c84fa94-04c1-424b-9868-57a2d4851a1d" />
    <TestEntry testId="edb47a4e-012c-04b6-7c05-9a2386f007cc" executionId="f12c5b51-280c-4502-8e17-abd48aa5278b" testListId="8c84fa94-04c1-424b-9868-57a2d4851a1d" />
    <TestEntry testId="67df513e-6127-28e5-2171-4277a6e24c58" executionId="162faa01-50fe-4542-b87b-19368bee88cb" testListId="8c84fa94-04c1-424b-9868-57a2d4851a1d" />
    <TestEntry testId="a0847468-4ab5-2881-df2d-f6c27edc0146" executionId="db63a6ce-76e9-4126-9228-3265023b7697" testListId="8c84fa94-04c1-424b-9868-57a2d4851a1d" />
    <TestEntry testId="afb50c7c-0483-d668-4556-d8b533a289f6" executionId="c01f223a-3859-4f59-9f21-7fd94122396b" testListId="8c84fa94-04c1-424b-9868-57a2d4851a1d" />
    <TestEntry testId="587123c8-96a9-e17d-1543-9ed5343e8a1a" executionId="38a6cf55-6143-4e20-9f3b-261f25e5ad45" testListId="8c84fa94-04c1-424b-9868-57a2d4851a1d" />
    <TestEntry testId="9d97bd34-bac3-3d80-1e7f-4d3447fa4a3b" executionId="1daeb938-dbcf-4537-840c-996f3d1f2bd3" testListId="8c84fa94-04c1-424b-9868-57a2d4851a1d" />
    <TestEntry testId="808de6e5-77ee-99d8-5770-67350cc2c905" executionId="3bd71fd3-493d-475f-aaa5-474f1bad0938" testListId="8c84fa94-04c1-424b-9868-57a2d4851a1d" />
    <TestEntry testId="08f97eb4-319c-4f44-9b9c-82b8be3b64c1" executionId="38824100-04bb-4ab4-8277-a5464ac1e58f" testListId="8c84fa94-04c1-424b-9868-57a2d4851a1d" />
    <TestEntry testId="e451325c-06af-420d-9aab-b99a8cf38400" executionId="0c31d3c5-eaf7-403b-a474-ad8c7a290bdd" testListId="8c84fa94-04c1-424b-9868-57a2d4851a1d" />
    <TestEntry testId="ffb5be01-d67f-1e5a-139c-37b1c271d238" executionId="6f765062-3010-432d-a201-c380a89708ae" testListId="8c84fa94-04c1-424b-9868-57a2d4851a1d" />
    <TestEntry testId="8a8c3e01-de83-3197-fd7f-f82c793269e9" executionId="1087d3c3-82e3-4b26-9a1e-b1b5a5ea66e7" testListId="8c84fa94-04c1-424b-9868-57a2d4851a1d" />
    <TestEntry testId="62d8ece0-f1dd-f1c8-fb4b-800819068e82" executionId="f6c96098-bf25-4bd0-bcf1-97583a9ef772" testListId="8c84fa94-04c1-424b-9868-57a2d4851a1d" />
    <TestEntry testId="a6aaf845-3cf3-7ea4-bbf5-4262f1a0eedc" executionId="4f7137fb-5be9-4a91-91c5-38d84bb12e1b" testListId="8c84fa94-04c1-424b-9868-57a2d4851a1d" />
    <TestEntry testId="51f0b244-ee3b-fb1a-9693-77710944d2cb" executionId="5b3bc513-0722-4ccf-8d29-b2e85e6f9d30" testListId="8c84fa94-04c1-424b-9868-57a2d4851a1d" />
    <TestEntry testId="722d915c-ec4e-d54d-6580-15361a1554b0" executionId="aff2e42c-c4fa-4436-a3cb-f199bbdb00e7" testListId="8c84fa94-04c1-424b-9868-57a2d4851a1d" />
    <TestEntry testId="a1c5828d-9552-727f-4ee6-3c2f4fc0bc64" executionId="81c9805d-d43f-4269-bef0-4619e096fda2" testListId="8c84fa94-04c1-424b-9868-57a2d4851a1d" />
    <TestEntry testId="f355510e-8f2e-d1df-2274-a20e6fbeed4f" executionId="30a5a993-0f2e-4294-b2e0-715e8c97d01d" testListId="8c84fa94-04c1-424b-9868-57a2d4851a1d" />
    <TestEntry testId="e973465d-87ff-b422-73cd-d86d51c4884f" executionId="02267074-8add-4771-83fb-5c2d271c110b" testListId="8c84fa94-04c1-424b-9868-57a2d4851a1d" />
    <TestEntry testId="ee5668ad-ec4e-21ff-52a3-d23322d7bb45" executionId="afb1419d-4cf3-4cc3-a82f-20252d73eaf9" testListId="8c84fa94-04c1-424b-9868-57a2d4851a1d" />
    <TestEntry testId="dab671df-e8c6-006e-347b-383b87f86504" executionId="9019140d-13d6-465d-85e3-6ed09252244f" testListId="8c84fa94-04c1-424b-9868-57a2d4851a1d" />
    <TestEntry testId="6a3ab9bd-b2be-1481-ea6c-a7dec3dde042" executionId="24104b13-b5c9-4db1-a544-63b940c3e9a0" testListId="8c84fa94-04c1-424b-9868-57a2d4851a1d" />
  </TestEntries>
  <TestLists>
    <TestList name="Resultados que não estão em uma lista" id="8c84fa94-04c1-424b-9868-57a2d4851a1d" />
    <TestList name="Todos os resultados carregados" id="19431567-8539-422a-85d7-44ee4e166bda" />
  </TestLists>
  <ResultSummary outcome="Completed">
    <Counters total="144" executed="144" passed="144" failed="0" error="0" timeout="0" aborted="0" inconclusive="0" passedButRunAborted="0" notRunnable="0" notExecuted="0" disconnected="0" warning="0" completed="0" inProgress="0" pending="0" />
    <Output>
      <StdOut>[xUnit.net 00:00:00.00] xUnit.net VSTest Adapter v3.1.5+1b188a7b0a (64-bit .NET 10.0.11)&#xD;
[xUnit.net 00:00:01.83]   Discovering: Biblia.Web.Tests&#xD;
[xUnit.net 00:00:02.43]   Discovered:  Biblia.Web.Tests&#xD;
[xUnit.net 00:00:03.02]   Starting:    Biblia.Web.Tests&#xD;
[xUnit.net 00:01:05.38]   Finished:    Biblia.Web.Tests (ID = 'b643e6c24c89447683a9c15aece44e0f0b2aad222d00a935533ff0c40d35e18a')&#xD;
</StdOut>
    </Output>
  </ResultSummary>
</TestRun>