<?xml version="1.0" encoding="utf-8"?>
<TestRun id="88373b78-c1e2-46c7-b4ee-5e4095e7f896" name="WRSoft@WRSOFT 2026-09-06 19:13:06" runUser="WRSOFT\WRSoft" xmlns="http://microsoft.com/schemas/VisualStudio/TeamTest/2010">
  <Times creation="2026-09-06T19:13:06.3116756-03:00" queuing="2026-09-06T19:13:06.3116764-03:00" start="2026-09-06T19:13:00.6231019-03:00" finish="2026-09-06T19:14:24.2549382-03:00" />
  <TestSettings name="default" id="268bc6fe-3914-4f2d-8443-4a21223ca9af">
    <Deployment runDeploymentRoot="WRSoft_WRSOFT_2026-09-06_19_13_06" />
  </TestSettings>
  <Results>
    <UnitTestResult executionId="6674e667-6225-47ae-a1fe-09b493d80754" testId="8b6ae88c-0092-2f1e-fc7d-04b024a316fd" testName="Biblia.Tests.Infrastructure.ThemeTableOfContentsTests.DuplicateNamesAndIdsHaveIndependentDestinations" computerName="WRSOFT" duration="00:00:00.1755562" startTime="2026-09-06T19:13:29.3660015-03:00" endTime="2026-09-06T19:13:29.5418625-03:00" testType="13cdc9d9-ddb5-4fa4-a97d-d965ccfc6d4b" outcome="Passed" testListId="8c84fa94-04c1-424b-9868-57a2d4851a1d" relativeResultsDirectory="6674e667-6225-47ae-a1fe-09b493d80754" />
    <UnitTestResult executionId="d787f2b2-15bb-47ba-83b8-3eea1d70fd75" testId="cdfa4214-e4a5-3f29-8bde-824c52fc1e7e" testName="Biblia.Tests.BibleDataValidation.CanonicalIdentityTests.InvalidIdentityIsRejectedEvenWithValidVerseCounts(mutation: &quot;UPDATE book SET testament_reference_id=2 WHERE id=&quot;···)" computerName="WRSOFT" duration="00:00:01.0332566" startTime="2026-09-06T19:13:18.6850874-03:00" endTime="2026-09-06T19:13:19.7184440-03:00" testType="13cdc9d9-ddb5-4fa4-a97d-d965ccfc6d4b" outcome="Passed" testListId="8c84fa94-04c1-424b-9868-57a2d4851a1d" relativeResultsDirectory="d787f2b2-15bb-47ba-83b8-3eea1d70fd75" />
    <UnitTestResult executionId="94728234-a1ae-4a5f-9141-905758e533c4" testId="09846303-118e-bd98-33a6-9f485e07fb78" testName="Biblia.Tests.Infrastructure.VerseCardRenderTests.RenderAsync_InvalidBackground_UsesGradientFallback" computerName="WRSOFT" duration="00:00:00.9028658" startTime="2026-09-06T19:13:11.9393636-03:00" endTime="2026-09-06T19:13:12.8423572-03:00" testType="13cdc9d9-ddb5-4fa4-a97d-d965ccfc6d4b" outcome="Passed" testListId="8c84fa94-04c1-424b-9868-57a2d4851a1d" relativeResultsDirectory="94728234-a1ae-4a5f-9141-905758e533c4" />
    <UnitTestResult executionId="e3eac54e-bfc2-456e-b1a1-03a0062f92d1" testId="a6a4f3ab-a4d8-ce72-f369-35069d20a6a4" testName="Biblia.Tests.Application.BibleVersionImportServiceTests.ImportAsync_CopiesValidDatabaseRejectsCollisionsAndPreservesSource" computerName="WRSOFT" duration="00:00:01.6610751" startTime="2026-09-06T19:13:12.9377544-03:00" endTime="2026-09-06T19:13:14.5989277-03:00" testType="13cdc9d9-ddb5-4fa4-a97d-d965ccfc6d4b" outcome="Passed" testListId="8c84fa94-04c1-424b-9868-57a2d4851a1d" relativeResultsDirectory="e3eac54e-bfc2-456e-b1a1-03a0062f92d1" />
    <UnitTestResult executionId="19489dcb-745e-4a9f-98c3-276c84a202fb" testId="53d751c1-83b5-148d-93d0-ee35b063e8cc" testName="Biblia.Tests.Infrastructure.PdfTypographyTests.IndependentSizesLongContentAndContentsAreCorrect(r: 24, v: 9,5, o: 9,5)" computerName="WRSOFT" duration="00:00:03.3596425" startTime="2026-09-06T19:13:31.5003853-03:00" endTime="2026-09-06T19:13:34.8601432-03:00" testType="13cdc9d9-ddb5-4fa4-a97d-d965ccfc6d4b" outcome="Passed" testListId="8c84fa94-04c1-424b-9868-57a2d4851a1d" relativeResultsDirectory="19489dcb-745e-4a9f-98c3-276c84a202fb" />
    <UnitTestResult executionId="f2a15a07-36c3-489f-a918-794e29f48f70" testId="fb889e5d-0aed-94fb-9dbb-4d35e7905dcb" testName="Biblia.Tests.Application.BibleComparisonServiceTests.CompareAsync_ReportsAvailableMissingAndAmbiguousWithoutChoosingDuplicate" computerName="WRSOFT" duration="00:00:00.0688797" startTime="2026-09-06T19:13:12.8634565-03:00" endTime="2026-09-06T19:13:12.9350008-03:00" testType="13cdc9d9-ddb5-4fa4-a97d-d965ccfc6d4b" outcome="Passed" testListId="8c84fa94-04c1-424b-9868-57a2d4851a1d" relativeResultsDirectory="f2a15a07-36c3-489f-a918-794e29f48f70" />
    <UnitTestResult executionId="5030f78f-5298-4af9-854d-0e1eeb9684b4" testId="c2c4c8c4-fa86-77a2-89d9-51470480fab6" testName="Biblia.Tests.Infrastructure.PdfTypographyTests.InvalidValuesAreRejectedWithoutChangingSavedSettings(invalid: 6,5)" computerName="WRSOFT" duration="00:00:00.0546062" startTime="2026-09-06T19:13:43.8359048-03:00" endTime="2026-09-06T19:13:43.8906122-03:00" testType="13cdc9d9-ddb5-4fa4-a97d-d965ccfc6d4b" outcome="Passed" testListId="8c84fa94-04c1-424b-9868-57a2d4851a1d" relativeResultsDirectory="5030f78f-5298-4af9-854d-0e1eeb9684b4" />
    <UnitTestResult executionId="b1d9a222-6d20-4f32-83c5-10fa2ec0c28c" testId="9f6435a7-b19e-cc16-68dc-92c4ff50dc5f" testName="Biblia.Tests.BibleDataValidation.CanonicalIdentityTests.InvalidIdentityIsRejectedEvenWithValidVerseCounts(mutation: &quot;UPDATE book SET name=CASE id WHEN 1 THEN 'Apocalip&quot;···)" computerName="WRSOFT" duration="00:00:00.9895413" startTime="2026-09-06T19:13:23.7544588-03:00" endTime="2026-09-06T19:13:24.7441568-03:00" testType="13cdc9d9-ddb5-4fa4-a97d-d965ccfc6d4b" outcome="Passed" testListId="8c84fa94-04c1-424b-9868-57a2d4851a1d" relativeResultsDirectory="b1d9a222-6d20-4f32-83c5-10fa2ec0c28c" />
    <UnitTestResult executionId="6c8e3cc9-b504-4b97-a26e-58dc0e8c93ad" testId="cb063822-beff-f929-44ce-39fbff086c2c" testName="Biblia.Tests.Infrastructure.PdfTypographyTests.IndividualLimitsAreEnforced(r: 10, v: 22,5, o: 9,5)" computerName="WRSOFT" duration="00:00:00.0003510" startTime="2026-09-06T19:13:06.1574525-03:00" endTime="2026-09-06T19:13:06.1578874-03:00" testType="13cdc9d9-ddb5-4fa4-a97d-d965ccfc6d4b" outcome="Passed" testListId="8c84fa94-04c1-424b-9868-57a2d4851a1d" relativeResultsDirectory="6c8e3cc9-b504-4b97-a26e-58dc0e8c93ad" />
    <UnitTestResult executionId="2cd5aaab-1d69-469e-93b4-bc95a49b561d" testId="0a7c25ce-aa35-71ce-c56a-8fec80d8f643" testName="Biblia.Tests.Infrastructure.BackupServiceTests.Validate_RejectsNewerSchema" computerName="WRSOFT" duration="00:00:00.1375559" startTime="2026-09-06T19:13:07.4750698-03:00" endTime="2026-09-06T19:13:07.6127732-03:00" testType="13cdc9d9-ddb5-4fa4-a97d-d965ccfc6d4b" outcome="Passed" testListId="8c84fa94-04c1-424b-9868-57a2d4851a1d" relativeResultsDirectory="2cd5aaab-1d69-469e-93b4-bc95a49b561d" />
    <UnitTestResult executionId="e47b4ee1-c243-4da4-9146-1b04a8e27f82" testId="758c2ae0-1372-ecee-23d4-fc400e572f30" testName="Biblia.Tests.Infrastructure.PdfTypographyTests.IndependentSizesLongContentAndContentsAreCorrect(r: 10, v: 9,5, o: 20)" computerName="WRSOFT" duration="00:00:02.7772305" startTime="2026-09-06T19:13:39.2536326-03:00" endTime="2026-09-06T19:13:42.0310030-03:00" testType="13cdc9d9-ddb5-4fa4-a97d-d965ccfc6d4b" outcome="Passed" testListId="8c84fa94-04c1-424b-9868-57a2d4851a1d" relativeResultsDirectory="e47b4ee1-c243-4da4-9146-1b04a8e27f82" />
    <UnitTestResult executionId="72cba19b-fd5d-4802-9d6f-7de5b0acc955" testId="d71fce58-4e99-edfb-1269-07b892f913e5" testName="Biblia.Tests.Application.LinkedVersionReportTests.MigrationSnapshotsLegacyPreferenceWithoutInventingMissingVersions" computerName="WRSOFT" duration="00:00:00.1212958" startTime="2026-09-06T19:13:09.8833500-03:00" endTime="2026-09-06T19:13:10.0047239-03:00" testType="13cdc9d9-ddb5-4fa4-a97d-d965ccfc6d4b" outcome="Passed" testListId="8c84fa94-04c1-424b-9868-57a2d4851a1d" relativeResultsDirectory="72cba19b-fd5d-4802-9d6f-7de5b0acc955" />
    <UnitTestResult executionId="da37103c-f675-40aa-ae0a-a124fb7fd4f2" testId="bbfa1c36-4ddd-7de7-5096-96764fe76456" testName="Biblia.Tests.Infrastructure.PdfTypographyTests.ExistingDatabaseDefaultsPersistenceAndRestorePreserveOtherSettings" computerName="WRSOFT" duration="00:00:00.0614645" startTime="2026-09-06T19:13:44.3865979-03:00" endTime="2026-09-06T19:13:44.4481648-03:00" testType="13cdc9d9-ddb5-4fa4-a97d-d965ccfc6d4b" outcome="Passed" testListId="8c84fa94-04c1-424b-9868-57a2d4851a1d" relativeResultsDirectory="da37103c-f675-40aa-ae0a-a124fb7fd4f2" />
    <UnitTestResult executionId="604d039a-279b-46cb-9145-1b58a0d5a5cb" testId="21326b6d-2ade-0225-baf2-2d6b14837191" testName="Biblia.Tests.Domain.BibleReferenceTests.Constructor_WithInvalidCoordinates_Throws(bookReferenceId: 1, chapter: 1, verse: 0)" computerName="WRSOFT" duration="00:00:00.0259772" startTime="2026-09-06T19:13:17.4774054-03:00" endTime="2026-09-06T19:13:17.5035373-03:00" testType="13cdc9d9-ddb5-4fa4-a97d-d965ccfc6d4b" outcome="Passed" testListId="8c84fa94-04c1-424b-9868-57a2d4851a1d" relativeResultsDirectory="604d039a-279b-46cb-9145-1b58a0d5a5cb" />
    <UnitTestResult executionId="fc7d5bfd-2549-44c4-b7ef-62e94ffe9f29" testId="b3783891-e186-d807-e50c-0b36fd83ddd6" testName="Biblia.Tests.Infrastructure.PdfTypographyTests.IndividualLimitsAreEnforced(r: 10, v: 9,5, o: 20,5)" computerName="WRSOFT" duration="00:00:00.0004114" startTime="2026-09-06T19:13:06.1563127-03:00" endTime="2026-09-06T19:13:06.1568079-03:00" testType="13cdc9d9-ddb5-4fa4-a97d-d965ccfc6d4b" outcome="Passed" testListId="8c84fa94-04c1-424b-9868-57a2d4851a1d" relativeResultsDirectory="fc7d5bfd-2549-44c4-b7ef-62e94ffe9f29" />
    <UnitTestResult executionId="213dcbfb-e3f5-4f3d-b45a-4dcc27b821ee" testId="e4dc7002-df71-a121-7b5f-6ac594c178b3" testName="Biblia.Tests.Domain.BibleReferenceTests.Constructor_WithValidCoordinates_PreservesCanonicalReference" computerName="WRSOFT" duration="00:00:00.0015376" startTime="2026-09-06T19:13:17.4742778-03:00" endTime="2026-09-06T19:13:17.4759279-03:00" testType="13cdc9d9-ddb5-4fa4-a97d-d965ccfc6d4b" outcome="Passed" testListId="8c84fa94-04c1-424b-9868-57a2d4851a1d" relativeResultsDirectory="213dcbfb-e3f5-4f3d-b45a-4dcc27b821ee" />
    <UnitTestResult executionId="2db44f88-18cb-4f86-af89-c420bb693390" testId="115872a4-941d-e363-1bc9-07f60130b64a" testName="Biblia.Tests.Infrastructure.VerseCardRenderTests.RenderAsync_CreatesReadablePng(format: &quot;Story 9:16&quot;, width: 1080, height: 1920)" computerName="WRSOFT" duration="00:00:01.2465164" startTime="2026-09-06T19:13:09.6121566-03:00" endTime="2026-09-06T19:13:10.8588325-03:00" testType="13cdc9d9-ddb5-4fa4-a97d-d965ccfc6d4b" outcome="Passed" testListId="8c84fa94-04c1-424b-9868-57a2d4851a1d" relativeResultsDirectory="2db44f88-18cb-4f86-af89-c420bb693390" />
    <UnitTestResult executionId="e0d9f89f-cb21-4b05-abb1-e05721066327" testId="cddb107f-cfef-079d-65d0-3244201b4951" testName="Biblia.Tests.Infrastructure.ThemeVersePdfServiceTests.RepresentativeVisualQa" computerName="WRSOFT" duration="00:00:00.6859008" startTime="2026-09-06T19:13:15.5053619-03:00" endTime="2026-09-06T19:13:16.1913784-03:00" testType="13cdc9d9-ddb5-4fa4-a97d-d965ccfc6d4b" outcome="Passed" testListId="8c84fa94-04c1-424b-9868-57a2d4851a1d" relativeResultsDirectory="e0d9f89f-cb21-4b05-abb1-e05721066327" />
    <UnitTestResult executionId="2e60234e-05b3-4b43-a38e-2777ad3f4bcf" testId="4d879f90-8afb-b1ee-7b65-3e1ff259f9e5" testName="Biblia.Tests.Infrastructure.PdfTypographyTests.IndividualLimitsAreEnforced(r: 7,5, v: 9,5, o: 9,5)" computerName="WRSOFT" duration="00:00:00.0003595" startTime="2026-09-06T19:13:06.1585068-03:00" endTime="2026-09-06T19:13:06.1589468-03:00" testType="13cdc9d9-ddb5-4fa4-a97d-d965ccfc6d4b" outcome="Passed" testListId="8c84fa94-04c1-424b-9868-57a2d4851a1d" relativeResultsDirectory="2e60234e-05b3-4b43-a38e-2777ad3f4bcf" />
    <UnitTestResult executionId="4c9e6124-4324-4508-b74e-77de65cee636" testId="568241a0-1981-77a2-8e45-6957f3a9201d" testName="Biblia.Tests.Domain.VerseCardGreetingTests.Automatic_UsesLocalHour(hour: 11, expected: &quot;Bom dia!&quot;)" computerName="WRSOFT" duration="00:00:00.0010823" startTime="2026-09-06T19:13:06.3013476-03:00" endTime="2026-09-06T19:13:06.3025423-03:00" testType="13cdc9d9-ddb5-4fa4-a97d-d965ccfc6d4b" outcome="Passed" testListId="8c84fa94-04c1-424b-9868-57a2d4851a1d" relativeResultsDirectory="4c9e6124-4324-4508-b74e-77de65cee636" />
    <UnitTestResult executionId="eb40f631-ebdf-4f80-a900-e511a1136b8a" testId="839a6a38-3efe-d08d-e5e6-b14883831c1d" testName="Biblia.Tests.Infrastructure.PdfTypographyTests.MalformedStorageUsesDefaults(raw: &quot;{\&quot;PdfReferenceFontSize\&quot;:\&quot;Infinity\&quot;}&quot;)" computerName="WRSOFT" duration="00:00:00.0587664" startTime="2026-09-06T19:13:44.2158077-03:00" endTime="2026-09-06T19:13:44.2747279-03:00" testType="13cdc9d9-ddb5-4fa4-a97d-d965ccfc6d4b" outcome="Passed" testListId="8c84fa94-04c1-424b-9868-57a2d4851a1d" relativeResultsDirectory="eb40f631-ebdf-4f80-a900-e511a1136b8a" />
    <UnitTestResult executionId="52bb8f88-a642-45cf-ba56-647bc42d3c96" testId="430031a8-37f3-90e9-75cf-325f32c57ef4" testName="Biblia.Tests.Infrastructure.ThemeTableOfContentsTests.ContentsNumbersLinksAndBookmarksMatchActualHeaders(themeCount: 1)" computerName="WRSOFT" duration="00:00:00.1570330" startTime="2026-09-06T19:13:28.8015567-03:00" endTime="2026-09-06T19:13:28.9586856-03:00" testType="13cdc9d9-ddb5-4fa4-a97d-d965ccfc6d4b" outcome="Passed" testListId="8c84fa94-04c1-424b-9868-57a2d4851a1d" relativeResultsDirectory="52bb8f88-a642-45cf-ba56-647bc42d3c96" />
    <UnitTestResult executionId="1c686669-3489-4df8-a331-66bd546b96f7" testId="3dc87e31-f86f-a458-a64d-c63968c336ab" testName="Biblia.Tests.BibleDataValidation.BibleRepositoryTests.Queries_UseCanonicalReferenceAcrossVersionsAndExposeDuplicates" computerName="WRSOFT" duration="00:00:01.3026759" startTime="2026-09-06T19:13:25.0710581-03:00" endTime="2026-09-06T19:13:26.3741743-03:00" testType="13cdc9d9-ddb5-4fa4-a97d-d965ccfc6d4b" outcome="Passed" testListId="8c84fa94-04c1-424b-9868-57a2d4851a1d" relativeResultsDirectory="1c686669-3489-4df8-a331-66bd546b96f7" />
    <UnitTestResult executionId="2892ce9f-7aa4-45ec-9a82-59b4b3849a12" testId="4c35a197-db8e-159c-d032-93174828ae42" testName="Biblia.Tests.BibleDataValidation.CanonicalIdentityTests.InvalidIdentityIsRejectedEvenWithValidVerseCounts(mutation: &quot;UPDATE book SET book_reference_id=1 WHERE id=2&quot;)" computerName="WRSOFT" duration="00:00:00.9952290" startTime="2026-09-06T19:13:20.7776006-03:00" endTime="2026-09-06T19:13:21.7729538-03:00" testType="13cdc9d9-ddb5-4fa4-a97d-d965ccfc6d4b" outcome="Passed" testListId="8c84fa94-04c1-424b-9868-57a2d4851a1d" relativeResultsDirectory="2892ce9f-7aa4-45ec-9a82-59b4b3849a12" />
    <UnitTestResult executionId="1f7260fa-f684-4a45-82fc-2ab5561d49fd" testId="0e0da6f3-80d7-f4f4-f0af-5817ea1d0445" testName="Biblia.Tests.Application.CanonicalThemeFlowTests.ReverseAndRandomLinkingSurviveReloadEditUnlinkVersionChangeAndPdf(random: False)" computerName="WRSOFT" duration="00:00:45.2841164" startTime="2026-09-06T19:13:14.6007881-03:00" endTime="2026-09-06T19:13:59.8849842-03:00" testType="13cdc9d9-ddb5-4fa4-a97d-d965ccfc6d4b" outcome="Passed" testListId="8c84fa94-04c1-424b-9868-57a2d4851a1d" relativeResultsDirectory="1f7260fa-f684-4a45-82fc-2ab5561d49fd" />
    <UnitTestResult executionId="c25171d2-83af-4de6-91a2-ca8b681e7437" testId="e077af05-f9ae-8dab-12ae-71862d5f9a0c" testName="Biblia.Tests.Domain.BibleReferenceFormatterTests.Format_SingleVerse_DoesNotRepeatEnd" computerName="WRSOFT" duration="00:00:00.0007672" startTime="2026-09-06T19:13:06.0852560-03:00" endTime="2026-09-06T19:13:06.0862313-03:00" testType="13cdc9d9-ddb5-4fa4-a97d-d965ccfc6d4b" outcome="Passed" testListId="8c84fa94-04c1-424b-9868-57a2d4851a1d" relativeResultsDirectory="c25171d2-83af-4de6-91a2-ca8b681e7437" />
    <UnitTestResult executionId="0e961b58-0a5f-40c7-9a1d-1b113281a7ee" testId="625e89ff-47a4-e931-348e-2415fd910e48" testName="Biblia.Tests.Infrastructure.PdfTypographyTests.InvalidValuesAreRejectedWithoutChangingSavedSettings(invalid: -1)" computerName="WRSOFT" duration="00:00:00.0505819" startTime="2026-09-06T19:13:43.7837986-03:00" endTime="2026-09-06T19:13:43.8345005-03:00" testType="13cdc9d9-ddb5-4fa4-a97d-d965ccfc6d4b" outcome="Passed" testListId="8c84fa94-04c1-424b-9868-57a2d4851a1d" relativeResultsDirectory="0e961b58-0a5f-40c7-9a1d-1b113281a7ee" />
    <UnitTestResult executionId="002a15b1-4249-49d0-8fb9-5f094109cc93" testId="92292e5f-c86d-4a84-2bf9-12797c283cba" testName="Biblia.Tests.Integration.AppDatabaseTests.InitializeAndRepositories_ProvideVersionedConstrainedCrud" computerName="WRSOFT" duration="00:00:00.1822054" startTime="2026-09-06T19:13:17.5097516-03:00" endTime="2026-09-06T19:13:17.6920686-03:00" testType="13cdc9d9-ddb5-4fa4-a97d-d965ccfc6d4b" outcome="Passed" testListId="8c84fa94-04c1-424b-9868-57a2d4851a1d" relativeResultsDirectory="002a15b1-4249-49d0-8fb9-5f094109cc93" />
    <UnitTestResult executionId="399f4e91-2d90-4a11-a771-d1ff9f3b3da3" testId="9e015c71-237e-aca6-cbea-d13200b1a1c2" testName="Biblia.Tests.Infrastructure.ThemeTableOfContentsTests.ContentsNumbersLinksAndBookmarksMatchActualHeaders(themeCount: 5)" computerName="WRSOFT" duration="00:00:00.3046398" startTime="2026-09-06T19:13:28.9606000-03:00" endTime="2026-09-06T19:13:29.2653547-03:00" testType="13cdc9d9-ddb5-4fa4-a97d-d965ccfc6d4b" outcome="Passed" testListId="8c84fa94-04c1-424b-9868-57a2d4851a1d" relativeResultsDirectory="399f4e91-2d90-4a11-a771-d1ff9f3b3da3" />
    <UnitTestResult executionId="e5687a35-482e-475c-9d45-44a7a8e51cf7" testId="03641a0c-dca8-5c35-97d6-084c67b58f7f" testName="Biblia.Tests.Application.InitialBibleInstallationServiceTests.InstallAsync_CopiesValidPackageOnceAndRegistersDefaultVersion" computerName="WRSOFT" duration="00:00:00.1878995" startTime="2026-09-06T19:13:08.4958971-03:00" endTime="2026-09-06T19:13:08.6838748-03:00" testType="13cdc9d9-ddb5-4fa4-a97d-d965ccfc6d4b" outcome="Passed" testListId="8c84fa94-04c1-424b-9868-57a2d4851a1d" relativeResultsDirectory="e5687a35-482e-475c-9d45-44a7a8e51cf7" />
    <UnitTestResult executionId="db39225c-1962-4e5c-8151-3eec68186f2a" testId="310f0617-5055-0bf4-278b-6108e48ce7f2" testName="Biblia.Tests.Infrastructure.BackupServiceTests.Restore_InvalidDatabase_PreservesActiveDatabaseAndCreatesSafetyBackup" computerName="WRSOFT" duration="00:00:01.0451850" startTime="2026-09-06T19:13:06.4003669-03:00" endTime="2026-09-06T19:13:07.4508930-03:00" testType="13cdc9d9-ddb5-4fa4-a97d-d965ccfc6d4b" outcome="Passed" testListId="8c84fa94-04c1-424b-9868-57a2d4851a1d" relativeResultsDirectory="db39225c-1962-4e5c-8151-3eec68186f2a" />
    <UnitTestResult executionId="439f666e-e231-40ac-bb70-dba7a977fcc0" testId="3d5d1771-b95f-4322-6bc0-626e96ea4fec" testName="Biblia.Tests.Application.ThemeServiceTests.SaveSearchDetailsAndDelete_ValidateAndPreserveUsage" computerName="WRSOFT" duration="00:00:00.0598430" startTime="2026-09-06T19:13:06.3371007-03:00" endTime="2026-09-06T19:13:06.3976707-03:00" testType="13cdc9d9-ddb5-4fa4-a97d-d965ccfc6d4b" outcome="Passed" testListId="8c84fa94-04c1-424b-9868-57a2d4851a1d" relativeResultsDirectory="439f666e-e231-40ac-bb70-dba7a977fcc0" />
    <UnitTestResult executionId="68ed42d2-52b8-4bd9-b851-22355da70991" testId="9e0c55cf-296a-532e-bb7b-ad27cee18272" testName="Biblia.Tests.Infrastructure.ThemeVersePdfServiceTests.ThemeColorsAndEmptySectionAreSafe(color: &quot;invalid&quot;)" computerName="WRSOFT" duration="00:00:00.0703501" startTime="2026-09-06T19:13:14.4859965-03:00" endTime="2026-09-06T19:13:14.5564756-03:00" testType="13cdc9d9-ddb5-4fa4-a97d-d965ccfc6d4b" outcome="Passed" testListId="8c84fa94-04c1-424b-9868-57a2d4851a1d" relativeResultsDirectory="68ed42d2-52b8-4bd9-b851-22355da70991" />
    <UnitTestResult executionId="6a6e16cd-6fad-4b4c-be57-f4396604a600" testId="8dc0e2e0-f947-1d7d-95d0-cfe40f7a89b0" testName="Biblia.Tests.Infrastructure.PdfTypographyTests.InvalidValuesAreRejectedWithoutChangingSavedSettings(invalid: ∞)" computerName="WRSOFT" duration="00:00:00.0512938" startTime="2026-09-06T19:13:43.8915396-03:00" endTime="2026-09-06T19:13:43.9429463-03:00" testType="13cdc9d9-ddb5-4fa4-a97d-d965ccfc6d4b" outcome="Passed" testListId="8c84fa94-04c1-424b-9868-57a2d4851a1d" relativeResultsDirectory="6a6e16cd-6fad-4b4c-be57-f4396604a600" />
    <UnitTestResult executionId="5ce352b1-64f0-489f-8812-6caa8a079ca8" testId="eaa2a6ab-b85a-b9cf-599f-78d29eae339e" testName="Biblia.Tests.Infrastructure.ThemeTableOfContentsTests.SingleReferenceUsesSingularInContents" computerName="WRSOFT" duration="00:00:00.0887720" startTime="2026-09-06T19:13:29.2682289-03:00" endTime="2026-09-06T19:13:29.3570854-03:00" testType="13cdc9d9-ddb5-4fa4-a97d-d965ccfc6d4b" outcome="Passed" testListId="8c84fa94-04c1-424b-9868-57a2d4851a1d" relativeResultsDirectory="5ce352b1-64f0-489f-8812-6caa8a079ca8" />
    <UnitTestResult executionId="8a90a932-1d5e-4fd0-8a10-7ec334ade9c0" testId="c0464491-cdf5-6b15-c23b-9d4423b74a2a" testName="Biblia.Tests.Infrastructure.ThemeVersePdfServiceTests.EmptyObservationHasNoBlock(observation: &quot;   \r\n &quot;)" computerName="WRSOFT" duration="00:00:00.0598851" startTime="2026-09-06T19:13:13.7532994-03:00" endTime="2026-09-06T19:13:13.8132922-03:00" testType="13cdc9d9-ddb5-4fa4-a97d-d965ccfc6d4b" outcome="Passed" testListId="8c84fa94-04c1-424b-9868-57a2d4851a1d" relativeResultsDirectory="8a90a932-1d5e-4fd0-8a10-7ec334ade9c0" />
    <UnitTestResult executionId="86ecdcf4-7480-4ed1-92b5-03b09aca6a7a" testId="e975532e-92e3-61c7-1c53-abbbfa29bd07" testName="Biblia.Tests.Domain.VerseCardGreetingTests.Automatic_UsesLocalHour(hour: 5, expected: &quot;Bom dia!&quot;)" computerName="WRSOFT" duration="00:00:00.0000727" startTime="2026-09-06T19:13:06.3349549-03:00" endTime="2026-09-06T19:13:06.3351425-03:00" testType="13cdc9d9-ddb5-4fa4-a97d-d965ccfc6d4b" outcome="Passed" testListId="8c84fa94-04c1-424b-9868-57a2d4851a1d" relativeResultsDirectory="86ecdcf4-7480-4ed1-92b5-03b09aca6a7a" />
    <UnitTestResult executionId="9b24cc39-f9ff-41a6-8df8-6d1999b43eec" testId="97c28469-29aa-8c6b-60cb-4b394bfa2c20" testName="Biblia.Tests.BibleDataValidation.CanonicalIdentityTests.CatalogHasAllPositionsAndUnambiguousAliases" computerName="WRSOFT" duration="00:00:00.0224408" startTime="2026-09-06T19:13:24.7714951-03:00" endTime="2026-09-06T19:13:24.7943921-03:00" testType="13cdc9d9-ddb5-4fa4-a97d-d965ccfc6d4b" outcome="Passed" testListId="8c84fa94-04c1-424b-9868-57a2d4851a1d" relativeResultsDirectory="9b24cc39-f9ff-41a6-8df8-6d1999b43eec" />
    <UnitTestResult executionId="cd2ff1ec-f377-40f2-9b2f-cca3c7a83b8a" testId="c1151c31-32ea-9a5f-d784-05d2708f5747" testName="Biblia.Tests.BibleDataValidation.CanonicalIdentityTests.InvalidIdentityIsRejectedEvenWithValidVerseCounts(mutation: &quot;UPDATE book SET book_reference_id=NULL WHERE id=2&quot;)" computerName="WRSOFT" duration="00:00:00.9839981" startTime="2026-09-06T19:13:17.6956664-03:00" endTime="2026-09-06T19:13:18.6797904-03:00" testType="13cdc9d9-ddb5-4fa4-a97d-d965ccfc6d4b" outcome="Passed" testListId="8c84fa94-04c1-424b-9868-57a2d4851a1d" relativeResultsDirectory="cd2ff1ec-f377-40f2-9b2f-cca3c7a83b8a" />
    <UnitTestResult executionId="0c6524a9-861e-4af9-a958-6eacd1bda44c" testId="f39b3dd2-aaec-1328-7394-4e5c45b98e30" testName="Biblia.Tests.Domain.VerseCardGreetingTests.Automatic_UsesLocalHour(hour: 12, expected: &quot;Boa tarde!&quot;)" computerName="WRSOFT" duration="00:00:00.0000761" startTime="2026-09-06T19:13:06.3038660-03:00" endTime="2026-09-06T19:13:06.3040458-03:00" testType="13cdc9d9-ddb5-4fa4-a97d-d965ccfc6d4b" outcome="Passed" testListId="8c84fa94-04c1-424b-9868-57a2d4851a1d" relativeResultsDirectory="0c6524a9-861e-4af9-a958-6eacd1bda44c" />
    <UnitTestResult executionId="129d81e2-af55-48f5-995c-f793a79af06a" testId="7ae5c897-8481-d8b9-4bc7-e422e54dc458" testName="Biblia.Tests.Application.LinkedVersionReportTests.MixedVersionsBelongToEachLinkAndSurvivePreferenceChangesAndThemeEdits" computerName="WRSOFT" duration="00:00:01.9001369" startTime="2026-09-06T19:13:07.9782114-03:00" endTime="2026-09-06T19:13:09.8784952-03:00" testType="13cdc9d9-ddb5-4fa4-a97d-d965ccfc6d4b" outcome="Passed" testListId="8c84fa94-04c1-424b-9868-57a2d4851a1d" relativeResultsDirectory="129d81e2-af55-48f5-995c-f793a79af06a" />
    <UnitTestResult executionId="7fd36f1f-0956-42de-986f-c4cbd12ec0e0" testId="7bcdf319-4ede-eb8f-882f-6b0490d655ca" testName="Biblia.Tests.Infrastructure.ThemeVersePdfServiceTests.ConcurrentGenerationUsesDistinctFilesAndEmbeddedFonts" computerName="WRSOFT" duration="00:00:01.2727748" startTime="2026-09-06T19:13:16.1964482-03:00" endTime="2026-09-06T19:13:17.4693619-03:00" testType="13cdc9d9-ddb5-4fa4-a97d-d965ccfc6d4b" outcome="Passed" testListId="8c84fa94-04c1-424b-9868-57a2d4851a1d" relativeResultsDirectory="7fd36f1f-0956-42de-986f-c4cbd12ec0e0" />
    <UnitTestResult executionId="41a09d73-c37c-4b86-875b-17f03e12b557" testId="13234007-4075-7fa0-6438-02bcb37e4f9f" testName="Biblia.Tests.Application.ThemeReportServiceTests.PartialPassageFailsInsteadOfExportingAnIncompleteRange" computerName="WRSOFT" duration="00:00:00.0034394" startTime="2026-09-06T19:13:24.9282933-03:00" endTime="2026-09-06T19:13:24.9718242-03:00" testType="13cdc9d9-ddb5-4fa4-a97d-d965ccfc6d4b" outcome="Passed" testListId="8c84fa94-04c1-424b-9868-57a2d4851a1d" relativeResultsDirectory="41a09d73-c37c-4b86-875b-17f03e12b557" />
    <UnitTestResult executionId="d7f4609f-4a18-4ea0-8057-50d214a231e2" testId="19af2a5b-77fd-44a0-87d7-ef784a5704f0" testName="Biblia.Tests.Application.CanonicalThemeFlowTests.ReverseAndRandomLinkingSurviveReloadEditUnlinkVersionChangeAndPdf(random: True)" computerName="WRSOFT" duration="00:00:24.0998973" startTime="2026-09-06T19:13:59.8882713-03:00" endTime="2026-09-06T19:14:23.9882580-03:00" testType="13cdc9d9-ddb5-4fa4-a97d-d965ccfc6d4b" outcome="Passed" testListId="8c84fa94-04c1-424b-9868-57a2d4851a1d" relativeResultsDirectory="d7f4609f-4a18-4ea0-8057-50d214a231e2" />
    <UnitTestResult executionId="33bfd0f6-e9b3-4d55-84e4-9ad0a3d7e639" testId="e1db7384-b95a-fe76-44fa-db179031f32f" testName="Biblia.Tests.BibleDataValidation.BibleValidationServiceTests.ValidateAsync_ClassifiesValidAndDuplicateDatabases" computerName="WRSOFT" duration="00:00:02.0265732" startTime="2026-09-06T19:13:05.9238006-03:00" endTime="2026-09-06T19:13:07.9731116-03:00" testType="13cdc9d9-ddb5-4fa4-a97d-d965ccfc6d4b" outcome="Passed" testListId="8c84fa94-04c1-424b-9868-57a2d4851a1d" relativeResultsDirectory="33bfd0f6-e9b3-4d55-84e4-9ad0a3d7e639" />
    <UnitTestResult executionId="a576edbd-de88-4cfe-b4e0-602e8008d090" testId="5c1af33c-a399-8e1e-217b-6a18dfe058f8" testName="Biblia.Tests.Infrastructure.BackupServiceTests.Validate_RejectsMissingRequiredEntry(manifest: False, database: True, message: &quot;Backup sem manifesto.&quot;)" computerName="WRSOFT" duration="00:00:00.0929165" startTime="2026-09-06T19:13:07.6994062-03:00" endTime="2026-09-06T19:13:07.7924522-03:00" testType="13cdc9d9-ddb5-4fa4-a97d-d965ccfc6d4b" outcome="Passed" testListId="8c84fa94-04c1-424b-9868-57a2d4851a1d" relativeResultsDirectory="a576edbd-de88-4cfe-b4e0-602e8008d090" />
    <UnitTestResult executionId="2239283f-71a6-4f26-b301-fa43e9eefa7d" testId="c301376c-d5ad-7a67-918b-bfc5a74c84a4" testName="Biblia.Tests.Infrastructure.PdfTypographyTests.InvalidValuesAreRejectedWithoutChangingSavedSettings(invalid: 25)" computerName="WRSOFT" duration="00:00:00.0521708" startTime="2026-09-06T19:13:43.9892020-03:00" endTime="2026-09-06T19:13:44.0414994-03:00" testType="13cdc9d9-ddb5-4fa4-a97d-d965ccfc6d4b" outcome="Passed" testListId="8c84fa94-04c1-424b-9868-57a2d4851a1d" relativeResultsDirectory="2239283f-71a6-4f26-b301-fa43e9eefa7d" />
    <UnitTestResult executionId="0cb331b2-9d6f-4fe9-a299-772523477222" testId="9e6b2eea-04c5-f9de-4c7f-e9df65983bcf" testName="Biblia.Tests.Domain.VerseCardGreetingTests.Automatic_UsesLocalHour(hour: 18, expected: &quot;Boa noite!&quot;)" computerName="WRSOFT" duration="00:00:00.0015609" startTime="2026-09-06T19:13:06.2985966-03:00" endTime="2026-09-06T19:13:06.3004084-03:00" testType="13cdc9d9-ddb5-4fa4-a97d-d965ccfc6d4b" outcome="Passed" testListId="8c84fa94-04c1-424b-9868-57a2d4851a1d" relativeResultsDirectory="0cb331b2-9d6f-4fe9-a299-772523477222" />
    <UnitTestResult executionId="2fb91a1d-eb06-4415-996e-93de8ef30954" testId="67dcebbc-6ad8-f993-6c35-e09a4f1cac97" testName="Biblia.Tests.Domain.BibleReferenceTests.Constructor_WithInvalidCoordinates_Throws(bookReferenceId: 0, chapter: 1, verse: 1)" computerName="WRSOFT" duration="00:00:00.0001033" startTime="2026-09-06T19:13:17.5073506-03:00" endTime="2026-09-06T19:13:17.5075469-03:00" testType="13cdc9d9-ddb5-4fa4-a97d-d965ccfc6d4b" outcome="Passed" testListId="8c84fa94-04c1-424b-9868-57a2d4851a1d" relativeResultsDirectory="2fb91a1d-eb06-4415-996e-93de8ef30954" />
    <UnitTestResult executionId="f34b314c-7d86-4d34-ab6b-f439040e1ada" testId="2942cd9c-5695-a90c-dd59-124b7efe2a7b" testName="Biblia.Tests.Domain.VerseCardGreetingTests.Automatic_UsesLocalHour(hour: 17, expected: &quot;Boa tarde!&quot;)" computerName="WRSOFT" duration="00:00:00.0062330" startTime="2026-09-06T19:13:06.3121030-03:00" endTime="2026-09-06T19:13:06.3192078-03:00" testType="13cdc9d9-ddb5-4fa4-a97d-d965ccfc6d4b" outcome="Passed" testListId="8c84fa94-04c1-424b-9868-57a2d4851a1d" relativeResultsDirectory="f34b314c-7d86-4d34-ab6b-f439040e1ada" />
    <UnitTestResult executionId="209305f0-209d-4145-b41d-1b566a387d48" testId="c94df200-8d1e-dba7-fd12-d9d78c36019a" testName="Biblia.Tests.Infrastructure.PdfTypographyTests.InvalidValuesAreRejectedWithoutChangingSavedSettings(invalid: 10,25)" computerName="WRSOFT" duration="00:00:00.0592349" startTime="2026-09-06T19:13:44.0423801-03:00" endTime="2026-09-06T19:13:44.1017368-03:00" testType="13cdc9d9-ddb5-4fa4-a97d-d965ccfc6d4b" outcome="Passed" testListId="8c84fa94-04c1-424b-9868-57a2d4851a1d" relativeResultsDirectory="209305f0-209d-4145-b41d-1b566a387d48" />
    <UnitTestResult executionId="36b194ae-9ae5-4c93-83b0-462e82c9c029" testId="2207cdc5-371e-7b44-62f3-fcbba128d440" testName="Biblia.Tests.Infrastructure.ThemeVersePdfServiceTests.ThemeColorsAndEmptySectionAreSafe(color: &quot;#12GG45&quot;)" computerName="WRSOFT" duration="00:00:00.1507931" startTime="2026-09-06T19:13:14.7187096-03:00" endTime="2026-09-06T19:13:14.8696931-03:00" testType="13cdc9d9-ddb5-4fa4-a97d-d965ccfc6d4b" outcome="Passed" testListId="8c84fa94-04c1-424b-9868-57a2d4851a1d" relativeResultsDirectory="36b194ae-9ae5-4c93-83b0-462e82c9c029" />
    <UnitTestResult executionId="e49453a2-47b1-4ba4-b28b-354287656fd6" testId="56813368-47df-c632-657a-c764ec5046fd" testName="Biblia.Tests.Infrastructure.ThemeVersePdfServiceTests.ActualContentOverridesIncorrectDeclaredTotalsAndEveryCardIsPresent" computerName="WRSOFT" duration="00:00:00.6256038" startTime="2026-09-06T19:13:14.8729805-03:00" endTime="2026-09-06T19:13:15.4987944-03:00" testType="13cdc9d9-ddb5-4fa4-a97d-d965ccfc6d4b" outcome="Passed" testListId="8c84fa94-04c1-424b-9868-57a2d4851a1d" relativeResultsDirectory="e49453a2-47b1-4ba4-b28b-354287656fd6" />
    <UnitTestResult executionId="5fd11ab3-999e-4fea-a939-2572adebb451" testId="268d7eda-e0f6-0d3e-8851-df127a6382ec" testName="Biblia.Tests.Infrastructure.PdfTypographyTests.MalformedStorageUsesDefaults(raw: &quot;null&quot;)" computerName="WRSOFT" duration="00:00:00.0442913" startTime="2026-09-06T19:13:44.1704850-03:00" endTime="2026-09-06T19:13:44.2148719-03:00" testType="13cdc9d9-ddb5-4fa4-a97d-d965ccfc6d4b" outcome="Passed" testListId="8c84fa94-04c1-424b-9868-57a2d4851a1d" relativeResultsDirectory="5fd11ab3-999e-4fea-a939-2572adebb451" />
    <UnitTestResult executionId="94ff4ba7-be36-486d-951b-30ad11c05de3" testId="ae4eb713-3aa2-131b-35cb-e782e30dfc57" testName="Biblia.Tests.Application.ThemeReportServiceTests.MissingReferenceOrPassageFailsInsteadOfSilentlyLosingData(missingReference: False, missingPassage: True)" computerName="WRSOFT" duration="00:00:00.0083434" startTime="2026-09-06T19:13:25.0581706-03:00" endTime="2026-09-06T19:13:25.0666000-03:00" testType="13cdc9d9-ddb5-4fa4-a97d-d965ccfc6d4b" outcome="Passed" testListId="8c84fa94-04c1-424b-9868-57a2d4851a1d" relativeResultsDirectory="94ff4ba7-be36-486d-951b-30ad11c05de3" />
    <UnitTestResult executionId="dd8d3c0e-1afe-488b-9a5f-423be629dad4" testId="775fea1c-f593-676f-f2a4-bf240a185560" testName="Biblia.Tests.BibleDataValidation.CanonicalIdentityTests.InvalidIdentityIsRejectedEvenWithValidVerseCounts(mutation: &quot;UPDATE book SET book_reference_id=67 WHERE id=2&quot;)" computerName="WRSOFT" duration="00:00:01.0490681" startTime="2026-09-06T19:13:19.7224487-03:00" endTime="2026-09-06T19:13:20.7716671-03:00" testType="13cdc9d9-ddb5-4fa4-a97d-d965ccfc6d4b" outcome="Passed" testListId="8c84fa94-04c1-424b-9868-57a2d4851a1d" relativeResultsDirectory="dd8d3c0e-1afe-488b-9a5f-423be629dad4" />
    <UnitTestResult executionId="2ef4423a-96aa-4ae9-97ee-8d91e5432c58" testId="57c3e836-b550-1ba9-61b2-ea477020db25" testName="Biblia.Tests.Infrastructure.ThemeVersePdfServiceTests.ThemeColorsAndEmptySectionAreSafe(color: &quot;#FFFFFF&quot;)" computerName="WRSOFT" duration="00:00:00.1370371" startTime="2026-09-06T19:13:14.2368199-03:00" endTime="2026-09-06T19:13:14.3739718-03:00" testType="13cdc9d9-ddb5-4fa4-a97d-d965ccfc6d4b" outcome="Passed" testListId="8c84fa94-04c1-424b-9868-57a2d4851a1d" relativeResultsDirectory="2ef4423a-96aa-4ae9-97ee-8d91e5432c58" />
    <UnitTestResult executionId="15f622fa-d8a8-47c8-89e9-99b80b4a99c2" testId="2eb2aee3-e1ad-55a7-0134-2d2e95b6556f" testName="Biblia.Tests.Infrastructure.BackupServiceTests.CreateAndValidate_ProduceCompleteUsableZip" computerName="WRSOFT" duration="00:00:00.2062496" startTime="2026-09-06T19:13:08.1227965-03:00" endTime="2026-09-06T19:13:08.3291571-03:00" testType="13cdc9d9-ddb5-4fa4-a97d-d965ccfc6d4b" outcome="Passed" testListId="8c84fa94-04c1-424b-9868-57a2d4851a1d" relativeResultsDirectory="15f622fa-d8a8-47c8-89e9-99b80b4a99c2" />
    <UnitTestResult executionId="ef5bdc2d-4454-4e54-871d-a2bf94980ed7" testId="f1ca0824-5dd9-43a7-54ff-b1b7e0f37bcb" testName="Biblia.Tests.Infrastructure.ThemeVersePdfServiceTests.ThemeColorsAndEmptySectionAreSafe(color: &quot;#18864B&quot;)" computerName="WRSOFT" duration="00:00:00.0917365" startTime="2026-09-06T19:13:14.3762886-03:00" endTime="2026-09-06T19:13:14.4681641-03:00" testType="13cdc9d9-ddb5-4fa4-a97d-d965ccfc6d4b" outcome="Passed" testListId="8c84fa94-04c1-424b-9868-57a2d4851a1d" relativeResultsDirectory="ef5bdc2d-4454-4e54-871d-a2bf94980ed7" />
    <UnitTestResult executionId="116a7d9d-825d-42be-804f-bf6cf8718baf" testId="11b420c8-daac-ab11-a26e-ece4e434bb58" testName="Biblia.Tests.Infrastructure.PdfTypographyTests.IndependentSizesLongContentAndContentsAreCorrect(r: 8, v: 8, o: 7)" computerName="WRSOFT" duration="00:00:03.9823152" startTime="2026-09-06T19:13:27.5140802-03:00" endTime="2026-09-06T19:13:31.4965474-03:00" testType="13cdc9d9-ddb5-4fa4-a97d-d965ccfc6d4b" outcome="Passed" testListId="8c84fa94-04c1-424b-9868-57a2d4851a1d" relativeResultsDirectory="116a7d9d-825d-42be-804f-bf6cf8718baf" />
    <UnitTestResult executionId="4c378d13-ef87-4d70-998d-af963c23552e" testId="e51a6325-82df-03d8-1d61-38da78711855" testName="Biblia.Tests.Infrastructure.PdfTypographyTests.IndependentSizesLongContentAndContentsAreCorrect(r: 12,5, v: 10,5, o: 8,5)" computerName="WRSOFT" duration="00:00:01.6337366" startTime="2026-09-06T19:13:42.0349489-03:00" endTime="2026-09-06T19:13:43.6688623-03:00" testType="13cdc9d9-ddb5-4fa4-a97d-d965ccfc6d4b" outcome="Passed" testListId="8c84fa94-04c1-424b-9868-57a2d4851a1d" relativeResultsDirectory="4c378d13-ef87-4d70-998d-af963c23552e" />
    <UnitTestResult executionId="4eca0c8c-8838-45cd-ba65-9dd4475b51a6" testId="55130aca-190e-b8a9-4ff1-fd19175a6497" testName="Biblia.Tests.Domain.BibleReferenceFormatterTests.Format_Range_UsesEditorialDash" computerName="WRSOFT" duration="00:00:00.0791580" startTime="2026-09-06T19:13:05.9238137-03:00" endTime="2026-09-06T19:13:06.0381821-03:00" testType="13cdc9d9-ddb5-4fa4-a97d-d965ccfc6d4b" outcome="Passed" testListId="8c84fa94-04c1-424b-9868-57a2d4851a1d" relativeResultsDirectory="4eca0c8c-8838-45cd-ba65-9dd4475b51a6" />
    <UnitTestResult executionId="3c53aaa8-993b-4173-bba7-a84a84f83eb1" testId="71ba1830-a692-9e71-6513-2c9f40e7dc5d" testName="Biblia.Tests.Infrastructure.ThemeVersePdfServiceTests.EmptyObservationHasNoBlock(observation: &quot;&quot;)" computerName="WRSOFT" duration="00:00:00.1498613" startTime="2026-09-06T19:13:13.8359513-03:00" endTime="2026-09-06T19:13:13.9859314-03:00" testType="13cdc9d9-ddb5-4fa4-a97d-d965ccfc6d4b" outcome="Passed" testListId="8c84fa94-04c1-424b-9868-57a2d4851a1d" relativeResultsDirectory="3c53aaa8-993b-4173-bba7-a84a84f83eb1" />
    <UnitTestResult executionId="4c3036f5-0714-4c9b-a0df-66cccbdc3ea1" testId="eced9a8c-1491-c03d-b207-0748b7407ca5" testName="Biblia.Tests.Infrastructure.PdfTypographyTests.IndependentSizesLongContentAndContentsAreCorrect(r: 24, v: 22, o: 20)" computerName="WRSOFT" duration="00:00:04.3765295" startTime="2026-09-06T19:13:34.8713356-03:00" endTime="2026-09-06T19:13:39.2479996-03:00" testType="13cdc9d9-ddb5-4fa4-a97d-d965ccfc6d4b" outcome="Passed" testListId="8c84fa94-04c1-424b-9868-57a2d4851a1d" relativeResultsDirectory="4c3036f5-0714-4c9b-a0df-66cccbdc3ea1" />
    <UnitTestResult executionId="f2cdac36-0009-4199-8c39-09488946a56d" testId="2c3f528e-0321-a2d3-288f-60ff797a8d17" testName="Biblia.Tests.Infrastructure.PdfTypographyTests.MalformedStorageUsesDefaults(raw: &quot;texto&quot;)" computerName="WRSOFT" duration="00:00:00.0664660" startTime="2026-09-06T19:13:44.1030980-03:00" endTime="2026-09-06T19:13:44.1696670-03:00" testType="13cdc9d9-ddb5-4fa4-a97d-d965ccfc6d4b" outcome="Passed" testListId="8c84fa94-04c1-424b-9868-57a2d4851a1d" relativeResultsDirectory="f2cdac36-0009-4199-8c39-09488946a56d" />
    <UnitTestResult executionId="1d62fbce-0bc3-41de-bafd-e2ed8deb233f" testId="713f9c25-52ef-d240-7337-279992274524" testName="Biblia.Tests.Application.BibleSearchServiceTests.SearchAsync_CombinesVersionsHonorsLimitAndFilters" computerName="WRSOFT" duration="00:00:00.0746749" startTime="2026-09-06T19:13:26.4760646-03:00" endTime="2026-09-06T19:13:26.5508908-03:00" testType="13cdc9d9-ddb5-4fa4-a97d-d965ccfc6d4b" outcome="Passed" testListId="8c84fa94-04c1-424b-9868-57a2d4851a1d" relativeResultsDirectory="1d62fbce-0bc3-41de-bafd-e2ed8deb233f" />
    <UnitTestResult executionId="2e81a026-e341-4fd2-9988-3ed5114a8648" testId="6f756038-5f16-0e04-3e59-27a57b49f847" testName="Biblia.Tests.Application.BookNameResolverTests.Resolve_FallsBackToCanonicalCatalogWhenNoVersionIsAvailable" computerName="WRSOFT" duration="00:00:00.0625699" startTime="2026-09-06T19:13:06.1781715-03:00" endTime="2026-09-06T19:13:06.2408383-03:00" testType="13cdc9d9-ddb5-4fa4-a97d-d965ccfc6d4b" outcome="Passed" testListId="8c84fa94-04c1-424b-9868-57a2d4851a1d" relativeResultsDirectory="2e81a026-e341-4fd2-9988-3ed5114a8648" />
    <UnitTestResult executionId="f9f79a6d-5b55-43e6-8df4-3ea0a4b20be8" testId="c69003f0-cc4c-19da-ffdd-d2bba7dbb281" testName="Biblia.Tests.Infrastructure.VerseCardRenderTests.RenderAsync_CreatesReadablePng(format: &quot;Vertical 4:5&quot;, width: 1080, height: 1350)" computerName="WRSOFT" duration="00:00:01.0568676" startTime="2026-09-06T19:13:10.8704188-03:00" endTime="2026-09-06T19:13:11.9274369-03:00" testType="13cdc9d9-ddb5-4fa4-a97d-d965ccfc6d4b" outcome="Passed" testListId="8c84fa94-04c1-424b-9868-57a2d4851a1d" relativeResultsDirectory="f9f79a6d-5b55-43e6-8df4-3ea0a4b20be8" />
    <UnitTestResult executionId="1bb1d058-236d-41c9-b2a8-cd976f8a5c4c" testId="f828b6a8-addc-5a2a-711c-7876bb3fa776" testName="Biblia.Tests.Application.ThemeReportServiceTests.MissingReferenceOrPassageFailsInsteadOfSilentlyLosingData(missingReference: True, missingPassage: False)" computerName="WRSOFT" duration="00:00:00.0009852" startTime="2026-09-06T19:13:25.0673612-03:00" endTime="2026-09-06T19:13:25.0684236-03:00" testType="13cdc9d9-ddb5-4fa4-a97d-d965ccfc6d4b" outcome="Passed" testListId="8c84fa94-04c1-424b-9868-57a2d4851a1d" relativeResultsDirectory="1bb1d058-236d-41c9-b2a8-cd976f8a5c4c" />
    <UnitTestResult executionId="16a7ad3b-f7bb-41fe-be33-8ae7acb8b223" testId="6061dfe6-8fc1-dc78-bf19-4daf406b55e8" testName="Biblia.Tests.Infrastructure.ThemeVersePdfServiceTests.CancellationDoesNotCreateExport" computerName="WRSOFT" duration="00:00:00.0075750" startTime="2026-09-06T19:13:14.1119164-03:00" endTime="2026-09-06T19:13:14.1196103-03:00" testType="13cdc9d9-ddb5-4fa4-a97d-d965ccfc6d4b" outcome="Passed" testListId="8c84fa94-04c1-424b-9868-57a2d4851a1d" relativeResultsDirectory="16a7ad3b-f7bb-41fe-be33-8ae7acb8b223" />
    <UnitTestResult executionId="f66643c5-253f-4400-a1a1-8a99c2168d03" testId="8e7064ee-a641-47ae-fe97-6db7a4c81880" testName="Biblia.Tests.Application.ThemeReportServiceTests.ThemeFilterIsRespected" computerName="WRSOFT" duration="00:00:00.0048334" startTime="2026-09-06T19:13:24.9795789-03:00" endTime="2026-09-06T19:13:24.9893330-03:00" testType="13cdc9d9-ddb5-4fa4-a97d-d965ccfc6d4b" outcome="Passed" testListId="8c84fa94-04c1-424b-9868-57a2d4851a1d" relativeResultsDirectory="f66643c5-253f-4400-a1a1-8a99c2168d03" />
    <UnitTestResult executionId="c6665fe5-4af4-48b9-b22e-8db317f8a260" testId="df983083-6492-ff38-0a89-3abb3ffe2756" testName="Biblia.Tests.Infrastructure.ThemeVersePdfServiceTests.EmptyObservationHasNoBlock(observation: null)" computerName="WRSOFT" duration="00:00:00.1110496" startTime="2026-09-06T19:13:13.9917699-03:00" endTime="2026-09-06T19:13:14.1029532-03:00" testType="13cdc9d9-ddb5-4fa4-a97d-d965ccfc6d4b" outcome="Passed" testListId="8c84fa94-04c1-424b-9868-57a2d4851a1d" relativeResultsDirectory="c6665fe5-4af4-48b9-b22e-8db317f8a260" />
    <UnitTestResult executionId="74a716b2-cc24-4752-8f26-119bfbe20bdf" testId="cfe91482-da6a-77c2-4af3-522a89d084bc" testName="Biblia.Tests.Infrastructure.PdfTypographyTests.InvalidValuesAreRejectedWithoutChangingSavedSettings(invalid: NaN)" computerName="WRSOFT" duration="00:00:00.0532056" startTime="2026-09-06T19:13:43.7293914-03:00" endTime="2026-09-06T19:13:43.7827248-03:00" testType="13cdc9d9-ddb5-4fa4-a97d-d965ccfc6d4b" outcome="Passed" testListId="8c84fa94-04c1-424b-9868-57a2d4851a1d" relativeResultsDirectory="74a716b2-cc24-4752-8f26-119bfbe20bdf" />
    <UnitTestResult executionId="8303789e-8820-4fe5-95a4-2afbf6cfb569" testId="17dd8d1e-38f1-cadb-6959-9c4355f33173" testName="Biblia.Tests.Infrastructure.ThemeVersePdfServiceTests.OversizedPassageOrObservationPreservesEveryWord(longObservation: True)" computerName="WRSOFT" duration="00:00:02.1030384" startTime="2026-09-06T19:13:11.3786380-03:00" endTime="2026-09-06T19:13:13.4818508-03:00" testType="13cdc9d9-ddb5-4fa4-a97d-d965ccfc6d4b" outcome="Passed" testListId="8c84fa94-04c1-424b-9868-57a2d4851a1d" relativeResultsDirectory="8303789e-8820-4fe5-95a4-2afbf6cfb569" />
    <UnitTestResult executionId="d0fdd7e4-d4f2-4b7e-b9a7-91f2d95c4aec" testId="a3466caa-a0d6-ba3b-5d94-51757fc9d4b0" testName="Biblia.Tests.Infrastructure.ThemeTableOfContentsTests.PageReferencesRecalculateWhenContentAndContentsGrow" computerName="WRSOFT" duration="00:00:09.7158830" startTime="2026-09-06T19:13:29.5446145-03:00" endTime="2026-09-06T19:13:39.2606043-03:00" testType="13cdc9d9-ddb5-4fa4-a97d-d965ccfc6d4b" outcome="Passed" testListId="8c84fa94-04c1-424b-9868-57a2d4851a1d" relativeResultsDirectory="d0fdd7e4-d4f2-4b7e-b9a7-91f2d95c4aec" />
    <UnitTestResult executionId="523e37ff-ead5-48a5-9882-7056eb3541a4" testId="45a4e1ea-c011-5d86-24c9-5738518a0aa7" testName="Biblia.Tests.Domain.VerseCardGreetingTests.Automatic_UsesLocalHour(hour: 4, expected: &quot;Boa noite!&quot;)" computerName="WRSOFT" duration="00:00:00.0004546" startTime="2026-09-06T19:13:06.3233655-03:00" endTime="2026-09-06T19:13:06.3250813-03:00" testType="13cdc9d9-ddb5-4fa4-a97d-d965ccfc6d4b" outcome="Passed" testListId="8c84fa94-04c1-424b-9868-57a2d4851a1d" relativeResultsDirectory="523e37ff-ead5-48a5-9882-7056eb3541a4" />
    <UnitTestResult executionId="a31d0c09-12cf-421e-bfd6-6a77f95550ac" testId="59c10125-fdd7-e5cd-bafc-a1e6f4da820a" testName="Biblia.Tests.Integration.ThemeVerseLinkRepositoryTests.Batch_RollsBackEveryItemWhenForeignKeyFails" computerName="WRSOFT" duration="00:00:00.1982054" startTime="2026-09-06T19:13:06.6184564-03:00" endTime="2026-09-06T19:13:06.8167574-03:00" testType="13cdc9d9-ddb5-4fa4-a97d-d965ccfc6d4b" outcome="Passed" testListId="8c84fa94-04c1-424b-9868-57a2d4851a1d" relativeResultsDirectory="a31d0c09-12cf-421e-bfd6-6a77f95550ac" />
    <UnitTestResult executionId="0510d453-967b-4dd0-8333-05d5c41fc532" testId="84bff9ff-abea-69b5-dc2c-111e1fae306d" testName="Biblia.Tests.Infrastructure.ThemeTableOfContentsTests.ContentsNumbersLinksAndBookmarksMatchActualHeaders(themeCount: 50)" computerName="WRSOFT" duration="00:00:18.7886571" startTime="2026-09-06T19:13:10.0079034-03:00" endTime="2026-09-06T19:13:28.7967079-03:00" testType="13cdc9d9-ddb5-4fa4-a97d-d965ccfc6d4b" outcome="Passed" testListId="8c84fa94-04c1-424b-9868-57a2d4851a1d" relativeResultsDirectory="0510d453-967b-4dd0-8333-05d5c41fc532" />
    <UnitTestResult executionId="97b1dadb-4e9d-4047-910d-57cc736ec74b" testId="36b2e11e-ccd7-865e-e385-dcd4bf847f18" testName="Biblia.Tests.Infrastructure.PdfTypographyTests.IndependentSizesLongContentAndContentsAreCorrect(r: 10, v: 22, o: 9,5)" computerName="WRSOFT" duration="00:00:05.6548546" startTime="2026-09-06T19:13:21.8533540-03:00" endTime="2026-09-06T19:13:27.5088366-03:00" testType="13cdc9d9-ddb5-4fa4-a97d-d965ccfc6d4b" outcome="Passed" testListId="8c84fa94-04c1-424b-9868-57a2d4851a1d" relativeResultsDirectory="97b1dadb-4e9d-4047-910d-57cc736ec74b" />
    <UnitTestResult executionId="79cf7c82-8336-42f3-96fc-f9c2c9db2ba0" testId="a40f9211-4bba-ea8c-b121-94c7c04833f8" testName="Biblia.Tests.Application.BookNameResolverTests.Resolve_UsesPreferredThenActiveAndLoadsEachVersionOnce" computerName="WRSOFT" duration="00:00:00.0446528" startTime="2026-09-06T19:13:06.2420254-03:00" endTime="2026-09-06T19:13:06.2867621-03:00" testType="13cdc9d9-ddb5-4fa4-a97d-d965ccfc6d4b" outcome="Passed" testListId="8c84fa94-04c1-424b-9868-57a2d4851a1d" relativeResultsDirectory="79cf7c82-8336-42f3-96fc-f9c2c9db2ba0" />
    <UnitTestResult executionId="dfc6bad5-37a7-4dde-bed1-537923809b5a" testId="8fb4db30-b71b-dfb9-21c5-c7a1705efcc5" testName="Biblia.Tests.Infrastructure.PdfTypographyTests.InvalidValuesAreRejectedWithoutChangingSavedSettings(invalid: -∞)" computerName="WRSOFT" duration="00:00:00.0553855" startTime="2026-09-06T19:13:43.6727922-03:00" endTime="2026-09-06T19:13:43.7283486-03:00" testType="13cdc9d9-ddb5-4fa4-a97d-d965ccfc6d4b" outcome="Passed" testListId="8c84fa94-04c1-424b-9868-57a2d4851a1d" relativeResultsDirectory="dfc6bad5-37a7-4dde-bed1-537923809b5a" />
    <UnitTestResult executionId="fb5c630f-09e1-40d1-bfd7-139f5c83b34f" testId="8cf31419-7ed2-f044-41f9-a3cfc154818c" testName="Biblia.Tests.Application.BibleVersionManagerTests.InitializeAndActivate_AreIdempotentAndRequireUsableInstallation" computerName="WRSOFT" duration="00:00:00.1492999" startTime="2026-09-06T19:13:08.3404997-03:00" endTime="2026-09-06T19:13:08.4899398-03:00" testType="13cdc9d9-ddb5-4fa4-a97d-d965ccfc6d4b" outcome="Passed" testListId="8c84fa94-04c1-424b-9868-57a2d4851a1d" relativeResultsDirectory="fb5c630f-09e1-40d1-bfd7-139f5c83b34f" />
    <UnitTestResult executionId="97e252b8-0120-4ee7-8c56-bb3f00742780" testId="c8c657f4-c5c4-c4c9-a6ca-25570cc5eb9f" testName="Biblia.Tests.BibleDataValidation.CanonicalIdentityTests.InvalidIdentityIsRejectedEvenWithValidVerseCounts(mutation: &quot;UPDATE book SET name=NULL WHERE id=1&quot;)" computerName="WRSOFT" duration="00:00:00.9900837" startTime="2026-09-06T19:13:21.7776733-03:00" endTime="2026-09-06T19:13:22.7680460-03:00" testType="13cdc9d9-ddb5-4fa4-a97d-d965ccfc6d4b" outcome="Passed" testListId="8c84fa94-04c1-424b-9868-57a2d4851a1d" relativeResultsDirectory="97e252b8-0120-4ee7-8c56-bb3f00742780" />
    <UnitTestResult executionId="1fb7fb41-976a-4a08-a385-cd2b54403957" testId="d2b358a1-4e7e-bb46-1ed1-6df4fdd2d3ef" testName="Biblia.Tests.BibleDataValidation.CanonicalIdentityTests.InvalidIdentityIsRejectedEvenWithValidVerseCounts(mutation: &quot;DELETE FROM verse WHERE book_id=2; DELETE FROM boo&quot;···)" computerName="WRSOFT" duration="00:00:00.9770625" startTime="2026-09-06T19:13:22.7725184-03:00" endTime="2026-09-06T19:13:23.7496960-03:00" testType="13cdc9d9-ddb5-4fa4-a97d-d965ccfc6d4b" outcome="Passed" testListId="8c84fa94-04c1-424b-9868-57a2d4851a1d" relativeResultsDirectory="1fb7fb41-976a-4a08-a385-cd2b54403957" />
    <UnitTestResult executionId="945cd229-381c-473f-b82f-59c70e26a2a5" testId="48766a38-b57a-db8d-bd27-e5d95e90261d" testName="Biblia.Tests.Integration.ThemeVerseLinkRepositoryTests.Batch_CreatesReusesAvoidsDuplicatesAndUnlinkPreservesReference" computerName="WRSOFT" duration="00:00:00.6711002" startTime="2026-09-06T19:13:05.9237641-03:00" endTime="2026-09-06T19:13:06.6176124-03:00" testType="13cdc9d9-ddb5-4fa4-a97d-d965ccfc6d4b" outcome="Passed" testListId="8c84fa94-04c1-424b-9868-57a2d4851a1d" relativeResultsDirectory="945cd229-381c-473f-b82f-59c70e26a2a5" />
    <UnitTestResult executionId="df2d2c7f-b9e5-4cb2-abf0-e3a11b21b93a" testId="2961cb5f-de81-b83d-1322-978516e86a05" testName="Biblia.Tests.Application.ThemeReportServiceTests.All66BooksAreSortedAtApplicationBoundaryDespiteReverseRepositoryOrder" computerName="WRSOFT" duration="00:00:00.0632072" startTime="2026-09-06T19:13:24.9922904-03:00" endTime="2026-09-06T19:13:25.0555761-03:00" testType="13cdc9d9-ddb5-4fa4-a97d-d965ccfc6d4b" outcome="Passed" testListId="8c84fa94-04c1-424b-9868-57a2d4851a1d" relativeResultsDirectory="df2d2c7f-b9e5-4cb2-abf0-e3a11b21b93a" />
    <UnitTestResult executionId="8584cc40-4b6d-4103-97a0-06f654edfd12" testId="e0a815c2-6299-a92f-e1ab-88ad90dcb371" testName="Biblia.Tests.Infrastructure.ThemeVersePdfServiceTests.ThemeColorsAndEmptySectionAreSafe(color: null)" computerName="WRSOFT" duration="00:00:00.0977654" startTime="2026-09-06T19:13:14.5703202-03:00" endTime="2026-09-06T19:13:14.6682487-03:00" testType="13cdc9d9-ddb5-4fa4-a97d-d965ccfc6d4b" outcome="Passed" testListId="8c84fa94-04c1-424b-9868-57a2d4851a1d" relativeResultsDirectory="8584cc40-4b6d-4103-97a0-06f654edfd12" />
    <UnitTestResult executionId="c392a5dc-eab8-4029-af96-dc76819857b2" testId="61eec6b4-fc53-c72f-c588-b04753473566" testName="Biblia.Tests.Infrastructure.ThemeVersePdfServiceTests.LongUnbrokenTextIsNotClipped" computerName="WRSOFT" duration="00:00:00.2626002" startTime="2026-09-06T19:13:13.4850363-03:00" endTime="2026-09-06T19:13:13.7477638-03:00" testType="13cdc9d9-ddb5-4fa4-a97d-d965ccfc6d4b" outcome="Passed" testListId="8c84fa94-04c1-424b-9868-57a2d4851a1d" relativeResultsDirectory="c392a5dc-eab8-4029-af96-dc76819857b2" />
    <UnitTestResult executionId="127cc8cf-89e8-4654-93c5-c92788244a53" testId="e4c28e4c-4c31-0949-6a07-e91977444c27" testName="Biblia.Tests.Infrastructure.VerseCardRenderTests.RenderAsync_CreatesReadablePng(format: &quot;Quadrado 1:1&quot;, width: 1080, height: 1080)" computerName="WRSOFT" duration="00:00:00.9225208" startTime="2026-09-06T19:13:08.6873011-03:00" endTime="2026-09-06T19:13:09.6099061-03:00" testType="13cdc9d9-ddb5-4fa4-a97d-d965ccfc6d4b" outcome="Passed" testListId="8c84fa94-04c1-424b-9868-57a2d4851a1d" relativeResultsDirectory="127cc8cf-89e8-4654-93c5-c92788244a53" />
    <UnitTestResult executionId="47fee457-8f7a-4067-8a61-d0913890eeb6" testId="2d046d4a-7184-5b07-4a08-46cf51e5f412" testName="Biblia.Tests.Infrastructure.PdfTypographyTests.IndividualLimitsAreEnforced(r: 10, v: 9,5, o: 6,5)" computerName="WRSOFT" duration="00:00:00.0211771" startTime="2026-09-06T19:13:06.1330739-03:00" endTime="2026-09-06T19:13:06.1543687-03:00" testType="13cdc9d9-ddb5-4fa4-a97d-d965ccfc6d4b" outcome="Passed" testListId="8c84fa94-04c1-424b-9868-57a2d4851a1d" relativeResultsDirectory="47fee457-8f7a-4067-8a61-d0913890eeb6" />
    <UnitTestResult executionId="8f8d4daa-dc55-4f92-9948-838b86880b95" testId="9b137c73-9283-f654-84eb-ef4f1d9d736e" testName="Biblia.Tests.Application.ThemeReportServiceTests.AllThemesCanonicalOrderSelectedVersionAndLinkObservationArePreserved" computerName="WRSOFT" duration="00:00:00.1033415" startTime="2026-09-06T19:13:24.8229743-03:00" endTime="2026-09-06T19:13:24.9265619-03:00" testType="13cdc9d9-ddb5-4fa4-a97d-d965ccfc6d4b" outcome="Passed" testListId="8c84fa94-04c1-424b-9868-57a2d4851a1d" relativeResultsDirectory="8f8d4daa-dc55-4f92-9948-838b86880b95" />
    <UnitTestResult executionId="c77cf23b-3c53-47ac-8efe-3f8ca67d012c" testId="2e0dca87-3e0f-1d06-2dbf-ea2c77922e55" testName="Biblia.Tests.Infrastructure.PdfTypographyTests.IndividualLimitsAreEnforced(r: 24,5, v: 9,5, o: 9,5)" computerName="WRSOFT" duration="00:00:00.1831572" startTime="2026-09-06T19:13:05.9237797-03:00" endTime="2026-09-06T19:13:06.1300666-03:00" testType="13cdc9d9-ddb5-4fa4-a97d-d965ccfc6d4b" outcome="Passed" testListId="8c84fa94-04c1-424b-9868-57a2d4851a1d" relativeResultsDirectory="c77cf23b-3c53-47ac-8efe-3f8ca67d012c" />
    <UnitTestResult executionId="9ef26591-e927-49d1-b64c-43bfb8805329" testId="e9d4ae0b-1208-4847-92ca-61596d4ee084" testName="Biblia.Tests.Infrastructure.PdfTypographyTests.SameConcurrentServiceReloadsSizesAndRecalculatesPagination" computerName="WRSOFT" duration="00:00:15.6906874" startTime="2026-09-06T19:13:06.1597403-03:00" endTime="2026-09-06T19:13:21.8505352-03:00" testType="13cdc9d9-ddb5-4fa4-a97d-d965ccfc6d4b" outcome="Passed" testListId="8c84fa94-04c1-424b-9868-57a2d4851a1d" relativeResultsDirectory="9ef26591-e927-49d1-b64c-43bfb8805329" />
    <UnitTestResult executionId="7aaea87d-10af-4fc2-8b5c-87d371c8f353" testId="80aefbfc-deee-72a6-16e6-550a462874a4" testName="Biblia.Tests.Infrastructure.ThemeVersePdfServiceTests.SignatureMetadataPortugueseAndSingular" computerName="WRSOFT" duration="00:00:00.0958047" startTime="2026-09-06T19:13:14.1206192-03:00" endTime="2026-09-06T19:13:14.2165455-03:00" testType="13cdc9d9-ddb5-4fa4-a97d-d965ccfc6d4b" outcome="Passed" testListId="8c84fa94-04c1-424b-9868-57a2d4851a1d" relativeResultsDirectory="7aaea87d-10af-4fc2-8b5c-87d371c8f353" />
    <UnitTestResult executionId="0160598c-7cf8-4810-b50f-8e89dd4eba60" testId="4856131c-0188-3989-22c3-b58c4eaafe7d" testName="Biblia.Tests.Infrastructure.BackupServiceTests.Validate_RejectsMissingRequiredEntry(manifest: True, database: False, message: &quot;Backup sem banco do usuário.&quot;)" computerName="WRSOFT" duration="00:00:00.0574298" startTime="2026-09-06T19:13:07.6413899-03:00" endTime="2026-09-06T19:13:07.6989180-03:00" testType="13cdc9d9-ddb5-4fa4-a97d-d965ccfc6d4b" outcome="Passed" testListId="8c84fa94-04c1-424b-9868-57a2d4851a1d" relativeResultsDirectory="0160598c-7cf8-4810-b50f-8e89dd4eba60" />
    <UnitTestResult executionId="68473104-39d8-43ad-a2d0-572628087999" testId="bee0665d-dd46-7dc1-3490-295ff71c5c01" testName="Biblia.Tests.Infrastructure.ThemeTableOfContentsTests.EmptyReportHasAnEmptyContentsState" computerName="WRSOFT" duration="00:00:00.0610293" startTime="2026-09-06T19:13:39.2701032-03:00" endTime="2026-09-06T19:13:39.3312446-03:00" testType="13cdc9d9-ddb5-4fa4-a97d-d965ccfc6d4b" outcome="Passed" testListId="8c84fa94-04c1-424b-9868-57a2d4851a1d" relativeResultsDirectory="68473104-39d8-43ad-a2d0-572628087999" />
    <UnitTestResult executionId="f62266cc-d287-4bc6-b77d-2b01b8324ca8" testId="01a1d8a9-5c60-185a-fb5c-166d4c8ee5a7" testName="Biblia.Tests.Infrastructure.PdfTypographyTests.IndividualLimitsAreEnforced(r: 10, v: 7,5, o: 9,5)" computerName="WRSOFT" duration="00:00:00.0004349" startTime="2026-09-06T19:13:06.1551067-03:00" endTime="2026-09-06T19:13:06.1556333-03:00" testType="13cdc9d9-ddb5-4fa4-a97d-d965ccfc6d4b" outcome="Passed" testListId="8c84fa94-04c1-424b-9868-57a2d4851a1d" relativeResultsDirectory="f62266cc-d287-4bc6-b77d-2b01b8324ca8" />
    <UnitTestResult executionId="29b43a3a-2821-4d51-a21d-3663d69364f3" testId="ca8fb83d-d619-9776-3ebd-117c6a4c1e42" testName="Biblia.Tests.Infrastructure.BackupServiceTests.Restore_ReplacesDataAndDatabaseRemainsOperational" computerName="WRSOFT" duration="00:00:00.3269131" startTime="2026-09-06T19:13:07.7948417-03:00" endTime="2026-09-06T19:13:08.1218505-03:00" testType="13cdc9d9-ddb5-4fa4-a97d-d965ccfc6d4b" outcome="Passed" testListId="8c84fa94-04c1-424b-9868-57a2d4851a1d" relativeResultsDirectory="29b43a3a-2821-4d51-a21d-3663d69364f3" />
    <UnitTestResult executionId="75e4885a-28f8-46f7-be35-c27a1ad2afb3" testId="92cc7b1d-4068-fcf1-7e43-630fb3fd7c42" testName="Biblia.Tests.Infrastructure.PdfTypographyTests.MalformedStorageUsesDefaults(raw: &quot;NaN&quot;)" computerName="WRSOFT" duration="00:00:00.0597236" startTime="2026-09-06T19:13:44.2756041-03:00" endTime="2026-09-06T19:13:44.3354582-03:00" testType="13cdc9d9-ddb5-4fa4-a97d-d965ccfc6d4b" outcome="Passed" testListId="8c84fa94-04c1-424b-9868-57a2d4851a1d" relativeResultsDirectory="75e4885a-28f8-46f7-be35-c27a1ad2afb3" />
    <UnitTestResult executionId="02e073e3-902a-48d0-ad55-e1a9150db021" testId="20b802c4-39e2-5565-b93a-ab22ffc0e04d" testName="Biblia.Tests.Domain.BibleReferenceTests.Constructor_WithInvalidCoordinates_Throws(bookReferenceId: 67, chapter: 1, verse: 1)" computerName="WRSOFT" duration="00:00:00.0001202" startTime="2026-09-06T19:13:17.5065064-03:00" endTime="2026-09-06T19:13:17.5067293-03:00" testType="13cdc9d9-ddb5-4fa4-a97d-d965ccfc6d4b" outcome="Passed" testListId="8c84fa94-04c1-424b-9868-57a2d4851a1d" relativeResultsDirectory="02e073e3-902a-48d0-ad55-e1a9150db021" />
    <UnitTestResult executionId="8c6cab89-3438-4b53-af7e-cab43f814239" testId="f726a0ff-f40e-cdcc-ab2a-aae2924a2ce2" testName="Biblia.Tests.Infrastructure.ThemeVersePdfServiceTests.OversizedPassageOrObservationPreservesEveryWord(longObservation: False)" computerName="WRSOFT" duration="00:00:04.5182870" startTime="2026-09-06T19:13:06.8189326-03:00" endTime="2026-09-06T19:13:11.3373515-03:00" testType="13cdc9d9-ddb5-4fa4-a97d-d965ccfc6d4b" outcome="Passed" testListId="8c84fa94-04c1-424b-9868-57a2d4851a1d" relativeResultsDirectory="8c6cab89-3438-4b53-af7e-cab43f814239" />
    <UnitTestResult executionId="039a8e5d-c3e7-419f-b135-7eee082fe743" testId="ac6057ea-25d8-6c64-49bc-26f0f15787c7" testName="Biblia.Tests.Domain.BibleReferenceTests.Constructor_WithInvalidCoordinates_Throws(bookReferenceId: 1, chapter: 0, verse: 1)" computerName="WRSOFT" duration="00:00:00.0010993" startTime="2026-09-06T19:13:17.5045506-03:00" endTime="2026-09-06T19:13:17.5057610-03:00" testType="13cdc9d9-ddb5-4fa4-a97d-d965ccfc6d4b" outcome="Passed" testListId="8c84fa94-04c1-424b-9868-57a2d4851a1d" relativeResultsDirectory="039a8e5d-c3e7-419f-b135-7eee082fe743" />
    <UnitTestResult executionId="59e42f51-ddc0-4913-9a61-2e9608f7227b" testId="9de0706a-1b3d-31e6-d81e-54662bf91128" testName="Biblia.Tests.Infrastructure.PdfTypographyTests.MalformedStorageUsesDefaults(raw: &quot;&quot;)" computerName="WRSOFT" duration="00:00:00.0486900" startTime="2026-09-06T19:13:44.3362611-03:00" endTime="2026-09-06T19:13:44.3850605-03:00" testType="13cdc9d9-ddb5-4fa4-a97d-d965ccfc6d4b" outcome="Passed" testListId="8c84fa94-04c1-424b-9868-57a2d4851a1d" relativeResultsDirectory="59e42f51-ddc0-4913-9a61-2e9608f7227b" />
    <UnitTestResult executionId="dc33098b-3d7e-4eb2-9b11-bfd40bfa8444" testId="2b3c3f8f-c9b3-9950-ad19-1e33309bdc94" testName="Biblia.Tests.Infrastructure.PdfTypographyTests.InvalidValuesAreRejectedWithoutChangingSavedSettings(invalid: 0)" computerName="WRSOFT" duration="00:00:00.0445149" startTime="2026-09-06T19:13:43.9435578-03:00" endTime="2026-09-06T19:13:43.9881806-03:00" testType="13cdc9d9-ddb5-4fa4-a97d-d965ccfc6d4b" outcome="Passed" testListId="8c84fa94-04c1-424b-9868-57a2d4851a1d" relativeResultsDirectory="dc33098b-3d7e-4eb2-9b11-bfd40bfa8444" />
  </Results>
  <TestDefinitions>
    <UnitTest name="Biblia.Tests.Infrastructure.PdfTypographyTests.IndividualLimitsAreEnforced(r: 10, v: 9,5, o: 6,5)" storage="d:\projetos\biblia.web\biblia.web.tests\bin\release\net10.0\biblia.web.tests.dll" id="2d046d4a-7184-5b07-4a08-46cf51e5f412">
      <Execution id="47fee457-8f7a-4067-8a61-d0913890eeb6" />
      <TestMethod codeBase="D:\Projetos\Biblia.Web\Biblia.Web.Tests\bin\Release\net10.0\Biblia.Web.Tests.dll" adapterTypeName="executor://xunit/VsTestRunner3/netcore/" className="Biblia.Tests.Infrastructure.PdfTypographyTests" name="IndividualLimitsAreEnforced" />
    </UnitTest>
    <UnitTest name="Biblia.Tests.Infrastructure.BackupServiceTests.Restore_InvalidDatabase_PreservesActiveDatabaseAndCreatesSafetyBackup" storage="d:\projetos\biblia.web\biblia.web.tests\bin\release\net10.0\biblia.web.tests.dll" id="310f0617-5055-0bf4-278b-6108e48ce7f2">
      <Execution id="db39225c-1962-4e5c-8151-3eec68186f2a" />
      <TestMethod codeBase="D:\Projetos\Biblia.Web\Biblia.Web.Tests\bin\Release\net10.0\Biblia.Web.Tests.dll" adapterTypeName="executor://xunit/VsTestRunner3/netcore/" className="Biblia.Tests.Infrastructure.BackupServiceTests" name="Restore_InvalidDatabase_PreservesActiveDatabaseAndCreatesSafetyBackup" />
    </UnitTest>
    <UnitTest name="Biblia.Tests.Application.CanonicalThemeFlowTests.ReverseAndRandomLinkingSurviveReloadEditUnlinkVersionChangeAndPdf(random: True)" storage="d:\projetos\biblia.web\biblia.web.tests\bin\release\net10.0\biblia.web.tests.dll" id="19af2a5b-77fd-44a0-87d7-ef784a5704f0">
      <Execution id="d7f4609f-4a18-4ea0-8057-50d214a231e2" />
      <TestMethod codeBase="D:\Projetos\Biblia.Web\Biblia.Web.Tests\bin\Release\net10.0\Biblia.Web.Tests.dll" adapterTypeName="executor://xunit/VsTestRunner3/netcore/" className="Biblia.Tests.Application.CanonicalThemeFlowTests" name="ReverseAndRandomLinkingSurviveReloadEditUnlinkVersionChangeAndPdf" />
    </UnitTest>
    <UnitTest name="Biblia.Tests.Application.BookNameResolverTests.Resolve_FallsBackToCanonicalCatalogWhenNoVersionIsAvailable" storage="d:\projetos\biblia.web\biblia.web.tests\bin\release\net10.0\biblia.web.tests.dll" id="6f756038-5f16-0e04-3e59-27a57b49f847">
      <Execution id="2e81a026-e341-4fd2-9988-3ed5114a8648" />
      <TestMethod codeBase="D:\Projetos\Biblia.Web\Biblia.Web.Tests\bin\Release\net10.0\Biblia.Web.Tests.dll" adapterTypeName="executor://xunit/VsTestRunner3/netcore/" className="Biblia.Tests.Application.BookNameResolverTests" name="Resolve_FallsBackToCanonicalCatalogWhenNoVersionIsAvailable" />
    </UnitTest>
    <UnitTest name="Biblia.Tests.Application.BibleVersionImportServiceTests.ImportAsync_CopiesValidDatabaseRejectsCollisionsAndPreservesSource" storage="d:\projetos\biblia.web\biblia.web.tests\bin\release\net10.0\biblia.web.tests.dll" id="a6a4f3ab-a4d8-ce72-f369-35069d20a6a4">
      <Execution id="e3eac54e-bfc2-456e-b1a1-03a0062f92d1" />
      <TestMethod codeBase="D:\Projetos\Biblia.Web\Biblia.Web.Tests\bin\Release\net10.0\Biblia.Web.Tests.dll" adapterTypeName="executor://xunit/VsTestRunner3/netcore/" className="Biblia.Tests.Application.BibleVersionImportServiceTests" name="ImportAsync_CopiesValidDatabaseRejectsCollisionsAndPreservesSource" />
    </UnitTest>
    <UnitTest name="Biblia.Tests.Domain.BibleReferenceTests.Constructor_WithInvalidCoordinates_Throws(bookReferenceId: 0, chapter: 1, verse: 1)" storage="d:\projetos\biblia.web\biblia.web.tests\bin\release\net10.0\biblia.web.tests.dll" id="67dcebbc-6ad8-f993-6c35-e09a4f1cac97">
      <Execution id="2fb91a1d-eb06-4415-996e-93de8ef30954" />
      <TestMethod codeBase="D:\Projetos\Biblia.Web\Biblia.Web.Tests\bin\Release\net10.0\Biblia.Web.Tests.dll" adapterTypeName="executor://xunit/VsTestRunner3/netcore/" className="Biblia.Tests.Domain.BibleReferenceTests" name="Constructor_WithInvalidCoordinates_Throws" />
    </UnitTest>
    <UnitTest name="Biblia.Tests.Infrastructure.ThemeVersePdfServiceTests.ThemeColorsAndEmptySectionAreSafe(color: &quot;#12GG45&quot;)" storage="d:\projetos\biblia.web\biblia.web.tests\bin\release\net10.0\biblia.web.tests.dll" id="2207cdc5-371e-7b44-62f3-fcbba128d440">
      <Execution id="36b194ae-9ae5-4c93-83b0-462e82c9c029" />
      <TestMethod codeBase="D:\Projetos\Biblia.Web\Biblia.Web.Tests\bin\Release\net10.0\Biblia.Web.Tests.dll" adapterTypeName="executor://xunit/VsTestRunner3/netcore/" className="Biblia.Tests.Infrastructure.ThemeVersePdfServiceTests" name="ThemeColorsAndEmptySectionAreSafe" />
    </UnitTest>
    <UnitTest name="Biblia.Tests.BibleDataValidation.CanonicalIdentityTests.InvalidIdentityIsRejectedEvenWithValidVerseCounts(mutation: &quot;UPDATE book SET name=CASE id WHEN 1 THEN 'Apocalip&quot;···)" storage="d:\projetos\biblia.web\biblia.web.tests\bin\release\net10.0\biblia.web.tests.dll" id="9f6435a7-b19e-cc16-68dc-92c4ff50dc5f">
      <Execution id="b1d9a222-6d20-4f32-83c5-10fa2ec0c28c" />
      <TestMethod codeBase="D:\Projetos\Biblia.Web\Biblia.Web.Tests\bin\Release\net10.0\Biblia.Web.Tests.dll" adapterTypeName="executor://xunit/VsTestRunner3/netcore/" className="Biblia.Tests.BibleDataValidation.CanonicalIdentityTests" name="InvalidIdentityIsRejectedEvenWithValidVerseCounts" />
    </UnitTest>
    <UnitTest name="Biblia.Tests.Infrastructure.BackupServiceTests.Validate_RejectsMissingRequiredEntry(manifest: False, database: True, message: &quot;Backup sem manifesto.&quot;)" storage="d:\projetos\biblia.web\biblia.web.tests\bin\release\net10.0\biblia.web.tests.dll" id="5c1af33c-a399-8e1e-217b-6a18dfe058f8">
      <Execution id="a576edbd-de88-4cfe-b4e0-602e8008d090" />
      <TestMethod codeBase="D:\Projetos\Biblia.Web\Biblia.Web.Tests\bin\Release\net10.0\Biblia.Web.Tests.dll" adapterTypeName="executor://xunit/VsTestRunner3/netcore/" className="Biblia.Tests.Infrastructure.BackupServiceTests" name="Validate_RejectsMissingRequiredEntry" />
    </UnitTest>
    <UnitTest name="Biblia.Tests.Infrastructure.ThemeVersePdfServiceTests.ThemeColorsAndEmptySectionAreSafe(color: &quot;#FFFFFF&quot;)" storage="d:\projetos\biblia.web\biblia.web.tests\bin\release\net10.0\biblia.web.tests.dll" id="57c3e836-b550-1ba9-61b2-ea477020db25">
      <Execution id="2ef4423a-96aa-4ae9-97ee-8d91e5432c58" />
      <TestMethod codeBase="D:\Projetos\Biblia.Web\Biblia.Web.Tests\bin\Release\net10.0\Biblia.Web.Tests.dll" adapterTypeName="executor://xunit/VsTestRunner3/netcore/" className="Biblia.Tests.Infrastructure.ThemeVersePdfServiceTests" name="ThemeColorsAndEmptySectionAreSafe" />
    </UnitTest>
    <UnitTest name="Biblia.Tests.Infrastructure.VerseCardRenderTests.RenderAsync_InvalidBackground_UsesGradientFallback" storage="d:\projetos\biblia.web\biblia.web.tests\bin\release\net10.0\biblia.web.tests.dll" id="09846303-118e-bd98-33a6-9f485e07fb78">
      <Execution id="94728234-a1ae-4a5f-9141-905758e533c4" />
      <TestMethod codeBase="D:\Projetos\Biblia.Web\Biblia.Web.Tests\bin\Release\net10.0\Biblia.Web.Tests.dll" adapterTypeName="executor://xunit/VsTestRunner3/netcore/" className="Biblia.Tests.Infrastructure.VerseCardRenderTests" name="RenderAsync_InvalidBackground_UsesGradientFallback" />
    </UnitTest>
    <UnitTest name="Biblia.Tests.Infrastructure.PdfTypographyTests.MalformedStorageUsesDefaults(raw: &quot;&quot;)" storage="d:\projetos\biblia.web\biblia.web.tests\bin\release\net10.0\biblia.web.tests.dll" id="9de0706a-1b3d-31e6-d81e-54662bf91128">
      <Execution id="59e42f51-ddc0-4913-9a61-2e9608f7227b" />
      <TestMethod codeBase="D:\Projetos\Biblia.Web\Biblia.Web.Tests\bin\Release\net10.0\Biblia.Web.Tests.dll" adapterTypeName="executor://xunit/VsTestRunner3/netcore/" className="Biblia.Tests.Infrastructure.PdfTypographyTests" name="MalformedStorageUsesDefaults" />
    </UnitTest>
    <UnitTest name="Biblia.Tests.Domain.BibleReferenceFormatterTests.Format_Range_UsesEditorialDash" storage="d:\projetos\biblia.web\biblia.web.tests\bin\release\net10.0\biblia.web.tests.dll" id="55130aca-190e-b8a9-4ff1-fd19175a6497">
      <Execution id="4eca0c8c-8838-45cd-ba65-9dd4475b51a6" />
      <TestMethod codeBase="D:\Projetos\Biblia.Web\Biblia.Web.Tests\bin\Release\net10.0\Biblia.Web.Tests.dll" adapterTypeName="executor://xunit/VsTestRunner3/netcore/" className="Biblia.Tests.Domain.BibleReferenceFormatterTests" name="Format_Range_UsesEditorialDash" />
    </UnitTest>
    <UnitTest name="Biblia.Tests.Domain.VerseCardGreetingTests.Automatic_UsesLocalHour(hour: 4, expected: &quot;Boa noite!&quot;)" storage="d:\projetos\biblia.web\biblia.web.tests\bin\release\net10.0\biblia.web.tests.dll" id="45a4e1ea-c011-5d86-24c9-5738518a0aa7">
      <Execution id="523e37ff-ead5-48a5-9882-7056eb3541a4" />
      <TestMethod codeBase="D:\Projetos\Biblia.Web\Biblia.Web.Tests\bin\Release\net10.0\Biblia.Web.Tests.dll" adapterTypeName="executor://xunit/VsTestRunner3/netcore/" className="Biblia.Tests.Domain.VerseCardGreetingTests" name="Automatic_UsesLocalHour" />
    </UnitTest>
    <UnitTest name="Biblia.Tests.Application.BibleSearchServiceTests.SearchAsync_CombinesVersionsHonorsLimitAndFilters" storage="d:\projetos\biblia.web\biblia.web.tests\bin\release\net10.0\biblia.web.tests.dll" id="713f9c25-52ef-d240-7337-279992274524">
      <Execution id="1d62fbce-0bc3-41de-bafd-e2ed8deb233f" />
      <TestMethod codeBase="D:\Projetos\Biblia.Web\Biblia.Web.Tests\bin\Release\net10.0\Biblia.Web.Tests.dll" adapterTypeName="executor://xunit/VsTestRunner3/netcore/" className="Biblia.Tests.Application.BibleSearchServiceTests" name="SearchAsync_CombinesVersionsHonorsLimitAndFilters" />
    </UnitTest>
    <UnitTest name="Biblia.Tests.Integration.AppDatabaseTests.InitializeAndRepositories_ProvideVersionedConstrainedCrud" storage="d:\projetos\biblia.web\biblia.web.tests\bin\release\net10.0\biblia.web.tests.dll" id="92292e5f-c86d-4a84-2bf9-12797c283cba">
      <Execution id="002a15b1-4249-49d0-8fb9-5f094109cc93" />
      <TestMethod codeBase="D:\Projetos\Biblia.Web\Biblia.Web.Tests\bin\Release\net10.0\Biblia.Web.Tests.dll" adapterTypeName="executor://xunit/VsTestRunner3/netcore/" className="Biblia.Tests.Integration.AppDatabaseTests" name="InitializeAndRepositories_ProvideVersionedConstrainedCrud" />
    </UnitTest>
    <UnitTest name="Biblia.Tests.Infrastructure.VerseCardRenderTests.RenderAsync_CreatesReadablePng(format: &quot;Story 9:16&quot;, width: 1080, height: 1920)" storage="d:\projetos\biblia.web\biblia.web.tests\bin\release\net10.0\biblia.web.tests.dll" id="115872a4-941d-e363-1bc9-07f60130b64a">
      <Execution id="2db44f88-18cb-4f86-af89-c420bb693390" />
      <TestMethod codeBase="D:\Projetos\Biblia.Web\Biblia.Web.Tests\bin\Release\net10.0\Biblia.Web.Tests.dll" adapterTypeName="executor://xunit/VsTestRunner3/netcore/" className="Biblia.Tests.Infrastructure.VerseCardRenderTests" name="RenderAsync_CreatesReadablePng" />
    </UnitTest>
    <UnitTest name="Biblia.Tests.Infrastructure.PdfTypographyTests.IndividualLimitsAreEnforced(r: 10, v: 9,5, o: 20,5)" storage="d:\projetos\biblia.web\biblia.web.tests\bin\release\net10.0\biblia.web.tests.dll" id="b3783891-e186-d807-e50c-0b36fd83ddd6">
      <Execution id="fc7d5bfd-2549-44c4-b7ef-62e94ffe9f29" />
      <TestMethod codeBase="D:\Projetos\Biblia.Web\Biblia.Web.Tests\bin\Release\net10.0\Biblia.Web.Tests.dll" adapterTypeName="executor://xunit/VsTestRunner3/netcore/" className="Biblia.Tests.Infrastructure.PdfTypographyTests" name="IndividualLimitsAreEnforced" />
    </UnitTest>
    <UnitTest name="Biblia.Tests.Application.ThemeReportServiceTests.MissingReferenceOrPassageFailsInsteadOfSilentlyLosingData(missingReference: True, missingPassage: False)" storage="d:\projetos\biblia.web\biblia.web.tests\bin\release\net10.0\biblia.web.tests.dll" id="f828b6a8-addc-5a2a-711c-7876bb3fa776">
      <Execution id="1bb1d058-236d-41c9-b2a8-cd976f8a5c4c" />
      <TestMethod codeBase="D:\Projetos\Biblia.Web\Biblia.Web.Tests\bin\Release\net10.0\Biblia.Web.Tests.dll" adapterTypeName="executor://xunit/VsTestRunner3/netcore/" className="Biblia.Tests.Application.ThemeReportServiceTests" name="MissingReferenceOrPassageFailsInsteadOfSilentlyLosingData" />
    </UnitTest>
    <UnitTest name="Biblia.Tests.Application.BookNameResolverTests.Resolve_UsesPreferredThenActiveAndLoadsEachVersionOnce" storage="d:\projetos\biblia.web\biblia.web.tests\bin\release\net10.0\biblia.web.tests.dll" id="a40f9211-4bba-ea8c-b121-94c7c04833f8">
      <Execution id="79cf7c82-8336-42f3-96fc-f9c2c9db2ba0" />
      <TestMethod codeBase="D:\Projetos\Biblia.Web\Biblia.Web.Tests\bin\Release\net10.0\Biblia.Web.Tests.dll" adapterTypeName="executor://xunit/VsTestRunner3/netcore/" className="Biblia.Tests.Application.BookNameResolverTests" name="Resolve_UsesPreferredThenActiveAndLoadsEachVersionOnce" />
    </UnitTest>
    <UnitTest name="Biblia.Tests.Infrastructure.PdfTypographyTests.IndividualLimitsAreEnforced(r: 24,5, v: 9,5, o: 9,5)" storage="d:\projetos\biblia.web\biblia.web.tests\bin\release\net10.0\biblia.web.tests.dll" id="2e0dca87-3e0f-1d06-2dbf-ea2c77922e55">
      <Execution id="c77cf23b-3c53-47ac-8efe-3f8ca67d012c" />
      <TestMethod codeBase="D:\Projetos\Biblia.Web\Biblia.Web.Tests\bin\Release\net10.0\Biblia.Web.Tests.dll" adapterTypeName="executor://xunit/VsTestRunner3/netcore/" className="Biblia.Tests.Infrastructure.PdfTypographyTests" name="IndividualLimitsAreEnforced" />
    </UnitTest>
    <UnitTest name="Biblia.Tests.Infrastructure.PdfTypographyTests.MalformedStorageUsesDefaults(raw: &quot;NaN&quot;)" storage="d:\projetos\biblia.web\biblia.web.tests\bin\release\net10.0\biblia.web.tests.dll" id="92cc7b1d-4068-fcf1-7e43-630fb3fd7c42">
      <Execution id="75e4885a-28f8-46f7-be35-c27a1ad2afb3" />
      <TestMethod codeBase="D:\Projetos\Biblia.Web\Biblia.Web.Tests\bin\Release\net10.0\Biblia.Web.Tests.dll" adapterTypeName="executor://xunit/VsTestRunner3/netcore/" className="Biblia.Tests.Infrastructure.PdfTypographyTests" name="MalformedStorageUsesDefaults" />
    </UnitTest>
    <UnitTest name="Biblia.Tests.Infrastructure.PdfTypographyTests.SameConcurrentServiceReloadsSizesAndRecalculatesPagination" storage="d:\projetos\biblia.web\biblia.web.tests\bin\release\net10.0\biblia.web.tests.dll" id="e9d4ae0b-1208-4847-92ca-61596d4ee084">
      <Execution id="9ef26591-e927-49d1-b64c-43bfb8805329" />
      <TestMethod codeBase="D:\Projetos\Biblia.Web\Biblia.Web.Tests\bin\Release\net10.0\Biblia.Web.Tests.dll" adapterTypeName="executor://xunit/VsTestRunner3/netcore/" className="Biblia.Tests.Infrastructure.PdfTypographyTests" name="SameConcurrentServiceReloadsSizesAndRecalculatesPagination" />
    </UnitTest>
    <UnitTest name="Biblia.Tests.Infrastructure.PdfTypographyTests.IndividualLimitsAreEnforced(r: 7,5, v: 9,5, o: 9,5)" storage="d:\projetos\biblia.web\biblia.web.tests\bin\release\net10.0\biblia.web.tests.dll" id="4d879f90-8afb-b1ee-7b65-3e1ff259f9e5">
      <Execution id="2e60234e-05b3-4b43-a38e-2777ad3f4bcf" />
      <TestMethod codeBase="D:\Projetos\Biblia.Web\Biblia.Web.Tests\bin\Release\net10.0\Biblia.Web.Tests.dll" adapterTypeName="executor://xunit/VsTestRunner3/netcore/" className="Biblia.Tests.Infrastructure.PdfTypographyTests" name="IndividualLimitsAreEnforced" />
    </UnitTest>
    <UnitTest name="Biblia.Tests.Infrastructure.PdfTypographyTests.IndividualLimitsAreEnforced(r: 10, v: 7,5, o: 9,5)" storage="d:\projetos\biblia.web\biblia.web.tests\bin\release\net10.0\biblia.web.tests.dll" id="01a1d8a9-5c60-185a-fb5c-166d4c8ee5a7">
      <Execution id="f62266cc-d287-4bc6-b77d-2b01b8324ca8" />
      <TestMethod codeBase="D:\Projetos\Biblia.Web\Biblia.Web.Tests\bin\Release\net10.0\Biblia.Web.Tests.dll" adapterTypeName="executor://xunit/VsTestRunner3/netcore/" className="Biblia.Tests.Infrastructure.PdfTypographyTests" name="IndividualLimitsAreEnforced" />
    </UnitTest>
    <UnitTest name="Biblia.Tests.Infrastructure.ThemeVersePdfServiceTests.SignatureMetadataPortugueseAndSingular" storage="d:\projetos\biblia.web\biblia.web.tests\bin\release\net10.0\biblia.web.tests.dll" id="80aefbfc-deee-72a6-16e6-550a462874a4">
      <Execution id="7aaea87d-10af-4fc2-8b5c-87d371c8f353" />
      <TestMethod codeBase="D:\Projetos\Biblia.Web\Biblia.Web.Tests\bin\Release\net10.0\Biblia.Web.Tests.dll" adapterTypeName="executor://xunit/VsTestRunner3/netcore/" className="Biblia.Tests.Infrastructure.ThemeVersePdfServiceTests" name="SignatureMetadataPortugueseAndSingular" />
    </UnitTest>
    <UnitTest name="Biblia.Tests.Application.ThemeReportServiceTests.ThemeFilterIsRespected" storage="d:\projetos\biblia.web\biblia.web.tests\bin\release\net10.0\biblia.web.tests.dll" id="8e7064ee-a641-47ae-fe97-6db7a4c81880">
      <Execution id="f66643c5-253f-4400-a1a1-8a99c2168d03" />
      <TestMethod codeBase="D:\Projetos\Biblia.Web\Biblia.Web.Tests\bin\Release\net10.0\Biblia.Web.Tests.dll" adapterTypeName="executor://xunit/VsTestRunner3/netcore/" className="Biblia.Tests.Application.ThemeReportServiceTests" name="ThemeFilterIsRespected" />
    </UnitTest>
    <UnitTest name="Biblia.Tests.Infrastructure.PdfTypographyTests.InvalidValuesAreRejectedWithoutChangingSavedSettings(invalid: NaN)" storage="d:\projetos\biblia.web\biblia.web.tests\bin\release\net10.0\biblia.web.tests.dll" id="cfe91482-da6a-77c2-4af3-522a89d084bc">
      <Execution id="74a716b2-cc24-4752-8f26-119bfbe20bdf" />
      <TestMethod codeBase="D:\Projetos\Biblia.Web\Biblia.Web.Tests\bin\Release\net10.0\Biblia.Web.Tests.dll" adapterTypeName="executor://xunit/VsTestRunner3/netcore/" className="Biblia.Tests.Infrastructure.PdfTypographyTests" name="InvalidValuesAreRejectedWithoutChangingSavedSettings" />
    </UnitTest>
    <UnitTest name="Biblia.Tests.Infrastructure.ThemeTableOfContentsTests.ContentsNumbersLinksAndBookmarksMatchActualHeaders(themeCount: 5)" storage="d:\projetos\biblia.web\biblia.web.tests\bin\release\net10.0\biblia.web.tests.dll" id="9e015c71-237e-aca6-cbea-d13200b1a1c2">
      <Execution id="399f4e91-2d90-4a11-a771-d1ff9f3b3da3" />
      <TestMethod codeBase="D:\Projetos\Biblia.Web\Biblia.Web.Tests\bin\Release\net10.0\Biblia.Web.Tests.dll" adapterTypeName="executor://xunit/VsTestRunner3/netcore/" className="Biblia.Tests.Infrastructure.ThemeTableOfContentsTests" name="ContentsNumbersLinksAndBookmarksMatchActualHeaders" />
    </UnitTest>
    <UnitTest name="Biblia.Tests.Infrastructure.BackupServiceTests.Validate_RejectsNewerSchema" storage="d:\projetos\biblia.web\biblia.web.tests\bin\release\net10.0\biblia.web.tests.dll" id="0a7c25ce-aa35-71ce-c56a-8fec80d8f643">
      <Execution id="2cd5aaab-1d69-469e-93b4-bc95a49b561d" />
      <TestMethod codeBase="D:\Projetos\Biblia.Web\Biblia.Web.Tests\bin\Release\net10.0\Biblia.Web.Tests.dll" adapterTypeName="executor://xunit/VsTestRunner3/netcore/" className="Biblia.Tests.Infrastructure.BackupServiceTests" name="Validate_RejectsNewerSchema" />
    </UnitTest>
    <UnitTest name="Biblia.Tests.Infrastructure.ThemeTableOfContentsTests.ContentsNumbersLinksAndBookmarksMatchActualHeaders(themeCount: 1)" storage="d:\projetos\biblia.web\biblia.web.tests\bin\release\net10.0\biblia.web.tests.dll" id="430031a8-37f3-90e9-75cf-325f32c57ef4">
      <Execution id="52bb8f88-a642-45cf-ba56-647bc42d3c96" />
      <TestMethod codeBase="D:\Projetos\Biblia.Web\Biblia.Web.Tests\bin\Release\net10.0\Biblia.Web.Tests.dll" adapterTypeName="executor://xunit/VsTestRunner3/netcore/" className="Biblia.Tests.Infrastructure.ThemeTableOfContentsTests" name="ContentsNumbersLinksAndBookmarksMatchActualHeaders" />
    </UnitTest>
    <UnitTest name="Biblia.Tests.Infrastructure.ThemeVersePdfServiceTests.OversizedPassageOrObservationPreservesEveryWord(longObservation: True)" storage="d:\projetos\biblia.web\biblia.web.tests\bin\release\net10.0\biblia.web.tests.dll" id="17dd8d1e-38f1-cadb-6959-9c4355f33173">
      <Execution id="8303789e-8820-4fe5-95a4-2afbf6cfb569" />
      <TestMethod codeBase="D:\Projetos\Biblia.Web\Biblia.Web.Tests\bin\Release\net10.0\Biblia.Web.Tests.dll" adapterTypeName="executor://xunit/VsTestRunner3/netcore/" className="Biblia.Tests.Infrastructure.ThemeVersePdfServiceTests" name="OversizedPassageOrObservationPreservesEveryWord" />
    </UnitTest>
    <UnitTest name="Biblia.Tests.BibleDataValidation.BibleValidationServiceTests.ValidateAsync_ClassifiesValidAndDuplicateDatabases" storage="d:\projetos\biblia.web\biblia.web.tests\bin\release\net10.0\biblia.web.tests.dll" id="e1db7384-b95a-fe76-44fa-db179031f32f">
      <Execution id="33bfd0f6-e9b3-4d55-84e4-9ad0a3d7e639" />
[...]
      <Execution id="6a6e16cd-6fad-4b4c-be57-f4396604a600" />
      <TestMethod codeBase="D:\Projetos\Biblia.Web\Biblia.Web.Tests\bin\Release\net10.0\Biblia.Web.Tests.dll" adapterTypeName="executor://xunit/VsTestRunner3/netcore/" className="Biblia.Tests.Infrastructure.PdfTypographyTests" name="InvalidValuesAreRejectedWithoutChangingSavedSettings" />
    </UnitTest>
    <UnitTest name="Biblia.Tests.BibleDataValidation.CanonicalIdentityTests.InvalidIdentityIsRejectedEvenWithValidVerseCounts(mutation: &quot;UPDATE book SET book_reference_id=1 WHERE id=2&quot;)" storage="d:\projetos\biblia.web\biblia.web.tests\bin\release\net10.0\biblia.web.tests.dll" id="4c35a197-db8e-159c-d032-93174828ae42">
      <Execution id="2892ce9f-7aa4-45ec-9a82-59b4b3849a12" />
      <TestMethod codeBase="D:\Projetos\Biblia.Web\Biblia.Web.Tests\bin\Release\net10.0\Biblia.Web.Tests.dll" adapterTypeName="executor://xunit/VsTestRunner3/netcore/" className="Biblia.Tests.BibleDataValidation.CanonicalIdentityTests" name="InvalidIdentityIsRejectedEvenWithValidVerseCounts" />
    </UnitTest>
    <UnitTest name="Biblia.Tests.BibleDataValidation.CanonicalIdentityTests.CatalogHasAllPositionsAndUnambiguousAliases" storage="d:\projetos\biblia.web\biblia.web.tests\bin\release\net10.0\biblia.web.tests.dll" id="97c28469-29aa-8c6b-60cb-4b394bfa2c20">
      <Execution id="9b24cc39-f9ff-41a6-8df8-6d1999b43eec" />
      <TestMethod codeBase="D:\Projetos\Biblia.Web\Biblia.Web.Tests\bin\Release\net10.0\Biblia.Web.Tests.dll" adapterTypeName="executor://xunit/VsTestRunner3/netcore/" className="Biblia.Tests.BibleDataValidation.CanonicalIdentityTests" name="CatalogHasAllPositionsAndUnambiguousAliases" />
    </UnitTest>
  </TestDefinitions>
  <TestEntries>
    <TestEntry testId="8b6ae88c-0092-2f1e-fc7d-04b024a316fd" executionId="6674e667-6225-47ae-a1fe-09b493d80754" testListId="8c84fa94-04c1-424b-9868-57a2d4851a1d" />
    <TestEntry testId="cdfa4214-e4a5-3f29-8bde-824c52fc1e7e" executionId="d787f2b2-15bb-47ba-83b8-3eea1d70fd75" testListId="8c84fa94-04c1-424b-9868-57a2d4851a1d" />
    <TestEntry testId="09846303-118e-bd98-33a6-9f485e07fb78" executionId="94728234-a1ae-4a5f-9141-905758e533c4" testListId="8c84fa94-04c1-424b-9868-57a2d4851a1d" />
    <TestEntry testId="a6a4f3ab-a4d8-ce72-f369-35069d20a6a4" executionId="e3eac54e-bfc2-456e-b1a1-03a0062f92d1" testListId="8c84fa94-04c1-424b-9868-57a2d4851a1d" />
    <TestEntry testId="53d751c1-83b5-148d-93d0-ee35b063e8cc" executionId="19489dcb-745e-4a9f-98c3-276c84a202fb" testListId="8c84fa94-04c1-424b-9868-57a2d4851a1d" />
    <TestEntry testId="fb889e5d-0aed-94fb-9dbb-4d35e7905dcb" executionId="f2a15a07-36c3-489f-a918-794e29f48f70" testListId="8c84fa94-04c1-424b-9868-57a2d4851a1d" />
    <TestEntry testId="c2c4c8c4-fa86-77a2-89d9-51470480fab6" executionId="5030f78f-5298-4af9-854d-0e1eeb9684b4" testListId="8c84fa94-04c1-424b-9868-57a2d4851a1d" />
    <TestEntry testId="9f6435a7-b19e-cc16-68dc-92c4ff50dc5f" executionId="b1d9a222-6d20-4f32-83c5-10fa2ec0c28c" testListId="8c84fa94-04c1-424b-9868-57a2d4851a1d" />
    <TestEntry testId="cb063822-beff-f929-44ce-39fbff086c2c" executionId="6c8e3cc9-b504-4b97-a26e-58dc0e8c93ad" testListId="8c84fa94-04c1-424b-9868-57a2d4851a1d" />
    <TestEntry testId="0a7c25ce-aa35-71ce-c56a-8fec80d8f643" executionId="2cd5aaab-1d69-469e-93b4-bc95a49b561d" testListId="8c84fa94-04c1-424b-9868-57a2d4851a1d" />
    <TestEntry testId="758c2ae0-1372-ecee-23d4-fc400e572f30" executionId="e47b4ee1-c243-4da4-9146-1b04a8e27f82" testListId="8c84fa94-04c1-424b-9868-57a2d4851a1d" />
    <TestEntry testId="d71fce58-4e99-edfb-1269-07b892f913e5" executionId="72cba19b-fd5d-4802-9d6f-7de5b0acc955" testListId="8c84fa94-04c1-424b-9868-57a2d4851a1d" />
    <TestEntry testId="bbfa1c36-4ddd-7de7-5096-96764fe76456" executionId="da37103c-f675-40aa-ae0a-a124fb7fd4f2" testListId="8c84fa94-04c1-424b-9868-57a2d4851a1d" />
    <TestEntry testId="21326b6d-2ade-0225-baf2-2d6b14837191" executionId="604d039a-279b-46cb-9145-1b58a0d5a5cb" testListId="8c84fa94-04c1-424b-9868-57a2d4851a1d" />
    <TestEntry testId="b3783891-e186-d807-e50c-0b36fd83ddd6" executionId="fc7d5bfd-2549-44c4-b7ef-62e94ffe9f29" testListId="8c84fa94-04c1-424b-9868-57a2d4851a1d" />
    <TestEntry testId="e4dc7002-df71-a121-7b5f-6ac594c178b3" executionId="213dcbfb-e3f5-4f3d-b45a-4dcc27b821ee" testListId="8c84fa94-04c1-424b-9868-57a2d4851a1d" />
    <TestEntry testId="115872a4-941d-e363-1bc9-07f60130b64a" executionId="2db44f88-18cb-4f86-af89-c420bb693390" testListId="8c84fa94-04c1-424b-9868-57a2d4851a1d" />
    <TestEntry testId="cddb107f-cfef-079d-65d0-3244201b4951" executionId="e0d9f89f-cb21-4b05-abb1-e05721066327" testListId="8c84fa94-04c1-424b-9868-57a2d4851a1d" />
    <TestEntry testId="4d879f90-8afb-b1ee-7b65-3e1ff259f9e5" executionId="2e60234e-05b3-4b43-a38e-2777ad3f4bcf" testListId="8c84fa94-04c1-424b-9868-57a2d4851a1d" />
    <TestEntry testId="568241a0-1981-77a2-8e45-6957f3a9201d" executionId="4c9e6124-4324-4508-b74e-77de65cee636" testListId="8c84fa94-04c1-424b-9868-57a2d4851a1d" />
    <TestEntry testId="839a6a38-3efe-d08d-e5e6-b14883831c1d" executionId="eb40f631-ebdf-4f80-a900-e511a1136b8a" testListId="8c84fa94-04c1-424b-9868-57a2d4851a1d" />
    <TestEntry testId="430031a8-37f3-90e9-75cf-325f32c57ef4" executionId="52bb8f88-a642-45cf-ba56-647bc42d3c96" testListId="8c84fa94-04c1-424b-9868-57a2d4851a1d" />
    <TestEntry testId="3dc87e31-f86f-a458-a64d-c63968c336ab" executionId="1c686669-3489-4df8-a331-66bd546b96f7" testListId="8c84fa94-04c1-424b-9868-57a2d4851a1d" />
    <TestEntry testId="4c35a197-db8e-159c-d032-93174828ae42" executionId="2892ce9f-7aa4-45ec-9a82-59b4b3849a12" testListId="8c84fa94-04c1-424b-9868-57a2d4851a1d" />
    <TestEntry testId="0e0da6f3-80d7-f4f4-f0af-5817ea1d0445" executionId="1f7260fa-f684-4a45-82fc-2ab5561d49fd" testListId="8c84fa94-04c1-424b-9868-57a2d4851a1d" />
    <TestEntry testId="e077af05-f9ae-8dab-12ae-71862d5f9a0c" executionId="c25171d2-83af-4de6-91a2-ca8b681e7437" testListId="8c84fa94-04c1-424b-9868-57a2d4851a1d" />
    <TestEntry testId="625e89ff-47a4-e931-348e-2415fd910e48" executionId="0e961b58-0a5f-40c7-9a1d-1b113281a7ee" testListId="8c84fa94-04c1-424b-9868-57a2d4851a1d" />
    <TestEntry testId="92292e5f-c86d-4a84-2bf9-12797c283cba" executionId="002a15b1-4249-49d0-8fb9-5f094109cc93" testListId="8c84fa94-04c1-424b-9868-57a2d4851a1d" />
    <TestEntry testId="9e015c71-237e-aca6-cbea-d13200b1a1c2" executionId="399f4e91-2d90-4a11-a771-d1ff9f3b3da3" testListId="8c84fa94-04c1-424b-9868-57a2d4851a1d" />
    <TestEntry testId="03641a0c-dca8-5c35-97d6-084c67b58f7f" executionId="e5687a35-482e-475c-9d45-44a7a8e51cf7" testListId="8c84fa94-04c1-424b-9868-57a2d4851a1d" />
    <TestEntry testId="310f0617-5055-0bf4-278b-6108e48ce7f2" executionId="db39225c-1962-4e5c-8151-3eec68186f2a" testListId="8c84fa94-04c1-424b-9868-57a2d4851a1d" />
    <TestEntry testId="3d5d1771-b95f-4322-6bc0-626e96ea4fec" executionId="439f666e-e231-40ac-bb70-dba7a977fcc0" testListId="8c84fa94-04c1-424b-9868-57a2d4851a1d" />
    <TestEntry testId="9e0c55cf-296a-532e-bb7b-ad27cee18272" executionId="68ed42d2-52b8-4bd9-b851-22355da70991" testListId="8c84fa94-04c1-424b-9868-57a2d4851a1d" />
    <TestEntry testId="8dc0e2e0-f947-1d7d-95d0-cfe40f7a89b0" executionId="6a6e16cd-6fad-4b4c-be57-f4396604a600" testListId="8c84fa94-04c1-424b-9868-57a2d4851a1d" />
    <TestEntry testId="eaa2a6ab-b85a-b9cf-599f-78d29eae339e" executionId="5ce352b1-64f0-489f-8812-6caa8a079ca8" testListId="8c84fa94-04c1-424b-9868-57a2d4851a1d" />
    <TestEntry testId="c0464491-cdf5-6b15-c23b-9d4423b74a2a" executionId="8a90a932-1d5e-4fd0-8a10-7ec334ade9c0" testListId="8c84fa94-04c1-424b-9868-57a2d4851a1d" />
    <TestEntry testId="e975532e-92e3-61c7-1c53-abbbfa29bd07" executionId="86ecdcf4-7480-4ed1-92b5-03b09aca6a7a" testListId="8c84fa94-04c1-424b-9868-57a2d4851a1d" />
    <TestEntry testId="97c28469-29aa-8c6b-60cb-4b394bfa2c20" executionId="9b24cc39-f9ff-41a6-8df8-6d1999b43eec" testListId="8c84fa94-04c1-424b-9868-57a2d4851a1d" />
    <TestEntry testId="c1151c31-32ea-9a5f-d784-05d2708f5747" executionId="cd2ff1ec-f377-40f2-9b2f-cca3c7a83b8a" testListId="8c84fa94-04c1-424b-9868-57a2d4851a1d" />
    <TestEntry testId="f39b3dd2-aaec-1328-7394-4e5c45b98e30" executionId="0c6524a9-861e-4af9-a958-6eacd1bda44c" testListId="8c84fa94-04c1-424b-9868-57a2d4851a1d" />
    <TestEntry testId="7ae5c897-8481-d8b9-4bc7-e422e54dc458" executionId="129d81e2-af55-48f5-995c-f793a79af06a" testListId="8c84fa94-04c1-424b-9868-57a2d4851a1d" />
    <TestEntry testId="7bcdf319-4ede-eb8f-882f-6b0490d655ca" executionId="7fd36f1f-0956-42de-986f-c4cbd12ec0e0" testListId="8c84fa94-04c1-424b-9868-57a2d4851a1d" />
    <TestEntry testId="13234007-4075-7fa0-6438-02bcb37e4f9f" executionId="41a09d73-c37c-4b86-875b-17f03e12b557" testListId="8c84fa94-04c1-424b-9868-57a2d4851a1d" />
    <TestEntry testId="19af2a5b-77fd-44a0-87d7-ef784a5704f0" executionId="d7f4609f-4a18-4ea0-8057-50d214a231e2" testListId="8c84fa94-04c1-424b-9868-57a2d4851a1d" />
    <TestEntry testId="e1db7384-b95a-fe76-44fa-db179031f32f" executionId="33bfd0f6-e9b3-4d55-84e4-9ad0a3d7e639" testListId="8c84fa94-04c1-424b-9868-57a2d4851a1d" />
    <TestEntry testId="5c1af33c-a399-8e1e-217b-6a18dfe058f8" executionId="a576edbd-de88-4cfe-b4e0-602e8008d090" testListId="8c84fa94-04c1-424b-9868-57a2d4851a1d" />
    <TestEntry testId="c301376c-d5ad-7a67-918b-bfc5a74c84a4" executionId="2239283f-71a6-4f26-b301-fa43e9eefa7d" testListId="8c84fa94-04c1-424b-9868-57a2d4851a1d" />
    <TestEntry testId="9e6b2eea-04c5-f9de-4c7f-e9df65983bcf" executionId="0cb331b2-9d6f-4fe9-a299-772523477222" testListId="8c84fa94-04c1-424b-9868-57a2d4851a1d" />
    <TestEntry testId="67dcebbc-6ad8-f993-6c35-e09a4f1cac97" executionId="2fb91a1d-eb06-4415-996e-93de8ef30954" testListId="8c84fa94-04c1-424b-9868-57a2d4851a1d" />
    <TestEntry testId="2942cd9c-5695-a90c-dd59-124b7efe2a7b" executionId="f34b314c-7d86-4d34-ab6b-f439040e1ada" testListId="8c84fa94-04c1-424b-9868-57a2d4851a1d" />
    <TestEntry testId="c94df200-8d1e-dba7-fd12-d9d78c36019a" executionId="209305f0-209d-4145-b41d-1b566a387d48" testListId="8c84fa94-04c1-424b-9868-57a2d4851a1d" />
    <TestEntry testId="2207cdc5-371e-7b44-62f3-fcbba128d440" executionId="36b194ae-9ae5-4c93-83b0-462e82c9c029" testListId="8c84fa94-04c1-424b-9868-57a2d4851a1d" />
    <TestEntry testId="56813368-47df-c632-657a-c764ec5046fd" executionId="e49453a2-47b1-4ba4-b28b-354287656fd6" testListId="8c84fa94-04c1-424b-9868-57a2d4851a1d" />
    <TestEntry testId="268d7eda-e0f6-0d3e-8851-df127a6382ec" executionId="5fd11ab3-999e-4fea-a939-2572adebb451" testListId="8c84fa94-04c1-424b-9868-57a2d4851a1d" />
    <TestEntry testId="ae4eb713-3aa2-131b-35cb-e782e30dfc57" executionId="94ff4ba7-be36-486d-951b-30ad11c05de3" testListId="8c84fa94-04c1-424b-9868-57a2d4851a1d" />
    <TestEntry testId="775fea1c-f593-676f-f2a4-bf240a185560" executionId="dd8d3c0e-1afe-488b-9a5f-423be629dad4" testListId="8c84fa94-04c1-424b-9868-57a2d4851a1d" />
    <TestEntry testId="57c3e836-b550-1ba9-61b2-ea477020db25" executionId="2ef4423a-96aa-4ae9-97ee-8d91e5432c58" testListId="8c84fa94-04c1-424b-9868-57a2d4851a1d" />
    <TestEntry testId="2eb2aee3-e1ad-55a7-0134-2d2e95b6556f" executionId="15f622fa-d8a8-47c8-89e9-99b80b4a99c2" testListId="8c84fa94-04c1-424b-9868-57a2d4851a1d" />
    <TestEntry testId="f1ca0824-5dd9-43a7-54ff-b1b7e0f37bcb" executionId="ef5bdc2d-4454-4e54-871d-a2bf94980ed7" testListId="8c84fa94-04c1-424b-9868-57a2d4851a1d" />
    <TestEntry testId="11b420c8-daac-ab11-a26e-ece4e434bb58" executionId="116a7d9d-825d-42be-804f-bf6cf8718baf" testListId="8c84fa94-04c1-424b-9868-57a2d4851a1d" />
    <TestEntry testId="e51a6325-82df-03d8-1d61-38da78711855" executionId="4c378d13-ef87-4d70-998d-af963c23552e" testListId="8c84fa94-04c1-424b-9868-57a2d4851a1d" />
    <TestEntry testId="55130aca-190e-b8a9-4ff1-fd19175a6497" executionId="4eca0c8c-8838-45cd-ba65-9dd4475b51a6" testListId="8c84fa94-04c1-424b-9868-57a2d4851a1d" />
    <TestEntry testId="71ba1830-a692-9e71-6513-2c9f40e7dc5d" executionId="3c53aaa8-993b-4173-bba7-a84a84f83eb1" testListId="8c84fa94-04c1-424b-9868-57a2d4851a1d" />
    <TestEntry testId="eced9a8c-1491-c03d-b207-0748b7407ca5" executionId="4c3036f5-0714-4c9b-a0df-66cccbdc3ea1" testListId="8c84fa94-04c1-424b-9868-57a2d4851a1d" />
    <TestEntry testId="2c3f528e-0321-a2d3-288f-60ff797a8d17" executionId="f2cdac36-0009-4199-8c39-09488946a56d" testListId="8c84fa94-04c1-424b-9868-57a2d4851a1d" />
    <TestEntry testId="713f9c25-52ef-d240-7337-279992274524" executionId="1d62fbce-0bc3-41de-bafd-e2ed8deb233f" testListId="8c84fa94-04c1-424b-9868-57a2d4851a1d" />
    <TestEntry testId="6f756038-5f16-0e04-3e59-27a57b49f847" executionId="2e81a026-e341-4fd2-9988-3ed5114a8648" testListId="8c84fa94-04c1-424b-9868-57a2d4851a1d" />
    <TestEntry testId="c69003f0-cc4c-19da-ffdd-d2bba7dbb281" executionId="f9f79a6d-5b55-43e6-8df4-3ea0a4b20be8" testListId="8c84fa94-04c1-424b-9868-57a2d4851a1d" />
    <TestEntry testId="f828b6a8-addc-5a2a-711c-7876bb3fa776" executionId="1bb1d058-236d-41c9-b2a8-cd976f8a5c4c" testListId="8c84fa94-04c1-424b-9868-57a2d4851a1d" />
    <TestEntry testId="6061dfe6-8fc1-dc78-bf19-4daf406b55e8" executionId="16a7ad3b-f7bb-41fe-be33-8ae7acb8b223" testListId="8c84fa94-04c1-424b-9868-57a2d4851a1d" />
    <TestEntry testId="8e7064ee-a641-47ae-fe97-6db7a4c81880" executionId="f66643c5-253f-4400-a1a1-8a99c2168d03" testListId="8c84fa94-04c1-424b-9868-57a2d4851a1d" />
    <TestEntry testId="df983083-6492-ff38-0a89-3abb3ffe2756" executionId="c6665fe5-4af4-48b9-b22e-8db317f8a260" testListId="8c84fa94-04c1-424b-9868-57a2d4851a1d" />
    <TestEntry testId="cfe91482-da6a-77c2-4af3-522a89d084bc" executionId="74a716b2-cc24-4752-8f26-119bfbe20bdf" testListId="8c84fa94-04c1-424b-9868-57a2d4851a1d" />
    <TestEntry testId="17dd8d1e-38f1-cadb-6959-9c4355f33173" executionId="8303789e-8820-4fe5-95a4-2afbf6cfb569" testListId="8c84fa94-04c1-424b-9868-57a2d4851a1d" />
    <TestEntry testId="a3466caa-a0d6-ba3b-5d94-51757fc9d4b0" executionId="d0fdd7e4-d4f2-4b7e-b9a7-91f2d95c4aec" testListId="8c84fa94-04c1-424b-9868-57a2d4851a1d" />
    <TestEntry testId="45a4e1ea-c011-5d86-24c9-5738518a0aa7" executionId="523e37ff-ead5-48a5-9882-7056eb3541a4" testListId="8c84fa94-04c1-424b-9868-57a2d4851a1d" />
    <TestEntry testId="59c10125-fdd7-e5cd-bafc-a1e6f4da820a" executionId="a31d0c09-12cf-421e-bfd6-6a77f95550ac" testListId="8c84fa94-04c1-424b-9868-57a2d4851a1d" />
    <TestEntry testId="84bff9ff-abea-69b5-dc2c-111e1fae306d" executionId="0510d453-967b-4dd0-8333-05d5c41fc532" testListId="8c84fa94-04c1-424b-9868-57a2d4851a1d" />
    <TestEntry testId="36b2e11e-ccd7-865e-e385-dcd4bf847f18" executionId="97b1dadb-4e9d-4047-910d-57cc736ec74b" testListId="8c84fa94-04c1-424b-9868-57a2d4851a1d" />
    <TestEntry testId="a40f9211-4bba-ea8c-b121-94c7c04833f8" executionId="79cf7c82-8336-42f3-96fc-f9c2c9db2ba0" testListId="8c84fa94-04c1-424b-9868-57a2d4851a1d" />
    <TestEntry testId="8fb4db30-b71b-dfb9-21c5-c7a1705efcc5" executionId="dfc6bad5-37a7-4dde-bed1-537923809b5a" testListId="8c84fa94-04c1-424b-9868-57a2d4851a1d" />
    <TestEntry testId="8cf31419-7ed2-f044-41f9-a3cfc154818c" executionId="fb5c630f-09e1-40d1-bfd7-139f5c83b34f" testListId="8c84fa94-04c1-424b-9868-57a2d4851a1d" />
    <TestEntry testId="c8c657f4-c5c4-c4c9-a6ca-25570cc5eb9f" executionId="97e252b8-0120-4ee7-8c56-bb3f00742780" testListId="8c84fa94-04c1-424b-9868-57a2d4851a1d" />
    <TestEntry testId="d2b358a1-4e7e-bb46-1ed1-6df4fdd2d3ef" executionId="1fb7fb41-976a-4a08-a385-cd2b54403957" testListId="8c84fa94-04c1-424b-9868-57a2d4851a1d" />
    <TestEntry testId="48766a38-b57a-db8d-bd27-e5d95e90261d" executionId="945cd229-381c-473f-b82f-59c70e26a2a5" testListId="8c84fa94-04c1-424b-9868-57a2d4851a1d" />
    <TestEntry testId="2961cb5f-de81-b83d-1322-978516e86a05" executionId="df2d2c7f-b9e5-4cb2-abf0-e3a11b21b93a" testListId="8c84fa94-04c1-424b-9868-57a2d4851a1d" />
    <TestEntry testId="e0a815c2-6299-a92f-e1ab-88ad90dcb371" executionId="8584cc40-4b6d-4103-97a0-06f654edfd12" testListId="8c84fa94-04c1-424b-9868-57a2d4851a1d" />
    <TestEntry testId="61eec6b4-fc53-c72f-c588-b04753473566" executionId="c392a5dc-eab8-4029-af96-dc76819857b2" testListId="8c84fa94-04c1-424b-9868-57a2d4851a1d" />
    <TestEntry testId="e4c28e4c-4c31-0949-6a07-e91977444c27" executionId="127cc8cf-89e8-4654-93c5-c92788244a53" testListId="8c84fa94-04c1-424b-9868-57a2d4851a1d" />
    <TestEntry testId="2d046d4a-7184-5b07-4a08-46cf51e5f412" executionId="47fee457-8f7a-4067-8a61-d0913890eeb6" testListId="8c84fa94-04c1-424b-9868-57a2d4851a1d" />
    <TestEntry testId="9b137c73-9283-f654-84eb-ef4f1d9d736e" executionId="8f8d4daa-dc55-4f92-9948-838b86880b95" testListId="8c84fa94-04c1-424b-9868-57a2d4851a1d" />
    <TestEntry testId="2e0dca87-3e0f-1d06-2dbf-ea2c77922e55" executionId="c77cf23b-3c53-47ac-8efe-3f8ca67d012c" testListId="8c84fa94-04c1-424b-9868-57a2d4851a1d" />
    <TestEntry testId="e9d4ae0b-1208-4847-92ca-61596d4ee084" executionId="9ef26591-e927-49d1-b64c-43bfb8805329" testListId="8c84fa94-04c1-424b-9868-57a2d4851a1d" />
    <TestEntry testId="80aefbfc-deee-72a6-16e6-550a462874a4" executionId="7aaea87d-10af-4fc2-8b5c-87d371c8f353" testListId="8c84fa94-04c1-424b-9868-57a2d4851a1d" />
    <TestEntry testId="4856131c-0188-3989-22c3-b58c4eaafe7d" executionId="0160598c-7cf8-4810-b50f-8e89dd4eba60" testListId="8c84fa94-04c1-424b-9868-57a2d4851a1d" />
    <TestEntry testId="bee0665d-dd46-7dc1-3490-295ff71c5c01" executionId="68473104-39d8-43ad-a2d0-572628087999" testListId="8c84fa94-04c1-424b-9868-57a2d4851a1d" />
    <TestEntry testId="01a1d8a9-5c60-185a-fb5c-166d4c8ee5a7" executionId="f62266cc-d287-4bc6-b77d-2b01b8324ca8" testListId="8c84fa94-04c1-424b-9868-57a2d4851a1d" />
    <TestEntry testId="ca8fb83d-d619-9776-3ebd-117c6a4c1e42" executionId="29b43a3a-2821-4d51-a21d-3663d69364f3" testListId="8c84fa94-04c1-424b-9868-57a2d4851a1d" />
    <TestEntry testId="92cc7b1d-4068-fcf1-7e43-630fb3fd7c42" executionId="75e4885a-28f8-46f7-be35-c27a1ad2afb3" testListId="8c84fa94-04c1-424b-9868-57a2d4851a1d" />
    <TestEntry testId="20b802c4-39e2-5565-b93a-ab22ffc0e04d" executionId="02e073e3-902a-48d0-ad55-e1a9150db021" testListId="8c84fa94-04c1-424b-9868-57a2d4851a1d" />
    <TestEntry testId="f726a0ff-f40e-cdcc-ab2a-aae2924a2ce2" executionId="8c6cab89-3438-4b53-af7e-cab43f814239" testListId="8c84fa94-04c1-424b-9868-57a2d4851a1d" />
    <TestEntry testId="ac6057ea-25d8-6c64-49bc-26f0f15787c7" executionId="039a8e5d-c3e7-419f-b135-7eee082fe743" testListId="8c84fa94-04c1-424b-9868-57a2d4851a1d" />
    <TestEntry testId="9de0706a-1b3d-31e6-d81e-54662bf91128" executionId="59e42f51-ddc0-4913-9a61-2e9608f7227b" testListId="8c84fa94-04c1-424b-9868-57a2d4851a1d" />
    <TestEntry testId="2b3c3f8f-c9b3-9950-ad19-1e33309bdc94" executionId="dc33098b-3d7e-4eb2-9b11-bfd40bfa8444" testListId="8c84fa94-04c1-424b-9868-57a2d4851a1d" />
  </TestEntries>
  <TestLists>
    <TestList name="Resultados que não estão em uma lista" id="8c84fa94-04c1-424b-9868-57a2d4851a1d" />
    <TestList name="Todos os resultados carregados" id="19431567-8539-422a-85d7-44ee4e166bda" />
  </TestLists>
  <ResultSummary outcome="Completed">
    <Counters total="104" executed="104" passed="104" failed="0" error="0" timeout="0" aborted="0" inconclusive="0" passedButRunAborted="0" notRunnable="0" notExecuted="0" disconnected="0" warning="0" completed="0" inProgress="0" pending="0" />
    <Output>
      <StdOut>[xUnit.net 00:00:00.01] xUnit.net VSTest Adapter v3.1.5+1b188a7b0a (64-bit .NET 10.0.11)&#xD;
[xUnit.net 00:00:00.87]   Discovering: Biblia.Web.Tests&#xD;
[xUnit.net 00:00:02.33]   Discovered:  Biblia.Web.Tests&#xD;
[xUnit.net 00:00:03.38]   Starting:    Biblia.Web.Tests&#xD;
[xUnit.net 00:01:21.77]   Finished:    Biblia.Web.Tests (ID = 'cee89d51a6e761af3380ea2e443832f43b5350dbb70a58a54846b22e139b045f')&#xD;
</StdOut>
    </Output>
  </ResultSummary>
</TestRun>